c1.medium	0.5	3335273b-86fc-4497-8a92-9c82aac54499	43001880	d827d43b-5e3d-4f95-88b2-1cfc80e3b936	mProjectPP	1.526558117	NA	NA	2111346	8231040	1397685125.8466191	NA	NA	1397685125.8471348	1397685127.3738513	NA	NA	1397685127.374306
c1.medium	0.5	3335273b-86fc-4497-8a92-9c82aac54499	43001720	661ee9d1-2767-43f2-b500-bb3158890343	mProjectPP	1.530185101	NA	NA	2111346	8242560	1397685125.8846936	NA	NA	1397685125.8851423	1397685127.4154606	NA	NA	1397685127.4158518
c1.medium	0.5	3335273b-86fc-4497-8a92-9c82aac54499	43001880	e4033cf7-c62b-4539-a895-90b4b5d42817	mProjectPP	1.529084697	NA	NA	2111346	8231040	1397685127.3800519	NA	NA	1397685127.3802807	1397685128.909489	NA	NA	1397685128.910077
c1.medium	0.5	3335273b-86fc-4497-8a92-9c82aac54499	43001720	2ed44df8-7db8-4e71-ad30-fb88e6e57aa4	mProjectPP	1.542969538	NA	NA	2111346	8300160	1397685127.4203866	NA	NA	1397685127.4207437	1397685128.96386	NA	NA	1397685128.9644847
c1.medium	0.5	3335273b-86fc-4497-8a92-9c82aac54499	43001720	fe5d35a5-7b9c-40dd-8f86-ef2a47962fd8	mProjectPP	1.530939817	NA	NA	2111346	8248320	1397685128.9706807	NA	NA	1397685128.9709995	1397685130.5020633	NA	NA	1397685130.5026057
c1.medium	0.5	3335273b-86fc-4497-8a92-9c82aac54499	43001880	54ffd521-227f-413d-baa9-77c29146d001	mProjectPP	1.629103411	NA	NA	2111346	8288640	1397685128.9147198	NA	NA	1397685128.9149404	1397685130.5442812	NA	NA	1397685130.5446906
c1.medium	0.5	3335273b-86fc-4497-8a92-9c82aac54499	43001720	bc1212ae-ce44-47b4-a066-42b5f6a0e6a6	mProjectPP	1.535179013	NA	NA	2111346	8248320	1397685130.507477	NA	NA	1397685130.507841	1397685132.0431488	NA	NA	1397685132.0435624
c1.medium	0.5	3335273b-86fc-4497-8a92-9c82aac54499	43001880	38ffb6e0-535a-47cc-8ba6-3aad6590a168	mProjectPP	1.528367223	NA	NA	2111346	8248320	1397685130.5496266	NA	NA	1397685130.5500588	1397685132.0785186	NA	NA	1397685132.0788696
c1.medium	0.5	3335273b-86fc-4497-8a92-9c82aac54499	43001720	a93e67a4-6ffe-4453-89d4-9522e8541dd3	mProjectPP	1.537162078	NA	NA	2111346	8242560	1397685132.049177	NA	NA	1397685132.0496864	1397685133.5869744	NA	NA	1397685133.5875552
c1.medium	0.5	3335273b-86fc-4497-8a92-9c82aac54499	43001880	d859c784-27c5-4950-aa98-3e92c6e37bc3	mProjectPP	1.541368789	NA	NA	2111346	8231040	1397685132.0834787	NA	NA	1397685132.0837433	1397685133.6252487	NA	NA	1397685133.62568
c1.medium	0.5	3335273b-86fc-4497-8a92-9c82aac54499	43001720	016195a9-13e2-453c-b8a4-44e5d9ed4fa7	mProjectPP	1.544217227	NA	NA	2111346	8259840	1397685133.5925686	NA	NA	1397685133.5928197	1397685135.1371853	NA	NA	1397685135.1382754
c1.medium	0.5	3335273b-86fc-4497-8a92-9c82aac54499	43001880	d3696a89-d8cd-4dd7-a6a7-08c48e9c4d82	mProjectPP	1.597654974	NA	NA	2111346	8248320	1397685133.6302316	NA	NA	1397685133.630514	1397685135.2283015	NA	NA	1397685135.2286854
c1.medium	0.5	3335273b-86fc-4497-8a92-9c82aac54499	43001720	f580625e-7661-44c9-af0b-629d7d8742fb	mProjectPP	1.527492864	NA	NA	2111346	8248320	1397685135.1425545	NA	NA	1397685135.1428518	1397685136.670467	NA	NA	1397685136.6708536
c1.medium	0.5	3335273b-86fc-4497-8a92-9c82aac54499	43001880	fd245cb7-bfc9-4c66-993d-7387c46fbcf0	mProjectPP	1.521867057	NA	NA	2111346	8248320	1397685135.2380846	NA	NA	1397685135.2382998	1397685136.760304	NA	NA	1397685136.7607207
c1.medium	0.5	3335273b-86fc-4497-8a92-9c82aac54499	43001720	6c031c0f-c769-4c93-9381-e6b6e06e538c	mProjectPP	1.518883544	NA	NA	2111346	8248320	1397685136.6758413	NA	NA	1397685136.6761243	1397685138.1951315	NA	NA	1397685138.1964605
c1.medium	0.5	3335273b-86fc-4497-8a92-9c82aac54499	43001880	b9341d7d-2674-4d46-9f08-0fccd11a93e3	mProjectPP	1.564942774	NA	NA	2111346	8231040	1397685136.76901	NA	NA	1397685136.7692862	1397685138.3343732	NA	NA	1397685138.3347785
c1.medium	0.5	3335273b-86fc-4497-8a92-9c82aac54499	43001720	fac85866-9efd-4c6a-abd3-4f229f78d5c0	mProjectPP	1.553969121	NA	NA	2111346	8300160	1397685138.2010298	NA	NA	1397685138.2012956	1397685139.755394	NA	NA	1397685139.7560008
c1.medium	0.5	3335273b-86fc-4497-8a92-9c82aac54499	43001880	bd98d79b-6bc9-45d8-a396-f2d732ad6051	mProjectPP	1.558086185	NA	NA	2111346	8248320	1397685138.3395267	NA	NA	1397685138.3398058	1397685139.8981466	NA	NA	1397685139.8995306
c1.medium	0.5	3335273b-86fc-4497-8a92-9c82aac54499	43001720	123c5b9a-4e7c-4b65-98d9-c2611d680cf7	mProjectPP	1.542584913	NA	NA	2111346	8259840	1397685139.7621844	NA	NA	1397685139.7626727	1397685141.305379	NA	NA	1397685141.3069673
c1.medium	0.5	3335273b-86fc-4497-8a92-9c82aac54499	43001880	3c9f754a-a4b5-4c39-9d37-3ed452734ade	mProjectPP	1.695279126	NA	NA	2111346	8282880	1397685139.9039843	NA	NA	1397685139.9044619	1397685141.59989	NA	NA	1397685141.600389
c1.medium	0.5	3335273b-86fc-4497-8a92-9c82aac54499	43001720	0ec091af-89a8-430d-b53f-90faba86c8ff	mProjectPP	1.578009859	NA	NA	2111346	8248320	1397685141.3121765	NA	NA	1397685141.3124824	1397685142.8906317	NA	NA	1397685142.89188
c1.medium	0.5	3335273b-86fc-4497-8a92-9c82aac54499	43001880	1e79bd9a-4636-4373-af98-826b056c31d2	mProjectPP	1.564824836	NA	NA	2111346	8259840	1397685141.6312838	NA	NA	1397685141.631672	1397685143.1966982	NA	NA	1397685143.1980238
c1.medium	0.5	3335273b-86fc-4497-8a92-9c82aac54499	43001720	3cb4e775-b274-4b64-bc24-6212f37401d0	mProjectPP	1.5091782	NA	NA	2111346	8248320	1397685142.8965538	NA	NA	1397685142.8967772	1397685144.40614	NA	NA	1397685144.4077084
c1.medium	0.5	3335273b-86fc-4497-8a92-9c82aac54499	43001880	3d4b6f30-cbe7-443f-865f-a184724a27fa	mProjectPP	1.518781049	NA	NA	2111346	8259840	1397685143.2020628	NA	NA	1397685143.2023077	1397685144.7212272	NA	NA	1397685144.721741
c1.medium	0.5	3335273b-86fc-4497-8a92-9c82aac54499	43001720	a3c38bf1-8c85-4ee0-b309-af5a121998e8	mProjectPP	1.604246321	NA	NA	2111346	8288640	1397685144.4118874	NA	NA	1397685144.4121966	1397685146.016596	NA	NA	1397685146.0184703
c1.medium	0.5	3335273b-86fc-4497-8a92-9c82aac54499	43001880	f1b93a72-eff3-48fa-b820-26b932e51e92	mProjectPP	1.97049487	NA	NA	2111346	8305920	1397685144.7264829	NA	NA	1397685144.7268107	1397685146.6974485	NA	NA	1397685146.698832
c1.medium	0.5	3335273b-86fc-4497-8a92-9c82aac54499	43001720	0c1a3175-751f-4ff2-a4c4-4e1256a5b32b	mProjectPP	1.527172225	NA	NA	2111346	8248320	1397685146.0488176	NA	NA	1397685146.0491302	1397685147.5764434	NA	NA	1397685147.5768435
c1.medium	0.5	3335273b-86fc-4497-8a92-9c82aac54499	43001880	6258e7a6-28a4-48cd-8325-02e04ab063ac	mProjectPP	1.585851689	NA	NA	2111346	8248320	1397685146.7031941	NA	NA	1397685146.7035737	1397685148.2895598	NA	NA	1397685148.2900157
c1.medium	0.5	3335273b-86fc-4497-8a92-9c82aac54499	43001720	e32016b5-76ef-49e4-87b2-33bed1f0b753	mProjectPP	1.532437635	NA	NA	2111346	8259840	1397685147.5816054	NA	NA	1397685147.5819404	1397685149.1145003	NA	NA	1397685149.1159124
c1.medium	0.5	3335273b-86fc-4497-8a92-9c82aac54499	43001880	2462df8b-2655-4341-ba19-ff4808008e6b	mProjectPP	1.582415489	NA	NA	2111346	8242560	1397685148.2947013	NA	NA	1397685148.2949405	1397685149.8774784	NA	NA	1397685149.8787405
c1.medium	0.5	3335273b-86fc-4497-8a92-9c82aac54499	43001720	757b18d2-2f03-4e44-bac3-7a72e7e5cfa5	mProjectPP	1.621252242	NA	NA	2111346	8231040	1397685149.1194305	NA	NA	1397685149.119658	1397685150.741056	NA	NA	1397685150.741536
c1.medium	0.5	3335273b-86fc-4497-8a92-9c82aac54499	43001880	13ab4966-cf71-4f64-a44d-b546b6aede6c	mProjectPP	1.554796263	NA	NA	2111346	8242560	1397685149.8846354	NA	NA	1397685149.8849874	1397685151.4399288	NA	NA	1397685151.4410121
c1.medium	0.5	3335273b-86fc-4497-8a92-9c82aac54499	43001720	bbea8af9-c71e-4468-826e-7b0cffc7b08f	mProjectPP	1.516657958	NA	NA	2111346	8242560	1397685150.7514875	NA	NA	1397685150.7517805	1397685152.2685654	NA	NA	1397685152.2699533
c1.medium	0.5	3335273b-86fc-4497-8a92-9c82aac54499	43001880	d679d3e7-f540-47db-9836-79253b707b84	mProjectPP	1.639581658	NA	NA	2111346	8305920	1397685151.445744	NA	NA	1397685151.44603	1397685153.085742	NA	NA	1397685153.0862625
c1.medium	0.5	3335273b-86fc-4497-8a92-9c82aac54499	43001880	599722d7-0bce-4cb1-a84a-0e401e12e48c	mDiffFit	0.135507169	NA	NA	16473906	147146	1397685153.0907638	NA	NA	1397685153.0916371	1397685153.227265	NA	NA	1397685153.2276537
c1.medium	0.5	3335273b-86fc-4497-8a92-9c82aac54499	43001880	2d0941e8-bad6-4369-99d4-f4525bc8cd18	mDiffFit	0.208280987	NA	NA	16531506	472594	1397685153.237989	NA	NA	1397685153.2391858	1397685153.4476397	NA	NA	1397685153.4486933
c1.medium	0.5	3335273b-86fc-4497-8a92-9c82aac54499	43001880	0b9f28ff-d39d-45e1-9844-34f8f5172d14	mDiffFit	0.152629327	NA	NA	16479666	222029	1397685153.452803	NA	NA	1397685153.453959	1397685153.606791	NA	NA	1397685153.6073244
c1.medium	0.5	3335273b-86fc-4497-8a92-9c82aac54499	43001880	0e1decea-0a85-4b19-97ec-4480d970ea6e	mDiffFit	0.139686077	NA	NA	16491186	144271	1397685153.6126356	NA	NA	1397685153.6137013	1397685153.7535076	NA	NA	1397685153.7547035
c1.medium	0.5	3335273b-86fc-4497-8a92-9c82aac54499	43001720	b60f0add-547c-462c-bb5f-344cee6f232a	mProjectPP	1.522813739	NA	NA	2111346	8248320	1397685152.2742045	NA	NA	1397685152.2744706	1397685153.7974176	NA	NA	1397685153.7978508
c1.medium	0.5	3335273b-86fc-4497-8a92-9c82aac54499	43001880	4f30b2bf-0759-4e7c-8e5b-73ce0b605307	mDiffFit	0.167824698	NA	NA	16548786	250828	1397685153.759677	NA	NA	1397685153.7606275	1397685153.9285738	NA	NA	1397685153.9290059
c1.medium	0.5	3335273b-86fc-4497-8a92-9c82aac54499	43001720	27f08026-d2f5-43ef-bd74-e6db87f87bbf	mDiffFit	0.256494352	NA	NA	16537266	472590	1397685153.8024738	NA	NA	1397685153.8034556	1397685154.0600863	NA	NA	1397685154.0606263
c1.medium	0.5	3335273b-86fc-4497-8a92-9c82aac54499	43001880	578cc729-c6b2-4e52-b649-ea87d5e59bdb	mDiffFit	0.211200638	NA	NA	16589106	222032	1397685153.9338877	NA	NA	1397685153.934808	1397685154.1461492	NA	NA	1397685154.1465545
c1.medium	0.5	3335273b-86fc-4497-8a92-9c82aac54499	43001720	7b9a61d3-0a5f-4612-90ef-4be1db6322b3	mDiffFit	0.143495314	NA	NA	16479666	147143	1397685154.0652723	NA	NA	1397685154.0661647	1397685154.2097964	NA	NA	1397685154.2102413
c1.medium	0.5	3335273b-86fc-4497-8a92-9c82aac54499	43001880	206af7d0-6856-49e6-a637-3ba5771d525c	mDiffFit	0.160614412	NA	NA	16491186	219152	1397685154.1510227	NA	NA	1397685154.1519248	1397685154.3127055	NA	NA	1397685154.314103
c1.medium	0.5	3335273b-86fc-4497-8a92-9c82aac54499	43001720	2d9cc7e1-dd7e-4a91-a069-6de604dca3cd	mDiffFit	0.210290352	NA	NA	16479666	466822	1397685154.21511	NA	NA	1397685154.2160568	1397685154.4264748	NA	NA	1397685154.4269006
c1.medium	0.5	3335273b-86fc-4497-8a92-9c82aac54499	43001880	a640fff6-48f4-4cf8-a99f-12ef31f1cd30	mDiffFit	0.201141456	NA	NA	16496946	481232	1397685154.3181248	NA	NA	1397685154.3190255	1397685154.5203102	NA	NA	1397685154.520711
c1.medium	0.5	3335273b-86fc-4497-8a92-9c82aac54499	43001720	24c44b03-2c03-465d-9a76-d6cf6c2ac012	mDiffFit	0.145305938	NA	NA	16479666	155786	1397685154.4431982	NA	NA	1397685154.4444542	1397685154.5899284	NA	NA	1397685154.590321
c1.medium	0.5	3335273b-86fc-4497-8a92-9c82aac54499	43001880	4b756c76-4f28-4612-9c1b-2491ed49637d	mDiffFit	0.204158712	NA	NA	16485426	472591	1397685154.5357263	NA	NA	1397685154.5366416	1397685154.7409465	NA	NA	1397685154.741478
c1.medium	0.5	3335273b-86fc-4497-8a92-9c82aac54499	43001720	9e634d40-a517-4c96-97b6-552e7af6d2ef	mDiffFit	0.159973664	NA	NA	16473906	222033	1397685154.6195183	NA	NA	1397685154.6204503	1397685154.7805645	NA	NA	1397685154.7811894
c1.medium	0.5	3335273b-86fc-4497-8a92-9c82aac54499	43001880	4a108121-3bad-44cf-967d-cdfb4d69ec0b	mDiffFit	0.209872868	NA	NA	16491186	492747	1397685154.7461834	NA	NA	1397685154.7470593	1397685154.9571774	NA	NA	1397685154.9575818
c1.medium	0.5	3335273b-86fc-4497-8a92-9c82aac54499	43001720	8945f814-09dd-4c4b-b4bf-69b7f1d29a55	mDiffFit	0.210735927	NA	NA	16473906	469714	1397685154.785951	NA	NA	1397685154.787097	1397685154.9979467	NA	NA	1397685154.9983392
c1.medium	0.5	3335273b-86fc-4497-8a92-9c82aac54499	43001880	8d2e6b46-daee-4a3d-99aa-d3a21c07fc22	mDiffFit	0.178372122	NA	NA	16519986	247952	1397685154.962466	NA	NA	1397685154.9632788	1397685155.1418	NA	NA	1397685155.142211
c1.medium	0.5	3335273b-86fc-4497-8a92-9c82aac54499	43001720	925e1470-5bbe-472d-9858-18a2e86492e3	mDiffFit	0.175051177	NA	NA	16479666	224915	1397685155.0025387	NA	NA	1397685155.0034635	1397685155.1786206	NA	NA	1397685155.1789846
c1.medium	0.5	3335273b-86fc-4497-8a92-9c82aac54499	43001880	f9ee9acc-bdea-49e9-9f3b-ad5f212c1f23	mDiffFit	0.27135407	NA	NA	16508466	478346	1397685155.1469889	NA	NA	1397685155.147956	1397685155.4194417	NA	NA	1397685155.4215019
c1.medium	0.5	3335273b-86fc-4497-8a92-9c82aac54499	43001720	94fd4395-002a-46df-8af2-95e275dca9ef	mDiffFit	0.209479529	NA	NA	16479666	224912	1397685155.2119524	NA	NA	1397685155.2132025	1397685155.4227703	NA	NA	1397685155.4231126
c1.medium	0.5	3335273b-86fc-4497-8a92-9c82aac54499	43001880	d2ca4a15-90db-4367-87c6-82b1b7d8957d	mDiffFit	0.157053138	NA	NA	16496946	144262	1397685155.4261143	NA	NA	1397685155.4273007	1397685155.584647	NA	NA	1397685155.5851576
c1.medium	0.5	3335273b-86fc-4497-8a92-9c82aac54499	43001720	7c75b522-eb69-4ca1-b5b1-6798f69a9aed	mDiffFit	0.223848922	NA	NA	16496946	492743	1397685155.4534173	NA	NA	1397685155.4549088	1397685155.6789227	NA	NA	1397685155.6794174
c1.medium	0.5	3335273b-86fc-4497-8a92-9c82aac54499	43001880	a48f49be-801d-49b6-b83f-73686c4501cf	mDiffFit	0.213443182	NA	NA	16479666	492746	1397685155.5909798	NA	NA	1397685155.5923228	1397685155.8060603	NA	NA	1397685155.8064177
c1.medium	0.5	3335273b-86fc-4497-8a92-9c82aac54499	43001720	3d555a0f-046d-4ace-9d3e-5dbe8679a9fa	mDiffFit	0.158918786	NA	NA	16496946	222027	1397685155.692832	NA	NA	1397685155.694137	1397685155.8531718	NA	NA	1397685155.85368
c1.medium	0.5	3335273b-86fc-4497-8a92-9c82aac54499	43001880	abe3c710-054e-4370-bd26-6d639f4418a4	mDiffFit	0.152592597	NA	NA	16496946	155777	1397685155.8115642	NA	NA	1397685155.8126273	1397685155.9653733	NA	NA	1397685155.9673126
c1.medium	0.5	3335273b-86fc-4497-8a92-9c82aac54499	43001720	e7605a96-0e07-484c-b6b1-e412c76f32e6	mDiffFit	0.149856159	NA	NA	16496946	224900	1397685155.866966	NA	NA	1397685155.8682287	1397685156.018277	NA	NA	1397685156.0187714
c1.medium	0.5	3335273b-86fc-4497-8a92-9c82aac54499	43001880	30922cf7-b604-4673-9a4c-d2c0970c46d9	mDiffFit	0.139789699	NA	NA	16496946	150020	1397685155.9716	NA	NA	1397685155.972742	1397685156.1127255	NA	NA	1397685156.1136813
c1.medium	0.5	3335273b-86fc-4497-8a92-9c82aac54499	43001720	8fcf32ed-eadd-4116-8a3c-e3a94475a312	mDiffFit	0.157383107	NA	NA	16508466	219152	1397685156.0240996	NA	NA	1397685156.0251904	1397685156.1826928	NA	NA	1397685156.1832404
c1.medium	0.5	3335273b-86fc-4497-8a92-9c82aac54499	43001880	4a378694-c03e-49b7-a18e-77a5c7890704	mDiffFit	0.206631809	NA	NA	16496946	486982	1397685156.1193974	NA	NA	1397685156.120532	1397685156.3273032	NA	NA	1397685156.3278859
c1.medium	0.5	3335273b-86fc-4497-8a92-9c82aac54499	43001720	702ee669-38fd-40a4-b419-b9e9489b9899	mDiffFit	0.203589111	NA	NA	16479666	486982	1397685156.1880643	NA	NA	1397685156.189094	1397685156.3928118	NA	NA	1397685156.3934343
c1.medium	0.5	3335273b-86fc-4497-8a92-9c82aac54499	43001880	6e52f563-769b-4bdd-aaf5-d9e2fd054361	mDiffFit	0.144792656	NA	NA	16479666	152900	1397685156.3337195	NA	NA	1397685156.3348086	1397685156.479753	NA	NA	1397685156.4812133
c1.medium	0.5	3335273b-86fc-4497-8a92-9c82aac54499	43001720	75463a61-d313-4428-ace9-dd82e5428843	mDiffFit	0.161069041	NA	NA	16479666	224906	1397685156.40303	NA	NA	1397685156.4044108	1397685156.5657072	NA	NA	1397685156.5662513
c1.medium	0.5	3335273b-86fc-4497-8a92-9c82aac54499	43001880	228bc531-a3f3-45de-ba84-7414e1418342	mDiffFit	0.174949351	NA	NA	16531506	253710	1397685156.4854438	NA	NA	1397685156.4865735	1397685156.6616604	NA	NA	1397685156.6622841
c1.medium	0.5	3335273b-86fc-4497-8a92-9c82aac54499	43001720	e1331614-c8d6-421f-9146-c2859f3e57cb	mDiffFit	0.161068418	NA	NA	16600626	224919	1397685156.5716052	NA	NA	1397685156.5727568	1397685156.733976	NA	NA	1397685156.7348309
c1.medium	0.5	3335273b-86fc-4497-8a92-9c82aac54499	43001880	4f49b5bc-6a97-4bb8-a880-c71c3357894d	mDiffFit	0.217298819	NA	NA	16479666	489873	1397685156.668847	NA	NA	1397685156.6700413	1397685156.8875272	NA	NA	1397685156.8890717
c1.medium	0.5	3335273b-86fc-4497-8a92-9c82aac54499	43001720	853eaf55-ebec-4b94-83c1-afe6c563cc55	mDiffFit	0.185514476	NA	NA	16496946	219145	1397685156.7405035	NA	NA	1397685156.7420254	1397685156.9277158	NA	NA	1397685156.92849
c1.medium	0.5	3335273b-86fc-4497-8a92-9c82aac54499	43001880	f45749bb-8cad-4e85-b637-aaea3204fec8	mDiffFit	0.205626125	NA	NA	16496946	458186	1397685156.8940234	NA	NA	1397685156.8959188	1397685157.1016748	NA	NA	1397685157.1021485
c1.medium	0.5	3335273b-86fc-4497-8a92-9c82aac54499	43001720	00b26256-7fe0-4efc-bb5e-015069553612	mDiffFit	0.16259015	NA	NA	16508466	222030	1397685156.9335432	NA	NA	1397685156.976208	1397685157.1389267	NA	NA	1397685157.1392891
c1.medium	0.5	3335273b-86fc-4497-8a92-9c82aac54499	43001880	4d03f97e-4340-4f12-80ef-96eee7bff8d3	mDiffFit	0.34356749	NA	NA	16508466	507144	1397685157.107403	NA	NA	1397685157.108413	1397685157.4521558	NA	NA	1397685157.452704
c1.medium	0.5	3335273b-86fc-4497-8a92-9c82aac54499	43001720	67650028-631d-4cb0-b2f9-5b2682d00269	mDiffFit	0.370829452	NA	NA	16491186	155781	1397685157.1441228	NA	NA	1397685157.144836	1397685157.5157912	NA	NA	1397685157.5163534
c1.medium	0.5	3335273b-86fc-4497-8a92-9c82aac54499	43001880	047e2f43-c05b-46fc-8526-688f805c1e95	mDiffFit	0.215449413	NA	NA	16508466	472588	1397685157.4583294	NA	NA	1397685157.4592743	1397685157.674899	NA	NA	1397685157.6764278
c1.medium	0.5	3335273b-86fc-4497-8a92-9c82aac54499	43001720	9c16c49f-b9a1-4a50-b020-bd4ac3cd524d	mDiffFit	0.191373726	NA	NA	16508466	224899	1397685157.5211859	NA	NA	1397685157.5220864	1397685157.7135613	NA	NA	1397685157.7139294
c1.medium	0.5	3335273b-86fc-4497-8a92-9c82aac54499	43001720	903fca5b-fb1e-4bfd-a2a5-ef203be4e6dc	mDiffFit	0.162111863	NA	NA	16519986	222027	1397685157.7202597	NA	NA	1397685157.721161	1397685157.8833954	NA	NA	1397685157.8854418
c1.medium	0.5	3335273b-86fc-4497-8a92-9c82aac54499	43001880	b2bf4abd-936a-49bc-a01c-64080dddf1f2	mDiffFit	0.239533385	NA	NA	16479666	492744	1397685157.6807745	NA	NA	1397685157.6818972	1397685157.9215553	NA	NA	1397685157.9219391
c1.medium	0.5	3335273b-86fc-4497-8a92-9c82aac54499	43001880	2d39e34a-a795-4f50-921b-5b6fba8d04d0	mDiffFit	0.155175273	NA	NA	16508466	155784	1397685157.9266653	NA	NA	1397685157.927589	1397685158.0829248	NA	NA	1397685158.0836167
c1.medium	0.5	3335273b-86fc-4497-8a92-9c82aac54499	43001720	21281a00-4a87-4dea-9b60-e03e899582a5	mDiffFit	0.23112361	NA	NA	16519986	504264	1397685157.8901875	NA	NA	1397685157.891069	1397685158.1223097	NA	NA	1397685158.1227021
c1.medium	0.5	3335273b-86fc-4497-8a92-9c82aac54499	43001720	c367cba1-8bd8-4bc2-a842-a356fc09778c	mDiffFit	0.143792105	NA	NA	16508466	144264	1397685158.1494448	NA	NA	1397685158.1505132	1397685158.2944307	NA	NA	1397685158.295281
c1.medium	0.5	3335273b-86fc-4497-8a92-9c82aac54499	43001880	9cfe8d7b-d202-411f-be81-9fbf0fb1dbc2	mDiffFit	0.237197019	NA	NA	16519986	472590	1397685158.0923586	NA	NA	1397685158.0933063	1397685158.3306148	NA	NA	1397685158.3309376
c1.medium	0.5	3335273b-86fc-4497-8a92-9c82aac54499	43001720	6b0e45c2-968f-4d53-ad4f-060e3414c7af	mDiffFit	0.180140101	NA	NA	16548786	311308	1397685158.3006456	NA	NA	1397685158.3014967	1397685158.4817774	NA	NA	1397685158.4831235
c1.medium	0.5	3335273b-86fc-4497-8a92-9c82aac54499	43001880	b026208c-4a14-4591-accb-4badbb5b3c85	mDiffFit	0.181531396	NA	NA	16537266	288266	1397685158.3358295	NA	NA	1397685158.3366456	1397685158.518343	NA	NA	1397685158.5187156
c1.medium	0.5	3335273b-86fc-4497-8a92-9c82aac54499	43001720	4b657cd4-76dc-412d-8083-9ed21665376d	mDiffFit	0.164190155	NA	NA	16594866	222030	1397685158.4871316	NA	NA	1397685158.488071	1397685158.6523824	NA	NA	1397685158.652986
c1.medium	0.5	3335273b-86fc-4497-8a92-9c82aac54499	43001880	a1b83c91-6711-4345-a671-7cca9f09c387	mDiffFit	0.152699158	NA	NA	16589106	224912	1397685158.524354	NA	NA	1397685158.525296	1397685158.6780763	NA	NA	1397685158.680793
c1.medium	0.5	3335273b-86fc-4497-8a92-9c82aac54499	43001720	02effe97-3704-42c6-924c-65d0bc367a26	mDiffFit	0.144694271	NA	NA	16508466	147143	1397685158.7103112	NA	NA	1397685158.711728	1397685158.8565748	NA	NA	1397685158.8571646
c1.medium	0.5	3335273b-86fc-4497-8a92-9c82aac54499	43001880	169921e7-aa59-47cc-940c-8e70bdde5bf2	mDiffFit	0.176452999	NA	NA	16554546	311303	1397685158.6808684	NA	NA	1397685158.6818902	1397685158.8584366	NA	NA	1397685158.8587544
c1.medium	0.5	3335273b-86fc-4497-8a92-9c82aac54499	43001880	62c5ab7b-2b8f-4e5a-8afb-b8f626aa14e8	mDiffFit	0.201448173	NA	NA	16554546	279628	1397685158.8667805	NA	NA	1397685158.8676295	1397685159.0692253	NA	NA	1397685159.0698905
c1.medium	0.5	3335273b-86fc-4497-8a92-9c82aac54499	43001720	4c80ef8e-6923-42db-b6e0-1651081da892	mDiffFit	0.206688044	NA	NA	16496946	472587	1397685158.8655636	NA	NA	1397685158.8664496	1397685159.0732079	NA	NA	1397685159.0743494
c1.medium	0.5	3335273b-86fc-4497-8a92-9c82aac54499	43001880	40168299-a94a-4e79-bdd3-a9b464d85128	mDiffFit	0.17643558	NA	NA	16531506	305549	1397685159.0762775	NA	NA	1397685159.0771513	1397685159.2538924	NA	NA	1397685159.2543077
c1.medium	0.5	3335273b-86fc-4497-8a92-9c82aac54499	43001720	4c780c4f-79ed-47b0-b3a6-6782e284e412	mDiffFit	0.186149351	NA	NA	16496946	224908	1397685159.1048157	NA	NA	1397685159.1062121	1397685159.29253	NA	NA	1397685159.2928677
c1.medium	0.5	3335273b-86fc-4497-8a92-9c82aac54499	43001880	804d54d3-f0fe-4ee5-839e-458327a6da8a	mDiffFit	0.219171987	NA	NA	16496946	224911	1397685159.2601814	NA	NA	1397685159.2611864	1397685159.4807281	NA	NA	1397685159.4818528
c1.medium	0.5	3335273b-86fc-4497-8a92-9c82aac54499	43001720	c479e9e8-1c8c-4798-b7f3-aad38eaa1c3f	mDiffFit	0.184518382	NA	NA	16496946	155785	1397685159.2978575	NA	NA	1397685159.2985098	1397685159.4831092	NA	NA	1397685159.4835458
c1.medium	0.5	3335273b-86fc-4497-8a92-9c82aac54499	43001880	d4706062-a296-498b-a528-6a841f417884	mDiffFit	0.167322477	NA	NA	16496946	144269	1397685159.4867213	NA	NA	1397685159.4876196	1397685159.6551585	NA	NA	1397685159.6561136
c1.medium	0.5	3335273b-86fc-4497-8a92-9c82aac54499	43001720	074047f1-f822-4b9e-948d-5587badab56a	mDiffFit	0.260563815	NA	NA	16508466	492748	1397685159.4895184	NA	NA	1397685159.490268	1397685159.7509897	NA	NA	1397685159.7516506
c1.medium	0.5	3335273b-86fc-4497-8a92-9c82aac54499	43001880	83783ac7-df5a-4081-875d-483b1ace3661	mDiffFit	0.164189304	NA	NA	16508466	222029	1397685159.6855445	NA	NA	1397685159.6863286	1397685159.850709	NA	NA	1397685159.851671
c1.medium	0.5	3335273b-86fc-4497-8a92-9c82aac54499	43001720	7e85f0b1-9219-4bdb-a4e7-01c807e53532	mDiffFit	0.209155097	NA	NA	16491186	155782	1397685159.766236	NA	NA	1397685159.7677796	1397685159.9770827	NA	NA	1397685159.9774497
c1.medium	0.5	3335273b-86fc-4497-8a92-9c82aac54499	43001880	c4044ccc-60c6-45f8-a681-ed561bffcc18	mDiffFit	0.256252231	NA	NA	16502706	486991	1397685159.8590176	NA	NA	1397685159.8604	1397685160.1168153	NA	NA	1397685160.1173704
c1.medium	0.5	3335273b-86fc-4497-8a92-9c82aac54499	43001720	313a2df0-0930-4e59-88a1-23e10800c06c	mDiffFit	0.169331531	NA	NA	16491186	152907	1397685159.984858	NA	NA	1397685159.9857605	1397685160.1551867	NA	NA	1397685160.1556985
c1.medium	0.5	3335273b-86fc-4497-8a92-9c82aac54499	43001880	768efcec-8a17-4c50-8b1c-596ce5aad65f	mDiffFit	0.166178639	NA	NA	16473906	224910	1397685160.122566	NA	NA	1397685160.1234758	1397685160.29029	NA	NA	1397685160.2914343
c1.medium	0.5	3335273b-86fc-4497-8a92-9c82aac54499	43001720	34b06e0a-ac2b-4a02-9886-01b8ed7c5fd3	mDiffFit	0.217195889	NA	NA	16479666	452429	1397685160.1621332	NA	NA	1397685160.1630242	1397685160.380346	NA	NA	1397685160.3807368
c1.medium	0.5	3335273b-86fc-4497-8a92-9c82aac54499	43001880	81fbd3ab-b04d-414a-ac4e-3618ad2d6914	mDiffFit	0.165858498	NA	NA	16479666	224914	1397685160.2971306	NA	NA	1397685160.2982237	1397685160.4642122	NA	NA	1397685160.4649749
c1.medium	0.5	3335273b-86fc-4497-8a92-9c82aac54499	43001720	ecbd9491-1767-4303-9f94-43e073961bd7	mDiffFit	0.248788788	NA	NA	16473906	495636	1397685160.3863285	NA	NA	1397685160.3872917	1397685160.636213	NA	NA	1397685160.6378999
c1.medium	0.5	3335273b-86fc-4497-8a92-9c82aac54499	43001880	658e1d2b-6bba-4fa5-b7bc-805ff6734f19	mDiffFit	0.206215154	NA	NA	16473906	222038	1397685160.4704087	NA	NA	1397685160.4713216	1397685160.6776867	NA	NA	1397685160.6780405
c1.medium	0.5	3335273b-86fc-4497-8a92-9c82aac54499	43001880	bc334ad2-f920-4daa-914d-df672d9fa3ae	mDiffFit	0.159308744	NA	NA	16491186	150034	1397685160.6875591	NA	NA	1397685160.6884856	1397685160.8479254	NA	NA	1397685160.848581
c1.medium	0.5	3335273b-86fc-4497-8a92-9c82aac54499	43001720	a46dd7a0-2ba9-4530-85c6-26e2543e1abf	mDiffFit	0.239874263	NA	NA	16543026	472593	1397685160.6430452	NA	NA	1397685160.645047	1397685160.8850543	NA	NA	1397685160.8854241
c1.medium	0.5	3335273b-86fc-4497-8a92-9c82aac54499	43001880	e7c98f62-0405-4caf-941b-12ca916bad32	mDiffFit	0.174557582	NA	NA	16491186	147146	1397685160.8546288	NA	NA	1397685160.855708	1397685161.0305119	NA	NA	1397685161.0309153
c1.medium	0.5	3335273b-86fc-4497-8a92-9c82aac54499	43001720	81aa2dae-a931-4d31-90f4-8626fb1abab6	mDiffFit	0.183302307	NA	NA	16491186	224911	1397685160.8904305	NA	NA	1397685160.891174	1397685161.0745707	NA	NA	1397685161.0751421
c1.medium	0.5	3335273b-86fc-4497-8a92-9c82aac54499	43001880	949263f7-f851-435e-8a75-0f79f13dc92a	mDiffFit	0.185636746	NA	NA	16525746	285387	1397685161.0413697	NA	NA	1397685161.042318	1397685161.2281163	NA	NA	1397685161.2285156
c1.medium	0.5	3335273b-86fc-4497-8a92-9c82aac54499	43001720	42d9612a-510a-48df-b37e-4a9e40c4588b	mDiffFit	0.194466584	NA	NA	16548786	305554	1397685161.0804086	NA	NA	1397685161.0820777	1397685161.2767024	NA	NA	1397685161.2774248
c1.medium	0.5	3335273b-86fc-4497-8a92-9c82aac54499	43001880	ea0d02fd-6f75-4587-beef-1b0591c1a49f	mDiffFit	0.172492366	NA	NA	16589106	224919	1397685161.2346525	NA	NA	1397685161.2356324	1397685161.40827	NA	NA	1397685161.4094536
c1.medium	0.5	3335273b-86fc-4497-8a92-9c82aac54499	43001720	9a7f41d5-f513-433a-9e06-c58e7000f205	mDiffFit	0.185628386	NA	NA	16496946	224913	1397685161.2824702	NA	NA	1397685161.2834518	1397685161.4692116	NA	NA	1397685161.4699185
c1.medium	0.5	3335273b-86fc-4497-8a92-9c82aac54499	43001880	8ca3f676-989b-46c1-9166-8908547b04c6	mDiffFit	0.217148163	NA	NA	16491186	498511	1397685161.4165905	NA	NA	1397685161.4174137	1397685161.6347015	NA	NA	1397685161.6353111
c1.medium	0.5	3335273b-86fc-4497-8a92-9c82aac54499	43001720	16cef09f-73b5-429e-b71b-76f9da403a15	mDiffFit	0.217639654	NA	NA	16491186	472588	1397685161.4748936	NA	NA	1397685161.4758496	1397685161.6935725	NA	NA	1397685161.6948721
c1.medium	0.5	3335273b-86fc-4497-8a92-9c82aac54499	43001880	44eb6934-c939-448e-bede-56d36680f33e	mConcatFit	2.616550947	NA	NA	25122	17057	1397685162.0110266	NA	NA	1397685162.0203464	1397685164.6370585	NA	NA	1397685164.6386988
c1.medium	0.5	3335273b-86fc-4497-8a92-9c82aac54499	43001720	d107f05c-3051-4b01-9df7-45161cce8c8a	mBgModel	11.490656061	NA	NA	22962	1873	1397685164.9024858	NA	NA	1397685164.902931	1397685176.3937085	NA	NA	1397685176.394809
c1.medium	0.5	3335273b-86fc-4497-8a92-9c82aac54499	43001880	a0a7835a-d5d3-435e-bee4-d52bf79331e3	mBackground	0.17648582	NA	NA	8238818	8231040	1397685176.8381562	NA	NA	1397685176.8392496	1397685177.0158794	NA	NA	1397685177.0163174
c1.medium	0.5	3335273b-86fc-4497-8a92-9c82aac54499	43001720	2a1c9c29-ec6e-4cb2-bcf1-3dcfabfadc83	mBackground	0.159832906	NA	NA	8250338	8242560	1397685176.892242	NA	NA	1397685176.8929515	1397685177.0530238	NA	NA	1397685177.053551
c1.medium	0.5	3335273b-86fc-4497-8a92-9c82aac54499	43001880	10c2b61f-4b0b-471c-aaf0-50f673a6c933	mBackground	0.144738288	NA	NA	8238818	8231040	1397685177.0222116	NA	NA	1397685177.0227554	1397685177.1676242	NA	NA	1397685177.1692486
c1.medium	0.5	3335273b-86fc-4497-8a92-9c82aac54499	43001720	078a03d2-e362-4590-9d51-e07ab7d5f733	mBackground	0.155498666	NA	NA	8307938	8300160	1397685177.061631	NA	NA	1397685177.0620663	1397685177.217666	NA	NA	1397685177.2180347
c1.medium	0.5	3335273b-86fc-4497-8a92-9c82aac54499	43001880	28d71806-8d6e-44a2-9808-7d880c9f3381	mBackground	0.152583004	NA	NA	8296418	8288640	1397685177.1736195	NA	NA	1397685177.1741846	1397685177.3268948	NA	NA	1397685177.3274632
c1.medium	0.5	3335273b-86fc-4497-8a92-9c82aac54499	43001720	4e9b07a9-75fe-4412-9a92-7d26c942fa7c	mBackground	0.148886869	NA	NA	8256098	8248320	1397685177.2221265	NA	NA	1397685177.2225924	1397685177.3715968	NA	NA	1397685177.3719583
c1.medium	0.5	3335273b-86fc-4497-8a92-9c82aac54499	43001880	05fd6e33-e65a-4e1c-b48d-b08647082857	mBackground	0.151041406	NA	NA	8256098	8248320	1397685177.3342571	NA	NA	1397685177.334833	1397685177.4861407	NA	NA	1397685177.4865453
c1.medium	0.5	3335273b-86fc-4497-8a92-9c82aac54499	43001720	156c8537-59e9-438b-9230-dc99f64a4322	mBackground	0.146715172	NA	NA	8256098	8248320	1397685177.3762589	NA	NA	1397685177.3768518	1397685177.5237074	NA	NA	1397685177.5245082
c1.medium	0.5	3335273b-86fc-4497-8a92-9c82aac54499	43001880	34fd768f-80d0-4b4f-bfb8-7001ee32d6b5	mBackground	0.144894132	NA	NA	8250338	8242560	1397685177.490885	NA	NA	1397685177.4914567	1397685177.6364777	NA	NA	1397685177.6378887
c1.medium	0.5	3335273b-86fc-4497-8a92-9c82aac54499	43001720	d83f11c6-7b1d-4db1-964a-0104bf6e60a9	mBackground	0.15161139	NA	NA	8238818	8231040	1397685177.5294423	NA	NA	1397685177.530006	1397685177.6818466	NA	NA	1397685177.6820195
c1.medium	0.5	3335273b-86fc-4497-8a92-9c82aac54499	43001880	05b12c4f-2622-4d54-bc1e-1ddb5a412ddd	mBackground	0.139420107	NA	NA	8267618	8259840	1397685177.6806188	NA	NA	1397685177.6812255	1397685177.8207824	NA	NA	1397685177.8215134
c1.medium	0.5	3335273b-86fc-4497-8a92-9c82aac54499	43001720	58dbb7d4-70eb-4b52-b4d8-817fef922dac	mBackground	0.153555369	NA	NA	8256098	8248320	1397685177.7105536	NA	NA	1397685177.7112706	1397685177.8650184	NA	NA	1397685177.865413
c1.medium	0.5	3335273b-86fc-4497-8a92-9c82aac54499	43001880	2b57971f-3ef7-43b1-bd12-c089479d29d5	mBackground	0.150274744	NA	NA	8256098	8248320	1397685177.8264213	NA	NA	1397685177.8269668	1397685177.9773822	NA	NA	1397685177.9778616
c1.medium	0.5	3335273b-86fc-4497-8a92-9c82aac54499	43001720	c89f5710-afb9-4586-84c4-4d4102638966	mBackground	0.141617295	NA	NA	8256098	8248320	1397685177.885281	NA	NA	1397685177.8858945	1397685178.0276423	NA	NA	1397685178.0282683
c1.medium	0.5	3335273b-86fc-4497-8a92-9c82aac54499	43001880	e7abae0a-07a6-4f51-b247-5fe51839845f	mBackground	0.149389013	NA	NA	8256098	8248320	1397685177.9828787	NA	NA	1397685177.98344	1397685178.1333063	NA	NA	1397685178.1341372
c1.medium	0.5	3335273b-86fc-4497-8a92-9c82aac54499	43001720	67c4ea75-977c-4f09-b99f-3aab61c919b2	mBackground	0.151855709	NA	NA	8238818	8231040	1397685178.0397558	NA	NA	1397685178.0405054	1397685178.1924982	NA	NA	1397685178.1930714
c1.medium	0.5	3335273b-86fc-4497-8a92-9c82aac54499	43001880	309aff34-af2c-4dbd-bed3-4a5d17bd1823	mBackground	0.166999225	NA	NA	8307938	8300160	1397685178.1410499	NA	NA	1397685178.1418192	1397685178.3089695	NA	NA	1397685178.309563
c1.medium	0.5	3335273b-86fc-4497-8a92-9c82aac54499	43001720	0bbcc904-cf46-40d1-9f71-03b2bacae19c	mBackground	0.143629492	NA	NA	8256098	8248320	1397685178.1983185	NA	NA	1397685178.1989028	1397685178.3426118	NA	NA	1397685178.3456213
c1.medium	0.5	3335273b-86fc-4497-8a92-9c82aac54499	43001720	88df64ab-fc9e-4237-b991-c3a3890890f5	mBackground	0.147259818	NA	NA	8267618	8259840	1397685178.345693	NA	NA	1397685178.3465173	1397685178.4939017	NA	NA	1397685178.495344
c1.medium	0.5	3335273b-86fc-4497-8a92-9c82aac54499	43001880	c1f3e219-75d6-4786-8335-3cb42bcc27d7	mBackground	0.169633718	NA	NA	8290658	8282880	1397685178.3783975	NA	NA	1397685178.379401	1397685178.5491605	NA	NA	1397685178.5496686
c1.medium	0.5	3335273b-86fc-4497-8a92-9c82aac54499	43001720	dd33defe-c7e3-4588-bbac-d4571fdf6663	mBackground	0.154999188	NA	NA	8256098	8248320	1397685178.5164542	NA	NA	1397685178.517487	1397685178.6726644	NA	NA	1397685178.6738958
c1.medium	0.5	3335273b-86fc-4497-8a92-9c82aac54499	43001880	81dfe38a-0f4d-4678-8fa0-a8494aa50959	mBackground	0.166873384	NA	NA	8267618	8259840	1397685178.573999	NA	NA	1397685178.5748684	1397685178.7418678	NA	NA	1397685178.742629
c1.medium	0.5	3335273b-86fc-4497-8a92-9c82aac54499	43001720	3ce1df39-4b25-422c-8b9d-ca85f45bcb67	mBackground	0.159700361	NA	NA	8256098	8248320	1397685178.6791885	NA	NA	1397685178.6800811	1397685178.8399122	NA	NA	1397685178.8403988
c1.medium	0.5	3335273b-86fc-4497-8a92-9c82aac54499	43001880	cf4ccc0e-b353-42aa-9249-454efea16813	mBackground	0.154365775	NA	NA	8267618	8259840	1397685178.775958	NA	NA	1397685178.776538	1397685178.9311554	NA	NA	1397685178.932553
c1.medium	0.5	3335273b-86fc-4497-8a92-9c82aac54499	43001720	9b6bcdbc-5d9f-49ad-af59-7e612a8d0870	mBackground	0.164294225	NA	NA	8296418	8288640	1397685178.851684	NA	NA	1397685178.8526418	1397685179.017229	NA	NA	1397685179.0176873
c1.medium	0.5	3335273b-86fc-4497-8a92-9c82aac54499	43001880	aea24f75-487e-4cc1-a9b8-b2f5dbbdc759	mBackground	0.154122247	NA	NA	8313698	8305920	1397685178.9455743	NA	NA	1397685178.9463701	1397685179.1006272	NA	NA	1397685179.1014717
c1.medium	0.5	3335273b-86fc-4497-8a92-9c82aac54499	43001720	9f6cb8af-49b7-4a3b-ac3e-8fac3d57c026	mBackground	0.166201695	NA	NA	8256098	8248320	1397685179.0512002	NA	NA	1397685179.0522869	1397685179.218643	NA	NA	1397685179.2205338
c1.medium	0.5	3335273b-86fc-4497-8a92-9c82aac54499	43001880	e45fe5ed-b87d-44d6-9288-d6f74de10d4d	mBackground	0.17407238	NA	NA	8256098	8248320	1397685179.108272	NA	NA	1397685179.1093895	1397685179.283602	NA	NA	1397685179.2841563
c1.medium	0.5	3335273b-86fc-4497-8a92-9c82aac54499	43001720	17372ccc-9ac7-4800-8af1-6a569638f28d	mBackground	0.135663178	NA	NA	8267618	8259840	1397685179.2540865	NA	NA	1397685179.254662	1397685179.3907645	NA	NA	1397685179.3915648
c1.medium	0.5	3335273b-86fc-4497-8a92-9c82aac54499	43001880	37308b65-9055-4ac7-a412-b05570293db7	mBackground	0.178674153	NA	NA	8250338	8242560	1397685179.289771	NA	NA	1397685179.2908611	1397685179.469669	NA	NA	1397685179.4700515
c1.medium	0.5	3335273b-86fc-4497-8a92-9c82aac54499	43001720	b7d29024-8b2c-4c38-adc5-05a7a3e3304f	mBackground	0.158854131	NA	NA	8238818	8231040	1397685179.3971477	NA	NA	1397685179.3979056	1397685179.556914	NA	NA	1397685179.557483
c1.medium	0.5	3335273b-86fc-4497-8a92-9c82aac54499	43001880	c021911b-9a40-458a-92ab-dca3d3b314b5	mBackground	0.168180258	NA	NA	8250338	8242560	1397685179.495915	NA	NA	1397685179.4970155	1397685179.6653883	NA	NA	1397685179.6662369
c1.medium	0.5	3335273b-86fc-4497-8a92-9c82aac54499	43001720	e86c1966-6efa-47ff-80eb-9338b88a2ce0	mBackground	0.149772057	NA	NA	8250338	8242560	1397685179.5629497	NA	NA	1397685179.5635738	1397685179.7134774	NA	NA	1397685179.7138631
c1.medium	0.5	3335273b-86fc-4497-8a92-9c82aac54499	43001880	e825e152-f4b8-440c-a620-02e2cb9841d5	mBackground	0.161299394	NA	NA	8313698	8305920	1397685179.6716807	NA	NA	1397685179.672357	1397685179.8339484	NA	NA	1397685179.8343859
c1.medium	0.5	3335273b-86fc-4497-8a92-9c82aac54499	43001720	cce3c020-83a5-429c-b756-f97fba56f1bf	mBackground	0.162070885	NA	NA	8256098	8248320	1397685179.7195814	NA	NA	1397685179.720335	1397685179.882497	NA	NA	1397685179.8838317
c1.medium	0.5	3335273b-86fc-4497-8a92-9c82aac54499	43001880	c9dc78da-1450-45a1-a497-9f7ee7591ce3	mImgtbl	1.001988095	NA	NA	144489745	10121	1397685180.2026267	NA	NA	1397685180.2090955	1397685181.2114525	NA	NA	1397685181.2135978
c1.medium	0.5	3335273b-86fc-4497-8a92-9c82aac54499	43001720	e98f7669-6d62-4fce-93f0-175c7a5edcf7	mAdd	1.893170958	NA	NA	288978107	51736320	1397685181.5326848	NA	NA	1397685181.5441794	1397685183.4375079	NA	NA	1397685183.4383307
c1.medium	0.5	3335273b-86fc-4497-8a92-9c82aac54499	43001880	59f96709-7342-438d-824c-3e77b5137e92	mShrink	0.840246369	NA	NA	25868160	6471360	1397685183.7103834	NA	NA	1397685183.7116375	1397685184.5520916	NA	NA	1397685184.5542629
c1.medium	0.5	3335273b-86fc-4497-8a92-9c82aac54499	43001720	c5e87389-69fd-47e5-9553-f427602dff03	mJPEG	0.992464472	NA	NA	6471360	119281	1397685184.8190684	NA	NA	1397685184.81947	1397685185.8121054	NA	NA	1397685185.8127723
