c1.xlarge	0.5	69bc530a-bbdf-40fa-8770-63704ca6a6d2	35285080	6cc2e069-8eec-4052-9d14-4eb76dbb6d3a	mProjectPP	1.467348347	NA	NA	2111346	8231040	1397709708.8908372	NA	NA	1397709708.8911479	1397709710.358672	NA	NA	1397709710.3650265
c1.xlarge	0.5	69bc530a-bbdf-40fa-8770-63704ca6a6d2	35284800	13771ea7-7e3a-4082-a429-3a950850a91e	mProjectPP	1.475025168	NA	NA	2111346	8248320	1397709708.89285	NA	NA	1397709708.8931496	1397709710.3682506	NA	NA	1397709710.3685925
c1.xlarge	0.5	69bc530a-bbdf-40fa-8770-63704ca6a6d2	35285500	5ced4193-d0c5-4a91-b623-a6859af9691c	mProjectPP	1.479391204	NA	NA	2111346	8242560	1397709708.8899615	NA	NA	1397709708.8904276	1397709710.3699	NA	NA	1397709710.3701272
c1.xlarge	0.5	69bc530a-bbdf-40fa-8770-63704ca6a6d2	35284500	b8cc2b84-1dc3-4dfb-9675-62a1ff97920b	mProjectPP	1.479806359	NA	NA	2111346	8300160	1397709708.8915167	NA	NA	1397709708.8919246	1397709710.3718038	NA	NA	1397709710.3720336
c1.xlarge	0.5	69bc530a-bbdf-40fa-8770-63704ca6a6d2	35285340	8ea3657d-f3d3-40cf-90dc-90a73a4bc2dc	mProjectPP	1.540081888	NA	NA	2111346	8231040	1397709708.8175685	NA	NA	1397709708.8326526	1397709710.3728201	NA	NA	1397709710.3730507
c1.xlarge	0.5	69bc530a-bbdf-40fa-8770-63704ca6a6d2	35284920	4d068c28-0256-4ba2-ba3e-13284a21c35b	mProjectPP	1.515031174	NA	NA	2111346	8288640	1397709708.892223	NA	NA	1397709708.892457	1397709710.4076812	NA	NA	1397709710.408102
c1.xlarge	0.5	69bc530a-bbdf-40fa-8770-63704ca6a6d2	35284660	5db15311-c063-4f19-b96c-971e4ad6ae90	mProjectPP	1.569004254	NA	NA	2111346	8248320	1397709708.893441	NA	NA	1397709708.8937259	1397709710.4628139	NA	NA	1397709710.4631069
c1.xlarge	0.5	69bc530a-bbdf-40fa-8770-63704ca6a6d2	35285640	64572d46-89eb-4c7d-bb49-c84af021f8e6	mProjectPP	1.642705469	NA	NA	2111346	8248320	1397709708.8940568	NA	NA	1397709708.8942933	1397709710.5371077	NA	NA	1397709710.5376732
c1.xlarge	0.5	69bc530a-bbdf-40fa-8770-63704ca6a6d2	35284500	82187b84-b244-4636-a83c-d7d247974e5b	mProjectPP	1.33770559	NA	NA	2111346	8242560	1397709710.3720827	NA	NA	1397709710.372367	1397709711.7101989	NA	NA	1397709711.7106764
c1.xlarge	0.5	69bc530a-bbdf-40fa-8770-63704ca6a6d2	35284920	4cc01bb8-aa0d-4d62-9cb0-3e3f960074ba	mProjectPP	1.344407104	NA	NA	2111346	8231040	1397709710.4081695	NA	NA	1397709710.408486	1397709711.7530193	NA	NA	1397709711.753427
c1.xlarge	0.5	69bc530a-bbdf-40fa-8770-63704ca6a6d2	35284800	fa4aa837-9bee-4baa-836f-86396682cc73	mProjectPP	1.376013498	NA	NA	2111346	8259840	1397709710.409029	NA	NA	1397709710.4094021	1397709711.7855744	NA	NA	1397709711.7861376
c1.xlarge	0.5	69bc530a-bbdf-40fa-8770-63704ca6a6d2	35285500	ad2bb450-c34e-4f42-abd2-e72b36095c48	mProjectPP	1.414975289	NA	NA	2111346	8248320	1397709710.4098804	NA	NA	1397709710.4102156	1397709711.8253014	NA	NA	1397709711.8257391
c1.xlarge	0.5	69bc530a-bbdf-40fa-8770-63704ca6a6d2	35285080	a6d9c0c2-0c66-40c2-9b76-0f370e3ae47a	mProjectPP	1.447174028	NA	NA	2111346	8248320	1397709710.4105663	NA	NA	1397709710.4108624	1397709711.8581874	NA	NA	1397709711.858697
c1.xlarge	0.5	69bc530a-bbdf-40fa-8770-63704ca6a6d2	35285340	2825896d-ba68-4d9d-8c72-1e456cba04ca	mProjectPP	1.399355021	NA	NA	2111346	8248320	1397709710.4615445	NA	NA	1397709710.4621713	1397709711.8616266	NA	NA	1397709711.8618913
c1.xlarge	0.5	69bc530a-bbdf-40fa-8770-63704ca6a6d2	35284660	c39db13c-a43e-44f2-bd26-9bb6170dc071	mProjectPP	1.379787545	NA	NA	2111346	8248320	1397709710.5127606	NA	NA	1397709710.513263	1397709711.8931932	NA	NA	1397709711.8936803
c1.xlarge	0.5	69bc530a-bbdf-40fa-8770-63704ca6a6d2	35285640	5ae066cc-1e1f-42f0-8b80-3222745fd5ed	mProjectPP	1.382244367	NA	NA	2111346	8231040	1397709710.5661705	NA	NA	1397709710.5665627	1397709711.9489503	NA	NA	1397709711.9493847
c1.xlarge	0.5	69bc530a-bbdf-40fa-8770-63704ca6a6d2	35284500	f74d67ee-8606-4c25-8ff1-65ebb2ca1fcc	mProjectPP	1.355974252	NA	NA	2111346	8300160	1397709711.7186577	NA	NA	1397709711.718959	1397709713.0750725	NA	NA	1397709713.075553
c1.xlarge	0.5	69bc530a-bbdf-40fa-8770-63704ca6a6d2	35284920	d57b2c16-52ad-42da-900f-f395a443a805	mProjectPP	1.354352742	NA	NA	2111346	8248320	1397709711.759414	NA	NA	1397709711.7597747	1397709713.1142483	NA	NA	1397709713.114735
c1.xlarge	0.5	69bc530a-bbdf-40fa-8770-63704ca6a6d2	35284800	116b7a40-bc88-49ef-b497-208c91c77372	mProjectPP	1.351828032	NA	NA	2111346	8259840	1397709711.7978086	NA	NA	1397709711.7982955	1397709713.1502674	NA	NA	1397709713.1508255
c1.xlarge	0.5	69bc530a-bbdf-40fa-8770-63704ca6a6d2	35285500	c15cd3f4-c461-47e7-b6ba-49a656cbb7fc	mProjectPP	1.356727246	NA	NA	2111346	8282880	1397709711.8320239	NA	NA	1397709711.8324265	1397709713.1892984	NA	NA	1397709713.1898353
c1.xlarge	0.5	69bc530a-bbdf-40fa-8770-63704ca6a6d2	35285080	583629ac-5a13-4e04-a0b2-3126aebd389e	mProjectPP	1.355737751	NA	NA	2111346	8248320	1397709711.8655126	NA	NA	1397709711.8658233	1397709713.2216942	NA	NA	1397709713.2222347
c1.xlarge	0.5	69bc530a-bbdf-40fa-8770-63704ca6a6d2	35285340	868d6c1d-c6f5-4b82-b049-33929ce91304	mProjectPP	1.391083226	NA	NA	2111346	8259840	1397709711.8682554	NA	NA	1397709711.8685443	1397709713.2597897	NA	NA	1397709713.2603812
c1.xlarge	0.5	69bc530a-bbdf-40fa-8770-63704ca6a6d2	35285640	14780550-dab8-4456-9350-32e468ed5dd1	mProjectPP	1.336197888	NA	NA	2111346	8259840	1397709711.955095	NA	NA	1397709711.955538	1397709713.2918808	NA	NA	1397709713.2924662
c1.xlarge	0.5	69bc530a-bbdf-40fa-8770-63704ca6a6d2	35284660	a94b261e-f2f6-4e0f-8d18-39dc4fcc165b	mProjectPP	1.532895458	NA	NA	2111346	8248320	1397709711.923328	NA	NA	1397709711.9245825	1397709713.4576228	NA	NA	1397709713.4581
c1.xlarge	0.5	69bc530a-bbdf-40fa-8770-63704ca6a6d2	35284920	20e76ecc-eac7-42fd-a8fe-5bd14601f218	mProjectPP	1.408173668	NA	NA	2111346	8305920	1397709713.1206129	NA	NA	1397709713.1210587	1397709714.5293617	NA	NA	1397709714.5307782
c1.xlarge	0.5	69bc530a-bbdf-40fa-8770-63704ca6a6d2	35284800	fdaed317-d2fe-42bf-bd66-5d8126f33962	mProjectPP	1.4032738	NA	NA	2111346	8248320	1397709713.1580052	NA	NA	1397709713.1584244	1397709714.5618107	NA	NA	1397709714.562192
c1.xlarge	0.5	69bc530a-bbdf-40fa-8770-63704ca6a6d2	35285080	042b4b77-8bdc-4ef7-a61a-a7d0c3ccf38c	mProjectPP	1.363650541	NA	NA	2111346	8259840	1397709713.2292514	NA	NA	1397709713.2296216	1397709714.593416	NA	NA	1397709714.5939295
c1.xlarge	0.5	69bc530a-bbdf-40fa-8770-63704ca6a6d2	35285500	85a2510e-4468-4ddc-ba11-b83ade3852b6	mProjectPP	1.399561681	NA	NA	2111346	8248320	1397709713.1961133	NA	NA	1397709713.1966088	1397709714.5962603	NA	NA	1397709714.5965729
c1.xlarge	0.5	69bc530a-bbdf-40fa-8770-63704ca6a6d2	35284500	97b63037-917c-4441-95db-b4dcc1b085dd	mProjectPP	1.514895562	NA	NA	2111346	8288640	1397709713.0827553	NA	NA	1397709713.0830958	1397709714.5980783	NA	NA	1397709714.5983655
c1.xlarge	0.5	69bc530a-bbdf-40fa-8770-63704ca6a6d2	35285640	1b542d27-8683-4d51-b934-4f8e371dc65d	mProjectPP	1.396615919	NA	NA	2111346	8231040	1397709713.2996767	NA	NA	1397709713.2999961	1397709714.6967618	NA	NA	1397709714.6973174
c1.xlarge	0.5	69bc530a-bbdf-40fa-8770-63704ca6a6d2	35285340	13bc28a6-f937-4712-a77e-5dd16e1ae5bd	mProjectPP	1.43209324	NA	NA	2111346	8242560	1397709713.2670817	NA	NA	1397709713.2674444	1397709714.6996248	NA	NA	1397709714.6999025
c1.xlarge	0.5	69bc530a-bbdf-40fa-8770-63704ca6a6d2	35284660	eb869612-ba72-41bd-b68b-b9559b37bc9d	mProjectPP	1.319840103	NA	NA	2111346	8242560	1397709713.463916	NA	NA	1397709713.4642143	1397709714.7841809	NA	NA	1397709714.7846813
c1.xlarge	0.5	69bc530a-bbdf-40fa-8770-63704ca6a6d2	35284500	d6fab507-ce58-49f6-9ab0-e074bbc4e002	mDiffFit	0.282513477	NA	NA	16491186	144271	1397709714.6121907	NA	NA	1397709714.6131375	1397709714.895775	NA	NA	1397709714.8962696
c1.xlarge	0.5	69bc530a-bbdf-40fa-8770-63704ca6a6d2	35285500	2c82c821-1365-4db5-b5c2-b8c71ea7f61b	mDiffFit	0.286767058	NA	NA	16473906	147146	1397709714.6107645	NA	NA	1397709714.6117368	1397709714.898586	NA	NA	1397709714.8989148
c1.xlarge	0.5	69bc530a-bbdf-40fa-8770-63704ca6a6d2	35285640	fb4e425a-8ffd-4e40-9b56-66c4ecfc0ef2	mDiffFit	0.251371406	NA	NA	16548786	250828	1397709714.7030997	NA	NA	1397709714.7039027	1397709714.9553761	NA	NA	1397709714.9558
c1.xlarge	0.5	69bc530a-bbdf-40fa-8770-63704ca6a6d2	35284660	a7b78721-948c-45a6-80f1-5ac5acd9b3ca	mDiffFit	0.165377033	NA	NA	16479666	222029	1397709714.790911	NA	NA	1397709714.7917833	1397709714.9572432	NA	NA	1397709714.9574995
c1.xlarge	0.5	69bc530a-bbdf-40fa-8770-63704ca6a6d2	35285340	8b620392-19a7-43d3-97d3-0bf6cc0e9745	mDiffFit	0.227200223	NA	NA	16531506	472594	1397709714.7291365	NA	NA	1397709714.7303252	1397709714.9576252	NA	NA	1397709714.9578564
c1.xlarge	0.5	69bc530a-bbdf-40fa-8770-63704ca6a6d2	35285500	c409228b-67b9-4758-8e05-c54cc581f530	mDiffFit	0.146410039	NA	NA	16589106	222032	1397709714.9281292	NA	NA	1397709714.9295595	1397709715.0761464	NA	NA	1397709715.076634
c1.xlarge	0.5	69bc530a-bbdf-40fa-8770-63704ca6a6d2	35284500	5af27501-e31e-4e04-a8dd-4dddc7603f82	mDiffFit	0.197514246	NA	NA	16537266	472590	1397709714.9023266	NA	NA	1397709714.9032693	1397709715.1008813	NA	NA	1397709715.101274
c1.xlarge	0.5	69bc530a-bbdf-40fa-8770-63704ca6a6d2	35285340	516baf20-df1a-47ca-8676-0ad660c2e3f8	mDiffFit	0.238300979	NA	NA	16491186	219152	1397709714.964182	NA	NA	1397709714.9649708	1397709715.2033415	NA	NA	1397709715.2035265
c1.xlarge	0.5	69bc530a-bbdf-40fa-8770-63704ca6a6d2	35285640	23e5f39f-899b-4541-937b-b1834165b340	mDiffFit	0.270522775	NA	NA	16479666	147143	1397709714.960836	NA	NA	1397709714.9616623	1397709715.232331	NA	NA	1397709715.2327917
c1.xlarge	0.5	69bc530a-bbdf-40fa-8770-63704ca6a6d2	35284660	6489dbb3-5cb1-457b-88d1-c52d5c249594	mDiffFit	0.326538762	NA	NA	16479666	466822	1397709714.965305	NA	NA	1397709714.9660368	1397709715.2927153	NA	NA	1397709715.2932024
c1.xlarge	0.5	69bc530a-bbdf-40fa-8770-63704ca6a6d2	35284500	ea98d201-8fc2-4bbc-97f5-f107ec9fe232	mDiffFit	0.175896093	NA	NA	16479666	155786	1397709715.2014909	NA	NA	1397709715.2021368	1397709715.3782003	NA	NA	1397709715.3788693
c1.xlarge	0.5	69bc530a-bbdf-40fa-8770-63704ca6a6d2	35285500	0439db2a-5828-44db-b3c4-06ab12198b53	mDiffFit	0.215298559	NA	NA	16496946	481232	1397709715.1069224	NA	NA	1397709715.1979094	1397709715.4133372	NA	NA	1397709715.4137735
c1.xlarge	0.5	69bc530a-bbdf-40fa-8770-63704ca6a6d2	35285640	1212d5e8-bc68-4edf-be75-1de5a68f9ab7	mDiffFit	0.181289231	NA	NA	16473906	222033	1397709715.265915	NA	NA	1397709715.266927	1397709715.4483488	NA	NA	1397709715.4488297
c1.xlarge	0.5	69bc530a-bbdf-40fa-8770-63704ca6a6d2	35285340	fa631b55-1274-487d-ad89-c65a2a12d61f	mDiffFit	0.245437994	NA	NA	16485426	472591	1397709715.2366855	NA	NA	1397709715.237715	1397709715.4832935	NA	NA	1397709715.4838114
c1.xlarge	0.5	69bc530a-bbdf-40fa-8770-63704ca6a6d2	35284660	8c540d28-4bb0-4872-981c-b6b521b621a2	mDiffFit	0.21170118	NA	NA	16491186	492747	1397709715.3242922	NA	NA	1397709715.3262577	1397709715.5382247	NA	NA	1397709715.5386722
c1.xlarge	0.5	69bc530a-bbdf-40fa-8770-63704ca6a6d2	35285500	50228c96-26e7-4094-8696-8876df7b174a	mDiffFit	0.16149631	NA	NA	16519986	247952	1397709715.420084	NA	NA	1397709715.421055	1397709715.582704	NA	NA	1397709715.5831792
c1.xlarge	0.5	69bc530a-bbdf-40fa-8770-63704ca6a6d2	35285640	d4ef4d12-192d-4c3c-94c5-d27cf51bd901	mDiffFit	0.161049084	NA	NA	16479666	224915	1397709715.455845	NA	NA	1397709715.456809	1397709715.6179883	NA	NA	1397709715.6184406
c1.xlarge	0.5	69bc530a-bbdf-40fa-8770-63704ca6a6d2	35284500	341e1ae9-6852-495c-9189-f8abc5aada55	mDiffFit	0.233514256	NA	NA	16473906	469714	1397709715.3858936	NA	NA	1397709715.3867543	1397709715.620365	NA	NA	1397709715.621178
c1.xlarge	0.5	69bc530a-bbdf-40fa-8770-63704ca6a6d2	35284660	d708ae86-8e15-41f7-9d84-a99176e33804	mDiffFit	0.159402199	NA	NA	16479666	224912	1397709715.5448651	NA	NA	1397709715.5457647	1397709715.705303	NA	NA	1397709715.705825
c1.xlarge	0.5	69bc530a-bbdf-40fa-8770-63704ca6a6d2	35285340	543d0e9c-2219-4ac3-b2a4-fd4190b870c2	mDiffFit	0.217636271	NA	NA	16508466	478346	1397709715.4901984	NA	NA	1397709715.4910629	1397709715.708781	NA	NA	1397709715.709143
c1.xlarge	0.5	69bc530a-bbdf-40fa-8770-63704ca6a6d2	35285500	5a42f734-17e7-4a17-bb7c-bc2d83796f5d	mDiffFit	0.175686448	NA	NA	16496946	144262	1397709715.590668	NA	NA	1397709715.5915604	1397709715.7673674	NA	NA	1397709715.7677581
c1.xlarge	0.5	69bc530a-bbdf-40fa-8770-63704ca6a6d2	35285640	2ba8717a-47f8-4311-93eb-df30a5be6a25	mDiffFit	0.23513551	NA	NA	16496946	492743	1397709715.624628	NA	NA	1397709715.6256168	1397709715.8610547	NA	NA	1397709715.8618107
c1.xlarge	0.5	69bc530a-bbdf-40fa-8770-63704ca6a6d2	35284660	ee5beb52-b3ad-43cb-b12b-7467efd32fef	mDiffFit	0.150277169	NA	NA	16496946	222027	1397709715.7129529	NA	NA	1397709715.713989	1397709715.8643694	NA	NA	1397709715.8646665
c1.xlarge	0.5	69bc530a-bbdf-40fa-8770-63704ca6a6d2	35285340	d37d39a5-1453-479c-ac8c-d1a986d8aad8	mDiffFit	0.184024093	NA	NA	16496946	155777	1397709715.7401726	NA	NA	1397709715.7416515	1397709715.9258745	NA	NA	1397709715.9264317
c1.xlarge	0.5	69bc530a-bbdf-40fa-8770-63704ca6a6d2	35284920	90147aae-0b1d-444d-96b5-0e25ffbd653e	mProjectPP	1.390236809	NA	NA	2111346	8242560	1397709714.5359228	NA	NA	1397709714.536289	1397709715.9266212	NA	NA	1397709715.926901
c1.xlarge	0.5	69bc530a-bbdf-40fa-8770-63704ca6a6d2	35284800	66285a69-6e4c-45da-825d-026328f0dd11	mProjectPP	1.358935744	NA	NA	2111346	8305920	1397709714.5676138	NA	NA	1397709714.5680523	1397709715.9270875	NA	NA	1397709715.927362
c1.xlarge	0.5	69bc530a-bbdf-40fa-8770-63704ca6a6d2	35285500	50725b1b-43e7-4629-9ae4-160300332116	mDiffFit	0.157830797	NA	NA	16496946	224900	1397709715.7739186	NA	NA	1397709715.7747166	1397709715.9326398	NA	NA	1397709715.9329684
c1.xlarge	0.5	69bc530a-bbdf-40fa-8770-63704ca6a6d2	35284500	0e6cece2-42c5-44b7-9448-d86bc5f5972a	mDiffFit	0.255835277	NA	NA	16479666	492746	1397709715.677586	NA	NA	1397709715.6787713	1397709715.9346912	NA	NA	1397709715.934971
c1.xlarge	0.5	69bc530a-bbdf-40fa-8770-63704ca6a6d2	35285080	a4c2fe06-7384-48da-b9e9-192328a6af79	mProjectPP	1.39199031	NA	NA	2111346	8248320	1397709714.6099267	NA	NA	1397709714.6103082	1397709716.0024621	NA	NA	1397709716.0030773
c1.xlarge	0.5	69bc530a-bbdf-40fa-8770-63704ca6a6d2	35285640	ba9a910c-68a7-4b3f-a2c4-cf628e091b8c	mDiffFit	0.23262497	NA	NA	16496946	150020	1397709715.8687563	NA	NA	1397709715.8699098	1397709716.1026976	NA	NA	1397709716.103166
c1.xlarge	0.5	69bc530a-bbdf-40fa-8770-63704ca6a6d2	35284660	9aed245c-d257-4bd7-9c97-4d1a936d07ab	mDiffFit	0.205323764	NA	NA	16508466	219152	1397709715.896973	NA	NA	1397709715.8979433	1397709716.1033807	NA	NA	1397709716.1036637
c1.xlarge	0.5	69bc530a-bbdf-40fa-8770-63704ca6a6d2	35284500	beef6969-c2b7-446e-83ac-253ac8c8a3e4	mDiffFit	0.221348367	NA	NA	16479666	152900	1397709715.9467275	NA	NA	1397709715.9476323	1397709716.1691377	NA	NA	1397709716.1696694
c1.xlarge	0.5	69bc530a-bbdf-40fa-8770-63704ca6a6d2	35285340	cc1071f2-7610-427d-b16d-170dae9cc522	mDiffFit	0.225165321	NA	NA	16496946	486982	1397709715.9437103	NA	NA	1397709715.9446342	1397709716.1698816	NA	NA	1397709716.1702044
c1.xlarge	0.5	69bc530a-bbdf-40fa-8770-63704ca6a6d2	35284800	c3084a81-5bc3-4d37-901a-e7af1957fb80	mDiffFit	0.234291461	NA	NA	16479666	224906	1397709715.950767	NA	NA	1397709715.9514663	1397709716.185859	NA	NA	1397709716.186177
c1.xlarge	0.5	69bc530a-bbdf-40fa-8770-63704ca6a6d2	35284920	447a2230-8e21-4836-9a69-af4abe4277a0	mDiffFit	0.26494554	NA	NA	16479666	486982	1397709715.945102	NA	NA	1397709715.9459033	1397709716.211016	NA	NA	1397709716.211548
c1.xlarge	0.5	69bc530a-bbdf-40fa-8770-63704ca6a6d2	35285500	2e33642d-f56b-4714-8b72-818a63e58cd9	mDiffFit	0.293647415	NA	NA	16531506	253710	1397709715.9518104	NA	NA	1397709715.9525204	1397709716.2462478	NA	NA	1397709716.246492
c1.xlarge	0.5	69bc530a-bbdf-40fa-8770-63704ca6a6d2	35285080	7fb9dc0a-f2d5-481b-9c43-4e7e09c9852c	mDiffFit	0.222971447	NA	NA	16600626	224919	1397709716.0776443	NA	NA	1397709716.0787885	1397709716.3018985	NA	NA	1397709716.3023276
c1.xlarge	0.5	69bc530a-bbdf-40fa-8770-63704ca6a6d2	35285640	80a99a10-0788-461a-8c76-558c0bcf7d00	mDiffFit	0.215369109	NA	NA	16479666	489873	1397709716.114871	NA	NA	1397709716.1158667	1397709716.3313713	NA	NA	1397709716.3317637
c1.xlarge	0.5	69bc530a-bbdf-40fa-8770-63704ca6a6d2	35284660	5619980e-6f3f-4a42-b7ff-7a55baad84cb	mDiffFit	0.214541808	NA	NA	16496946	219145	1397709716.1163807	NA	NA	1397709716.117278	1397709716.3318946	NA	NA	1397709716.3321807
c1.xlarge	0.5	69bc530a-bbdf-40fa-8770-63704ca6a6d2	35285340	0580a957-ac79-441d-9ca0-8c3371981c3d	mDiffFit	0.237827874	NA	NA	16508466	222030	1397709716.1820374	NA	NA	1397709716.1829364	1397709716.4209514	NA	NA	1397709716.4216895
c1.xlarge	0.5	69bc530a-bbdf-40fa-8770-63704ca6a6d2	35284500	f8ea448f-3418-41d1-9fd7-e5abde263b47	mDiffFit	0.242930963	NA	NA	16496946	458186	1397709716.1804779	NA	NA	1397709716.181463	1397709716.4245043	NA	NA	1397709716.424956
c1.xlarge	0.5	69bc530a-bbdf-40fa-8770-63704ca6a6d2	35284920	53cd09ac-fa0c-4239-96a4-364dba677e17	mDiffFit	0.179387851	NA	NA	16491186	155781	1397709716.2448452	NA	NA	1397709716.2456985	1397709716.4251776	NA	NA	1397709716.425479
c1.xlarge	0.5	69bc530a-bbdf-40fa-8770-63704ca6a6d2	35284800	aa26ac82-c339-43c0-bab7-9c215a262a56	mDiffFit	0.246114196	NA	NA	16508466	507144	1397709716.2434182	NA	NA	1397709716.2443407	1397709716.490612	NA	NA	1397709716.4911852
c1.xlarge	0.5	69bc530a-bbdf-40fa-8770-63704ca6a6d2	35285080	5e1915ea-2ace-4329-b202-3800648d3d46	mDiffFit	0.215256491	NA	NA	16508466	472588	1397709716.3023968	NA	NA	1397709716.3031993	1397709716.5185983	NA	NA	1397709716.5190566
c1.xlarge	0.5	69bc530a-bbdf-40fa-8770-63704ca6a6d2	35285500	297e86aa-fe84-4ae4-b216-b7760c12c022	mDiffFit	0.181084409	NA	NA	16519986	222027	1397709716.3371143	NA	NA	1397709716.3380337	1397709716.5192268	NA	NA	1397709716.5195403
c1.xlarge	0.5	69bc530a-bbdf-40fa-8770-63704ca6a6d2	35284660	24ac8411-027e-4c5d-b080-c2c52a5c6475	mDiffFit	0.186162087	NA	NA	16508466	155784	1397709716.3685908	NA	NA	1397709716.369678	1397709716.5559547	NA	NA	1397709716.5563023
c1.xlarge	0.5	69bc530a-bbdf-40fa-8770-63704ca6a6d2	35285640	1260fae2-4bf4-40f6-8e2d-2c955ec495a9	mDiffFit	0.244148213	NA	NA	16519986	504264	1397709716.366508	NA	NA	1397709716.3680067	1397709716.61233	NA	NA	1397709716.6129832
c1.xlarge	0.5	69bc530a-bbdf-40fa-8770-63704ca6a6d2	35284920	5da0a98b-8832-4289-b096-713fc238018e	mDiffFit	0.205009501	NA	NA	16508466	224899	1397709716.4374084	NA	NA	1397709716.4381886	1397709716.6433477	NA	NA	1397709716.6438453
c1.xlarge	0.5	69bc530a-bbdf-40fa-8770-63704ca6a6d2	35285340	f3a050e1-a48a-4001-b7dc-790ce9e89b5b	mDiffFit	0.216008179	NA	NA	16519986	472590	1397709716.4306264	NA	NA	1397709716.4315596	1397709716.6476483	NA	NA	1397709716.6479406
c1.xlarge	0.5	69bc530a-bbdf-40fa-8770-63704ca6a6d2	35284500	e95ec8d1-7a46-45e9-929c-a1fa6bafc16f	mDiffFit	0.212178338	NA	NA	16508466	144264	1397709716.4360917	NA	NA	1397709716.4370303	1397709716.6493464	NA	NA	1397709716.649707
c1.xlarge	0.5	69bc530a-bbdf-40fa-8770-63704ca6a6d2	35284660	b0839426-71d5-491f-b6ce-6cca02d64b4b	mDiffFit	0.158258621	NA	NA	16589106	224912	1397709716.5563602	NA	NA	1397709716.5572062	1397709716.715579	NA	NA	1397709716.7159977
c1.xlarge	0.5	69bc530a-bbdf-40fa-8770-63704ca6a6d2	35285080	9d294a70-a45d-4443-aa07-14584d45fcab	mDiffFit	0.214308772	NA	NA	16554546	311303	1397709716.5576327	NA	NA	1397709716.5584002	1397709716.7728026	NA	NA	1397709716.7731302
c1.xlarge	0.5	69bc530a-bbdf-40fa-8770-63704ca6a6d2	35285640	f27bf787-755b-4b54-973c-bd424e8469cc	mDiffFit	0.159081477	NA	NA	16508466	147143	1397709716.6130807	NA	NA	1397709716.6140938	1397709716.7732944	NA	NA	1397709716.7735877
c1.xlarge	0.5	69bc530a-bbdf-40fa-8770-63704ca6a6d2	35284800	126b92d1-b8c5-4942-83d6-bfcee2b5ead1	mDiffFit	0.27531018	NA	NA	16479666	492744	1397709716.5246248	NA	NA	1397709716.5257726	1397709716.8011963	NA	NA	1397709716.801595
c1.xlarge	0.5	69bc530a-bbdf-40fa-8770-63704ca6a6d2	35284920	9465cf06-38ad-4cc6-8244-4c30db72f6fa	mDiffFit	0.208177988	NA	NA	16554546	279628	1397709716.6550632	NA	NA	1397709716.6559584	1397709716.8643103	NA	NA	1397709716.8649268
c1.xlarge	0.5	69bc530a-bbdf-40fa-8770-63704ca6a6d2	35285340	08c599bb-95b4-47ab-9c54-7f688819e8a2	mDiffFit	0.243614792	NA	NA	16496946	472587	1397709716.6480007	NA	NA	1397709716.6487772	1397709716.8925092	NA	NA	1397709716.8929963
c1.xlarge	0.5	69bc530a-bbdf-40fa-8770-63704ca6a6d2	35285500	83f2b64c-ad68-4426-8919-fe379995012b	mDiffFit	0.207059589	NA	NA	16531506	305549	1397709716.685206	NA	NA	1397709716.6863265	1397709716.8935027	NA	NA	1397709716.8937826
c1.xlarge	0.5	69bc530a-bbdf-40fa-8770-63704ca6a6d2	35284500	bc136f5a-5e03-4556-826e-87917b3f6ad6	mDiffFit	0.270546594	NA	NA	16496946	224908	1397709716.6868422	NA	NA	1397709716.6876695	1397709716.9583032	NA	NA	1397709716.9585967
c1.xlarge	0.5	69bc530a-bbdf-40fa-8770-63704ca6a6d2	35284660	f12dbfc7-ddb1-4873-adb9-b91ddcf56a30	mDiffFit	0.21543463	NA	NA	16508466	222029	1397709716.7695153	NA	NA	1397709716.7705936	1397709716.9861524	NA	NA	1397709716.9865856
c1.xlarge	0.5	69bc530a-bbdf-40fa-8770-63704ca6a6d2	35284800	d51864b5-3bf6-4972-b433-6027607ecd4f	mDiffFit	0.235312555	NA	NA	16496946	155785	1397709716.8107846	NA	NA	1397709716.8115482	1397709717.047004	NA	NA	1397709717.0475903
c1.xlarge	0.5	69bc530a-bbdf-40fa-8770-63704ca6a6d2	35284920	69b69dd2-eff5-4e5a-8974-4692a749667d	mDiffFit	0.148298534	NA	NA	16496946	144269	1397709716.8985398	NA	NA	1397709716.899434	1397709717.0478141	NA	NA	1397709717.0480826
c1.xlarge	0.5	69bc530a-bbdf-40fa-8770-63704ca6a6d2	35285640	6ea98201-c519-4a3f-bb44-5b0a45e8b256	mDiffFit	0.237237717	NA	NA	16496946	224911	1397709716.8096197	NA	NA	1397709716.8104467	1397709717.051245	NA	NA	1397709717.051584
c1.xlarge	0.5	69bc530a-bbdf-40fa-8770-63704ca6a6d2	35285080	528ffbc6-3b50-4c6d-92ef-00af7a3f8607	mDiffFit	0.24387926	NA	NA	16508466	492748	1397709716.8081496	NA	NA	1397709716.809143	1397709717.0531042	NA	NA	1397709717.0533733
c1.xlarge	0.5	69bc530a-bbdf-40fa-8770-63704ca6a6d2	35285500	46dee13a-0983-4179-b1c6-90aef54f9081	mDiffFit	0.212249482	NA	NA	16594866	222030	1397709716.9279175	NA	NA	1397709716.9293103	1397709717.1417506	NA	NA	1397709717.1423519
c1.xlarge	0.5	69bc530a-bbdf-40fa-8770-63704ca6a6d2	35285340	bf221adf-8564-4181-9a2e-83d2614461a5	mDiffFit	0.214365061	NA	NA	16548786	311308	1397709716.9536688	NA	NA	1397709716.9550855	1397709717.169612	NA	NA	1397709717.1701124
c1.xlarge	0.5	69bc530a-bbdf-40fa-8770-63704ca6a6d2	35284500	6f6cc788-7b82-49e0-8db2-fe2c209fc0d5	mDiffFit	0.213306361	NA	NA	16537266	288266	1397709716.9897118	NA	NA	1397709716.9905212	1397709717.203979	NA	NA	1397709717.2044482
c1.xlarge	0.5	69bc530a-bbdf-40fa-8770-63704ca6a6d2	35284660	518e9aa2-6a5e-4eae-b6a5-b7fca37e83a7	mDiffFit	0.217129511	NA	NA	16479666	452429	1397709717.0180693	NA	NA	1397709717.0193758	1397709717.2366664	NA	NA	1397709717.2371128
c1.xlarge	0.5	69bc530a-bbdf-40fa-8770-63704ca6a6d2	35284920	fe0564ae-28e3-41f1-a70f-32ddcef3e589	mDiffFit	0.204483301	NA	NA	16491186	155782	1397709717.0599794	NA	NA	1397709717.0607111	1397709717.265321	NA	NA	1397709717.2657995
c1.xlarge	0.5	69bc530a-bbdf-40fa-8770-63704ca6a6d2	35284800	645fbd13-1883-4585-bd9c-bd26c9d57cff	mDiffFit	0.206335095	NA	NA	16479666	224914	1397709717.0587952	NA	NA	1397709717.0595942	1397709717.2660139	NA	NA	1397709717.26633
c1.xlarge	0.5	69bc530a-bbdf-40fa-8770-63704ca6a6d2	35285080	48d8390d-7c87-4f4c-b8d8-1e3ccffe9f75	mDiffFit	0.267966411	NA	NA	16491186	152907	1397709717.0625296	NA	NA	1397709717.0632734	1397709717.3313522	NA	NA	1397709717.331796
c1.xlarge	0.5	69bc530a-bbdf-40fa-8770-63704ca6a6d2	35285640	ff5c7e80-ae0b-42bb-8b0a-d38d864a082e	mDiffFit	0.271481991	NA	NA	16502706	486991	1397709717.0611591	NA	NA	1397709717.0621333	1397709717.333693	NA	NA	1397709717.3339612
c1.xlarge	0.5	69bc530a-bbdf-40fa-8770-63704ca6a6d2	35285500	e47ab944-5c7f-4d51-bc9a-9a7402d56657	mDiffFit	0.159220312	NA	NA	16473906	224910	1397709717.1739333	NA	NA	1397709717.1748068	1397709717.3341255	NA	NA	1397709717.3343809
c1.xlarge	0.5	69bc530a-bbdf-40fa-8770-63704ca6a6d2	35284660	b01eca2f-85c6-4202-93f5-1d83ff299c3e	mDiffFit	0.210758902	NA	NA	16473906	222038	1397709717.2371914	NA	NA	1397709717.238033	1397709717.4489844	NA	NA	1397709717.4495845
c1.xlarge	0.5	69bc530a-bbdf-40fa-8770-63704ca6a6d2	35284500	f50269ab-fb34-4e3f-b482-e43a33e9dc7f	mDiffFit	0.244135424	NA	NA	16473906	495636	1397709717.2045248	NA	NA	1397709717.2055	1397709717.4497342	NA	NA	1397709717.4500089
c1.xlarge	0.5	69bc530a-bbdf-40fa-8770-63704ca6a6d2	35285340	cef686e6-c73d-4ed3-9840-3cda25846376	mDiffFit	0.151143945	NA	NA	16491186	150034	1397709717.300808	NA	NA	1397709717.3018622	1397709717.4531202	NA	NA	1397709717.4534554
c1.xlarge	0.5	69bc530a-bbdf-40fa-8770-63704ca6a6d2	35284800	8c81beeb-8d1a-4dbb-b69b-b54b00b2efdf	mDiffFit	0.238080404	NA	NA	16491186	147146	1397709717.3024182	NA	NA	1397709717.3032367	1397709717.5414562	NA	NA	1397709717.5420053
c1.xlarge	0.5	69bc530a-bbdf-40fa-8770-63704ca6a6d2	35284920	9e7947bc-bb50-4b5d-9bd0-12cee186367d	mDiffFit	0.270291311	NA	NA	16543026	472593	1397709717.2709782	NA	NA	1397709717.271837	1397709717.5422475	NA	NA	1397709717.5425344
c1.xlarge	0.5	69bc530a-bbdf-40fa-8770-63704ca6a6d2	35285080	5c3c4902-a2f1-410a-b6ac-8d12e4ed23fc	mDiffFit	0.181803753	NA	NA	16491186	224911	1397709717.362789	NA	NA	1397709717.3643806	1397709717.546303	NA	NA	1397709717.5467994
c1.xlarge	0.5	69bc530a-bbdf-40fa-8770-63704ca6a6d2	35285640	4b86d13a-7ab2-46d0-a184-358d25a4b63c	mDiffFit	0.20857663	NA	NA	16525746	285387	1397709717.3683999	NA	NA	1397709717.3692791	1397709717.577983	NA	NA	1397709717.5785403
c1.xlarge	0.5	69bc530a-bbdf-40fa-8770-63704ca6a6d2	35285500	93dd1d14-5779-470a-a9a4-fda9d6473c5a	mDiffFit	0.216837248	NA	NA	16548786	305554	1397709717.3696694	NA	NA	1397709717.37048	1397709717.587423	NA	NA	1397709717.5877993
c1.xlarge	0.5	69bc530a-bbdf-40fa-8770-63704ca6a6d2	35285340	676df2da-a6f1-43eb-8be0-2caf21dad425	mDiffFit	0.153018183	NA	NA	16589106	224919	1397709717.4595482	NA	NA	1397709717.4605482	1397709717.6136835	NA	NA	1397709717.6140132
c1.xlarge	0.5	69bc530a-bbdf-40fa-8770-63704ca6a6d2	35284500	0bc0a47e-1d3d-43b8-8dec-650983d05f3c	mDiffFit	0.17845909	NA	NA	16496946	224913	1397709717.461053	NA	NA	1397709717.461899	1397709717.6404479	NA	NA	1397709717.6407824
c1.xlarge	0.5	69bc530a-bbdf-40fa-8770-63704ca6a6d2	35284660	2838c48c-c49b-4e74-b4c7-607e9d2d55ac	mDiffFit	0.251151056	NA	NA	16491186	498511	1397709717.4622848	NA	NA	1397709717.4631908	1397709717.7144532	NA	NA	1397709717.7148292
c1.xlarge	0.5	69bc530a-bbdf-40fa-8770-63704ca6a6d2	35284800	e56efc9e-2191-4c04-9959-1315f8b4e353	mDiffFit	0.192437807	NA	NA	16491186	472588	1397709717.549949	NA	NA	1397709717.5509317	1397709717.7434728	NA	NA	1397709717.7437665
c1.xlarge	0.5	69bc530a-bbdf-40fa-8770-63704ca6a6d2	35284920	09d194ac-368c-44f4-b40c-fab6ef84d41e	mConcatFit	1.98701289	NA	NA	25122	17057	1397709718.0875497	NA	NA	1397709718.0956333	1397709720.0827909	NA	NA	1397709720.0843306
c1.xlarge	0.5	69bc530a-bbdf-40fa-8770-63704ca6a6d2	35285080	a97238b1-a13b-400a-a31d-d1aee0d81c9e	mBgModel	10.930427164	NA	NA	22962	1873	1397709720.3496614	NA	NA	1397709720.3508198	1397709731.281394	NA	NA	1397709731.2829573
c1.xlarge	0.5	69bc530a-bbdf-40fa-8770-63704ca6a6d2	35285340	f178c9db-dd0f-4d39-92f4-01c6ef28fc09	mBackground	0.212861042	NA	NA	8238818	8231040	1397709731.7561631	NA	NA	1397709731.7567134	1397709731.9697154	NA	NA	1397709731.9702313
c1.xlarge	0.5	69bc530a-bbdf-40fa-8770-63704ca6a6d2	35284500	be1e07b0-6811-4b78-83f0-3c7fcd574839	mBackground	0.212641047	NA	NA	8307938	8300160	1397709731.7571716	NA	NA	1397709731.7576494	1397709731.970368	NA	NA	1397709731.970638
c1.xlarge	0.5	69bc530a-bbdf-40fa-8770-63704ca6a6d2	35285500	5745aeda-c818-4c8c-80bb-e01574d6588a	mBackground	0.215054454	NA	NA	8250338	8242560	1397709731.755064	NA	NA	1397709731.7556462	1397709731.970777	NA	NA	1397709731.9710398
c1.xlarge	0.5	69bc530a-bbdf-40fa-8770-63704ca6a6d2	35285640	f08cfd70-a344-43f7-a3fc-008810da61f2	mBackground	0.28876153	NA	NA	8238818	8231040	1397709731.6862674	NA	NA	1397709731.6873405	1397709731.9762504	NA	NA	1397709731.9766324
c1.xlarge	0.5	69bc530a-bbdf-40fa-8770-63704ca6a6d2	35284660	6fcd3ee0-e4c2-408b-973f-0698b93cc42e	mBackground	0.337585456	NA	NA	8296418	8288640	1397709731.757986	NA	NA	1397709731.7584786	1397709732.0962288	NA	NA	1397709732.0968037
c1.xlarge	0.5	69bc530a-bbdf-40fa-8770-63704ca6a6d2	35284800	a5982f1d-1df9-49ee-8559-638a8e13d015	mBackground	0.340226778	NA	NA	8256098	8248320	1397709731.7588048	NA	NA	1397709731.7592733	1397709732.099584	NA	NA	1397709732.0999086
c1.xlarge	0.5	69bc530a-bbdf-40fa-8770-63704ca6a6d2	35285080	1d02ada6-f46d-4ef3-8bd6-9c8875c35434	mBackground	0.342370872	NA	NA	8256098	8248320	1397709731.7604306	NA	NA	1397709731.7608674	1397709732.1033666	NA	NA	1397709732.1038902
c1.xlarge	0.5	69bc530a-bbdf-40fa-8770-63704ca6a6d2	35284920	42fe604b-59b7-4f0a-9292-e4f661e75984	mBackground	0.345148581	NA	NA	8256098	8248320	1397709731.7595804	NA	NA	1397709731.7600825	1397709732.1053424	NA	NA	1397709732.1057403
c1.xlarge	0.5	69bc530a-bbdf-40fa-8770-63704ca6a6d2	35285340	9a3fb2c4-f87b-4c24-8ff5-27c026ae8893	mBackground	0.156397223	NA	NA	8250338	8242560	1397709731.9841735	NA	NA	1397709731.9847708	1397709732.1412578	NA	NA	1397709732.1416354
c1.xlarge	0.5	69bc530a-bbdf-40fa-8770-63704ca6a6d2	35284500	560c2db7-6497-4534-87b0-4d6776dfef64	mBackground	0.221318782	NA	NA	8238818	8231040	1397709731.9852734	NA	NA	1397709731.9858022	1397709732.2072818	NA	NA	1397709732.2078366
c1.xlarge	0.5	69bc530a-bbdf-40fa-8770-63704ca6a6d2	35285500	8de6c3a0-0669-4b0e-bc1e-16e0e3da285d	mBackground	0.223591123	NA	NA	8267618	8259840	1397709731.9862132	NA	NA	1397709731.986809	1397709732.2104852	NA	NA	1397709732.2109134
c1.xlarge	0.5	69bc530a-bbdf-40fa-8770-63704ca6a6d2	35285640	11ed714d-8ca7-4a1b-bf7f-2ea9f7eef5c5	mBackground	0.285190821	NA	NA	8256098	8248320	1397709731.9872317	NA	NA	1397709731.9877152	1397709732.2731135	NA	NA	1397709732.2738147
c1.xlarge	0.5	69bc530a-bbdf-40fa-8770-63704ca6a6d2	35285080	5c08de39-2120-4951-a8d5-eb86078f456a	mBackground	0.198878903	NA	NA	8256098	8248320	1397709732.1039793	NA	NA	1397709732.1045194	1397709732.3036208	NA	NA	1397709732.3042452
c1.xlarge	0.5	69bc530a-bbdf-40fa-8770-63704ca6a6d2	35284800	60690704-a617-408d-89ba-f2a267078371	mBackground	0.201888015	NA	NA	8256098	8248320	1397709732.1398792	NA	NA	1397709732.140623	1397709732.3426516	NA	NA	1397709732.343019
c1.xlarge	0.5	69bc530a-bbdf-40fa-8770-63704ca6a6d2	35284920	0c8c0420-0f74-4686-b7ed-77c3e9cf8540	mBackground	0.223967134	NA	NA	8238818	8231040	1397709732.1761634	NA	NA	1397709732.1766334	1397709732.4008603	NA	NA	1397709732.4015493
c1.xlarge	0.5	69bc530a-bbdf-40fa-8770-63704ca6a6d2	35284660	697444f6-9123-455d-8ad3-ae5cf20d9b8d	mBackground	0.246136081	NA	NA	8256098	8248320	1397709732.1750698	NA	NA	1397709732.1756732	1397709732.421879	NA	NA	1397709732.4221075
c1.xlarge	0.5	69bc530a-bbdf-40fa-8770-63704ca6a6d2	35285340	c2ed321b-97f7-42a5-a3fc-63f72b440fbb	mBackground	0.248453608	NA	NA	8307938	8300160	1397709732.1770043	NA	NA	1397709732.1774914	1397709732.4260094	NA	NA	1397709732.42631
c1.xlarge	0.5	69bc530a-bbdf-40fa-8770-63704ca6a6d2	35285640	e681ae93-28ea-4193-90ca-a0ad10faf778	mBackground	0.177395617	NA	NA	8290658	8282880	1397709732.3075545	NA	NA	1397709732.3082411	1397709732.4857283	NA	NA	1397709732.4859614
c1.xlarge	0.5	69bc530a-bbdf-40fa-8770-63704ca6a6d2	35284500	73a33945-d237-48a0-b1d9-4483c24fd1f4	mBackground	0.244309877	NA	NA	8256098	8248320	1397709732.2409372	NA	NA	1397709732.241741	1397709732.486153	NA	NA	1397709732.4865413
c1.xlarge	0.5	69bc530a-bbdf-40fa-8770-63704ca6a6d2	35285080	339182ff-3da2-40f7-a944-205f4783b08b	mBackground	0.24215809	NA	NA	8256098	8248320	1397709732.3390205	NA	NA	1397709732.3399932	1397709732.5823028	NA	NA	1397709732.582947
c1.xlarge	0.5	69bc530a-bbdf-40fa-8770-63704ca6a6d2	35285500	701975ca-1fcf-4b40-bb70-c42c344e69ab	mBackground	0.376922021	NA	NA	8267618	8259840	1397709732.2439818	NA	NA	1397709732.2445319	1397709732.6215663	NA	NA	1397709732.6218848
c1.xlarge	0.5	69bc530a-bbdf-40fa-8770-63704ca6a6d2	35284800	f1a47f5a-1d86-42cc-8b66-18ff27850bd7	mBackground	0.200698375	NA	NA	8267618	8259840	1397709732.4205427	NA	NA	1397709732.4213147	1397709732.6221259	NA	NA	1397709732.6227708
c1.xlarge	0.5	69bc530a-bbdf-40fa-8770-63704ca6a6d2	35284920	bd57992f-9bd1-4f99-be89-e559911750a0	mBackground	0.229012802	NA	NA	8256098	8248320	1397709732.424632	NA	NA	1397709732.4254293	1397709732.6546001	NA	NA	1397709732.6550677
c1.xlarge	0.5	69bc530a-bbdf-40fa-8770-63704ca6a6d2	35285340	3dc7c9fe-a127-489c-81a0-ea31401ed435	mBackground	0.141632849	NA	NA	8296418	8288640	1397709732.5178094	NA	NA	1397709732.5189822	1397709732.66071	NA	NA	1397709732.66155
c1.xlarge	0.5	69bc530a-bbdf-40fa-8770-63704ca6a6d2	35284660	a3752360-0709-41c4-9cb0-7b0264cf777c	mBackground	0.29790041	NA	NA	8267618	8259840	1397709732.4842885	NA	NA	1397709732.485211	1397709732.7833426	NA	NA	1397709732.784602
c1.xlarge	0.5	69bc530a-bbdf-40fa-8770-63704ca6a6d2	35284500	350eb375-f210-4262-aa36-4583c2b90dd5	mBackground	0.236692002	NA	NA	8313698	8305920	1397709732.5508542	NA	NA	1397709732.551596	1397709732.788407	NA	NA	1397709732.7887669
c1.xlarge	0.5	69bc530a-bbdf-40fa-8770-63704ca6a6d2	35285640	4c833e2f-9ad1-4201-9e55-a290ffc4c14a	mBackground	0.207648279	NA	NA	8256098	8248320	1397709732.5801206	NA	NA	1397709732.5811934	1397709732.788983	NA	NA	1397709732.7895443
c1.xlarge	0.5	69bc530a-bbdf-40fa-8770-63704ca6a6d2	35285080	64cbebd3-000e-483e-a65f-3020db46f332	mBackground	0.170641393	NA	NA	8256098	8248320	1397709732.6178296	NA	NA	1397709732.618952	1397709732.7896852	NA	NA	1397709732.7899098
c1.xlarge	0.5	69bc530a-bbdf-40fa-8770-63704ca6a6d2	35284800	a351d655-f86e-4a79-92aa-0b7a1d45b5c5	mBackground	0.231869716	NA	NA	8267618	8259840	1397709732.6594095	NA	NA	1397709732.660229	1397709732.8922856	NA	NA	1397709732.8928113
c1.xlarge	0.5	69bc530a-bbdf-40fa-8770-63704ca6a6d2	35284920	ab455992-30f6-47ac-b959-7961cd473af7	mBackground	0.22622893	NA	NA	8238818	8231040	1397709732.6660864	NA	NA	1397709732.6667519	1397709732.8930976	NA	NA	1397709732.89355
c1.xlarge	0.5	69bc530a-bbdf-40fa-8770-63704ca6a6d2	35285340	56dc1be6-2c2f-47b9-a201-43add3f0a6f3	mBackground	0.234795283	NA	NA	8250338	8242560	1397709732.6616244	NA	NA	1397709732.6623266	1397709732.8972256	NA	NA	1397709732.8976655
c1.xlarge	0.5	69bc530a-bbdf-40fa-8770-63704ca6a6d2	35285500	e25a4e16-1920-44cc-9d4d-e5ac96fe90c6	mBackground	0.200378935	NA	NA	8250338	8242560	1397709732.6975582	NA	NA	1397709732.69872	1397709732.8991964	NA	NA	1397709732.8994472
c1.xlarge	0.5	69bc530a-bbdf-40fa-8770-63704ca6a6d2	35284660	78a50139-e322-48c7-9eeb-1e5a42462ea6	mBackground	0.132200732	NA	NA	8250338	8242560	1397709732.7955148	NA	NA	1397709732.7963562	1397709732.9286785	NA	NA	1397709732.9291773
c1.xlarge	0.5	69bc530a-bbdf-40fa-8770-63704ca6a6d2	35284500	32771786-eb16-47ff-8649-630882a95606	mBackground	0.129653605	NA	NA	8313698	8305920	1397709732.829805	NA	NA	1397709732.8307574	1397709732.960517	NA	NA	1397709732.9607906
c1.xlarge	0.5	69bc530a-bbdf-40fa-8770-63704ca6a6d2	35285640	93a9e5c2-50b1-44fc-82dd-f4fc78327bd0	mBackground	0.130096494	NA	NA	8256098	8248320	1397709732.8610773	NA	NA	1397709732.8622348	1397709732.992439	NA	NA	1397709732.992776
c1.xlarge	0.5	69bc530a-bbdf-40fa-8770-63704ca6a6d2	35285080	38d42d73-6ffd-46e9-a89d-51efd37b468d	mImgtbl	0.119349715	NA	NA	144489745	10121	1397709733.2704518	NA	NA	1397709733.27605	1397709733.3955607	NA	NA	1397709733.3974156
c1.xlarge	0.5	69bc530a-bbdf-40fa-8770-63704ca6a6d2	35284800	f4916862-cee4-42af-8c76-0cf01e7a1a35	mAdd	0.938954035	NA	NA	288978107	51736320	1397709733.7169545	NA	NA	1397709733.7275121	1397709734.6666842	NA	NA	1397709734.6686985
c1.xlarge	0.5	69bc530a-bbdf-40fa-8770-63704ca6a6d2	35284920	3015a228-06f3-4fc4-9e99-e307afa5454f	mShrink	0.356125028	NA	NA	25868160	6471360	1397709734.9333751	NA	NA	1397709734.934361	1397709735.2906213	NA	NA	1397709735.292342
c1.xlarge	0.5	69bc530a-bbdf-40fa-8770-63704ca6a6d2	35285340	1ff9f965-0c5e-45cc-8287-a445eb65ef4e	mJPEG	0.364911076	NA	NA	6471360	119281	1397709735.5542822	NA	NA	1397709735.555003	1397709735.9200299	NA	NA	1397709735.92113
