c3.2xlarge	0.5	20790c6d-9cb7-4ae8-b4d0-4d05958bca17	35104540	ed9fa6e0-60c0-4e0c-beff-44ee322bd43d	mProjectPP	1.130286289	NA	NA	2111346	8231040	1397569078.1548438	NA	NA	1397569078.1551383	1397569079.2855296	NA	NA	1397569079.2890842
c3.2xlarge	0.5	20790c6d-9cb7-4ae8-b4d0-4d05958bca17	35105500	b1c0f412-2a30-4807-b2f4-5670bf109496	mProjectPP	1.161851493	NA	NA	2111346	8242560	1397569078.1747246	NA	NA	1397569078.1749756	1397569079.3369591	NA	NA	1397569079.3374953
c3.2xlarge	0.5	20790c6d-9cb7-4ae8-b4d0-4d05958bca17	35105260	ae08506b-26e3-4dd9-a807-d4b603ebe553	mProjectPP	1.19320718	NA	NA	2111346	8231040	1397569078.1752062	NA	NA	1397569078.175352	1397569079.36867	NA	NA	1397569079.3691378
c3.2xlarge	0.5	20790c6d-9cb7-4ae8-b4d0-4d05958bca17	35105380	c8d6e364-61c1-49cd-ab1a-d5fc41413dbc	mProjectPP	1.24713294	NA	NA	2111346	8300160	1397569078.175553	NA	NA	1397569078.1757972	1397569079.4230454	NA	NA	1397569079.424663
c3.2xlarge	0.5	20790c6d-9cb7-4ae8-b4d0-4d05958bca17	35104800	55f244c5-18aa-4870-94d3-26391b96c1ee	mProjectPP	1.28062914	NA	NA	2111346	8248320	1397569078.176428	NA	NA	1397569078.1765676	1397569079.4572861	NA	NA	1397569079.45765
c3.2xlarge	0.5	20790c6d-9cb7-4ae8-b4d0-4d05958bca17	35105020	9713238c-085b-4afd-b0c1-d26ec4c177aa	mProjectPP	1.281558334	NA	NA	2111346	8288640	1397569078.1760163	NA	NA	1397569078.176149	1397569079.4577708	NA	NA	1397569079.4580607
c3.2xlarge	0.5	20790c6d-9cb7-4ae8-b4d0-4d05958bca17	35104680	97fc086b-8dc2-4d8d-a1f3-431f4cb3a785	mProjectPP	1.333593184	NA	NA	2111346	8248320	1397569078.1767871	NA	NA	1397569078.1770146	1397569079.5107136	NA	NA	1397569079.511095
c3.2xlarge	0.5	20790c6d-9cb7-4ae8-b4d0-4d05958bca17	35105660	0aa39114-4a2d-4028-bbc0-68b2026d292f	mProjectPP	1.33605585	NA	NA	2111346	8248320	1397569078.1772537	NA	NA	1397569078.177383	1397569079.5134919	NA	NA	1397569079.5137448
c3.2xlarge	0.5	20790c6d-9cb7-4ae8-b4d0-4d05958bca17	35104540	ac3a243c-6349-4ab6-9f76-b51b78064e81	mProjectPP	1.231445547	NA	NA	2111346	8242560	1397569079.2930248	NA	NA	1397569079.29324	1397569080.524793	NA	NA	1397569080.525187
c3.2xlarge	0.5	20790c6d-9cb7-4ae8-b4d0-4d05958bca17	35105500	1718c9ac-62cc-4a3d-81a3-03ba660b1984	mProjectPP	1.218581961	NA	NA	2111346	8231040	1397569079.3445766	NA	NA	1397569079.3450015	1397569080.5636938	NA	NA	1397569080.5640152
c3.2xlarge	0.5	20790c6d-9cb7-4ae8-b4d0-4d05958bca17	35105260	9f82bc1c-f866-406c-8a92-d5e8270c9c4e	mProjectPP	1.243549794	NA	NA	2111346	8259840	1397569079.3744187	NA	NA	1397569079.3748012	1397569080.6184766	NA	NA	1397569080.6188214
c3.2xlarge	0.5	20790c6d-9cb7-4ae8-b4d0-4d05958bca17	35105380	884b51d3-bff2-4161-92af-edf30045830f	mProjectPP	1.234506722	NA	NA	2111346	8248320	1397569079.4296238	NA	NA	1397569079.4299538	1397569080.6645622	NA	NA	1397569080.6649148
c3.2xlarge	0.5	20790c6d-9cb7-4ae8-b4d0-4d05958bca17	35105020	874d13e2-e47d-4c53-911f-6ef78008edbd	mProjectPP	1.251160202	NA	NA	2111346	8248320	1397569079.4662275	NA	NA	1397569079.4664335	1397569080.7177136	NA	NA	1397569080.718176
c3.2xlarge	0.5	20790c6d-9cb7-4ae8-b4d0-4d05958bca17	35104800	82695371-a424-460d-b660-72ca9e623afb	mProjectPP	1.28409802	NA	NA	2111346	8248320	1397569079.46556	NA	NA	1397569079.465843	1397569080.7500665	NA	NA	1397569080.750541
c3.2xlarge	0.5	20790c6d-9cb7-4ae8-b4d0-4d05958bca17	35104680	eb4689bf-8308-4380-af58-37742481192b	mProjectPP	1.235693273	NA	NA	2111346	8248320	1397569079.516959	NA	NA	1397569079.5172021	1397569080.7529638	NA	NA	1397569080.7536533
c3.2xlarge	0.5	20790c6d-9cb7-4ae8-b4d0-4d05958bca17	35105660	b8a8220f-a21e-4d5c-a701-f1b1189b52ff	mProjectPP	1.252831607	NA	NA	2111346	8231040	1397569079.5428858	NA	NA	1397569079.5433514	1397569080.796299	NA	NA	1397569080.7966309
c3.2xlarge	0.5	20790c6d-9cb7-4ae8-b4d0-4d05958bca17	35104540	5c9dd204-bef7-4f4f-82d7-8edd3cc798ae	mProjectPP	1.171971297	NA	NA	2111346	8300160	1397569080.5313582	NA	NA	1397569080.5315945	1397569081.7036834	NA	NA	1397569081.7052045
c3.2xlarge	0.5	20790c6d-9cb7-4ae8-b4d0-4d05958bca17	35105500	f729ed56-dfe5-4569-a3b8-4a4af52e6fa2	mProjectPP	1.209427284	NA	NA	2111346	8248320	1397569080.569235	NA	NA	1397569080.5694747	1397569081.7790277	NA	NA	1397569081.7794025
c3.2xlarge	0.5	20790c6d-9cb7-4ae8-b4d0-4d05958bca17	35105260	be23f25b-550a-4b80-a70b-e5c2a73a0b9e	mProjectPP	1.214360374	NA	NA	2111346	8259840	1397569080.624117	NA	NA	1397569080.624389	1397569081.8388748	NA	NA	1397569081.8392754
c3.2xlarge	0.5	20790c6d-9cb7-4ae8-b4d0-4d05958bca17	35104800	031f597a-af9b-497a-ab3c-fd6b3484ffc2	mProjectPP	1.234415015	NA	NA	2111346	8259840	1397569080.7563143	NA	NA	1397569080.7565503	1397569081.9910896	NA	NA	1397569081.9921467
c3.2xlarge	0.5	20790c6d-9cb7-4ae8-b4d0-4d05958bca17	35105380	cc5dc780-cf3c-47f7-ba47-77014aef3154	mProjectPP	1.324428577	NA	NA	2111346	8282880	1397569080.6700573	NA	NA	1397569080.6703057	1397569081.994805	NA	NA	1397569081.995058
c3.2xlarge	0.5	20790c6d-9cb7-4ae8-b4d0-4d05958bca17	35104680	eb53bb27-acff-4846-bcb7-f34c9740be7d	mProjectPP	1.272704488	NA	NA	2111346	8248320	1397569080.7763002	NA	NA	1397569080.7766712	1397569082.0494795	NA	NA	1397569082.049822
c3.2xlarge	0.5	20790c6d-9cb7-4ae8-b4d0-4d05958bca17	35105020	c66e2fea-a807-46f1-87df-9a602b087bd6	mProjectPP	1.325471453	NA	NA	2111346	8248320	1397569080.7241652	NA	NA	1397569080.72447	1397569082.0500042	NA	NA	1397569082.050193
c3.2xlarge	0.5	20790c6d-9cb7-4ae8-b4d0-4d05958bca17	35105660	572cd666-b0b4-4f25-97dd-f879debd75f2	mProjectPP	1.250687561	NA	NA	2111346	8259840	1397569080.8011472	NA	NA	1397569080.8014	1397569082.052157	NA	NA	1397569082.052424
c3.2xlarge	0.5	20790c6d-9cb7-4ae8-b4d0-4d05958bca17	35104540	17928408-3f77-4d53-b7e2-a202019ba451	mProjectPP	1.183382868	NA	NA	2111346	8288640	1397569081.7102406	NA	NA	1397569081.7105017	1397569082.8940046	NA	NA	1397569082.894431
c3.2xlarge	0.5	20790c6d-9cb7-4ae8-b4d0-4d05958bca17	35105500	c5f7c55f-5165-4c8b-a251-5c14d345ede7	mProjectPP	1.156607302	NA	NA	2111346	8305920	1397569081.7845366	NA	NA	1397569081.7847743	1397569082.9414816	NA	NA	1397569082.941868
c3.2xlarge	0.5	20790c6d-9cb7-4ae8-b4d0-4d05958bca17	35105260	51d2b6db-5509-4c1b-9471-b7b76835f146	mProjectPP	1.146123755	NA	NA	2111346	8248320	1397569081.8448079	NA	NA	1397569081.845077	1397569082.9913101	NA	NA	1397569082.9916637
c3.2xlarge	0.5	20790c6d-9cb7-4ae8-b4d0-4d05958bca17	35105380	ed9ec1ec-235d-4dee-b590-bd8efb6551cc	mProjectPP	1.169433358	NA	NA	2111346	8259840	1397569082.0247695	NA	NA	1397569082.0252814	1397569083.1948624	NA	NA	1397569083.1958802
c3.2xlarge	0.5	20790c6d-9cb7-4ae8-b4d0-4d05958bca17	35104800	77a4c620-ef7c-4a31-8eba-2d3b62fb54bd	mProjectPP	1.198952249	NA	NA	2111346	8248320	1397569081.9976704	NA	NA	1397569081.9979324	1397569083.1969461	NA	NA	1397569083.1971698
c3.2xlarge	0.5	20790c6d-9cb7-4ae8-b4d0-4d05958bca17	35105020	c7f3fd68-2371-4244-94fc-110ac0cf4480	mProjectPP	1.214081435	NA	NA	2111346	8242560	1397569082.0560236	NA	NA	1397569082.056192	1397569083.2703912	NA	NA	1397569083.2707908
c3.2xlarge	0.5	20790c6d-9cb7-4ae8-b4d0-4d05958bca17	35104680	2d9f8f87-937e-49dd-b18a-22fda9c29d05	mProjectPP	1.215793857	NA	NA	2111346	8231040	1397569082.056451	NA	NA	1397569082.0566792	1397569083.2725377	NA	NA	1397569083.2727308
c3.2xlarge	0.5	20790c6d-9cb7-4ae8-b4d0-4d05958bca17	35105660	15a3945c-dc56-41c0-9850-cc364408e90e	mProjectPP	1.262373808	NA	NA	2111346	8242560	1397569082.0584419	NA	NA	1397569082.0586672	1397569083.3211343	NA	NA	1397569083.3215058
c3.2xlarge	0.5	20790c6d-9cb7-4ae8-b4d0-4d05958bca17	35105380	4258f942-8377-4285-aa77-81d80352ebda	mDiffFit	0.272171186	NA	NA	16473906	147146	1397569083.20035	NA	NA	1397569083.20119	1397569083.4734762	NA	NA	1397569083.4738975
c3.2xlarge	0.5	20790c6d-9cb7-4ae8-b4d0-4d05958bca17	35104680	489c3d9c-9f79-45f8-b94c-1c123347d9bb	mDiffFit	0.197287648	NA	NA	16491186	144271	1397569083.2777815	NA	NA	1397569083.278525	1397569083.4758937	NA	NA	1397569083.4761443
c3.2xlarge	0.5	20790c6d-9cb7-4ae8-b4d0-4d05958bca17	35105020	826545d3-f6a6-456a-aa27-2fe6acf47dc8	mDiffFit	0.244894642	NA	NA	16479666	222029	1397569083.2758038	NA	NA	1397569083.276521	1397569083.521535	NA	NA	1397569083.5219116
c3.2xlarge	0.5	20790c6d-9cb7-4ae8-b4d0-4d05958bca17	35105660	e8f5cfe5-f7bc-448f-9c35-572346012070	mDiffFit	0.195035819	NA	NA	16548786	250828	1397569083.326229	NA	NA	1397569083.3269417	1397569083.522038	NA	NA	1397569083.52228
c3.2xlarge	0.5	20790c6d-9cb7-4ae8-b4d0-4d05958bca17	35104800	d14458df-b599-47f4-92fb-67c4901d53d2	mDiffFit	0.277082291	NA	NA	16531506	472594	1397569083.2461214	NA	NA	1397569083.2471275	1397569083.524304	NA	NA	1397569083.5245624
c3.2xlarge	0.5	20790c6d-9cb7-4ae8-b4d0-4d05958bca17	35104680	a6ed1d27-3c2d-4abc-85ec-a5b445d725aa	mDiffFit	0.110872968	NA	NA	16589106	222032	1397569083.502429	NA	NA	1397569083.5034504	1397569083.6144474	NA	NA	1397569083.6148226
c3.2xlarge	0.5	20790c6d-9cb7-4ae8-b4d0-4d05958bca17	35105380	1f906f22-2758-40cf-87f5-67d3028b38ae	mDiffFit	0.16653679	NA	NA	16537266	472590	1397569083.479408	NA	NA	1397569083.480099	1397569083.6467445	NA	NA	1397569083.7242813
c3.2xlarge	0.5	20790c6d-9cb7-4ae8-b4d0-4d05958bca17	35105660	edc31bd1-978f-47c9-b672-31b943e09119	mDiffFit	0.194493833	NA	NA	16491186	219152	1397569083.5303648	NA	NA	1397569083.5311172	1397569083.725658	NA	NA	1397569083.7257907
c3.2xlarge	0.5	20790c6d-9cb7-4ae8-b4d0-4d05958bca17	35105020	ee2cbf27-45e1-484a-b2e2-cd556f699327	mDiffFit	0.195749302	NA	NA	16479666	147143	1397569083.5293698	NA	NA	1397569083.5300653	1397569083.725854	NA	NA	1397569083.72597
c3.2xlarge	0.5	20790c6d-9cb7-4ae8-b4d0-4d05958bca17	35104800	08c21f39-9f6d-41f7-949c-5ae24dad9bee	mDiffFit	0.255794658	NA	NA	16479666	466822	1397569083.5314004	NA	NA	1397569083.5321631	1397569083.7881	NA	NA	1397569083.7885706
c3.2xlarge	0.5	20790c6d-9cb7-4ae8-b4d0-4d05958bca17	35104680	df5d2765-3bd5-4792-a956-607d2fda4de4	mDiffFit	0.199920546	NA	NA	16496946	481232	1397569083.6198459	NA	NA	1397569083.620572	1397569083.8205888	NA	NA	1397569083.82093
c3.2xlarge	0.5	20790c6d-9cb7-4ae8-b4d0-4d05958bca17	35105380	74277828-bdc9-4846-933d-68edc257b11b	mDiffFit	0.12484181	NA	NA	16479666	155786	1397569083.7281294	NA	NA	1397569083.7284954	1397569083.853438	NA	NA	1397569083.8538623
c3.2xlarge	0.5	20790c6d-9cb7-4ae8-b4d0-4d05958bca17	35105020	bbef5884-dfb7-43a0-a977-32a29648efc6	mDiffFit	0.148583987	NA	NA	16473906	222033	1397569083.753027	NA	NA	1397569083.753526	1397569083.9022055	NA	NA	1397569083.902522
c3.2xlarge	0.5	20790c6d-9cb7-4ae8-b4d0-4d05958bca17	35105660	4fd5778a-fffe-49c8-a819-3ca8562628c4	mDiffFit	0.152925961	NA	NA	16485426	472591	1397569083.752021	NA	NA	1397569083.7526922	1397569083.9056869	NA	NA	1397569083.9059236
c3.2xlarge	0.5	20790c6d-9cb7-4ae8-b4d0-4d05958bca17	35104800	290440bf-88fd-4f9e-8235-cf2672d5adaa	mDiffFit	0.185982061	NA	NA	16491186	492747	1397569083.79454	NA	NA	1397569083.7953644	1397569083.9814692	NA	NA	1397569083.9818695
c3.2xlarge	0.5	20790c6d-9cb7-4ae8-b4d0-4d05958bca17	35104680	86338f8b-f787-4217-8864-7931e43ccef7	mDiffFit	0.187409039	NA	NA	16473906	469714	1397569083.826612	NA	NA	1397569083.8272324	1397569084.014744	NA	NA	1397569084.0151038
c3.2xlarge	0.5	20790c6d-9cb7-4ae8-b4d0-4d05958bca17	35105260	a02f5032-e6fb-45d1-9ff2-9215c16c450a	mProjectPP	1.019763329	NA	NA	2111346	8248320	1397569082.996738	NA	NA	1397569082.9969864	1397569084.0168135	NA	NA	1397569084.0169892
c3.2xlarge	0.5	20790c6d-9cb7-4ae8-b4d0-4d05958bca17	35105380	413e03e2-126d-4078-83a9-8d2c695768dc	mDiffFit	0.156757642	NA	NA	16519986	247952	1397569083.8595235	NA	NA	1397569083.8602552	1397569084.017074	NA	NA	1397569084.0172784
c3.2xlarge	0.5	20790c6d-9cb7-4ae8-b4d0-4d05958bca17	35105020	8513dc0b-0c0e-43f7-b2a9-9dce68f72f08	mDiffFit	0.14429524	NA	NA	16479666	224915	1397569083.9089544	NA	NA	1397569083.909657	1397569084.054048	NA	NA	1397569084.0544167
c3.2xlarge	0.5	20790c6d-9cb7-4ae8-b4d0-4d05958bca17	35105660	e4ac1357-5d67-44e1-9f67-72aa618f591d	mDiffFit	0.168565736	NA	NA	16508466	478346	1397569083.936341	NA	NA	1397569083.937343	1397569084.1059878	NA	NA	1397569084.1061392
c3.2xlarge	0.5	20790c6d-9cb7-4ae8-b4d0-4d05958bca17	35104540	3259e21f-0914-4f04-aa76-74b8589d7362	mProjectPP	1.205848198	NA	NA	2111346	8242560	1397569082.9000354	NA	NA	1397569082.9003198	1397569084.1062448	NA	NA	1397569084.1064775
c3.2xlarge	0.5	20790c6d-9cb7-4ae8-b4d0-4d05958bca17	35105500	c1c79242-b10d-45e7-9d6d-f6b30fc9b4a8	mProjectPP	1.159543546	NA	NA	2111346	8305920	1397569082.9467738	NA	NA	1397569082.946997	1397569084.1066115	NA	NA	1397569084.1068301
c3.2xlarge	0.5	20790c6d-9cb7-4ae8-b4d0-4d05958bca17	35104800	8e6019dd-6f78-4831-b59e-4b76a69cf179	mDiffFit	0.140493227	NA	NA	16479666	224912	1397569083.9878898	NA	NA	1397569083.9887297	1397569084.1293075	NA	NA	1397569084.1295443
c3.2xlarge	0.5	20790c6d-9cb7-4ae8-b4d0-4d05958bca17	35104680	7c1bb516-6cc1-453f-882b-04e952e1a0d0	mDiffFit	0.183874666	NA	NA	16496946	144262	1397569084.0216753	NA	NA	1397569084.0224433	1397569084.206415	NA	NA	1397569084.2067053
c3.2xlarge	0.5	20790c6d-9cb7-4ae8-b4d0-4d05958bca17	35105260	b7d4fce5-5a36-4c1a-9a3b-e644f3c28f16	mDiffFit	0.180192427	NA	NA	16479666	492746	1397569084.0263548	NA	NA	1397569084.0270228	1397569084.2073047	NA	NA	1397569084.207563
c3.2xlarge	0.5	20790c6d-9cb7-4ae8-b4d0-4d05958bca17	35105020	a760d4d4-671e-4380-bfc0-c0834b2c1fff	mDiffFit	0.127947985	NA	NA	16496946	155777	1397569084.1050596	NA	NA	1397569084.1056368	1397569084.2336452	NA	NA	1397569084.233789
c3.2xlarge	0.5	20790c6d-9cb7-4ae8-b4d0-4d05958bca17	35105660	5847baad-d119-4cbc-b291-2dc37ca69c9a	mDiffFit	0.137322495	NA	NA	16496946	224900	1397569084.1367154	NA	NA	1397569084.1374786	1397569084.2748916	NA	NA	1397569084.2751637
c3.2xlarge	0.5	20790c6d-9cb7-4ae8-b4d0-4d05958bca17	35105380	d8017238-f208-4f3e-bc99-2bd0f6ceb7ae	mDiffFit	0.251180695	NA	NA	16496946	222027	1397569084.0273137	NA	NA	1397569084.0279505	1397569084.2791977	NA	NA	1397569084.279405
c3.2xlarge	0.5	20790c6d-9cb7-4ae8-b4d0-4d05958bca17	35105500	0370157e-e92a-4b57-98f2-059d59311f6a	mDiffFit	0.170311391	NA	NA	16496946	150020	1397569084.1385062	NA	NA	1397569084.1389472	1397569084.3093097	NA	NA	1397569084.3094668
c3.2xlarge	0.5	20790c6d-9cb7-4ae8-b4d0-4d05958bca17	35104540	2527fc3a-7c59-4eeb-babb-ccefaeb35868	mDiffFit	0.246960085	NA	NA	16496946	492743	1397569084.1378045	NA	NA	1397569084.1382685	1397569084.3853233	NA	NA	1397569084.3856554
c3.2xlarge	0.5	20790c6d-9cb7-4ae8-b4d0-4d05958bca17	35104680	3c081a81-7f25-4322-94ee-0804379bc2ed	mDiffFit	0.15527651	NA	NA	16496946	486982	1397569084.2315197	NA	NA	1397569084.232093	1397569084.3874428	NA	NA	1397569084.3876941
c3.2xlarge	0.5	20790c6d-9cb7-4ae8-b4d0-4d05958bca17	35104800	5409afdf-e5f8-4277-a12b-6dd40aab7592	mDiffFit	0.248012826	NA	NA	16508466	219152	1397569084.1391518	NA	NA	1397569084.139765	1397569084.3878412	NA	NA	1397569084.3880732
c3.2xlarge	0.5	20790c6d-9cb7-4ae8-b4d0-4d05958bca17	35105380	bee6f766-f583-43ab-8ef5-027975ecd38f	mDiffFit	0.110826976	NA	NA	16479666	152900	1397569084.2794676	NA	NA	1397569084.2800899	1397569084.3909836	NA	NA	1397569084.3911455
c3.2xlarge	0.5	20790c6d-9cb7-4ae8-b4d0-4d05958bca17	35105660	1f85a776-da5a-4f72-b92f-0dff45bcaf3b	mDiffFit	0.141584661	NA	NA	16479666	224906	1397569084.3083801	NA	NA	1397569084.3089747	1397569084.450644	NA	NA	1397569084.4509056
c3.2xlarge	0.5	20790c6d-9cb7-4ae8-b4d0-4d05958bca17	35105260	1f0454d3-68e4-4c76-81a1-26a342f72f76	mDiffFit	0.238308716	NA	NA	16479666	486982	1397569084.232471	NA	NA	1397569084.2332406	1397569084.4716394	NA	NA	1397569084.4719298
c3.2xlarge	0.5	20790c6d-9cb7-4ae8-b4d0-4d05958bca17	35105020	a72fa7ec-fdf3-4228-b230-a57ffa7a6bc1	mDiffFit	0.18309911	NA	NA	16531506	253710	1397569084.3128867	NA	NA	1397569084.3136947	1397569084.496874	NA	NA	1397569084.4971263
c3.2xlarge	0.5	20790c6d-9cb7-4ae8-b4d0-4d05958bca17	35105500	efd42b67-0533-47d2-82d1-0f5bbe956300	mDiffFit	0.203381742	NA	NA	16600626	224919	1397569084.3595543	NA	NA	1397569084.3603094	1397569084.5638137	NA	NA	1397569084.5642018
c3.2xlarge	0.5	20790c6d-9cb7-4ae8-b4d0-4d05958bca17	35104800	4266a0cb-9b15-4ecf-920e-98121caf4597	mDiffFit	0.1707573	NA	NA	16496946	219145	1397569084.3951123	NA	NA	1397569084.3955827	1397569084.566414	NA	NA	1397569084.5666625
c3.2xlarge	0.5	20790c6d-9cb7-4ae8-b4d0-4d05958bca17	35105380	561b9544-50f9-4c82-a1d4-82a2b7352df3	mDiffFit	0.17506212	NA	NA	16479666	489873	1397569084.3911793	NA	NA	1397569084.3916426	1397569084.5667663	NA	NA	1397569084.566966
c3.2xlarge	0.5	20790c6d-9cb7-4ae8-b4d0-4d05958bca17	35105020	eb73bfc6-67da-4870-b5d7-ff69d75eb3f4	mDiffFit	0.151058488	NA	NA	16491186	155781	1397569084.4971728	NA	NA	1397569084.4976752	1397569084.6488416	NA	NA	1397569084.6493204
c3.2xlarge	0.5	20790c6d-9cb7-4ae8-b4d0-4d05958bca17	35105660	2e77e852-2b72-4507-941d-d6a312ed3048	mDiffFit	0.152586173	NA	NA	16508466	224899	1397569084.4980767	NA	NA	1397569084.4985425	1397569084.6511848	NA	NA	1397569084.6514187
c3.2xlarge	0.5	20790c6d-9cb7-4ae8-b4d0-4d05958bca17	35104540	c8e0e652-77aa-4ba0-b64e-94d8a15c00b3	mDiffFit	0.224666744	NA	NA	16508466	507144	1397569084.426367	NA	NA	1397569084.4268038	1397569084.6515224	NA	NA	1397569084.6517015
c3.2xlarge	0.5	20790c6d-9cb7-4ae8-b4d0-4d05958bca17	35104680	0a11789f-e82c-4ad7-aa14-317680d81c85	mDiffFit	0.258582951	NA	NA	16496946	458186	1397569084.421425	NA	NA	1397569084.4221153	1397569084.6808138	NA	NA	1397569084.6812198
c3.2xlarge	0.5	20790c6d-9cb7-4ae8-b4d0-4d05958bca17	35105260	385741cb-1a55-457a-98a5-08831557bca3	mDiffFit	0.213392618	NA	NA	16479666	492744	1397569084.5223684	NA	NA	1397569084.522962	1397569084.7364585	NA	NA	1397569084.7367592
c3.2xlarge	0.5	20790c6d-9cb7-4ae8-b4d0-4d05958bca17	35104800	bb8ea315-d3aa-468b-881a-c340798a2d8f	mDiffFit	0.161211077	NA	NA	16519986	222027	1397569084.5771255	NA	NA	1397569084.5779412	1397569084.739225	NA	NA	1397569084.7394128
c3.2xlarge	0.5	20790c6d-9cb7-4ae8-b4d0-4d05958bca17	35105500	5af5ef57-91fe-4d4f-b965-ffcca3d56f8c	mDiffFit	0.185784333	NA	NA	16508466	472588	1397569084.571384	NA	NA	1397569084.572257	1397569084.758159	NA	NA	1397569084.7585287
c3.2xlarge	0.5	20790c6d-9cb7-4ae8-b4d0-4d05958bca17	35105380	d54ae5c0-8e21-4389-a0ef-5c77cb6b7bea	mDiffFit	0.190625878	NA	NA	16508466	222030	1397569084.5759037	NA	NA	1397569084.5768013	1397569084.7674944	NA	NA	1397569084.7677498
c3.2xlarge	0.5	20790c6d-9cb7-4ae8-b4d0-4d05958bca17	35105660	8f63f1b0-0c14-49a4-bf6d-2ac53a8f3dff	mDiffFit	0.160910149	NA	NA	16508466	155784	1397569084.688248	NA	NA	1397569084.6887596	1397569084.8497238	NA	NA	1397569084.8498907
c3.2xlarge	0.5	20790c6d-9cb7-4ae8-b4d0-4d05958bca17	35104680	99e93cb5-f1cc-439e-8501-97f2fce45030	mDiffFit	0.183699479	NA	NA	16508466	144264	1397569084.6900034	NA	NA	1397569084.6904588	1397569084.8742712	NA	NA	1397569084.8746362
c3.2xlarge	0.5	20790c6d-9cb7-4ae8-b4d0-4d05958bca17	35105020	0fd361a6-485c-4f67-8522-c0bb39b7cda8	mDiffFit	0.219186427	NA	NA	16519986	504264	1397569084.6548746	NA	NA	1397569084.6555564	1397569084.874798	NA	NA	1397569084.8749752
c3.2xlarge	0.5	20790c6d-9cb7-4ae8-b4d0-4d05958bca17	35104540	e891a93e-9c1a-402e-813b-902d0f1e1b08	mDiffFit	0.256943001	NA	NA	16519986	472590	1397569084.6890285	NA	NA	1397569084.6897182	1397569084.9467661	NA	NA	1397569084.9471393
c3.2xlarge	0.5	20790c6d-9cb7-4ae8-b4d0-4d05958bca17	35105260	a94a126d-5d82-43ca-bce7-49772a8839f8	mDiffFit	0.184221799	NA	NA	16548786	311308	1397569084.7635088	NA	NA	1397569084.7641966	1397569084.9484913	NA	NA	1397569084.948647
c3.2xlarge	0.5	20790c6d-9cb7-4ae8-b4d0-4d05958bca17	35105380	f45775df-eefd-4bf2-8311-e80299cf4487	mDiffFit	0.18021947	NA	NA	16537266	288266	1397569084.767792	NA	NA	1397569084.768503	1397569084.9487903	NA	NA	1397569084.9490407
c3.2xlarge	0.5	20790c6d-9cb7-4ae8-b4d0-4d05958bca17	35105500	5d7690a3-ab3f-405b-af38-2e43ea3af606	mDiffFit	0.15553567	NA	NA	16594866	222030	1397569084.794025	NA	NA	1397569084.7951097	1397569084.9507174	NA	NA	1397569084.9509492
c3.2xlarge	0.5	20790c6d-9cb7-4ae8-b4d0-4d05958bca17	35104800	733b7314-3e1b-4684-9a5f-78ee102ce6eb	mDiffFit	0.174260927	NA	NA	16589106	224912	1397569084.8483856	NA	NA	1397569084.8492718	1397569085.0236578	NA	NA	1397569085.0240686
c3.2xlarge	0.5	20790c6d-9cb7-4ae8-b4d0-4d05958bca17	35105660	8741c134-77cb-436c-8a34-5cbc89fcf147	mDiffFit	0.14550717	NA	NA	16554546	311303	1397569084.8779054	NA	NA	1397569084.8786592	1397569085.024241	NA	NA	1397569085.0244834
c3.2xlarge	0.5	20790c6d-9cb7-4ae8-b4d0-4d05958bca17	35105020	6b4263a3-d873-47bb-9e55-15669f94ac39	mDiffFit	0.145935269	NA	NA	16508466	147143	1397569084.8986409	NA	NA	1397569084.8994288	1397569085.0454464	NA	NA	1397569085.045701
c3.2xlarge	0.5	20790c6d-9cb7-4ae8-b4d0-4d05958bca17	35104540	fbd8f724-901f-4a77-b06c-0f097f9a221a	mDiffFit	0.141998109	NA	NA	16554546	279628	1397569084.9527228	NA	NA	1397569084.9534936	1397569085.0956092	NA	NA	1397569085.0960279
c3.2xlarge	0.5	20790c6d-9cb7-4ae8-b4d0-4d05958bca17	35104680	fb480e21-4697-4b93-aeef-390a812c79f3	mDiffFit	0.194219805	NA	NA	16496946	472587	1397569084.9207578	NA	NA	1397569084.9214573	1397569085.115773	NA	NA	1397569085.1160383
c3.2xlarge	0.5	20790c6d-9cb7-4ae8-b4d0-4d05958bca17	35105260	5c93d1b9-e3ea-4dff-a958-8f5555e0c527	mDiffFit	0.158222791	NA	NA	16496946	224908	1397569084.9574842	NA	NA	1397569084.9579587	1397569085.116245	NA	NA	1397569085.1165028
c3.2xlarge	0.5	20790c6d-9cb7-4ae8-b4d0-4d05958bca17	35105500	2bdd4afb-84bc-454a-9233-9593dd291757	mDiffFit	0.161674427	NA	NA	16531506	305549	1397569084.9565241	NA	NA	1397569084.9572368	1397569085.1189768	NA	NA	1397569085.1192167
c3.2xlarge	0.5	20790c6d-9cb7-4ae8-b4d0-4d05958bca17	35104800	d1df6bf0-95ba-4aac-be00-1f90c47187a3	mDiffFit	0.164444211	NA	NA	16496946	155785	1397569085.052326	NA	NA	1397569085.052812	1397569085.2173655	NA	NA	1397569085.2177887
c3.2xlarge	0.5	20790c6d-9cb7-4ae8-b4d0-4d05958bca17	35105380	6a143d23-a394-4e0b-818f-81aa0d43db65	mDiffFit	0.258930435	NA	NA	16508466	222029	1397569084.9581878	NA	NA	1397569084.9589653	1397569085.2179844	NA	NA	1397569085.218266
c3.2xlarge	0.5	20790c6d-9cb7-4ae8-b4d0-4d05958bca17	35105660	81862ac9-0912-46de-a02e-aadb08b69b03	mDiffFit	0.169176897	NA	NA	16496946	224911	1397569085.0515141	NA	NA	1397569085.0520391	1397569085.2212777	NA	NA	1397569085.2215176
c3.2xlarge	0.5	20790c6d-9cb7-4ae8-b4d0-4d05958bca17	35105020	b2a35cc6-227f-4d89-b508-58bc1156c724	mDiffFit	0.170397953	NA	NA	16508466	492748	1397569085.0503914	NA	NA	1397569085.0511746	1397569085.2216415	NA	NA	1397569085.221799
c3.2xlarge	0.5	20790c6d-9cb7-4ae8-b4d0-4d05958bca17	35104680	399d3a07-3022-4097-827c-593a09c2e344	mDiffFit	0.151711272	NA	NA	16491186	155782	1397569085.1466172	NA	NA	1397569085.1474013	1397569085.299231	NA	NA	1397569085.299644
c3.2xlarge	0.5	20790c6d-9cb7-4ae8-b4d0-4d05958bca17	35105500	b94ab623-495c-4315-a2e1-2480669a2382	mDiffFit	0.179687941	NA	NA	16496946	144269	1397569085.11927	NA	NA	1397569085.1200528	1397569085.2998145	NA	NA	1397569085.300037
c3.2xlarge	0.5	20790c6d-9cb7-4ae8-b4d0-4d05958bca17	35104540	8c1e1127-015a-4ae8-a579-3d9e758ce929	mDiffFit	0.108322483	NA	NA	16491186	152907	1397569085.1907957	NA	NA	1397569085.1917663	1397569085.300163	NA	NA	1397569085.3004391
c3.2xlarge	0.5	20790c6d-9cb7-4ae8-b4d0-4d05958bca17	35105260	5adba1ff-ffbe-4cbf-8283-aa52e00e27b2	mDiffFit	0.163343981	NA	NA	16502706	486991	1397569085.1722724	NA	NA	1397569085.1728501	1397569085.3362565	NA	NA	1397569085.336481
c3.2xlarge	0.5	20790c6d-9cb7-4ae8-b4d0-4d05958bca17	35104800	9e5c1045-f3cc-49c4-8525-6a4f6758119a	mDiffFit	0.147219761	NA	NA	16473906	224910	1397569085.2258368	NA	NA	1397569085.2266197	1397569085.3739448	NA	NA	1397569085.3743422
c3.2xlarge	0.5	20790c6d-9cb7-4ae8-b4d0-4d05958bca17	35105380	2af38788-18b2-418a-8767-0474adb2b901	mDiffFit	0.19378413	NA	NA	16479666	452429	1397569085.2269337	NA	NA	1397569085.2273993	1397569085.4212532	NA	NA	1397569085.4214647
c3.2xlarge	0.5	20790c6d-9cb7-4ae8-b4d0-4d05958bca17	35105660	06a1ec9e-4403-4538-964a-8a8e8be46670	mDiffFit	0.167257843	NA	NA	16479666	224914	1397569085.2554998	NA	NA	1397569085.2562156	1397569085.423555	NA	NA	1397569085.4238014
c3.2xlarge	0.5	20790c6d-9cb7-4ae8-b4d0-4d05958bca17	35105500	c184cd15-b9eb-41e5-8e9a-6b620016efbf	mDiffFit	0.140993202	NA	NA	16473906	222038	1397569085.331873	NA	NA	1397569085.332451	1397569085.4735165	NA	NA	1397569085.473776
c3.2xlarge	0.5	20790c6d-9cb7-4ae8-b4d0-4d05958bca17	35104680	ff8406ab-eb2b-4799-b2bd-0199a6a1671c	mDiffFit	0.166837478	NA	NA	16491186	150034	1397569085.33344	NA	NA	1397569085.3338878	1397569085.500812	NA	NA	1397569085.5011377
c3.2xlarge	0.5	20790c6d-9cb7-4ae8-b4d0-4d05958bca17	35105020	2d41c57b-d2c3-4a1c-9aec-04ebc74a7a70	mDiffFit	0.243986113	NA	NA	16473906	495636	1397569085.2565672	NA	NA	1397569085.257201	1397569085.5012486	NA	NA	1397569085.501484
c3.2xlarge	0.5	20790c6d-9cb7-4ae8-b4d0-4d05958bca17	35104540	4265ca87-271c-4bf8-8802-bdeaccc05b66	mDiffFit	0.223002154	NA	NA	16543026	472593	1397569085.3327749	NA	NA	1397569085.333217	1397569085.5562694	NA	NA	1397569085.5564382
c3.2xlarge	0.5	20790c6d-9cb7-4ae8-b4d0-4d05958bca17	35105260	fb51e731-2ce3-4800-93cb-0de211313067	mDiffFit	0.183188798	NA	NA	16496946	224913	1397569085.4003894	NA	NA	1397569085.4012797	1397569085.5845773	NA	NA	1397569085.5849354
c3.2xlarge	0.5	20790c6d-9cb7-4ae8-b4d0-4d05958bca17	35104800	9a05ba77-17d7-4b0d-83ec-913299dd8946	mDiffFit	0.167350914	NA	NA	16491186	472588	1397569085.4448853	NA	NA	1397569085.445685	1397569085.6131394	NA	NA	1397569085.6134026
c3.2xlarge	0.5	20790c6d-9cb7-4ae8-b4d0-4d05958bca17	35105660	29fe568d-e865-49bb-9d01-1ec234d5d519	mDiffFit	0.14104305	NA	NA	16491186	147146	1397569085.471446	NA	NA	1397569085.4723773	1397569085.613518	NA	NA	1397569085.6137586
c3.2xlarge	0.5	20790c6d-9cb7-4ae8-b4d0-4d05958bca17	35105380	67f6799b-b8c8-4eee-bc97-917218477f91	mDiffFit	0.191792334	NA	NA	16491186	498511	1397569085.42151	NA	NA	1397569085.4220054	1397569085.6138458	NA	NA	1397569085.6139925
c3.2xlarge	0.5	20790c6d-9cb7-4ae8-b4d0-4d05958bca17	35105500	7786c9e6-de40-48e7-b52b-b07a67bc2e08	mDiffFit	0.120342117	NA	NA	16491186	224911	1397569085.5043216	NA	NA	1397569085.5048394	1397569085.625239	NA	NA	1397569085.6254334
c3.2xlarge	0.5	20790c6d-9cb7-4ae8-b4d0-4d05958bca17	35104680	861f27d0-d477-45a4-9789-b5a440fc1222	mDiffFit	0.1200049	NA	NA	16525746	285387	1397569085.529952	NA	NA	1397569085.5306196	1397569085.650683	NA	NA	1397569085.6508498
c3.2xlarge	0.5	20790c6d-9cb7-4ae8-b4d0-4d05958bca17	35105020	2667065b-1124-479d-be04-3e738d475ba3	mDiffFit	0.123162674	NA	NA	16548786	305554	1397569085.5553584	NA	NA	1397569085.5559866	1397569085.6792128	NA	NA	1397569085.6794252
c3.2xlarge	0.5	20790c6d-9cb7-4ae8-b4d0-4d05958bca17	35105260	e886406b-a642-47ed-aca4-fc3049f9494e	mDiffFit	0.104627352	NA	NA	16589106	224919	1397569085.5849957	NA	NA	1397569085.5857952	1397569085.6904714	NA	NA	1397569085.6906283
c3.2xlarge	0.5	20790c6d-9cb7-4ae8-b4d0-4d05958bca17	35104540	21167180-ca55-44e4-99a4-11a2219632ca	mConcatFit	1.38494688	NA	NA	25122	17057	1397569086.0060334	NA	NA	1397569086.0108716	1397569087.3959103	NA	NA	1397569087.396876
c3.2xlarge	0.5	20790c6d-9cb7-4ae8-b4d0-4d05958bca17	35104800	9e1ead7c-183a-41a4-94e1-4cfb6c634d5a	mBgModel	6.288967998	NA	NA	22962	1873	1397569087.6606946	NA	NA	1397569087.6612368	1397569093.9502985	NA	NA	1397569093.9512453
c3.2xlarge	0.5	20790c6d-9cb7-4ae8-b4d0-4d05958bca17	35105660	426ea56b-a597-4888-994a-d1f942db9419	mBackground	0.224507186	NA	NA	8238818	8231040	1397569094.349656	NA	NA	1397569094.3500226	1397569094.5746386	NA	NA	1397569094.5750482
c3.2xlarge	0.5	20790c6d-9cb7-4ae8-b4d0-4d05958bca17	35105380	42769b79-1a86-4327-b9e2-bb74ffa29111	mBackground	0.164621191	NA	NA	8238818	8231040	1397569094.4102774	NA	NA	1397569094.4105606	1397569094.5752573	NA	NA	1397569094.5755467
c3.2xlarge	0.5	20790c6d-9cb7-4ae8-b4d0-4d05958bca17	35104800	c0a43184-064b-4ba1-aae2-b9b2b5e10bd7	mBackground	0.165679269	NA	NA	8250338	8242560	1397569094.4095886	NA	NA	1397569094.4099607	1397569094.57571	NA	NA	1397569094.57587
c3.2xlarge	0.5	20790c6d-9cb7-4ae8-b4d0-4d05958bca17	35105500	ff08e572-98ac-4bb0-8ab1-0f585e25e213	mBackground	0.167707231	NA	NA	8307938	8300160	1397569094.410781	NA	NA	1397569094.4110663	1397569094.5788386	NA	NA	1397569094.5790744
c3.2xlarge	0.5	20790c6d-9cb7-4ae8-b4d0-4d05958bca17	35104680	daf1eed0-4fdc-4cf6-9b3c-3e7c0d1f834a	mBackground	0.168279638	NA	NA	8296418	8288640	1397569094.4112744	NA	NA	1397569094.4115465	1397569094.579881	NA	NA	1397569094.580145
c3.2xlarge	0.5	20790c6d-9cb7-4ae8-b4d0-4d05958bca17	35105020	9e8d68ac-e8ce-4e2a-b319-8ff26e891fa5	mBackground	0.23050654	NA	NA	8256098	8248320	1397569094.4117663	NA	NA	1397569094.412071	1397569094.6426587	NA	NA	1397569094.6429617
c3.2xlarge	0.5	20790c6d-9cb7-4ae8-b4d0-4d05958bca17	35105260	d7a884f0-1db0-4c9a-b0fa-076960a9bc6d	mBackground	0.257926583	NA	NA	8256098	8248320	1397569094.41235	NA	NA	1397569094.412626	1397569094.6706247	NA	NA	1397569094.6708572
c3.2xlarge	0.5	20790c6d-9cb7-4ae8-b4d0-4d05958bca17	35104540	2eaf2da4-ee3d-474c-aaca-6f2f956b5298	mBackground	0.311099832	NA	NA	8256098	8248320	1397569094.4128428	NA	NA	1397569094.4131136	1397569094.724316	NA	NA	1397569094.7246652
c3.2xlarge	0.5	20790c6d-9cb7-4ae8-b4d0-4d05958bca17	35105660	c9712f32-a44c-4868-9c37-c81256af29a3	mBackground	0.165116478	NA	NA	8250338	8242560	1397569094.5857337	NA	NA	1397569094.5861983	1397569094.751408	NA	NA	1397569094.7517476
c3.2xlarge	0.5	20790c6d-9cb7-4ae8-b4d0-4d05958bca17	35104800	10116ec5-a932-4b1c-b221-f6835eedcb4c	mBackground	0.194268014	NA	NA	8267618	8259840	1397569094.5873408	NA	NA	1397569094.5876439	1397569094.7819808	NA	NA	1397569094.782165
c3.2xlarge	0.5	20790c6d-9cb7-4ae8-b4d0-4d05958bca17	35105500	1364d128-b3e7-49f7-b607-e21d8c7047bb	mBackground	0.219498512	NA	NA	8256098	8248320	1397569094.5878875	NA	NA	1397569094.5884068	1397569094.808032	NA	NA	1397569094.8084521
c3.2xlarge	0.5	20790c6d-9cb7-4ae8-b4d0-4d05958bca17	35105380	93ba2b5d-3fb4-45bc-a944-04e6abf467b8	mBackground	0.224988374	NA	NA	8238818	8231040	1397569094.5865283	NA	NA	1397569094.5870507	1397569094.8121	NA	NA	1397569094.8122683
c3.2xlarge	0.5	20790c6d-9cb7-4ae8-b4d0-4d05958bca17	35104680	690fb9b3-6cd8-4978-8d19-5e3f640eaa4c	mBackground	0.256195113	NA	NA	8256098	8248320	1397569094.5887058	NA	NA	1397569094.5891974	1397569094.8454516	NA	NA	1397569094.845622
c3.2xlarge	0.5	20790c6d-9cb7-4ae8-b4d0-4d05958bca17	35105020	ebd86307-2ba5-4e54-82c1-1ef86b05ff65	mBackground	0.167977911	NA	NA	8256098	8248320	1397569094.6976893	NA	NA	1397569094.6980016	1397569094.8660684	NA	NA	1397569094.8664107
c3.2xlarge	0.5	20790c6d-9cb7-4ae8-b4d0-4d05958bca17	35105260	4a21c1d1-9bd1-47f7-b461-40554f03fbc6	mBackground	0.170114485	NA	NA	8256098	8248320	1397569094.695604	NA	NA	1397569094.6963181	1397569094.8665197	NA	NA	1397569094.8666697
c3.2xlarge	0.5	20790c6d-9cb7-4ae8-b4d0-4d05958bca17	35104540	eac4b8e8-32b9-40ff-b95d-4c37ba14a89c	mBackground	0.200096925	NA	NA	8238818	8231040	1397569094.7804227	NA	NA	1397569094.780993	1397569094.981212	NA	NA	1397569094.9815035
c3.2xlarge	0.5	20790c6d-9cb7-4ae8-b4d0-4d05958bca17	35105660	15e6037a-4d26-42e9-8145-5814462d5fdd	mBackground	0.194826474	NA	NA	8307938	8300160	1397569094.8111637	NA	NA	1397569094.8116894	1397569095.0065913	NA	NA	1397569095.0069222
c3.2xlarge	0.5	20790c6d-9cb7-4ae8-b4d0-4d05958bca17	35104800	f2dd0aa9-a599-4750-97d1-f3dabc1973a8	mBackground	0.185325449	NA	NA	8267618	8259840	1397569094.8421247	NA	NA	1397569094.8426385	1397569095.0280635	NA	NA	1397569095.0284328
c3.2xlarge	0.5	20790c6d-9cb7-4ae8-b4d0-4d05958bca17	35105500	44d63a1b-ebf0-4b7c-8af2-25a0e9fbe06f	mBackground	0.214244742	NA	NA	8256098	8248320	1397569094.8141804	NA	NA	1397569094.8146162	1397569095.0289266	NA	NA	1397569095.0290914
c3.2xlarge	0.5	20790c6d-9cb7-4ae8-b4d0-4d05958bca17	35105380	4110256c-41ac-45c2-a49b-84db898b4722	mBackground	0.186809316	NA	NA	8290658	8282880	1397569094.844933	NA	NA	1397569094.8452196	1397569095.0321488	NA	NA	1397569095.0322988
c3.2xlarge	0.5	20790c6d-9cb7-4ae8-b4d0-4d05958bca17	35104680	97404b49-41f5-48b1-8ac6-4e78440fba8d	mBackground	0.143205687	NA	NA	8256098	8248320	1397569094.8885205	NA	NA	1397569094.889105	1397569095.0326087	NA	NA	1397569095.032814
c3.2xlarge	0.5	20790c6d-9cb7-4ae8-b4d0-4d05958bca17	35105660	40908c1e-7180-42b5-bfdb-9ba7719d471f	mBackground	0.154038473	NA	NA	8267618	8259840	1397569095.0069606	NA	NA	1397569095.0072968	1397569095.1614218	NA	NA	1397569095.1617494
c3.2xlarge	0.5	20790c6d-9cb7-4ae8-b4d0-4d05958bca17	35105260	73f3cbb4-c902-47b5-b129-97ecea19d280	mBackground	0.208643849	NA	NA	8267618	8259840	1397569094.9525576	NA	NA	1397569094.9531593	1397569095.1618872	NA	NA	1397569095.1620467
c3.2xlarge	0.5	20790c6d-9cb7-4ae8-b4d0-4d05958bca17	35104540	2e8f1f08-4722-4b22-8b67-f19f50c8db6c	mBackground	0.180316416	NA	NA	8256098	8248320	1397569094.9815562	NA	NA	1397569094.9819927	1397569095.1623592	NA	NA	1397569095.1624925
c3.2xlarge	0.5	20790c6d-9cb7-4ae8-b4d0-4d05958bca17	35104680	46bf8752-5439-4d08-847f-04337b1d39c2	mBackground	0.128116637	NA	NA	8296418	8288640	1397569095.0375586	NA	NA	1397569095.038226	1397569095.1664238	NA	NA	1397569095.1666281
c3.2xlarge	0.5	20790c6d-9cb7-4ae8-b4d0-4d05958bca17	35104800	0f36514c-f5b3-4731-8757-0b5fa08a2864	mBackground	0.188599503	NA	NA	8313698	8305920	1397569095.0385633	NA	NA	1397569095.0389438	1397569095.2276511	NA	NA	1397569095.2279563
c3.2xlarge	0.5	20790c6d-9cb7-4ae8-b4d0-4d05958bca17	35105380	ac3ec6f1-6180-49ad-9e9f-f33c90db05b0	mBackground	0.226790334	NA	NA	8256098	8248320	1397569095.039745	NA	NA	1397569095.0401452	1397569095.2670286	NA	NA	1397569095.2675014
c3.2xlarge	0.5	20790c6d-9cb7-4ae8-b4d0-4d05958bca17	35105020	89f56d9e-b0ba-413f-935a-868eed77e350	mBackground	0.229736114	NA	NA	8267618	8259840	1397569095.0403826	NA	NA	1397569095.0408318	1397569095.2706137	NA	NA	1397569095.2707672
c3.2xlarge	0.5	20790c6d-9cb7-4ae8-b4d0-4d05958bca17	35105500	6de420bc-7ea9-4a32-b27b-df50712c3af5	mBackground	0.231251306	NA	NA	8256098	8248320	1397569095.0391989	NA	NA	1397569095.0395434	1397569095.2708442	NA	NA	1397569095.2709944
c3.2xlarge	0.5	20790c6d-9cb7-4ae8-b4d0-4d05958bca17	35105260	2905afbc-56bb-480b-99f4-03565427c6ce	mBackground	0.148265507	NA	NA	8238818	8231040	1397569095.1740847	NA	NA	1397569095.1746814	1397569095.323078	NA	NA	1397569095.323473
c3.2xlarge	0.5	20790c6d-9cb7-4ae8-b4d0-4d05958bca17	35105660	c71b9e5d-fa06-42c0-be20-a06ffb8668e3	mBackground	0.149707198	NA	NA	8250338	8242560	1397569095.1734023	NA	NA	1397569095.1738207	1397569095.3235853	NA	NA	1397569095.323943
c3.2xlarge	0.5	20790c6d-9cb7-4ae8-b4d0-4d05958bca17	35104540	e07d9b3b-1cea-463a-a6f7-a4bc5be57ce1	mBackground	0.161088197	NA	NA	8250338	8242560	1397569095.174918	NA	NA	1397569095.1754215	1397569095.336576	NA	NA	1397569095.337046
c3.2xlarge	0.5	20790c6d-9cb7-4ae8-b4d0-4d05958bca17	35104680	26355e30-d9dc-4480-b9b5-7d0e13464ab5	mBackground	0.177215186	NA	NA	8250338	8242560	1397569095.1756935	NA	NA	1397569095.1760266	1397569095.3534195	NA	NA	1397569095.3538723
c3.2xlarge	0.5	20790c6d-9cb7-4ae8-b4d0-4d05958bca17	35104800	5de94a58-cbfe-4b84-bdf7-c7080e8c4aa3	mBackground	0.090142167	NA	NA	8313698	8305920	1397569095.2737956	NA	NA	1397569095.2741237	1397569095.3643215	NA	NA	1397569095.3649156
c3.2xlarge	0.5	20790c6d-9cb7-4ae8-b4d0-4d05958bca17	35105380	1b9e87fd-bae2-4e7a-8773-cb8ed2224c05	mBackground	0.108526641	NA	NA	8256098	8248320	1397569095.2743757	NA	NA	1397569095.274656	1397569095.3832347	NA	NA	1397569095.38336
c3.2xlarge	0.5	20790c6d-9cb7-4ae8-b4d0-4d05958bca17	35105020	f778758e-9a4f-4967-a2d4-65cbfdd97701	mImgtbl	0.14713214	NA	NA	144489745	10121	1397569095.695419	NA	NA	1397569095.698851	1397569095.846072	NA	NA	1397569095.847177
c3.2xlarge	0.5	20790c6d-9cb7-4ae8-b4d0-4d05958bca17	35105500	1d3f26ee-c3b4-45c5-8e03-ead9c1e1a4e3	mAdd	0.61560669	NA	NA	288978107	51736320	1397569096.160978	NA	NA	1397569096.1681042	1397569096.7838078	NA	NA	1397569096.7850764
c3.2xlarge	0.5	20790c6d-9cb7-4ae8-b4d0-4d05958bca17	35105260	9c6a14af-af93-4fae-b8e7-4f396a56c88a	mShrink	0.241112627	NA	NA	25868160	6471360	1397569097.0497997	NA	NA	1397569097.0505702	1397569097.2917726	NA	NA	1397569097.293019
c3.2xlarge	0.5	20790c6d-9cb7-4ae8-b4d0-4d05958bca17	35105660	492f389f-271a-44c2-8c0b-56db51bd34ed	mJPEG	0.311591631	NA	NA	6471360	119281	1397569097.5546181	NA	NA	1397569097.5547638	1397569097.8664374	NA	NA	1397569097.8673224
