c3.4xlarge	0.5	7c9091f1-8152-415e-a62e-aa1256920226	39289260	a89ff67b-b32a-440b-a294-b9c7b1453076	mProjectPP	1.421987599	NA	NA	2111346	8231040	1397644889.9724128	NA	NA	1397644889.972563	1397644891.3947015	NA	NA	1397644891.395252
c3.4xlarge	0.5	7c9091f1-8152-415e-a62e-aa1256920226	39291300	0da5d293-9320-46f0-a370-c70d70e78670	mProjectPP	1.525135064	NA	NA	2111346	8231040	1397644889.8738914	NA	NA	1397644889.8845499	1397644891.4097393	NA	NA	1397644891.409908
c3.4xlarge	0.5	7c9091f1-8152-415e-a62e-aa1256920226	39290840	d07e10f9-1638-49b6-aa42-ea288e33159a	mProjectPP	1.439356786	NA	NA	2111346	8288640	1397644889.970523	NA	NA	1397644889.9706874	1397644891.4100962	NA	NA	1397644891.4102676
c3.4xlarge	0.5	7c9091f1-8152-415e-a62e-aa1256920226	39291420	85b17492-3a5f-4f2f-8a91-b13e4f29a3aa	mProjectPP	1.468558586	NA	NA	2111346	8231040	1397644889.9697077	NA	NA	1397644889.969891	1397644891.4385724	NA	NA	1397644891.439065
c3.4xlarge	0.5	7c9091f1-8152-415e-a62e-aa1256920226	39290020	9f855085-3758-4ae3-859a-ebf72c2313d0	mProjectPP	1.472200471	NA	NA	2111346	8248320	1397644889.9713006	NA	NA	1397644889.9714665	1397644891.4437215	NA	NA	1397644891.4439113
c3.4xlarge	0.5	7c9091f1-8152-415e-a62e-aa1256920226	39289860	fa78f567-9c79-44b5-8b80-52404939aacc	mProjectPP	1.472496591	NA	NA	2111346	8248320	1397644889.971697	NA	NA	1397644889.971857	1397644891.4444175	NA	NA	1397644891.4445865
c3.4xlarge	0.5	7c9091f1-8152-415e-a62e-aa1256920226	39290400	b0de3e53-01fa-4b4c-be99-726d6265556c	mProjectPP	1.475545538	NA	NA	2111346	8242560	1397644889.9692802	NA	NA	1397644889.969483	1397644891.4450881	NA	NA	1397644891.445258
c3.4xlarge	0.5	7c9091f1-8152-415e-a62e-aa1256920226	39289580	8890811c-fa9c-498b-ac38-9e03fbaa67cf	mProjectPP	1.473097867	NA	NA	2111346	8242560	1397644889.9720602	NA	NA	1397644889.972219	1397644891.445376	NA	NA	1397644891.4455726
c3.4xlarge	0.5	7c9091f1-8152-415e-a62e-aa1256920226	39291060	3198e881-6e5a-49ca-90a5-3fc2af754515	mProjectPP	1.481535945	NA	NA	2111346	8300160	1397644889.9701216	NA	NA	1397644889.970304	1397644891.451895	NA	NA	1397644891.4520671
c3.4xlarge	0.5	7c9091f1-8152-415e-a62e-aa1256920226	39290600	8da4ab0f-f100-4632-b642-5f40fe46b85e	mProjectPP	1.481389284	NA	NA	2111346	8248320	1397644889.9708955	NA	NA	1397644889.971078	1397644891.4525213	NA	NA	1397644891.4526715
c3.4xlarge	0.5	7c9091f1-8152-415e-a62e-aa1256920226	39288960	ff51f1ac-830c-4687-aba8-6e4052a36cc3	mProjectPP	1.524202528	NA	NA	2111346	8248320	1397644889.9731028	NA	NA	1397644889.9732563	1397644891.497556	NA	NA	1397644891.4979393
c3.4xlarge	0.5	7c9091f1-8152-415e-a62e-aa1256920226	39288840	776a0b70-cc8c-4ea1-8c88-50ad1854095c	mProjectPP	1.52449517	NA	NA	2111346	8248320	1397644889.9734497	NA	NA	1397644889.973598	1397644891.4981556	NA	NA	1397644891.498344
c3.4xlarge	0.5	7c9091f1-8152-415e-a62e-aa1256920226	39296180	b40c326a-d389-4e6f-9ae0-1d695cc722f2	mProjectPP	1.566873358	NA	NA	2111346	8248320	1397644889.9737866	NA	NA	1397644889.9739485	1397644891.540887	NA	NA	1397644891.5411308
c3.4xlarge	0.5	7c9091f1-8152-415e-a62e-aa1256920226	39291580	71133d54-7c00-4b40-a45b-9d1d99958b32	mProjectPP	1.584963977	NA	NA	2111346	8248320	1397644889.9741468	NA	NA	1397644889.9743192	1397644891.5593836	NA	NA	1397644891.5597897
c3.4xlarge	0.5	7c9091f1-8152-415e-a62e-aa1256920226	39290720	9e6975ce-a03f-4829-ac13-4c36a77c8091	mProjectPP	1.566049856	NA	NA	2111346	8231040	1397644889.9935098	NA	NA	1397644889.99384	1397644891.5599535	NA	NA	1397644891.5601346
c3.4xlarge	0.5	7c9091f1-8152-415e-a62e-aa1256920226	39289100	be1fee25-c0ee-488d-9b2b-e6b42d366078	mProjectPP	1.590276378	NA	NA	2111346	8259840	1397644889.9727612	NA	NA	1397644889.9729152	1397644891.5632653	NA	NA	1397644891.56353
c3.4xlarge	0.5	7c9091f1-8152-415e-a62e-aa1256920226	39290020	d4e12ba5-20d3-447d-8abc-c8602d805cb1	mProjectPP	1.049765513	NA	NA	2111346	8248320	1397644891.4439526	NA	NA	1397644891.4441388	1397644892.4940095	NA	NA	1397644892.4954545
c3.4xlarge	0.5	7c9091f1-8152-415e-a62e-aa1256920226	39289260	34a119d0-7ef0-4b9f-8c89-57fe9228b842	mProjectPP	1.079985162	NA	NA	2111346	8300160	1397644891.4202385	NA	NA	1397644891.420443	1397644892.5005004	NA	NA	1397644892.5007463
c3.4xlarge	0.5	7c9091f1-8152-415e-a62e-aa1256920226	39289860	aba7890b-c297-400c-8407-8558726703d7	mProjectPP	1.119701677	NA	NA	2111346	8259840	1397644891.4446142	NA	NA	1397644891.4447978	1397644892.5645986	NA	NA	1397644892.564973
c3.4xlarge	0.5	7c9091f1-8152-415e-a62e-aa1256920226	39290400	378fd861-2607-4391-84b5-915b496416e9	mProjectPP	1.163182979	NA	NA	2111346	8248320	1397644891.4787757	NA	NA	1397644891.4790394	1397644892.6423388	NA	NA	1397644892.643783
c3.4xlarge	0.5	7c9091f1-8152-415e-a62e-aa1256920226	39291060	06c27e61-cc19-435b-856e-a9ba73c17c9c	mProjectPP	1.236694984	NA	NA	2111346	8282880	1397644891.4520938	NA	NA	1397644891.4522386	1397644892.6890159	NA	NA	1397644892.6893392
c3.4xlarge	0.5	7c9091f1-8152-415e-a62e-aa1256920226	39290600	791e62e4-5545-494a-86ad-dae0b77b8ee8	mProjectPP	1.253655186	NA	NA	2111346	8259840	1397644891.480209	NA	NA	1397644891.4803772	1397644892.7341301	NA	NA	1397644892.7345405
c3.4xlarge	0.5	7c9091f1-8152-415e-a62e-aa1256920226	39289580	f02c91d2-1e23-4da6-9245-05fdce91559b	mProjectPP	1.287356301	NA	NA	2111346	8259840	1397644891.4793038	NA	NA	1397644891.479527	1397644892.767002	NA	NA	1397644892.7673328
c3.4xlarge	0.5	7c9091f1-8152-415e-a62e-aa1256920226	39290840	fe6b930c-3cc4-44c5-bbb1-f629af82dd33	mProjectPP	1.314410553	NA	NA	2111346	8288640	1397644891.4805832	NA	NA	1397644891.480765	1397644892.795276	NA	NA	1397644892.795758
c3.4xlarge	0.5	7c9091f1-8152-415e-a62e-aa1256920226	39291300	95d0624d-772c-473e-8791-66095540fc89	mProjectPP	1.315851809	NA	NA	2111346	8248320	1397644891.4797897	NA	NA	1397644891.4799786	1397644892.7958994	NA	NA	1397644892.7961373
c3.4xlarge	0.5	7c9091f1-8152-415e-a62e-aa1256920226	39288840	318e47d5-46fe-4987-a462-19f433adf980	mProjectPP	1.26135743	NA	NA	2111346	8248320	1397644891.5380816	NA	NA	1397644891.538382	1397644892.7998085	NA	NA	1397644892.800007
c3.4xlarge	0.5	7c9091f1-8152-415e-a62e-aa1256920226	39291420	644fbef0-beae-4e61-af70-b02a532622e5	mProjectPP	1.378262189	NA	NA	2111346	8305920	1397644891.4810126	NA	NA	1397644891.4812708	1397644892.859659	NA	NA	1397644892.8601696
c3.4xlarge	0.5	7c9091f1-8152-415e-a62e-aa1256920226	39296180	9c23c652-b5ab-4e0c-b567-9203cd3fea2f	mProjectPP	1.295972286	NA	NA	2111346	8242560	1397644891.590414	NA	NA	1397644891.5906308	1397644892.8867042	NA	NA	1397644892.8870878
c3.4xlarge	0.5	7c9091f1-8152-415e-a62e-aa1256920226	39290720	756cd2ad-36ca-46d4-847d-c85521e3118d	mProjectPP	1.281815476	NA	NA	2111346	8231040	1397644891.6065845	NA	NA	1397644891.6069098	1397644892.8887913	NA	NA	1397644892.8890193
c3.4xlarge	0.5	7c9091f1-8152-415e-a62e-aa1256920226	39288960	97cfcd0f-7470-43eb-99e5-1fc4853d7843	mProjectPP	1.421584866	NA	NA	2111346	8248320	1397644891.5389116	NA	NA	1397644891.5391731	1397644892.960855	NA	NA	1397644892.9611578
c3.4xlarge	0.5	7c9091f1-8152-415e-a62e-aa1256920226	39290840	ff5f0ae5-ce86-4130-8c2b-f5bc83616022	mDiffFit	0.154393756	NA	NA	16473906	147146	1397644892.8061194	NA	NA	1397644892.806853	1397644892.9613225	NA	NA	1397644892.9615119
c3.4xlarge	0.5	7c9091f1-8152-415e-a62e-aa1256920226	39291060	38f2fa5d-7db8-4990-9c6b-3276a7593b3a	mDiffFit	0.266766841	NA	NA	16479666	147143	1397644892.694247	NA	NA	1397644892.6949804	1397644892.96181	NA	NA	1397644892.9620066
c3.4xlarge	0.5	7c9091f1-8152-415e-a62e-aa1256920226	39289100	5437b72a-3345-4db5-bd68-6863f6cc1118	mProjectPP	1.402624432	NA	NA	2111346	8259840	1397644891.563622	NA	NA	1397644891.5638978	1397644892.9665828	NA	NA	1397644892.9667294
c3.4xlarge	0.5	7c9091f1-8152-415e-a62e-aa1256920226	39291300	a0475086-1653-4c50-861b-b268fbe18f57	mDiffFit	0.158856696	NA	NA	16491186	219152	1397644892.8071861	NA	NA	1397644892.807959	1397644892.9668837	NA	NA	1397644892.967129
c3.4xlarge	0.5	7c9091f1-8152-415e-a62e-aa1256920226	39291580	fbeaad1a-2da5-412b-b8c2-cef7d76c8a6a	mProjectPP	1.356450878	NA	NA	2111346	8242560	1397644891.61045	NA	NA	1397644891.6107097	1397644892.9672403	NA	NA	1397644892.9674356
c3.4xlarge	0.5	7c9091f1-8152-415e-a62e-aa1256920226	39290400	faa695e5-ac95-4218-9a3c-e02c4f3728a2	mDiffFit	0.320902215	NA	NA	16519986	247952	1397644892.648768	NA	NA	1397644892.6496222	1397644892.9705813	NA	NA	1397644892.9707768
c3.4xlarge	0.5	7c9091f1-8152-415e-a62e-aa1256920226	39289580	35189728-aedc-40e5-80e3-7c411fcf2656	mDiffFit	0.19722545	NA	NA	16479666	155786	1397644892.773082	NA	NA	1397644892.773597	1397644892.970873	NA	NA	1397644892.9710221
c3.4xlarge	0.5	7c9091f1-8152-415e-a62e-aa1256920226	39290600	27843fb5-f16f-4cc7-9905-1d51754a0bc6	mDiffFit	0.248312827	NA	NA	16479666	466822	1397644892.740299	NA	NA	1397644892.7410378	1397644892.9894192	NA	NA	1397644892.9896762
c3.4xlarge	0.5	7c9091f1-8152-415e-a62e-aa1256920226	39291420	ce1cad1f-cd75-4a8f-a929-4d82b7e906bf	mDiffFit	0.136911647	NA	NA	16473906	222033	1397644892.9191077	NA	NA	1397644892.9198825	1397644893.0568593	NA	NA	1397644893.0570383
c3.4xlarge	0.5	7c9091f1-8152-415e-a62e-aa1256920226	39288840	fc393fb5-dbab-4118-990c-fdf98a3ef864	mDiffFit	0.248194692	NA	NA	16473906	469714	1397644892.8082395	NA	NA	1397644892.808929	1397644893.0571864	NA	NA	1397644893.0573468
c3.4xlarge	0.5	7c9091f1-8152-415e-a62e-aa1256920226	39296180	4e741f8a-8229-4044-aea6-19ba36f89d57	mDiffFit	0.211445383	NA	NA	16485426	472591	1397644892.8933408	NA	NA	1397644892.8941355	1397644893.1056879	NA	NA	1397644893.1060364
c3.4xlarge	0.5	7c9091f1-8152-415e-a62e-aa1256920226	39290720	e055a266-f6bf-4ec6-b268-b364477d60a4	mDiffFit	0.187640297	NA	NA	16491186	492747	1397644892.942045	NA	NA	1397644892.9426138	1397644893.130364	NA	NA	1397644893.130811
c3.4xlarge	0.5	7c9091f1-8152-415e-a62e-aa1256920226	39290840	1e1d095f-5fa2-44a5-9dba-ff88d7b1f70b	mDiffFit	0.193420384	NA	NA	16531506	472594	1397644892.9805305	NA	NA	1397644892.9814193	1397644893.1749196	NA	NA	1397644893.1751728
c3.4xlarge	0.5	7c9091f1-8152-415e-a62e-aa1256920226	39288960	f0945764-64c0-4156-88d7-ade93ba4b650	mDiffFit	0.195828054	NA	NA	16589106	222032	1397644892.9794562	NA	NA	1397644892.980203	1397644893.1760888	NA	NA	1397644893.176256
c3.4xlarge	0.5	7c9091f1-8152-415e-a62e-aa1256920226	39289100	f54166a3-d163-45f3-b399-6d09257a21e9	mDiffFit	0.217377414	NA	NA	16479666	224915	1397644892.9824295	NA	NA	1397644892.982879	1397644893.2003193	NA	NA	1397644893.200566
c3.4xlarge	0.5	7c9091f1-8152-415e-a62e-aa1256920226	39291060	ead96518-c446-4ee5-bccb-ed24ae35b944	mDiffFit	0.239111947	NA	NA	16496946	481232	1397644892.9817333	NA	NA	1397644892.9821978	1397644893.2213862	NA	NA	1397644893.2216346
c3.4xlarge	0.5	7c9091f1-8152-415e-a62e-aa1256920226	39291300	992e66c9-3eaf-4187-ad1a-2e8bd85bc0cb	mDiffFit	0.265574366	NA	NA	16479666	222029	1397644892.9830945	NA	NA	1397644892.9838316	1397644893.249489	NA	NA	1397644893.2497418
c3.4xlarge	0.5	7c9091f1-8152-415e-a62e-aa1256920226	39290400	5a1c1a85-8c5f-4bbf-ae93-6569dae04748	mDiffFit	0.262136153	NA	NA	16491186	144271	1397644892.9880104	NA	NA	1397644892.9884973	1397644893.2506933	NA	NA	1397644893.2509136
c3.4xlarge	0.5	7c9091f1-8152-415e-a62e-aa1256920226	39291580	77f8422e-35e8-4e38-9150-77294691e43b	mDiffFit	0.217547469	NA	NA	16479666	224912	1397644893.054215	NA	NA	1397644893.055284	1397644893.2729142	NA	NA	1397644893.2731602
c3.4xlarge	0.5	7c9091f1-8152-415e-a62e-aa1256920226	39289580	c1a75413-4989-41da-a889-38c970d8a6de	mDiffFit	0.300857383	NA	NA	16548786	250828	1397644892.9886997	NA	NA	1397644892.9891663	1397644893.2901347	NA	NA	1397644893.29058
c3.4xlarge	0.5	7c9091f1-8152-415e-a62e-aa1256920226	39291420	fe617fcd-6139-4c0e-b811-625701444624	mDiffFit	0.233154723	NA	NA	16496946	144262	1397644893.0796092	NA	NA	1397644893.0804641	1397644893.3136926	NA	NA	1397644893.3138552
c3.4xlarge	0.5	7c9091f1-8152-415e-a62e-aa1256920226	39290600	ee48f815-709e-4067-ad31-ceff7428c528	mDiffFit	0.371189553	NA	NA	16537266	472590	1397644892.9897165	NA	NA	1397644892.9904988	1397644893.3617957	NA	NA	1397644893.3622055
c3.4xlarge	0.5	7c9091f1-8152-415e-a62e-aa1256920226	39290840	9db1a7aa-d8e6-4d89-9069-c1dcf0e00792	mDiffFit	0.225139269	NA	NA	16496946	222027	1397644893.1752288	NA	NA	1397644893.175739	1397644893.4009552	NA	NA	1397644893.40123
c3.4xlarge	0.5	7c9091f1-8152-415e-a62e-aa1256920226	39288960	e4c96064-1738-48d3-ab4f-6089bb821b20	mDiffFit	0.241985276	NA	NA	16496946	155777	1397644893.1982124	NA	NA	1397644893.1991134	1397644893.4412043	NA	NA	1397644893.4414556
c3.4xlarge	0.5	7c9091f1-8152-415e-a62e-aa1256920226	39288840	63645227-e73b-44de-9d7b-ab15d91db432	mDiffFit	0.394111757	NA	NA	16496946	492743	1397644893.0828693	NA	NA	1397644893.0833554	1397644893.4775572	NA	NA	1397644893.4778867
c3.4xlarge	0.5	7c9091f1-8152-415e-a62e-aa1256920226	39290720	044d5f10-09cb-4a7a-9d6e-c009791d1ee4	mDiffFit	0.281366998	NA	NA	16496946	224900	1397644893.199528	NA	NA	1397644893.200015	1397644893.4814324	NA	NA	1397644893.4816196
c3.4xlarge	0.5	7c9091f1-8152-415e-a62e-aa1256920226	39296180	7c2979c2-e895-4bf8-aa75-1bc2503905bf	mDiffFit	0.346649704	NA	NA	16479666	492746	1397644893.1342618	NA	NA	1397644893.1350558	1397644893.4817646	NA	NA	1397644893.481936
c3.4xlarge	0.5	7c9091f1-8152-415e-a62e-aa1256920226	39291300	5e73db11-788b-4a45-92ac-a70dfb363945	mDiffFit	0.237518508	NA	NA	16496946	150020	1397644893.249799	NA	NA	1397644893.2502813	1397644893.4878664	NA	NA	1397644893.4881024
c3.4xlarge	0.5	7c9091f1-8152-415e-a62e-aa1256920226	39291420	07cb7cd8-3fde-4987-b286-daff4a492184	mDiffFit	0.199903999	NA	NA	16479666	152900	1397644893.3138962	NA	NA	1397644893.3143604	1397644893.514343	NA	NA	1397644893.514615
c3.4xlarge	0.5	7c9091f1-8152-415e-a62e-aa1256920226	39290400	364d1953-1b1f-459f-ac1a-e0de5db3a7b3	mDiffFit	0.326250606	NA	NA	16496946	486982	1397644893.2509534	NA	NA	1397644893.2516959	1397644893.5780432	NA	NA	1397644893.5784059
c3.4xlarge	0.5	7c9091f1-8152-415e-a62e-aa1256920226	39289860	b6290700-4c64-44af-827e-436823d0e49d	mProjectPP	1.010801476	NA	NA	2111346	8248320	1397644892.5698519	NA	NA	1397644892.5701144	1397644893.5809777	NA	NA	1397644893.5811653
c3.4xlarge	0.5	7c9091f1-8152-415e-a62e-aa1256920226	39289580	e4ff2052-85de-4217-996a-8501d48d11d9	mDiffFit	0.26209124	NA	NA	16508466	219152	1397644893.3187404	NA	NA	1397644893.3192103	1397644893.5813508	NA	NA	1397644893.5815098
c3.4xlarge	0.5	7c9091f1-8152-415e-a62e-aa1256920226	39291580	344b9e2b-5037-46c0-ba6b-11cb922dc904	mDiffFit	0.286780718	NA	NA	16479666	224906	1397644893.3177679	NA	NA	1397644893.318448	1397644893.6053522	NA	NA	1397644893.605842
c3.4xlarge	0.5	7c9091f1-8152-415e-a62e-aa1256920226	39289100	6e692d60-c0b4-462f-af52-a98f752fb6d7	mDiffFit	0.317930104	NA	NA	16479666	486982	1397644893.3128245	NA	NA	1397644893.3133903	1397644893.6314082	NA	NA	1397644893.6316853
c3.4xlarge	0.5	7c9091f1-8152-415e-a62e-aa1256920226	39290020	c2b90866-6170-480d-8db4-87e968dec3a7	mProjectPP	1.124072706	NA	NA	2111346	8305920	1397644892.5287259	NA	NA	1397644892.5290706	1397644893.6532326	NA	NA	1397644893.6535208
c3.4xlarge	0.5	7c9091f1-8152-415e-a62e-aa1256920226	39290840	98d137bb-28fb-43a2-8cb3-d10a0bf9b188	mDiffFit	0.188969108	NA	NA	16531506	253710	1397644893.486724	NA	NA	1397644893.4874814	1397644893.6765125	NA	NA	1397644893.6766808
c3.4xlarge	0.5	7c9091f1-8152-415e-a62e-aa1256920226	39288960	9e0b1003-185d-4ac3-90a6-1c089841fc08	mDiffFit	0.234743217	NA	NA	16496946	219145	1397644893.4415076	NA	NA	1397644893.442011	1397644893.6768098	NA	NA	1397644893.677033
c3.4xlarge	0.5	7c9091f1-8152-415e-a62e-aa1256920226	39290600	a1ac04f5-3871-425c-9057-d51d1e190dad	mDiffFit	0.29319763	NA	NA	16479666	489873	1397644893.3832023	NA	NA	1397644893.383887	1397644893.6771417	NA	NA	1397644893.677308
c3.4xlarge	0.5	7c9091f1-8152-415e-a62e-aa1256920226	39289260	9dee50a2-c7b7-4403-a1b9-63e2420b34f7	mProjectPP	1.176509015	NA	NA	2111346	8242560	1397644892.5007935	NA	NA	1397644892.5010445	1397644893.6776083	NA	NA	1397644893.677763
c3.4xlarge	0.5	7c9091f1-8152-415e-a62e-aa1256920226	39291060	710a9fa0-e67b-4b24-8773-9d311dd145f9	mDiffFit	0.358378054	NA	NA	16508466	478346	1397644893.3396878	NA	NA	1397644893.3406892	1397644893.6991744	NA	NA	1397644893.6996038
c3.4xlarge	0.5	7c9091f1-8152-415e-a62e-aa1256920226	39288840	85ebc04a-76f7-4282-a579-1dabc3f1db66	mDiffFit	0.214754236	NA	NA	16496946	458186	1397644893.485929	NA	NA	1397644893.486441	1397644893.701254	NA	NA	1397644893.7014046
c3.4xlarge	0.5	7c9091f1-8152-415e-a62e-aa1256920226	39296180	71454241-7fb1-4b84-99ea-c9e589271673	mDiffFit	0.216378409	NA	NA	16600626	224919	1397644893.5125923	NA	NA	1397644893.513188	1397644893.729625	NA	NA	1397644893.7297895
c3.4xlarge	0.5	7c9091f1-8152-415e-a62e-aa1256920226	39291420	bf4e9403-2b8a-4b26-a12a-cbb647a87453	mDiffFit	0.220620408	NA	NA	16508466	222030	1397644893.514679	NA	NA	1397644893.5154781	1397644893.7361732	NA	NA	1397644893.736327
c3.4xlarge	0.5	7c9091f1-8152-415e-a62e-aa1256920226	39290720	652a6541-a28d-4007-995e-e896a1248ea1	mDiffFit	0.222010012	NA	NA	16508466	155784	1397644893.559289	NA	NA	1397644893.559846	1397644893.7819347	NA	NA	1397644893.7822123
c3.4xlarge	0.5	7c9091f1-8152-415e-a62e-aa1256920226	39291300	a56b65f1-c5f2-427b-924a-7e03439af117	mDiffFit	0.276729039	NA	NA	16519986	504264	1397644893.5387719	NA	NA	1397644893.5393834	1397644893.8162136	NA	NA	1397644893.8165166
c3.4xlarge	0.5	7c9091f1-8152-415e-a62e-aa1256920226	39290400	5d1e1ad3-2fe0-42ea-8552-322d7c9e42f7	mDiffFit	0.233165356	NA	NA	16519986	472590	1397644893.6096468	NA	NA	1397644893.6104991	1397644893.8437388	NA	NA	1397644893.8439748
c3.4xlarge	0.5	7c9091f1-8152-415e-a62e-aa1256920226	39289100	32c65581-0779-4a5e-b85c-dd0b9abb6803	mDiffFit	0.213367296	NA	NA	16508466	144264	1397644893.6317465	NA	NA	1397644893.6324115	1397644893.8458261	NA	NA	1397644893.8459702
c3.4xlarge	0.5	7c9091f1-8152-415e-a62e-aa1256920226	39289860	36b10297-2c94-4cb9-8c06-897f0474c4e2	mDiffFit	0.21107833	NA	NA	16519986	222027	1397644893.6342726	NA	NA	1397644893.6349304	1397644893.8460593	NA	NA	1397644893.8462195
c3.4xlarge	0.5	7c9091f1-8152-415e-a62e-aa1256920226	39291580	33a36da7-8d48-4bbf-8ceb-78184d0b0d1a	mDiffFit	0.247350017	NA	NA	16491186	155781	1397644893.6744368	NA	NA	1397644893.6756482	1397644893.923107	NA	NA	1397644893.9234757
c3.4xlarge	0.5	7c9091f1-8152-415e-a62e-aa1256920226	39289580	f257d3be-d39e-4224-8362-aa01ee1eee7d	mDiffFit	0.289091272	NA	NA	16508466	507144	1397644893.6351905	NA	NA	1397644893.6357417	1397644893.9249198	NA	NA	1397644893.925167
c3.4xlarge	0.5	7c9091f1-8152-415e-a62e-aa1256920226	39296180	650e9520-2e1c-4275-a116-a796e480adae	mDiffFit	0.255951523	NA	NA	16537266	288266	1397644893.729838	NA	NA	1397644893.7302833	1397644893.9862921	NA	NA	1397644893.9864597
c3.4xlarge	0.5	7c9091f1-8152-415e-a62e-aa1256920226	39290840	a43807c5-6950-4e85-95d9-2971306820fc	mDiffFit	0.293723065	NA	NA	16508466	224899	1397644893.7305198	NA	NA	1397644893.7309983	1397644894.0248337	NA	NA	1397644894.0252583
c3.4xlarge	0.5	7c9091f1-8152-415e-a62e-aa1256920226	39290600	7e0b9af3-7e7c-4a52-8bc1-f667cd000d3a	mDiffFit	0.289431237	NA	NA	16508466	147143	1397644893.7354445	NA	NA	1397644893.735945	1397644894.0254464	NA	NA	1397644894.0256903
c3.4xlarge	0.5	7c9091f1-8152-415e-a62e-aa1256920226	39291060	7a82b9c0-a35e-49ae-a291-dc086882bf1a	mDiffFit	0.346461039	NA	NA	16508466	472588	1397644893.699712	NA	NA	1397644893.7006166	1397644894.0471299	NA	NA	1397644894.0472887
c3.4xlarge	0.5	7c9091f1-8152-415e-a62e-aa1256920226	39288960	866b4163-1aab-4b45-a8e0-94c93b0ea9f8	mDiffFit	0.333091506	NA	NA	16479666	492744	1397644893.731225	NA	NA	1397644893.7317684	1397644894.0649579	NA	NA	1397644894.0654173
c3.4xlarge	0.5	7c9091f1-8152-415e-a62e-aa1256920226	39290020	79c007e2-79bb-4ba0-9636-22f152997f33	mDiffFit	0.385310845	NA	NA	16548786	311308	1397644893.7237906	NA	NA	1397644893.724834	1397644894.1102269	NA	NA	1397644894.1105013
c3.4xlarge	0.5	7c9091f1-8152-415e-a62e-aa1256920226	39289260	c7ed861a-bdd1-4a60-8875-916dba953ccb	mDiffFit	0.349359371	NA	NA	16531506	305549	1397644893.7614567	NA	NA	1397644893.7622766	1397644894.1117053	NA	NA	1397644894.1118617
c3.4xlarge	0.5	7c9091f1-8152-415e-a62e-aa1256920226	39288840	02639c2e-1b91-4708-91ac-b8a63675336c	mDiffFit	0.375048243	NA	NA	16496946	224908	1397644893.762704	NA	NA	1397644893.7631755	1397644894.1382995	NA	NA	1397644894.1386
c3.4xlarge	0.5	7c9091f1-8152-415e-a62e-aa1256920226	39291420	13cdf1f3-5a98-447c-9488-98bb566b5087	mDiffFit	0.480422307	NA	NA	16496946	472587	1397644893.7363527	NA	NA	1397644893.7367887	1397644894.2173057	NA	NA	1397644894.2176096
c3.4xlarge	0.5	7c9091f1-8152-415e-a62e-aa1256920226	39290400	ed81beb9-3427-43dc-a9c0-da7177ef7b13	mDiffFit	0.374085722	NA	NA	16554546	279628	1397644893.84403	NA	NA	1397644893.8445144	1397644894.2186546	NA	NA	1397644894.2188091
c3.4xlarge	0.5	7c9091f1-8152-415e-a62e-aa1256920226	39290720	d45b1aac-85f6-4d8d-bf68-639004cafe81	mDiffFit	0.373834935	NA	NA	16594866	222030	1397644893.8448265	NA	NA	1397644893.845511	1397644894.2194161	NA	NA	1397644894.219611
c3.4xlarge	0.5	7c9091f1-8152-415e-a62e-aa1256920226	39289100	7c21e21e-7447-4208-8622-18321379fc9d	mDiffFit	0.313990049	NA	NA	16554546	311303	1397644893.904908	NA	NA	1397644893.9056702	1397644894.219747	NA	NA	1397644894.2199543
c3.4xlarge	0.5	7c9091f1-8152-415e-a62e-aa1256920226	39289860	3dc71804-1d2d-4179-9427-bf23f16b78b4	mDiffFit	0.373380111	NA	NA	16589106	224912	1397644893.8864858	NA	NA	1397644893.8870847	1397644894.2605705	NA	NA	1397644894.2609253
c3.4xlarge	0.5	7c9091f1-8152-415e-a62e-aa1256920226	39291300	a7ac8dde-8819-47c6-9bd6-3232da690f72	mDiffFit	0.303071125	NA	NA	16473906	224910	1397644893.98546	NA	NA	1397644893.986	1397644894.289167	NA	NA	1397644894.2894313
c3.4xlarge	0.5	7c9091f1-8152-415e-a62e-aa1256920226	39291580	6fb62436-0999-4592-be50-4a9c13ecf234	mDiffFit	0.365952721	NA	NA	16491186	155782	1397644893.9235814	NA	NA	1397644893.9244032	1397644894.2904527	NA	NA	1397644894.29076
c3.4xlarge	0.5	7c9091f1-8152-415e-a62e-aa1256920226	39289580	af0e0626-724c-464d-b874-bf52a3e5ac75	mDiffFit	0.384995107	NA	NA	16491186	152907	1397644893.9843237	NA	NA	1397644893.9850917	1397644894.3702261	NA	NA	1397644894.3707998
c3.4xlarge	0.5	7c9091f1-8152-415e-a62e-aa1256920226	39290840	3ea5d3b2-d683-40ec-a152-37110aae1911	mDiffFit	0.284204342	NA	NA	16479666	452429	1397644894.0863042	NA	NA	1397644894.0868526	1397644894.3711317	NA	NA	1397644894.3713164
c3.4xlarge	0.5	7c9091f1-8152-415e-a62e-aa1256920226	39290600	362738b8-69a0-43c2-9305-9024278e41b4	mDiffFit	0.283372899	NA	NA	16496946	224911	1397644894.0871708	NA	NA	1397644894.087972	1397644894.371417	NA	NA	1397644894.3716269
c3.4xlarge	0.5	7c9091f1-8152-415e-a62e-aa1256920226	39296180	9022b26d-173b-47c4-be03-23dfcf5d6911	mDiffFit	0.347025372	NA	NA	16479666	224914	1397644894.046271	NA	NA	1397644894.0468466	1397644894.3939872	NA	NA	1397644894.3943493
c3.4xlarge	0.5	7c9091f1-8152-415e-a62e-aa1256920226	39288960	580e380d-d6d0-4510-b37b-ea5acf5d966b	mDiffFit	0.312633639	NA	NA	16496946	155785	1397644894.1092448	NA	NA	1397644894.109808	1397644894.422516	NA	NA	1397644894.4227154
c3.4xlarge	0.5	7c9091f1-8152-415e-a62e-aa1256920226	39289260	f514ef7f-fca6-4a83-be9a-c5652bd96cee	mDiffFit	0.289896675	NA	NA	16502706	486991	1397644894.1937757	NA	NA	1397644894.1941574	1397644894.484171	NA	NA	1397644894.4845572
c3.4xlarge	0.5	7c9091f1-8152-415e-a62e-aa1256920226	39290020	3ede9267-ec83-4262-a427-2a7a65f63457	mDiffFit	0.396600027	NA	NA	16496946	144269	1397644894.110564	NA	NA	1397644894.111337	1397644894.508055	NA	NA	1397644894.5084014
c3.4xlarge	0.5	7c9091f1-8152-415e-a62e-aa1256920226	39291060	b77fa094-7a04-4517-9703-7c4406d592c4	mDiffFit	0.335510819	NA	NA	16508466	492748	1397644894.1943789	NA	NA	1397644894.1946986	1397644894.5303216	NA	NA	1397644894.5306692
c3.4xlarge	0.5	7c9091f1-8152-415e-a62e-aa1256920226	39291300	fd8a7a8a-3edd-4247-bf38-de98fa233a7a	mDiffFit	0.243892871	NA	NA	16473906	495636	1397644894.2894907	NA	NA	1397644894.2900395	1397644894.5339847	NA	NA	1397644894.5341437
c3.4xlarge	0.5	7c9091f1-8152-415e-a62e-aa1256920226	39291420	79619d84-a380-43d8-b630-3572be8649bd	mDiffFit	0.3346973	NA	NA	16508466	222029	1397644894.2176626	NA	NA	1397644894.2182412	1397644894.5530412	NA	NA	1397644894.5533502
c3.4xlarge	0.5	7c9091f1-8152-415e-a62e-aa1256920226	39291580	e55206e5-6532-4cea-9d22-ef634412c231	mDiffFit	0.315529767	NA	NA	16473906	222038	1397644894.2908056	NA	NA	1397644894.2916243	1397644894.6072655	NA	NA	1397644894.6076896
c3.4xlarge	0.5	7c9091f1-8152-415e-a62e-aa1256920226	39289100	b6a4ae17-6b94-4547-b983-3a024e68958f	mDiffFit	0.332683573	NA	NA	16491186	150034	1397644894.2935252	NA	NA	1397644894.2941546	1397644894.6269515	NA	NA	1397644894.6272585
c3.4xlarge	0.5	7c9091f1-8152-415e-a62e-aa1256920226	39288840	a7b695b4-c998-4440-81b7-c8d3e2af55d4	mDiffFit	0.334264315	NA	NA	16543026	472593	1397644894.2919905	NA	NA	1397644894.293084	1397644894.6274455	NA	NA	1397644894.6277142
c3.4xlarge	0.5	7c9091f1-8152-415e-a62e-aa1256920226	39290400	9631c8f3-9802-4780-8ad9-9a5ae29be2c3	mDiffFit	0.302153595	NA	NA	16496946	224913	1397644894.3463297	NA	NA	1397644894.34713	1397644894.6493855	NA	NA	1397644894.649702
c3.4xlarge	0.5	7c9091f1-8152-415e-a62e-aa1256920226	39290720	5dfca727-19ac-4255-ab18-96827091b12b	mDiffFit	0.3002408	NA	NA	16491186	498511	1397644894.3508205	NA	NA	1397644894.3513765	1397644894.651687	NA	NA	1397644894.6519377
c3.4xlarge	0.5	7c9091f1-8152-415e-a62e-aa1256920226	39289860	47041cf3-a3cf-4e55-a7e7-bf435fae94e5	mDiffFit	0.300740757	NA	NA	16589106	224919	1397644894.3516417	NA	NA	1397644894.3521798	1397644894.6529727	NA	NA	1397644894.653161
c3.4xlarge	0.5	7c9091f1-8152-415e-a62e-aa1256920226	39290600	5a551252-ddbc-444f-b42f-5f5b98c0d8c8	mDiffFit	0.245158978	NA	NA	16548786	305554	1397644894.4209774	NA	NA	1397644894.422097	1397644894.6673372	NA	NA	1397644894.6675735
c3.4xlarge	0.5	7c9091f1-8152-415e-a62e-aa1256920226	39290840	5a108c5a-e57a-4c71-a347-c9acf4910cd6	mDiffFit	0.232310686	NA	NA	16491186	147146	1397644894.441251	NA	NA	1397644894.4423594	1397644894.6747546	NA	NA	1397644894.6749043
c3.4xlarge	0.5	7c9091f1-8152-415e-a62e-aa1256920226	39288960	a7bf19df-2833-4023-ad9a-f16f8bab8e51	mDiffFit	0.271626188	NA	NA	16491186	472588	1397644894.4227612	NA	NA	1397644894.4232533	1397644894.6949441	NA	NA	1397644894.6951034
c3.4xlarge	0.5	7c9091f1-8152-415e-a62e-aa1256920226	39290020	41c91703-1995-4eea-8a10-2fecd13f7407	mDiffFit	0.19241824	NA	NA	16491186	224911	1397644894.5084665	NA	NA	1397644894.5092962	1397644894.7017815	NA	NA	1397644894.7019453
c3.4xlarge	0.5	7c9091f1-8152-415e-a62e-aa1256920226	39291060	253ae6a8-6843-46bc-a565-467a567330cf	mDiffFit	0.194588265	NA	NA	16525746	285387	1397644894.5307434	NA	NA	1397644894.5313523	1397644894.72599	NA	NA	1397644894.7261405
c3.4xlarge	0.5	7c9091f1-8152-415e-a62e-aa1256920226	39289580	8e271336-3df2-408a-9d74-1484f1059938	mConcatFit	1.390282366	NA	NA	25122	17057	1397644895.0581532	NA	NA	1397644895.06304	1397644896.4533973	NA	NA	1397644896.454276
c3.4xlarge	0.5	7c9091f1-8152-415e-a62e-aa1256920226	39296180	3c7cadf7-31f6-43b5-995b-3e09034c112b	mBgModel	6.316523426	NA	NA	22962	1873	1397644896.7180748	NA	NA	1397644896.7187166	1397644903.0353403	NA	NA	1397644903.0361795
c3.4xlarge	0.5	7c9091f1-8152-415e-a62e-aa1256920226	39291300	9f8d51ce-e4d3-4f54-91b8-8a535810528b	mBackground	0.152000728	NA	NA	8250338	8242560	1397644903.5080998	NA	NA	1397644903.508425	1397644903.6605225	NA	NA	1397644903.660846
c3.4xlarge	0.5	7c9091f1-8152-415e-a62e-aa1256920226	39289260	6d81f2f6-875b-443d-a82b-bfc9d53c537a	mBackground	0.238897552	NA	NA	8238818	8231040	1397644903.4420595	NA	NA	1397644903.4429204	1397644903.681914	NA	NA	1397644903.6822171
c3.4xlarge	0.5	7c9091f1-8152-415e-a62e-aa1256920226	39289100	b651e4af-9472-463c-87ba-f3bf946951dc	mBackground	0.194816754	NA	NA	8296418	8288640	1397644903.5098271	NA	NA	1397644903.5101051	1397644903.704988	NA	NA	1397644903.7052279
c3.4xlarge	0.5	7c9091f1-8152-415e-a62e-aa1256920226	39290400	353d9919-ded4-42d7-a18e-39effa4aa67f	mBackground	0.216867295	NA	NA	8256098	8248320	1397644903.5109403	NA	NA	1397644903.5112212	1397644903.7281768	NA	NA	1397644903.7284799
c3.4xlarge	0.5	7c9091f1-8152-415e-a62e-aa1256920226	39288840	c206fd30-ffee-428a-ac05-5599e3583099	mBackground	0.220857934	NA	NA	8256098	8248320	1397644903.5103548	NA	NA	1397644903.5107245	1397644903.731645	NA	NA	1397644903.7318482
c3.4xlarge	0.5	7c9091f1-8152-415e-a62e-aa1256920226	39291420	d6e371fc-6d53-465d-aa01-9e9993f82a3e	mBackground	0.223348702	NA	NA	8238818	8231040	1397644903.5087087	NA	NA	1397644903.509129	1397644903.732526	NA	NA	1397644903.7326944
c3.4xlarge	0.5	7c9091f1-8152-415e-a62e-aa1256920226	39290720	2f968d0e-227f-4bc9-b56d-2c9f96a16f0f	mBackground	0.267990354	NA	NA	8256098	8248320	1397644903.5114524	NA	NA	1397644903.5117435	1397644903.7797916	NA	NA	1397644903.7800202
c3.4xlarge	0.5	7c9091f1-8152-415e-a62e-aa1256920226	39289860	36617b5b-eb15-4d14-9b1f-3063e05ca4df	mBackground	0.290761481	NA	NA	8250338	8242560	1397644903.5119824	NA	NA	1397644903.5122914	1397644903.803145	NA	NA	1397644903.8034508
c3.4xlarge	0.5	7c9091f1-8152-415e-a62e-aa1256920226	39290840	05ecd4ad-b322-4492-ae65-28ac4f28ab02	mBackground	0.290187267	NA	NA	8267618	8259840	1397644903.5130994	NA	NA	1397644903.5134027	1397644903.8036494	NA	NA	1397644903.8038278
c3.4xlarge	0.5	7c9091f1-8152-415e-a62e-aa1256920226	39291580	b91524d2-8df7-4d9f-bc93-6ba266f22c85	mBackground	0.322725981	NA	NA	8307938	8300160	1397644903.5093517	NA	NA	1397644903.5096028	1397644903.8323796	NA	NA	1397644903.8325295
c3.4xlarge	0.5	7c9091f1-8152-415e-a62e-aa1256920226	39288960	fcf9d04c-41b1-47b3-a818-bd9cdbe838d2	mBackground	0.337114913	NA	NA	8256098	8248320	1397644903.5136366	NA	NA	1397644903.5139318	1397644903.8511293	NA	NA	1397644903.851405
c3.4xlarge	0.5	7c9091f1-8152-415e-a62e-aa1256920226	39290600	99e9e17a-6c52-4b50-aca7-206b72f1a7a8	mBackground	0.342259759	NA	NA	8238818	8231040	1397644903.5125332	NA	NA	1397644903.512862	1397644903.8551803	NA	NA	1397644903.8553395
c3.4xlarge	0.5	7c9091f1-8152-415e-a62e-aa1256920226	39290020	92b26132-f55c-478e-a73f-1d7a0ee536f8	mBackground	0.381854717	NA	NA	8256098	8248320	1397644903.514155	NA	NA	1397644903.5144675	1397644903.8964214	NA	NA	1397644903.89672
c3.4xlarge	0.5	7c9091f1-8152-415e-a62e-aa1256920226	39291060	e73a1ea4-ead1-4491-8817-fccd34432a27	mBackground	0.43302549	NA	NA	8256098	8248320	1397644903.514719	NA	NA	1397644903.5149922	1397644903.9480932	NA	NA	1397644903.9483356
c3.4xlarge	0.5	7c9091f1-8152-415e-a62e-aa1256920226	39296180	0e6f72ca-d954-4382-8144-6f64950316be	mBackground	0.432386769	NA	NA	8238818	8231040	1397644903.51576	NA	NA	1397644903.516006	1397644903.9484708	NA	NA	1397644903.9487517
c3.4xlarge	0.5	7c9091f1-8152-415e-a62e-aa1256920226	39289580	b7e6bd9a-141c-4cb1-80cc-ce96b28ce77b	mBackground	0.451459665	NA	NA	8256098	8248320	1397644903.515205	NA	NA	1397644903.5155025	1397644903.9670727	NA	NA	1397644903.967404
c3.4xlarge	0.5	7c9091f1-8152-415e-a62e-aa1256920226	39291300	4cb0cfd1-7ce3-46de-a1ca-651a2cdfe171	mBackground	0.267589066	NA	NA	8307938	8300160	1397644903.7041905	NA	NA	1397644903.7045424	1397644903.9721975	NA	NA	1397644903.9724412
c3.4xlarge	0.5	7c9091f1-8152-415e-a62e-aa1256920226	39289260	3b1548b7-4d6b-436b-a5ab-3cb01aa74351	mBackground	0.283051525	NA	NA	8256098	8248320	1397644903.7078598	NA	NA	1397644903.7081773	1397644903.9913282	NA	NA	1397644903.9916546
c3.4xlarge	0.5	7c9091f1-8152-415e-a62e-aa1256920226	39288840	26e4853a-d9ae-43f6-bf3b-936872e1d326	mBackground	0.312204104	NA	NA	8267618	8259840	1397644903.7318845	NA	NA	1397644903.7321725	1397644904.0444605	NA	NA	1397644904.0447655
c3.4xlarge	0.5	7c9091f1-8152-415e-a62e-aa1256920226	39290400	76563feb-0af2-4460-a6e3-748e8918cefa	mBackground	0.306539243	NA	NA	8290658	8282880	1397644903.7573233	NA	NA	1397644903.757937	1397644904.064583	NA	NA	1397644904.0648766
c3.4xlarge	0.5	7c9091f1-8152-415e-a62e-aa1256920226	39289100	cdbf255d-6911-4ce3-bed6-5a5c0fee11cd	mBackground	0.287738495	NA	NA	8256098	8248320	1397644903.7790122	NA	NA	1397644903.7794573	1397644904.067252	NA	NA	1397644904.0674129
c3.4xlarge	0.5	7c9091f1-8152-415e-a62e-aa1256920226	39290720	ffa8f635-af9a-4a15-b4d4-f694527074bf	mBackground	0.308060808	NA	NA	8267618	8259840	1397644903.7800798	NA	NA	1397644903.7805166	1397644904.0886638	NA	NA	1397644904.0889256
c3.4xlarge	0.5	7c9091f1-8152-415e-a62e-aa1256920226	39291580	d6eff09a-15b9-46d0-9b1c-e86f20a6c4e8	mBackground	0.338305579	NA	NA	8296418	8288640	1397644903.8325682	NA	NA	1397644903.8328059	1397644904.171204	NA	NA	1397644904.171521
c3.4xlarge	0.5	7c9091f1-8152-415e-a62e-aa1256920226	39290840	78a9be21-fbe7-41b4-820c-897d6e066455	mBackground	0.34091462	NA	NA	8267618	8259840	1397644903.8318439	NA	NA	1397644903.8321154	1397644904.1730921	NA	NA	1397644904.1732597
c3.4xlarge	0.5	7c9091f1-8152-415e-a62e-aa1256920226	39289860	bd52e3b5-3c93-4f59-bdef-670e434abf53	mBackground	0.382015079	NA	NA	8256098	8248320	1397644903.8310623	NA	NA	1397644903.8314822	1397644904.2135935	NA	NA	1397644904.213909
c3.4xlarge	0.5	7c9091f1-8152-415e-a62e-aa1256920226	39290020	9e3f4f9f-c45d-4eb8-a010-ece985abb705	mBackground	0.336542041	NA	NA	8313698	8305920	1397644903.8967948	NA	NA	1397644903.8972158	1397644904.233876	NA	NA	1397644904.2342978
c3.4xlarge	0.5	7c9091f1-8152-415e-a62e-aa1256920226	39288960	c638ba04-7332-4527-bea5-8158b0f2ab63	mBackground	0.356842834	NA	NA	8256098	8248320	1397644903.8982286	NA	NA	1397644903.8984976	1397644904.2554271	NA	NA	1397644904.2557437
c3.4xlarge	0.5	7c9091f1-8152-415e-a62e-aa1256920226	39289580	2a80b676-5380-4721-b80f-72dd8c8b5658	mBackground	0.237029716	NA	NA	8250338	8242560	1397644904.0183806	NA	NA	1397644904.0187814	1397644904.2558799	NA	NA	1397644904.256071
c3.4xlarge	0.5	7c9091f1-8152-415e-a62e-aa1256920226	39291420	819c569f-0e83-4b99-8359-a18685e27179	mBackground	0.3581371	NA	NA	8256098	8248320	1397644903.897732	NA	NA	1397644903.8979993	1397644904.25619	NA	NA	1397644904.2563548
c3.4xlarge	0.5	7c9091f1-8152-415e-a62e-aa1256920226	39289260	3d360ba7-3728-4375-95b2-3c5b70256492	mBackground	0.264732021	NA	NA	8250338	8242560	1397644904.0200133	NA	NA	1397644904.0204792	1397644904.2852962	NA	NA	1397644904.285625
c3.4xlarge	0.5	7c9091f1-8152-415e-a62e-aa1256920226	39291300	1452de0a-be1d-4cd0-8469-09a4d2e3804a	mBackground	0.265989076	NA	NA	8238818	8231040	1397644904.019126	NA	NA	1397644904.0196848	1397644904.2857335	NA	NA	1397644904.2858725
c3.4xlarge	0.5	7c9091f1-8152-415e-a62e-aa1256920226	39290600	f251e99d-04ed-4325-b186-4f7ac6ab1d93	mBackground	0.360271233	NA	NA	8267618	8259840	1397644903.9272308	NA	NA	1397644903.927645	1397644904.2879853	NA	NA	1397644904.2882237
c3.4xlarge	0.5	7c9091f1-8152-415e-a62e-aa1256920226	39296180	a7322ffd-ee4c-4e01-bd65-4421b187424a	mBackground	0.299092791	NA	NA	8313698	8305920	1397644904.021326	NA	NA	1397644904.0215826	1397644904.3207405	NA	NA	1397644904.3209493
c3.4xlarge	0.5	7c9091f1-8152-415e-a62e-aa1256920226	39291060	af983df4-2cfb-46b5-8c09-f3e732501f40	mBackground	0.305486558	NA	NA	8250338	8242560	1397644904.0208468	NA	NA	1397644904.021101	1397644904.326644	NA	NA	1397644904.326797
c3.4xlarge	0.5	7c9091f1-8152-415e-a62e-aa1256920226	39289100	2ff7233b-1cf0-4119-8f11-73a933a5ec0e	mBackground	0.290683004	NA	NA	8256098	8248320	1397644904.0674589	NA	NA	1397644904.0677273	1397644904.358463	NA	NA	1397644904.3586385
c3.4xlarge	0.5	7c9091f1-8152-415e-a62e-aa1256920226	39290400	469df3f0-a008-480a-a767-e3087a298d0e	mImgtbl	0.12646795	NA	NA	144489745	10121	1397644904.6825328	NA	NA	1397644904.6849189	1397644904.8114638	NA	NA	1397644904.812323
c3.4xlarge	0.5	7c9091f1-8152-415e-a62e-aa1256920226	39288840	a25cabea-1f0b-4bf5-9106-e308ba4b68f3	mAdd	0.607485889	NA	NA	288978107	51736320	1397644905.1279392	NA	NA	1397644905.1322458	1397644905.7398298	NA	NA	1397644905.7408488
c3.4xlarge	0.5	7c9091f1-8152-415e-a62e-aa1256920226	39290720	0e6b8e1c-a58b-4a44-b643-49919ab93f76	mShrink	0.243924941	NA	NA	25868160	6471360	1397644906.007979	NA	NA	1397644906.0081255	1397644906.252126	NA	NA	1397644906.2523682
c3.4xlarge	0.5	7c9091f1-8152-415e-a62e-aa1256920226	39291580	7ad5aa3b-0f53-4820-9bb4-6a400b6d70eb	mJPEG	0.309767289	NA	NA	6471360	119281	1397644906.5171535	NA	NA	1397644906.517632	1397644906.82747	NA	NA	1397644906.8282304
