c3.8xlarge	0.5	a8472c4c-94c6-44b4-82e4-2367f61d7c4d	33811480	efa80e13-46b5-4f38-aa42-43e7d7e24457	mProjectPP	1.039053852	NA	NA	2111346	8300160	1397656188.1979635	NA	NA	1397656188.198116	1397656189.237309	NA	NA	1397656189.2377577
c3.8xlarge	0.5	a8472c4c-94c6-44b4-82e4-2367f61d7c4d	33811660	bf28c3de-ee0d-4dc1-ae09-89654e0df13a	mProjectPP	1.04012605	NA	NA	2111346	8231040	1397656188.1975622	NA	NA	1397656188.1977327	1397656189.237936	NA	NA	1397656189.2382312
c3.8xlarge	0.5	a8472c4c-94c6-44b4-82e4-2367f61d7c4d	33810620	b15b2597-cb47-496d-a6ce-2f8b57782154	mProjectPP	1.115907573	NA	NA	2111346	8248320	1397656188.1995053	NA	NA	1397656188.1996768	1397656189.315711	NA	NA	1397656189.3161778
c3.8xlarge	0.5	a8472c4c-94c6-44b4-82e4-2367f61d7c4d	33811320	5a7ad75e-4fee-48d7-84b1-cf4030567176	mProjectPP	1.120123057	NA	NA	2111346	8288640	1397656188.1983414	NA	NA	1397656188.1984968	1397656189.3186936	NA	NA	1397656189.318961
c3.8xlarge	0.5	a8472c4c-94c6-44b4-82e4-2367f61d7c4d	33810880	2913d94d-1a59-4855-8c59-a4a0c05c7973	mProjectPP	1.119753646	NA	NA	2111346	8248320	1397656188.1990814	NA	NA	1397656188.1992674	1397656189.3190858	NA	NA	1397656189.3194063
c3.8xlarge	0.5	a8472c4c-94c6-44b4-82e4-2367f61d7c4d	33812000	a14e0f6a-c8a0-4c6f-91e7-81ae2b7a4707	mProjectPP	1.15672535	NA	NA	2111346	8231040	1397656188.1819499	NA	NA	1397656188.196257	1397656189.3530931	NA	NA	1397656189.3535156
c3.8xlarge	0.5	a8472c4c-94c6-44b4-82e4-2367f61d7c4d	33810420	eb45a1c4-2f03-461e-b59a-987e306b4ae3	mProjectPP	1.1852301	NA	NA	2111346	8242560	1397656188.1999056	NA	NA	1397656188.2000523	1397656189.3853703	NA	NA	1397656189.3856921
c3.8xlarge	0.5	a8472c4c-94c6-44b4-82e4-2367f61d7c4d	33811820	062b5f4d-66c1-47dc-9323-b4d43365e10f	mProjectPP	1.216976768	NA	NA	2111346	8242560	1397656188.1971679	NA	NA	1397656188.1973271	1397656189.4143946	NA	NA	1397656189.4147117
c3.8xlarge	0.5	a8472c4c-94c6-44b4-82e4-2367f61d7c4d	33811120	7942fb63-27d2-4333-8fd8-bffae4bac82e	mProjectPP	1.226172032	NA	NA	2111346	8248320	1397656188.1987119	NA	NA	1397656188.1988616	1397656189.42511	NA	NA	1397656189.4254038
c3.8xlarge	0.5	a8472c4c-94c6-44b4-82e4-2367f61d7c4d	33809840	f397bb9d-1f7b-4fd3-9f4c-fb8aaf80841f	mProjectPP	1.264192476	NA	NA	2111346	8248320	1397656188.2009892	NA	NA	1397656188.2011373	1397656189.4654188	NA	NA	1397656189.4657707
c3.8xlarge	0.5	a8472c4c-94c6-44b4-82e4-2367f61d7c4d	33810020	217b9767-cf12-4b26-a83d-5ddd6872aff5	mProjectPP	1.284426617	NA	NA	2111346	8259840	1397656188.2006218	NA	NA	1397656188.200768	1397656189.4852622	NA	NA	1397656189.4855258
c3.8xlarge	0.5	a8472c4c-94c6-44b4-82e4-2367f61d7c4d	33810240	db87a62d-d614-401f-8892-7301453d2770	mProjectPP	1.34264589	NA	NA	2111346	8231040	1397656188.2002645	NA	NA	1397656188.2004097	1397656189.5431833	NA	NA	1397656189.543518
c3.8xlarge	0.5	a8472c4c-94c6-44b4-82e4-2367f61d7c4d	33809540	1b2351b6-66b0-48bb-ba89-3b6cc911b158	mProjectPP	1.384455607	NA	NA	2111346	8248320	1397656188.2017145	NA	NA	1397656188.2018585	1397656189.5864062	NA	NA	1397656189.5867865
c3.8xlarge	0.5	a8472c4c-94c6-44b4-82e4-2367f61d7c4d	33809680	1c4a402b-b45e-4009-8da8-94220bf401de	mProjectPP	1.388649581	NA	NA	2111346	8248320	1397656188.201348	NA	NA	1397656188.2014978	1397656189.590209	NA	NA	1397656189.5903995
c3.8xlarge	0.5	a8472c4c-94c6-44b4-82e4-2367f61d7c4d	33809380	a7991fd4-d0d7-4258-b1b0-8c1342663baf	mProjectPP	1.401716947	NA	NA	2111346	8248320	1397656188.2020671	NA	NA	1397656188.2022123	1397656189.603993	NA	NA	1397656189.6042383
c3.8xlarge	0.5	a8472c4c-94c6-44b4-82e4-2367f61d7c4d	10474220	4deb366a-08b7-4f46-8f62-48d8d274b94f	mProjectPP	1.402835362	NA	NA	2111346	8282880	1397656188.2619343	NA	NA	1397656188.2621946	1397656189.6651115	NA	NA	1397656189.6653452
c3.8xlarge	0.5	a8472c4c-94c6-44b4-82e4-2367f61d7c4d	33809080	97a0e9b0-8e35-4528-9d3b-f359da34e53c	mProjectPP	1.544355214	NA	NA	2111346	8300160	1397656188.202784	NA	NA	1397656188.2029276	1397656189.7474046	NA	NA	1397656189.7477722
c3.8xlarge	0.5	a8472c4c-94c6-44b4-82e4-2367f61d7c4d	10473540	40cc514c-1184-40f0-8c37-7c184cbc6a6f	mProjectPP	1.494510882	NA	NA	2111346	8259840	1397656188.2628994	NA	NA	1397656188.2630618	1397656189.7576354	NA	NA	1397656189.757805
c3.8xlarge	0.5	a8472c4c-94c6-44b4-82e4-2367f61d7c4d	33809240	6de41a9d-7d9a-4632-aaa7-69077ab50a65	mProjectPP	1.583655525	NA	NA	2111346	8231040	1397656188.2024174	NA	NA	1397656188.2025657	1397656189.7862856	NA	NA	1397656189.7864838
c3.8xlarge	0.5	a8472c4c-94c6-44b4-82e4-2367f61d7c4d	33812160	8c82fbef-dc6b-4cbf-9394-0f9e2c41d80c	mProjectPP	1.522811749	NA	NA	2111346	8305920	1397656188.2645085	NA	NA	1397656188.2646685	1397656189.7875466	NA	NA	1397656189.7877164
c3.8xlarge	0.5	a8472c4c-94c6-44b4-82e4-2367f61d7c4d	10476720	c6f97e2a-e718-411e-9cf4-e0c8c9b008e4	mProjectPP	1.551939304	NA	NA	2111346	8248320	1397656188.2648962	NA	NA	1397656188.265068	1397656189.817071	NA	NA	1397656189.8172488
c3.8xlarge	0.5	a8472c4c-94c6-44b4-82e4-2367f61d7c4d	10475000	5c0e28f1-e5bb-4cba-b118-8ae93eb33df8	mProjectPP	1.54215183	NA	NA	2111346	8248320	1397656188.2806425	NA	NA	1397656188.2809782	1397656189.8232043	NA	NA	1397656189.8233688
c3.8xlarge	0.5	a8472c4c-94c6-44b4-82e4-2367f61d7c4d	33808920	461f5b0e-f353-4f9d-858d-239aff9f564e	mProjectPP	1.639740146	NA	NA	2111346	8248320	1397656188.20313	NA	NA	1397656188.2032733	1397656189.843139	NA	NA	1397656189.8436024
c3.8xlarge	0.5	a8472c4c-94c6-44b4-82e4-2367f61d7c4d	10473900	703bc63f-8e82-48fe-a489-e9897f1908b2	mProjectPP	1.606515078	NA	NA	2111346	8248320	1397656188.2624917	NA	NA	1397656188.2626696	1397656189.8693285	NA	NA	1397656189.8699117
c3.8xlarge	0.5	a8472c4c-94c6-44b4-82e4-2367f61d7c4d	10473220	f69d1185-c9e8-4c26-8598-dde94b5dd94a	mProjectPP	1.671590439	NA	NA	2111346	8248320	1397656188.2632976	NA	NA	1397656188.2634633	1397656189.9352002	NA	NA	1397656189.935531
c3.8xlarge	0.5	a8472c4c-94c6-44b4-82e4-2367f61d7c4d	33812340	b71a7f76-6476-4930-adcf-83ac6d317d5a	mProjectPP	1.671539628	NA	NA	2111346	8288640	1397656188.264093	NA	NA	1397656188.2642665	1397656189.9359288	NA	NA	1397656189.9362164
c3.8xlarge	0.5	a8472c4c-94c6-44b4-82e4-2367f61d7c4d	10472840	e8d6737a-2c33-4ecf-9d44-93ee52498eb5	mProjectPP	1.676413147	NA	NA	2111346	8259840	1397656188.2636917	NA	NA	1397656188.2638621	1397656189.9403465	NA	NA	1397656189.9405296
c3.8xlarge	0.5	a8472c4c-94c6-44b4-82e4-2367f61d7c4d	10477400	9d1d0410-5fbd-405c-a624-326e808e5329	mProjectPP	1.772137802	NA	NA	2111346	8259840	1397656188.2034793	NA	NA	1397656188.203619	1397656189.9758377	NA	NA	1397656189.9760463
c3.8xlarge	0.5	a8472c4c-94c6-44b4-82e4-2367f61d7c4d	33811820	00a48777-f40b-4c17-bb81-c104b18b4823	mDiffFit	0.229806276	NA	NA	16479666	147143	1397656189.7539735	NA	NA	1397656189.7545507	1397656189.9844265	NA	NA	1397656189.9846294
c3.8xlarge	0.5	a8472c4c-94c6-44b4-82e4-2367f61d7c4d	33810880	581ab60a-9229-4169-aa5e-ccc4fbb1ece5	mDiffFit	0.306306556	NA	NA	16589106	222032	1397656189.6973684	NA	NA	1397656189.6979592	1397656190.004373	NA	NA	1397656190.0047283
c3.8xlarge	0.5	a8472c4c-94c6-44b4-82e4-2367f61d7c4d	33811320	cd7a978b-237d-415a-af22-debaa9beb097	mDiffFit	0.309580178	NA	NA	16479666	155786	1397656189.6948323	NA	NA	1397656189.6956217	1397656190.0052648	NA	NA	1397656190.0054598
c3.8xlarge	0.5	a8472c4c-94c6-44b4-82e4-2367f61d7c4d	10473540	c35a5c16-2c15-49ea-8990-d7d2a9157915	mDiffFit	0.25267214	NA	NA	16473906	222033	1397656189.7578347	NA	NA	1397656189.7583072	1397656190.0110343	NA	NA	1397656190.0112293
c3.8xlarge	0.5	a8472c4c-94c6-44b4-82e4-2367f61d7c4d	33812000	030daea7-4232-4428-9f40-a02cdd70408b	mDiffFit	0.259253016	NA	NA	16479666	466822	1397656189.7522664	NA	NA	1397656189.7527928	1397656190.0121083	NA	NA	1397656190.0122552
c3.8xlarge	0.5	a8472c4c-94c6-44b4-82e4-2367f61d7c4d	10474820	2650557f-856f-4934-bad5-ebcf5747ade1	mProjectPP	1.76432106	NA	NA	2111346	8259840	1397656188.286915	NA	NA	1397656188.28711	1397656190.0515392	NA	NA	1397656190.0518608
c3.8xlarge	0.5	a8472c4c-94c6-44b4-82e4-2367f61d7c4d	33810420	d0a11f61-39e4-4f7b-88a9-88afd48f2750	mDiffFit	0.307619572	NA	NA	16531506	472594	1397656189.753122	NA	NA	1397656189.7536573	1397656190.0613353	NA	NA	1397656190.061515
c3.8xlarge	0.5	a8472c4c-94c6-44b4-82e4-2367f61d7c4d	33810240	06cf8179-7859-4f6b-8215-4a22925d479e	mDiffFit	0.27744605	NA	NA	16491186	492747	1397656189.7842934	NA	NA	1397656189.7848625	1397656190.062375	NA	NA	1397656190.0625763
c3.8xlarge	0.5	a8472c4c-94c6-44b4-82e4-2367f61d7c4d	33809240	4828322b-dbbd-4ee6-a61e-51c512299943	mDiffFit	0.301266391	NA	NA	16491186	219152	1397656189.786525	NA	NA	1397656189.7872462	1397656190.0886228	NA	NA	1397656190.0890226
c3.8xlarge	0.5	a8472c4c-94c6-44b4-82e4-2367f61d7c4d	10476320	369ea578-b842-422a-b0e8-bf1efefb84f7	mProjectPP	1.801587972	NA	NA	2111346	8242560	1397656188.2873824	NA	NA	1397656188.2875705	1397656190.0892446	NA	NA	1397656190.0895226
c3.8xlarge	0.5	a8472c4c-94c6-44b4-82e4-2367f61d7c4d	33811120	ea6a9039-6ca7-49ce-acc0-9270f01f886b	mDiffFit	0.30632402	NA	NA	16473906	147146	1397656189.785207	NA	NA	1397656189.7857637	1397656190.09215	NA	NA	1397656190.0923395
c3.8xlarge	0.5	a8472c4c-94c6-44b4-82e4-2367f61d7c4d	33809080	3630f83b-b185-49e7-b4fb-087601bbe369	mDiffFit	0.322943694	NA	NA	16485426	472591	1397656189.8154442	NA	NA	1397656189.816021	1397656190.139075	NA	NA	1397656190.1394296
c3.8xlarge	0.5	a8472c4c-94c6-44b4-82e4-2367f61d7c4d	10476720	d3ce44e6-461e-4b5a-b496-a62a044a616e	mDiffFit	0.323627201	NA	NA	16479666	222029	1397656189.8172789	NA	NA	1397656189.817712	1397656190.1414013	NA	NA	1397656190.141588
c3.8xlarge	0.5	a8472c4c-94c6-44b4-82e4-2367f61d7c4d	10475800	9dc6e79e-97dd-49fc-a12c-dd3f1cda8284	mProjectPP	1.853665428	NA	NA	2111346	8231040	1397656188.287811	NA	NA	1397656188.2880023	1397656190.1417432	NA	NA	1397656190.1419463
c3.8xlarge	0.5	a8472c4c-94c6-44b4-82e4-2367f61d7c4d	33810020	5092d22f-f234-42df-be53-64d0809d0c8c	mDiffFit	0.349163398	NA	NA	16496946	481232	1397656189.8163257	NA	NA	1397656189.8167818	1397656190.1660001	NA	NA	1397656190.166185
c3.8xlarge	0.5	a8472c4c-94c6-44b4-82e4-2367f61d7c4d	10474220	2fdadf14-7cdf-44be-a028-2f8c47ac0b71	mDiffFit	0.347478712	NA	NA	16491186	144271	1397656189.8182886	NA	NA	1397656189.8187532	1397656190.1662855	NA	NA	1397656190.1664562
c3.8xlarge	0.5	a8472c4c-94c6-44b4-82e4-2367f61d7c4d	10475660	31536d6c-0ae5-4f4f-928b-cb38936b7bff	mProjectPP	1.95284861	NA	NA	2111346	8242560	1397656188.288247	NA	NA	1397656188.288448	1397656190.241383	NA	NA	1397656190.2415955
c3.8xlarge	0.5	a8472c4c-94c6-44b4-82e4-2367f61d7c4d	33809540	c130eb5e-4d30-425d-abd3-f41bf4a3eae5	mDiffFit	0.454805875	NA	NA	16548786	250828	1397656189.8221436	NA	NA	1397656189.822663	1397656190.277529	NA	NA	1397656190.2777264
c3.8xlarge	0.5	a8472c4c-94c6-44b4-82e4-2367f61d7c4d	33809680	77a85811-e66c-4206-8d72-0a86931f4721	mDiffFit	0.419282289	NA	NA	16496946	144262	1397656189.880207	NA	NA	1397656189.8811154	1397656190.300499	NA	NA	1397656190.3008182
c3.8xlarge	0.5	a8472c4c-94c6-44b4-82e4-2367f61d7c4d	33810620	afefd110-fd57-45b5-9a1d-65f394dffcb4	mProjectPP	0.977028445	NA	NA	2111346	8248320	1397656189.3236	NA	NA	1397656189.3239	1397656190.3009987	NA	NA	1397656190.301172
c3.8xlarge	0.5	a8472c4c-94c6-44b4-82e4-2367f61d7c4d	33809840	409e868d-2d5d-417b-909f-9eb6b7d6ff8c	mDiffFit	0.427214715	NA	NA	16479666	224912	1397656189.8794594	NA	NA	1397656189.8799286	1397656190.3072112	NA	NA	1397656190.3075347
c3.8xlarge	0.5	a8472c4c-94c6-44b4-82e4-2367f61d7c4d	33811660	44006495-6d6b-4ec9-b730-d3117be8a6ac	mProjectPP	1.053531468	NA	NA	2111346	8305920	1397656189.2555494	NA	NA	1397656189.2558537	1397656190.3094494	NA	NA	1397656190.309624
c3.8xlarge	0.5	a8472c4c-94c6-44b4-82e4-2367f61d7c4d	33812160	d1bf69d3-048e-437f-ae23-3ab33c91f14b	mDiffFit	0.482506064	NA	NA	16537266	472590	1397656189.8780413	NA	NA	1397656189.8790274	1397656190.361608	NA	NA	1397656190.3617997
c3.8xlarge	0.5	a8472c4c-94c6-44b4-82e4-2367f61d7c4d	33811480	4699548a-8d05-4fb6-93f1-3fba0df622c3	mProjectPP	1.107862472	NA	NA	2111346	8242560	1397656189.254802	NA	NA	1397656189.2551153	1397656190.3630817	NA	NA	1397656190.363297
c3.8xlarge	0.5	a8472c4c-94c6-44b4-82e4-2367f61d7c4d	10472840	775a6700-b072-44d4-b498-d9b85132dbe0	mDiffFit	0.422291793	NA	NA	16473906	469714	1397656189.9405713	NA	NA	1397656189.9410398	1397656190.3633912	NA	NA	1397656190.3635569
c3.8xlarge	0.5	a8472c4c-94c6-44b4-82e4-2367f61d7c4d	10477400	0c9c9e87-144c-4ece-8eb7-01c431de8306	mDiffFit	0.406249705	NA	NA	16519986	247952	1397656189.9760892	NA	NA	1397656189.976545	1397656190.38289	NA	NA	1397656190.3832405
c3.8xlarge	0.5	a8472c4c-94c6-44b4-82e4-2367f61d7c4d	33809380	f9b44837-2033-4291-b683-e92bd751334f	mDiffFit	0.471540413	NA	NA	16508466	478346	1397656189.9114218	NA	NA	1397656189.9119956	1397656190.3836036	NA	NA	1397656190.383802
c3.8xlarge	0.5	a8472c4c-94c6-44b4-82e4-2367f61d7c4d	10473900	01efffaf-7a5a-45be-b2c5-0491a182f246	mDiffFit	0.436560772	NA	NA	16479666	224915	1397656189.976819	NA	NA	1397656189.9772847	1397656190.4139113	NA	NA	1397656190.4141133
c3.8xlarge	0.5	a8472c4c-94c6-44b4-82e4-2367f61d7c4d	10475000	974a868e-997f-4a3c-973b-1a7bd54b43bd	mDiffFit	0.494372547	NA	NA	16496946	155777	1397656189.9836185	NA	NA	1397656189.9841003	1397656190.4786	NA	NA	1397656190.4790902
c3.8xlarge	0.5	a8472c4c-94c6-44b4-82e4-2367f61d7c4d	10473220	f76585c6-1682-41eb-af7e-d00c5b1f879c	mDiffFit	0.503812807	NA	NA	16479666	492746	1397656189.9775264	NA	NA	1397656189.9780037	1397656190.4818792	NA	NA	1397656190.482077
c3.8xlarge	0.5	a8472c4c-94c6-44b4-82e4-2367f61d7c4d	33812340	7eb44f63-148e-4b89-ac28-c3768230e1f4	mDiffFit	0.526150692	NA	NA	16496946	222027	1397656189.9782715	NA	NA	1397656189.9787366	1397656190.5049424	NA	NA	1397656190.5051239
c3.8xlarge	0.5	a8472c4c-94c6-44b4-82e4-2367f61d7c4d	10473540	f4b1af68-993b-48f0-84c9-24b7e896ce28	mDiffFit	0.496195673	NA	NA	16496946	224900	1397656190.0112815	NA	NA	1397656190.0117922	1397656190.5080473	NA	NA	1397656190.5082133
c3.8xlarge	0.5	a8472c4c-94c6-44b4-82e4-2367f61d7c4d	33810880	555834b3-3566-43ae-af89-b7e12980aa07	mDiffFit	0.531423125	NA	NA	16496946	492743	1397656190.0596666	NA	NA	1397656190.0602274	1397656190.5917501	NA	NA	1397656190.5921092
c3.8xlarge	0.5	a8472c4c-94c6-44b4-82e4-2367f61d7c4d	33810420	e04b08f5-b4a7-405f-b420-61863ca0a6ef	mDiffFit	0.530187925	NA	NA	16508466	219152	1397656190.0615501	NA	NA	1397656190.0620494	1397656190.5923045	NA	NA	1397656190.5925248
c3.8xlarge	0.5	a8472c4c-94c6-44b4-82e4-2367f61d7c4d	33811320	e0d109fc-6679-4b48-ac30-c960cc2da86c	mDiffFit	0.531660956	NA	NA	16496946	150020	1397656190.0605235	NA	NA	1397656190.0610392	1397656190.5927713	NA	NA	1397656190.5929735
c3.8xlarge	0.5	a8472c4c-94c6-44b4-82e4-2367f61d7c4d	33812000	9979ef0b-0586-4a08-92e2-13b8f61271f9	mDiffFit	0.548149952	NA	NA	16496946	486982	1397656190.0670896	NA	NA	1397656190.0676143	1397656190.6158457	NA	NA	1397656190.6161404
c3.8xlarge	0.5	a8472c4c-94c6-44b4-82e4-2367f61d7c4d	10475800	43c29f70-3645-40fd-8189-a29c71e45e44	mDiffFit	0.445892425	NA	NA	16491186	155781	1397656190.2176583	NA	NA	1397656190.2184653	1397656190.664461	NA	NA	1397656190.6648142
c3.8xlarge	0.5	a8472c4c-94c6-44b4-82e4-2367f61d7c4d	33808920	757a5bc2-55c4-40b8-89ca-907e7e3965a2	mDiffFit	0.56919741	NA	NA	16600626	224919	1397656190.11638	NA	NA	1397656190.116854	1397656190.6861362	NA	NA	1397656190.6863854
c3.8xlarge	0.5	a8472c4c-94c6-44b4-82e4-2367f61d7c4d	33810240	4a48d353-63c4-4331-9b58-7570c2876726	mDiffFit	0.545304456	NA	NA	16508466	507144	1397656190.1649978	NA	NA	1397656190.1656485	1397656190.7110627	NA	NA	1397656190.7114434
c3.8xlarge	0.5	a8472c4c-94c6-44b4-82e4-2367f61d7c4d	10475660	14449586-015e-46d1-b5df-59e767cfbcde	mDiffFit	0.535145398	NA	NA	16479666	224906	1397656190.2416375	NA	NA	1397656190.2421434	1397656190.7773864	NA	NA	1397656190.7777328
c3.8xlarge	0.5	a8472c4c-94c6-44b4-82e4-2367f61d7c4d	33811820	2cae87c1-6bcd-4b82-b489-e458b46008d1	mDiffFit	0.526593014	NA	NA	16508466	147143	1397656190.2700624	NA	NA	1397656190.2706158	1397656190.7972958	NA	NA	1397656190.7976034
c3.8xlarge	0.5	a8472c4c-94c6-44b4-82e4-2367f61d7c4d	33809080	c27e6c1b-18ac-4b77-81ef-edf7f244dddc	mDiffFit	0.557831643	NA	NA	16479666	486982	1397656190.2390223	NA	NA	1397656190.2398412	1397656190.7977448	NA	NA	1397656190.7979467
c3.8xlarge	0.5	a8472c4c-94c6-44b4-82e4-2367f61d7c4d	10476720	c00aa734-77bb-4aa5-993e-465cbc6a393b	mDiffFit	0.577634542	NA	NA	16479666	152900	1397656190.2402937	NA	NA	1397656190.240868	1397656190.8185906	NA	NA	1397656190.8188992
c3.8xlarge	0.5	a8472c4c-94c6-44b4-82e4-2367f61d7c4d	10476320	47291d0f-de7c-4445-a4d3-7ccf4d2f5514	mDiffFit	0.572145329	NA	NA	16589106	224912	1397656190.2685037	NA	NA	1397656190.26952	1397656190.8417647	NA	NA	1397656190.842077
c3.8xlarge	0.5	a8472c4c-94c6-44b4-82e4-2367f61d7c4d	10474220	80464018-3bf4-42f7-a688-a8c5e0e0ff11	mDiffFit	0.60072254	NA	NA	16531506	305549	1397656190.2717452	NA	NA	1397656190.2722647	1397656190.8730893	NA	NA	1397656190.8734086
c3.8xlarge	0.5	a8472c4c-94c6-44b4-82e4-2367f61d7c4d	33810020	ca54e56f-781e-484d-bae8-398a21e6666c	mDiffFit	0.603138083	NA	NA	16554546	279628	1397656190.2708857	NA	NA	1397656190.2714708	1397656190.8746643	NA	NA	1397656190.8748243
c3.8xlarge	0.5	a8472c4c-94c6-44b4-82e4-2367f61d7c4d	33811120	6a8db103-1d08-486a-ad0e-1af963d50b29	mDiffFit	0.649530904	NA	NA	16496946	155785	1397656190.2737508	NA	NA	1397656190.2742538	1397656190.9238863	NA	NA	1397656190.9241972
c3.8xlarge	0.5	a8472c4c-94c6-44b4-82e4-2367f61d7c4d	33809240	d7834b84-50dd-49a0-9e15-0f8b357607b8	mDiffFit	0.651124496	NA	NA	16496946	224911	1397656190.272533	NA	NA	1397656190.273252	1397656190.924445	NA	NA	1397656190.9247022
c3.8xlarge	0.5	a8472c4c-94c6-44b4-82e4-2367f61d7c4d	33810620	e862a56e-19c0-410b-9a14-b954d4de7540	mDiffFit	0.641127009	NA	NA	16496946	219145	1397656190.308719	NA	NA	1397656190.309177	1397656190.9503775	NA	NA	1397656190.9505882
c3.8xlarge	0.5	a8472c4c-94c6-44b4-82e4-2367f61d7c4d	33809840	e1cf8d6c-b380-4f96-b4e3-740caad7abbb	mDiffFit	0.677064467	NA	NA	16479666	489873	1397656190.3075852	NA	NA	1397656190.3083806	1397656190.9855046	NA	NA	1397656190.9856818
c3.8xlarge	0.5	a8472c4c-94c6-44b4-82e4-2367f61d7c4d	33809680	b978049b-9494-4d44-9d14-03db812ad86b	mDiffFit	0.64891136	NA	NA	16496946	458186	1397656190.3583462	NA	NA	1397656190.3589673	1397656191.0079753	NA	NA	1397656191.0082777
c3.8xlarge	0.5	a8472c4c-94c6-44b4-82e4-2367f61d7c4d	33809540	7a44ccfe-e8a5-4398-9741-5bbfc23f38b7	mDiffFit	0.707070061	NA	NA	16496946	144269	1397656190.3039613	NA	NA	1397656190.3048108	1397656191.0119426	NA	NA	1397656191.0121224
c3.8xlarge	0.5	a8472c4c-94c6-44b4-82e4-2367f61d7c4d	33811660	db03f600-b2ae-4cba-9b0b-b96834e61f0a	mDiffFit	0.67406428	NA	NA	16508466	472588	1397656190.3595219	NA	NA	1397656190.3600504	1397656191.0341718	NA	NA	1397656191.0343606
c3.8xlarge	0.5	a8472c4c-94c6-44b4-82e4-2367f61d7c4d	33812160	46ae591e-356a-482d-951e-fee0d39aa092	mDiffFit	0.727881885	NA	NA	16554546	311303	1397656190.3883913	NA	NA	1397656190.3889308	1397656191.1169086	NA	NA	1397656191.1172078
c3.8xlarge	0.5	a8472c4c-94c6-44b4-82e4-2367f61d7c4d	10473900	6a49ccea-c8f3-4b74-96d7-49645adda9cc	mDiffFit	0.729097924	NA	NA	16496946	224908	1397656190.414164	NA	NA	1397656190.4146721	1397656191.1438758	NA	NA	1397656191.1441915
c3.8xlarge	0.5	a8472c4c-94c6-44b4-82e4-2367f61d7c4d	10477400	dba2cbd6-d96e-4c11-bf23-f7c48f204790	mDiffFit	0.729031151	NA	NA	16496946	472587	1397656190.4149604	NA	NA	1397656190.415533	1397656191.1446235	NA	NA	1397656191.1448069
c3.8xlarge	0.5	a8472c4c-94c6-44b4-82e4-2367f61d7c4d	33809380	8554cf9c-561f-4b0f-b6b9-0dcd8cdbdb0a	mDiffFit	0.747593743	NA	NA	16508466	224899	1397656190.4158185	NA	NA	1397656190.416354	1397656191.1640325	NA	NA	1397656191.16437
c3.8xlarge	0.5	a8472c4c-94c6-44b4-82e4-2367f61d7c4d	10472840	67ab3960-31a1-4be5-bbf2-63424bfa0300	mDiffFit	0.74964815	NA	NA	16479666	492744	1397656190.4167323	NA	NA	1397656190.41724	1397656191.166943	NA	NA	1397656191.1671364
c3.8xlarge	0.5	a8472c4c-94c6-44b4-82e4-2367f61d7c4d	33811480	2eec90cd-895a-4aeb-9aa7-994d997c90c3	mDiffFit	0.726752806	NA	NA	16594866	222030	1397656190.4585452	NA	NA	1397656190.4591784	1397656191.186024	NA	NA	1397656191.1863365
c3.8xlarge	0.5	a8472c4c-94c6-44b4-82e4-2367f61d7c4d	10473220	993cd12f-d55c-46e0-906d-381bfbaa4334	mDiffFit	0.704849686	NA	NA	16537266	288266	1397656190.503911	NA	NA	1397656190.5045168	1397656191.209463	NA	NA	1397656191.2097683
c3.8xlarge	0.5	a8472c4c-94c6-44b4-82e4-2367f61d7c4d	33812340	d8f90c41-ce0b-4cbc-a31c-5bf36dcc28c7	mDiffFit	0.730740359	NA	NA	16519986	222027	1397656190.5051677	NA	NA	1397656190.505665	1397656191.2364976	NA	NA	1397656191.236823
c3.8xlarge	0.5	a8472c4c-94c6-44b4-82e4-2367f61d7c4d	10475000	a4820f61-676f-4710-8294-c54625411ad8	mDiffFit	0.725769947	NA	NA	16519986	504264	1397656190.5115895	NA	NA	1397656190.512124	1397656191.237952	NA	NA	1397656191.2381253
c3.8xlarge	0.5	a8472c4c-94c6-44b4-82e4-2367f61d7c4d	10474820	23ff6db4-3b8c-4bd8-a9ed-d0fb567d7e4e	mDiffFit	1.189778824	NA	NA	16531506	253710	1397656190.1151862	NA	NA	1397656190.115781	1397656191.3056822	NA	NA	1397656191.3061614
c3.8xlarge	0.5	a8472c4c-94c6-44b4-82e4-2367f61d7c4d	33811320	21959988-a875-4796-930a-77f93fbfcff6	mDiffFit	0.686593192	NA	NA	16508466	144264	1397656190.6192737	NA	NA	1397656190.6197867	1397656191.3064349	NA	NA	1397656191.3066254
c3.8xlarge	0.5	a8472c4c-94c6-44b4-82e4-2367f61d7c4d	33810880	ae9f3779-abf5-4077-b93b-49a99d909842	mDiffFit	0.707674186	NA	NA	16508466	222030	1397656190.6201317	NA	NA	1397656190.6206262	1397656191.328404	NA	NA	1397656191.3287032
c3.8xlarge	0.5	a8472c4c-94c6-44b4-82e4-2367f61d7c4d	10473540	0dc79620-b323-47fd-a104-93564121c5e3	mDiffFit	0.814729023	NA	NA	16508466	155784	1397656190.5135674	NA	NA	1397656190.5140753	1397656191.3288739	NA	NA	1397656191.3290741
c3.8xlarge	0.5	a8472c4c-94c6-44b4-82e4-2367f61d7c4d	33810420	db7ed61d-cf37-47e3-af61-9d35358e7b68	mDiffFit	0.7536891	NA	NA	16519986	472590	1397656190.6208744	NA	NA	1397656190.621373	1397656191.3751562	NA	NA	1397656191.375475
c3.8xlarge	0.5	a8472c4c-94c6-44b4-82e4-2367f61d7c4d	33808920	06fbb03f-32d6-4d84-a6c5-64d81c6934d4	mDiffFit	0.709746597	NA	NA	16548786	311308	1397656190.6864402	NA	NA	1397656190.686961	1397656191.396798	NA	NA	1397656191.3971407
c3.8xlarge	0.5	a8472c4c-94c6-44b4-82e4-2367f61d7c4d	10475800	2042669e-f0c0-43f8-95b7-35d0ce8914fa	mDiffFit	0.685426379	NA	NA	16508466	492748	1397656190.712601	NA	NA	1397656190.7133455	1397656191.3988376	NA	NA	1397656191.3990314
c3.8xlarge	0.5	a8472c4c-94c6-44b4-82e4-2367f61d7c4d	33810240	dde59b05-79e4-4bb9-89cb-ff819d770d7e	mDiffFit	0.749360785	NA	NA	16508466	222029	1397656190.715877	NA	NA	1397656190.7165678	1397656191.466048	NA	NA	1397656191.466379
c3.8xlarge	0.5	a8472c4c-94c6-44b4-82e4-2367f61d7c4d	33812000	f453fdd6-704d-460e-b93f-4c0a52f96b93	mDiffFit	0.749500471	NA	NA	16491186	155782	1397656190.7384303	NA	NA	1397656190.7390335	1397656191.4886272	NA	NA	1397656191.4889443
c3.8xlarge	0.5	a8472c4c-94c6-44b4-82e4-2367f61d7c4d	10474220	49804448-7542-4b26-b145-efacf2690dfb	mDiffFit	0.616330855	NA	NA	16502706	486991	1397656190.8734865	NA	NA	1397656190.8741925	1397656191.4906037	NA	NA	1397656191.4908178
c3.8xlarge	0.5	a8472c4c-94c6-44b4-82e4-2367f61d7c4d	33810020	9d4033e5-d476-4563-aab6-00e6a5159ec3	mDiffFit	0.616520376	NA	NA	16491186	152907	1397656190.8748698	NA	NA	1397656190.8753593	1397656191.4919734	NA	NA	1397656191.4922233
c3.8xlarge	0.5	a8472c4c-94c6-44b4-82e4-2367f61d7c4d	33811820	fdc8d526-c6f4-4a88-9970-5e574767f0a3	mDiffFit	0.595210911	NA	NA	16473906	224910	1397656190.8963437	NA	NA	1397656190.8970823	1397656191.4923863	NA	NA	1397656191.4925973
c3.8xlarge	0.5	a8472c4c-94c6-44b4-82e4-2367f61d7c4d	10476320	8e84f2fb-6b62-4bcb-b737-409ce9015f73	mDiffFit	0.678984085	NA	NA	16479666	452429	1397656190.8974814	NA	NA	1397656190.8980856	1397656191.5771723	NA	NA	1397656191.5775075
c3.8xlarge	0.5	a8472c4c-94c6-44b4-82e4-2367f61d7c4d	10475660	845490fd-a757-43a5-8c65-61b4dbab88d9	mDiffFit	0.715839309	NA	NA	16479666	224914	1397656190.9021876	NA	NA	1397656190.9027166	1397656191.6186569	NA	NA	1397656191.6190388
c3.8xlarge	0.5	a8472c4c-94c6-44b4-82e4-2367f61d7c4d	33810620	7e913a00-8f03-48f5-956d-66207afff7b9	mDiffFit	0.667934816	NA	NA	16473906	495636	1397656190.9506419	NA	NA	1397656190.9512374	1397656191.61924	NA	NA	1397656191.6195111
c3.8xlarge	0.5	a8472c4c-94c6-44b4-82e4-2367f61d7c4d	33811120	7adbbdab-5f83-4e78-af0c-2a76a8a96b89	mDiffFit	0.691611053	NA	NA	16473906	222038	1397656190.9516902	NA	NA	1397656190.9524846	1397656191.644203	NA	NA	1397656191.644518
c3.8xlarge	0.5	a8472c4c-94c6-44b4-82e4-2367f61d7c4d	10476720	abbd655e-8c4a-4dee-80cd-d9b4e09c5d7d	mDiffFit	0.660826486	NA	NA	16491186	150034	1397656190.9845908	NA	NA	1397656190.985089	1397656191.6459823	NA	NA	1397656191.6461637
c3.8xlarge	0.5	a8472c4c-94c6-44b4-82e4-2367f61d7c4d	33809080	db2088cc-6b0f-4e35-84a7-bf705e96df26	mDiffFit	0.684462441	NA	NA	16543026	472593	1397656190.982164	NA	NA	1397656190.9828005	1397656191.6673744	NA	NA	1397656191.6677494
c3.8xlarge	0.5	a8472c4c-94c6-44b4-82e4-2367f61d7c4d	33809240	bcb232c6-0316-400a-8e2b-ad10771663c7	mDiffFit	0.697786128	NA	NA	16491186	498511	1397656191.0106277	NA	NA	1397656191.0115247	1397656191.7094324	NA	NA	1397656191.7097712
c3.8xlarge	0.5	a8472c4c-94c6-44b4-82e4-2367f61d7c4d	33809840	b7c9375b-7602-4322-938d-6b124ec896c7	mDiffFit	0.723774961	NA	NA	16496946	224913	1397656190.9857311	NA	NA	1397656190.9862304	1397656191.7100692	NA	NA	1397656191.710246
c3.8xlarge	0.5	a8472c4c-94c6-44b4-82e4-2367f61d7c4d	33809540	dd891ea7-08a4-4d80-b723-ef0226cd8e75	mDiffFit	0.676760134	NA	NA	16589106	224919	1397656191.0329692	NA	NA	1397656191.0337236	1397656191.7105675	NA	NA	1397656191.710743
c3.8xlarge	0.5	a8472c4c-94c6-44b4-82e4-2367f61d7c4d	33811660	69ca77ab-4501-4e23-a817-660bf536879c	mDiffFit	0.658765845	NA	NA	16548786	305554	1397656191.076803	NA	NA	1397656191.0773711	1397656191.7362113	NA	NA	1397656191.7364743
c3.8xlarge	0.5	a8472c4c-94c6-44b4-82e4-2367f61d7c4d	33812160	369b80cb-1dd4-4b2f-95e8-6ec74e561e71	mDiffFit	0.626964308	NA	NA	16491186	147146	1397656191.1218526	NA	NA	1397656191.122339	1397656191.7493546	NA	NA	1397656191.749502
c3.8xlarge	0.5	a8472c4c-94c6-44b4-82e4-2367f61d7c4d	33809680	7fa3da3f-3d67-416d-b407-f1ff2d15e1b0	mDiffFit	0.646082328	NA	NA	16491186	472588	1397656191.1198852	NA	NA	1397656191.1204367	1397656191.766578	NA	NA	1397656191.766729
c3.8xlarge	0.5	a8472c4c-94c6-44b4-82e4-2367f61d7c4d	10477400	dfdfebc4-5016-419c-8115-0e32e9799389	mDiffFit	0.583084047	NA	NA	16491186	224911	1397656191.1895833	NA	NA	1397656191.1901157	1397656191.773249	NA	NA	1397656191.7734048
c3.8xlarge	0.5	a8472c4c-94c6-44b4-82e4-2367f61d7c4d	10473220	7d2b1ad7-f016-4d80-a89d-90392289575b	mDiffFit	0.581731374	NA	NA	16525746	285387	1397656191.2098515	NA	NA	1397656191.2104294	1397656191.792227	NA	NA	1397656191.7924292
c3.8xlarge	0.5	a8472c4c-94c6-44b4-82e4-2367f61d7c4d	33809380	5d833cb6-53e6-487a-9141-db549d720996	mConcatFit	1.567829657	NA	NA	25122	17057	1397656192.0745203	NA	NA	1397656192.0809	1397656193.6488168	NA	NA	1397656193.649869
c3.8xlarge	0.5	a8472c4c-94c6-44b4-82e4-2367f61d7c4d	10472840	575422ff-542b-4395-93fd-8bde2ac9821b	mBgModel	6.295263742	NA	NA	22962	1873	1397656193.9112632	NA	NA	1397656193.9115007	1397656200.2068336	NA	NA	1397656200.207094
c3.8xlarge	0.5	a8472c4c-94c6-44b4-82e4-2367f61d7c4d	10473900	ac4cd8aa-612a-4149-b01b-81ae23df7d5d	mBackground	0.146855944	NA	NA	8238818	8231040	1397656200.6807168	NA	NA	1397656200.681185	1397656200.8281543	NA	NA	1397656200.8285944
c3.8xlarge	0.5	a8472c4c-94c6-44b4-82e4-2367f61d7c4d	33812340	acb9393e-a80f-4cd9-924a-d0591d0eac1e	mBackground	0.219714568	NA	NA	8250338	8242560	1397656200.652429	NA	NA	1397656200.652922	1397656200.872744	NA	NA	1397656200.873241
c3.8xlarge	0.5	a8472c4c-94c6-44b4-82e4-2367f61d7c4d	33811480	f1f1dc0f-5283-4afb-bca0-bbf2886e0013	mBackground	0.283229864	NA	NA	8238818	8231040	1397656200.612422	NA	NA	1397656200.613412	1397656200.8967352	NA	NA	1397656200.8969839
c3.8xlarge	0.5	a8472c4c-94c6-44b4-82e4-2367f61d7c4d	10475000	df20143e-bd5d-4054-a0ec-e1216d9d7d2f	mBackground	0.263318938	NA	NA	8307938	8300160	1397656200.6814728	NA	NA	1397656200.6819136	1397656200.9452956	NA	NA	1397656200.9457252
c3.8xlarge	0.5	a8472c4c-94c6-44b4-82e4-2367f61d7c4d	10474820	4d0938b2-7cc5-4693-b1e3-2119cd91058d	mBackground	0.263196114	NA	NA	8296418	8288640	1397656200.6821656	NA	NA	1397656200.682581	1397656200.945888	NA	NA	1397656200.9460752
c3.8xlarge	0.5	a8472c4c-94c6-44b4-82e4-2367f61d7c4d	10473540	135e91fa-d70b-4f95-bc23-b4ec42b877e7	mBackground	0.2614231	NA	NA	8256098	8248320	1397656200.6843543	NA	NA	1397656200.684727	1397656200.9462094	NA	NA	1397656200.9467604
c3.8xlarge	0.5	a8472c4c-94c6-44b4-82e4-2367f61d7c4d	33810880	b449554a-9973-4db5-863f-dfd6a11c08cb	mBackground	0.266321024	NA	NA	8256098	8248320	1397656200.6835709	NA	NA	1397656200.6839607	1397656200.950336	NA	NA	1397656200.9504762
c3.8xlarge	0.5	a8472c4c-94c6-44b4-82e4-2367f61d7c4d	33811320	7525e58b-09b1-42de-a75a-0f37592020dc	mBackground	0.267206428	NA	NA	8256098	8248320	1397656200.6828938	NA	NA	1397656200.6833124	1397656200.9505737	NA	NA	1397656200.9507809
c3.8xlarge	0.5	a8472c4c-94c6-44b4-82e4-2367f61d7c4d	33810420	2b448024-e17e-4ff8-be65-1e638afc5f08	mBackground	0.310892705	NA	NA	8250338	8242560	1397656200.6849756	NA	NA	1397656200.6853235	1397656200.9963229	NA	NA	1397656200.9968262
c3.8xlarge	0.5	a8472c4c-94c6-44b4-82e4-2367f61d7c4d	33808920	8a161a52-be8e-42e3-8fb7-a55cfb7d3c17	mBackground	0.332770889	NA	NA	8238818	8231040	1397656200.6856434	NA	NA	1397656200.6860774	1397656201.0189507	NA	NA	1397656201.019344
c3.8xlarge	0.5	a8472c4c-94c6-44b4-82e4-2367f61d7c4d	10475800	fcac884b-9129-4cd1-8bcf-50f7526f94ee	mBackground	0.332768177	NA	NA	8267618	8259840	1397656200.6863456	NA	NA	1397656200.6868203	1397656201.0196512	NA	NA	1397656201.0200899
c3.8xlarge	0.5	a8472c4c-94c6-44b4-82e4-2367f61d7c4d	33810240	8a430c72-cf43-46c8-85d2-9a2a19692673	mBackground	0.375376441	NA	NA	8256098	8248320	1397656200.687077	NA	NA	1397656200.6875393	1397656201.0630326	NA	NA	1397656201.0634336
c3.8xlarge	0.5	a8472c4c-94c6-44b4-82e4-2367f61d7c4d	10474220	660eec5e-d326-46e0-b833-078666b20cee	mBackground	0.39678391	NA	NA	8256098	8248320	1397656200.688828	NA	NA	1397656200.6892557	1397656201.0861363	NA	NA	1397656201.0864558
c3.8xlarge	0.5	a8472c4c-94c6-44b4-82e4-2367f61d7c4d	33812000	01dbe36a-2b05-4c4c-8ee7-ad63c034163b	mBackground	0.398115997	NA	NA	8256098	8248320	1397656200.6879299	NA	NA	1397656200.6884944	1397656201.0867114	NA	NA	1397656201.0869915
c3.8xlarge	0.5	a8472c4c-94c6-44b4-82e4-2367f61d7c4d	33810020	e8e2aa9f-2a45-4e98-8df0-552e71762bce	mBackground	0.462240973	NA	NA	8256098	8248320	1397656200.6896083	NA	NA	1397656200.6900196	1397656201.1523778	NA	NA	1397656201.15296
c3.8xlarge	0.5	a8472c4c-94c6-44b4-82e4-2367f61d7c4d	33811820	e0578da3-86f5-4a3e-bbdc-01ab7a345ec5	mBackground	0.511313498	NA	NA	8238818	8231040	1397656200.6902683	NA	NA	1397656200.6906781	1397656201.2021036	NA	NA	1397656201.2024393
c3.8xlarge	0.5	a8472c4c-94c6-44b4-82e4-2367f61d7c4d	10476320	139c7fb4-14d7-4fde-bed9-db8e0060227d	mBackground	0.532238381	NA	NA	8307938	8300160	1397656200.6909254	NA	NA	1397656200.6914084	1397656201.223765	NA	NA	1397656201.2243679
c3.8xlarge	0.5	a8472c4c-94c6-44b4-82e4-2367f61d7c4d	33809540	23c6b4a8-1be7-4925-a4fd-ba605a17ed06	mBackground	0.474741336	NA	NA	8290658	8282880	1397656200.7491972	NA	NA	1397656200.7496932	1397656201.2244923	NA	NA	1397656201.2246757
c3.8xlarge	0.5	a8472c4c-94c6-44b4-82e4-2367f61d7c4d	33809840	2af1224d-a3d8-48b2-bd80-ddf4806fda9a	mBackground	0.479432409	NA	NA	8267618	8259840	1397656200.7483835	NA	NA	1397656200.7488384	1397656201.2283392	NA	NA	1397656201.2285335
c3.8xlarge	0.5	a8472c4c-94c6-44b4-82e4-2367f61d7c4d	33811120	5874563d-6322-4586-adf4-5fa9894e8e6d	mBackground	0.544472912	NA	NA	8256098	8248320	1397656200.747332	NA	NA	1397656200.7480202	1397656201.2926486	NA	NA	1397656201.2931392
c3.8xlarge	0.5	a8472c4c-94c6-44b4-82e4-2367f61d7c4d	33809680	f143ca3b-9b15-4323-b6c1-3a45425ec3a0	mBackground	0.541042462	NA	NA	8256098	8248320	1397656200.7518992	NA	NA	1397656200.7523878	1397656201.293501	NA	NA	1397656201.2938137
c3.8xlarge	0.5	a8472c4c-94c6-44b4-82e4-2367f61d7c4d	10477400	6c5040a0-8e9b-4c2b-a2de-54b141c00ea2	mBackground	0.564659463	NA	NA	8267618	8259840	1397656200.7527423	NA	NA	1397656200.7532475	1397656201.3183188	NA	NA	1397656201.3186855
c3.8xlarge	0.5	a8472c4c-94c6-44b4-82e4-2367f61d7c4d	33812160	c691f9bb-ff8b-41cf-9d87-61d72bc6dfea	mBackground	0.567221688	NA	NA	8267618	8259840	1397656200.7508814	NA	NA	1397656200.751613	1397656201.3190112	NA	NA	1397656201.3191772
c3.8xlarge	0.5	a8472c4c-94c6-44b4-82e4-2367f61d7c4d	33811660	4ca01d0a-843d-427e-b0cf-1b74a1efc8bf	mBackground	0.571087084	NA	NA	8256098	8248320	1397656200.7500122	NA	NA	1397656200.750591	1397656201.321758	NA	NA	1397656201.3219545
c3.8xlarge	0.5	a8472c4c-94c6-44b4-82e4-2367f61d7c4d	33809380	c0d84f84-e11a-46de-8191-1dd6faf4af99	mBackground	0.610582212	NA	NA	8313698	8305920	1397656200.7547348	NA	NA	1397656200.7552493	1397656201.3659756	NA	NA	1397656201.3664756
c3.8xlarge	0.5	a8472c4c-94c6-44b4-82e4-2367f61d7c4d	10473220	60a6d45b-6943-4cb1-beaf-72baf4117894	mBackground	0.635900754	NA	NA	8296418	8288640	1397656200.7538166	NA	NA	1397656200.7544475	1397656201.3904915	NA	NA	1397656201.3908653
c3.8xlarge	0.5	a8472c4c-94c6-44b4-82e4-2367f61d7c4d	33810620	362dc5cf-d96d-42fc-8ae6-d175613b6cb8	mBackground	0.657907133	NA	NA	8256098	8248320	1397656200.7564142	NA	NA	1397656200.756872	1397656201.4148862	NA	NA	1397656201.4152143
c3.8xlarge	0.5	a8472c4c-94c6-44b4-82e4-2367f61d7c4d	10472840	258c5ec9-06e1-4a12-b006-6184f2caae95	mBackground	0.659235208	NA	NA	8256098	8248320	1397656200.7555473	NA	NA	1397656200.7560604	1397656201.4153621	NA	NA	1397656201.4155343
c3.8xlarge	0.5	a8472c4c-94c6-44b4-82e4-2367f61d7c4d	10475660	88b6dfd3-f3a5-4283-851f-8cbfcde9a253	mBackground	0.680876119	NA	NA	8267618	8259840	1397656200.7571263	NA	NA	1397656200.7576396	1397656201.4386594	NA	NA	1397656201.4393728
c3.8xlarge	0.5	a8472c4c-94c6-44b4-82e4-2367f61d7c4d	10476720	df7d7284-b5f0-4b3a-8967-24fa15540af8	mBackground	0.701727748	NA	NA	8250338	8242560	1397656200.7581677	NA	NA	1397656200.7587106	1397656201.4605362	NA	NA	1397656201.460878
c3.8xlarge	0.5	a8472c4c-94c6-44b4-82e4-2367f61d7c4d	33809080	b1d20924-b3af-4741-a860-140faa04acff	mBackground	0.726733324	NA	NA	8238818	8231040	1397656200.7589579	NA	NA	1397656200.7594016	1397656201.4862664	NA	NA	1397656201.486745
c3.8xlarge	0.5	a8472c4c-94c6-44b4-82e4-2367f61d7c4d	33809240	0bbe1ffe-cb28-48e0-85dc-2eab903dc0c5	mBackground	0.726701226	NA	NA	8250338	8242560	1397656200.7596447	NA	NA	1397656200.7601502	1397656201.4869084	NA	NA	1397656201.4870882
c3.8xlarge	0.5	a8472c4c-94c6-44b4-82e4-2367f61d7c4d	33811480	b417d905-9964-4762-9a30-80a2d178d8d0	mBackground	0.607676655	NA	NA	8250338	8242560	1397656200.8970375	NA	NA	1397656200.897581	1397656201.5053217	NA	NA	1397656201.5055404
c3.8xlarge	0.5	a8472c4c-94c6-44b4-82e4-2367f61d7c4d	33812340	729625d6-497b-401d-8f28-80173ab445e5	mBackground	0.604086641	NA	NA	8313698	8305920	1397656200.9218488	NA	NA	1397656200.9223645	1397656201.5265207	NA	NA	1397656201.5268188
c3.8xlarge	0.5	a8472c4c-94c6-44b4-82e4-2367f61d7c4d	10473900	9c8a3af9-4ca0-4df6-a4b5-d26c2d437503	mBackground	0.604682755	NA	NA	8256098	8248320	1397656200.9438622	NA	NA	1397656200.9446573	1397656201.5494108	NA	NA	1397656201.5500154
c3.8xlarge	0.5	a8472c4c-94c6-44b4-82e4-2367f61d7c4d	10475000	246c63c7-a89c-41c3-975b-329ca522b119	mImgtbl	0.110245806	NA	NA	144489745	10121	1397656201.8507407	NA	NA	1397656201.8550003	1397656201.9653368	NA	NA	1397656201.9663014
c3.8xlarge	0.5	a8472c4c-94c6-44b4-82e4-2367f61d7c4d	10474820	5e1d8d44-19f4-4d7c-97e3-d702050dbec7	mAdd	0.6259323	NA	NA	288978107	51736320	1397656202.2835116	NA	NA	1397656202.2901897	1397656202.9162211	NA	NA	1397656202.91799
c3.8xlarge	0.5	a8472c4c-94c6-44b4-82e4-2367f61d7c4d	10473540	1cb6b0c0-86b4-4b84-bae7-553ed8a0d381	mShrink	0.215528926	NA	NA	25868160	6471360	1397656203.1852307	NA	NA	1397656203.1857197	1397656203.4013228	NA	NA	1397656203.4015563
c3.8xlarge	0.5	a8472c4c-94c6-44b4-82e4-2367f61d7c4d	33810880	e74a8e55-9054-49ea-974f-b6681b701de0	mJPEG	0.2929269	NA	NA	6471360	119281	1397656203.664952	NA	NA	1397656203.6657221	1397656203.9587188	NA	NA	1397656203.9595015
