c3.large	0.5	6ab98aaf-b236-4986-ad8e-5f8dba7f7591	30829260	56825dc8-f674-4620-93a0-39f5a489fe11	mProjectPP	1.329778212	NA	NA	2111346	8231040	1398146549.6825194	NA	NA	1398146549.700435	1398146551.0303054	NA	NA	1398146551.0307064
c3.large	0.5	6ab98aaf-b236-4986-ad8e-5f8dba7f7591	30829100	73badafa-7189-426b-9146-bb4c75bd3d4c	mProjectPP	1.281943634	NA	NA	2111346	8242560	1398146549.7485864	NA	NA	1398146549.7488027	1398146551.0307894	NA	NA	1398146551.03092
c3.large	0.5	6ab98aaf-b236-4986-ad8e-5f8dba7f7591	30829100	b2e86569-624c-4682-80b5-f74910aa1478	mProjectPP	1.219476912	NA	NA	2111346	8300160	1398146551.036617	NA	NA	1398146551.0368176	1398146552.2564034	NA	NA	1398146552.256861
c3.large	0.5	6ab98aaf-b236-4986-ad8e-5f8dba7f7591	30829260	3f000769-954d-45af-91e7-434f7a026995	mProjectPP	1.222586011	NA	NA	2111346	8231040	1398146551.0360959	NA	NA	1398146551.0363755	1398146552.2590082	NA	NA	1398146552.2594686
c3.large	0.5	6ab98aaf-b236-4986-ad8e-5f8dba7f7591	30829260	d8e0e38b-cc6d-4eae-89c4-fcbe1123dd16	mProjectPP	1.202511806	NA	NA	2111346	8248320	1398146552.2770343	NA	NA	1398146552.2774608	1398146553.4800558	NA	NA	1398146553.480996
c3.large	0.5	6ab98aaf-b236-4986-ad8e-5f8dba7f7591	30829100	d87a47e0-8bab-4411-9d84-04d273828b7c	mProjectPP	1.247509847	NA	NA	2111346	8288640	1398146552.2620113	NA	NA	1398146552.262189	1398146553.5097797	NA	NA	1398146553.5101428
c3.large	0.5	6ab98aaf-b236-4986-ad8e-5f8dba7f7591	30829260	38248d66-2dbf-4c52-9648-d7e368229f19	mProjectPP	1.19432173	NA	NA	2111346	8248320	1398146553.484787	NA	NA	1398146553.485164	1398146554.6795812	NA	NA	1398146554.6808207
c3.large	0.5	6ab98aaf-b236-4986-ad8e-5f8dba7f7591	30829100	10dd1d9c-861c-454e-a951-742428e83c7e	mProjectPP	1.213128984	NA	NA	2111346	8248320	1398146553.513673	NA	NA	1398146553.5138907	1398146554.7270968	NA	NA	1398146554.727431
c3.large	0.5	6ab98aaf-b236-4986-ad8e-5f8dba7f7591	30829260	a544df50-915f-4e5f-a95d-93d31d9625a0	mProjectPP	1.190494898	NA	NA	2111346	8242560	1398146554.684556	NA	NA	1398146554.6848962	1398146555.8756375	NA	NA	1398146555.876408
c3.large	0.5	6ab98aaf-b236-4986-ad8e-5f8dba7f7591	30829100	e1778104-dc91-47ef-b857-38c3ceaf5bfd	mProjectPP	1.191714079	NA	NA	2111346	8231040	1398146554.731473	NA	NA	1398146554.7317784	1398146555.9235709	NA	NA	1398146555.9239974
c3.large	0.5	6ab98aaf-b236-4986-ad8e-5f8dba7f7591	30829260	7670b4bb-0f91-42e0-8778-8f864f0a0110	mProjectPP	1.191982252	NA	NA	2111346	8259840	1398146555.8802223	NA	NA	1398146555.8804612	1398146557.0725574	NA	NA	1398146557.0729961
c3.large	0.5	6ab98aaf-b236-4986-ad8e-5f8dba7f7591	30829100	a259f604-002e-492e-ba4d-fb314d672af5	mProjectPP	1.193488963	NA	NA	2111346	8248320	1398146555.9276145	NA	NA	1398146555.9278495	1398146557.1214035	NA	NA	1398146557.1216435
c3.large	0.5	6ab98aaf-b236-4986-ad8e-5f8dba7f7591	30829260	ea5ae3c5-1f91-4d76-9c2e-1bd786b28d3e	mProjectPP	1.211162862	NA	NA	2111346	8248320	1398146557.0777698	NA	NA	1398146557.0780034	1398146558.2892978	NA	NA	1398146558.289729
c3.large	0.5	6ab98aaf-b236-4986-ad8e-5f8dba7f7591	30829100	2b1beb2b-dc7d-42c4-8ad6-c49e928b0dbe	mProjectPP	1.192245154	NA	NA	2111346	8248320	1398146557.1249454	NA	NA	1398146557.125131	1398146558.3174574	NA	NA	1398146558.317882
c3.large	0.5	6ab98aaf-b236-4986-ad8e-5f8dba7f7591	30829100	f09f71b9-e30b-4fc1-bf51-bedaece6c057	mProjectPP	1.181722465	NA	NA	2111346	8231040	1398146558.3212872	NA	NA	1398146558.3214724	1398146559.5033069	NA	NA	1398146559.504839
c3.large	0.5	6ab98aaf-b236-4986-ad8e-5f8dba7f7591	30829260	48a89255-649f-4fdf-a60b-e1c87ebb96c2	mProjectPP	1.230858766	NA	NA	2111346	8248320	1398146558.2950602	NA	NA	1398146558.2953417	1398146559.5262794	NA	NA	1398146559.526562
c3.large	0.5	6ab98aaf-b236-4986-ad8e-5f8dba7f7591	30829100	16492110-6e7d-41b8-929d-6355321f73fd	mProjectPP	1.121852774	NA	NA	2111346	8300160	1398146559.5087576	NA	NA	1398146559.5090404	1398146560.6309881	NA	NA	1398146560.6322129
c3.large	0.5	6ab98aaf-b236-4986-ad8e-5f8dba7f7591	30829260	0f57726d-af9d-4699-bbf9-8cc76274d844	mProjectPP	1.259241629	NA	NA	2111346	8248320	1398146559.5299032	NA	NA	1398146559.530117	1398146560.789449	NA	NA	1398146560.7897937
c3.large	0.5	6ab98aaf-b236-4986-ad8e-5f8dba7f7591	30829100	889b9cee-3395-45eb-adf0-52cb8337c98f	mProjectPP	1.191611899	NA	NA	2111346	8259840	1398146560.6359937	NA	NA	1398146560.6363192	1398146561.8280125	NA	NA	1398146561.8288357
c3.large	0.5	6ab98aaf-b236-4986-ad8e-5f8dba7f7591	30829260	f967ad96-cdc4-4709-91a4-18fa921be915	mProjectPP	1.201270287	NA	NA	2111346	8282880	1398146560.7938645	NA	NA	1398146560.7941751	1398146561.9955382	NA	NA	1398146561.9963589
c3.large	0.5	6ab98aaf-b236-4986-ad8e-5f8dba7f7591	30829100	36543a02-c463-4840-a43c-6dd18f31edc8	mProjectPP	1.193216719	NA	NA	2111346	8248320	1398146561.8324838	NA	NA	1398146561.8327293	1398146563.0260491	NA	NA	1398146563.026377
c3.large	0.5	6ab98aaf-b236-4986-ad8e-5f8dba7f7591	30829260	8ccfa656-c957-46af-b437-6323a3cb87d3	mProjectPP	1.195392376	NA	NA	2111346	8259840	1398146562.0000248	NA	NA	1398146562.000374	1398146563.1958742	NA	NA	1398146563.1962166
c3.large	0.5	6ab98aaf-b236-4986-ad8e-5f8dba7f7591	30829100	d29866e8-3d8a-4075-af77-f51fffdd80e2	mProjectPP	1.195588547	NA	NA	2111346	8248320	1398146563.0311334	NA	NA	1398146563.0313737	1398146564.2270715	NA	NA	1398146564.2274194
c3.large	0.5	6ab98aaf-b236-4986-ad8e-5f8dba7f7591	30829260	bf7849f9-0b7c-4b24-a8f0-80d3da16a688	mProjectPP	1.195007245	NA	NA	2111346	8259840	1398146563.2002099	NA	NA	1398146563.2004616	1398146564.3955503	NA	NA	1398146564.396408
c3.large	0.5	6ab98aaf-b236-4986-ad8e-5f8dba7f7591	30829100	b8b2c6b1-b790-46be-adab-b32030e834de	mProjectPP	1.191858058	NA	NA	2111346	8288640	1398146564.2319164	NA	NA	1398146564.2321584	1398146565.4241252	NA	NA	1398146565.4245896
c3.large	0.5	6ab98aaf-b236-4986-ad8e-5f8dba7f7591	30829260	032f5b68-7966-4581-82c6-2a22cad99c83	mProjectPP	1.169089516	NA	NA	2111346	8305920	1398146564.399968	NA	NA	1398146564.4002056	1398146565.5693903	NA	NA	1398146565.5697932
c3.large	0.5	6ab98aaf-b236-4986-ad8e-5f8dba7f7591	30829100	9d6a0827-2e31-47bf-961e-676d7ce1da9a	mProjectPP	1.180316209	NA	NA	2111346	8248320	1398146565.429065	NA	NA	1398146565.4293246	1398146566.6097302	NA	NA	1398146566.6105282
c3.large	0.5	6ab98aaf-b236-4986-ad8e-5f8dba7f7591	30829260	1437e06d-b570-40f1-9b87-0d8ee13cfdd5	mProjectPP	1.201162343	NA	NA	2111346	8248320	1398146565.5742633	NA	NA	1398146565.5746112	1398146566.7758665	NA	NA	1398146566.7762043
c3.large	0.5	6ab98aaf-b236-4986-ad8e-5f8dba7f7591	30829100	c2b05973-c299-4127-83e9-82380c64b36a	mProjectPP	1.191186209	NA	NA	2111346	8259840	1398146566.6137345	NA	NA	1398146566.614122	1398146567.805404	NA	NA	1398146567.805814
c3.large	0.5	6ab98aaf-b236-4986-ad8e-5f8dba7f7591	30829260	0e88f24d-f04c-4421-acb3-d772e5077301	mProjectPP	1.211916241	NA	NA	2111346	8242560	1398146566.7815452	NA	NA	1398146566.7817848	1398146567.9937866	NA	NA	1398146567.9946089
c3.large	0.5	6ab98aaf-b236-4986-ad8e-5f8dba7f7591	30829100	4f9bb79a-097a-4bdc-b41e-3abd57aebf23	mProjectPP	1.172855763	NA	NA	2111346	8231040	1398146567.8103895	NA	NA	1398146567.8106399	1398146568.9835877	NA	NA	1398146568.9845169
c3.large	0.5	6ab98aaf-b236-4986-ad8e-5f8dba7f7591	30829260	049620ac-da8e-409c-aeee-3e6f140e4fb4	mProjectPP	1.184524675	NA	NA	2111346	8242560	1398146567.9980361	NA	NA	1398146567.9983447	1398146569.1829646	NA	NA	1398146569.1833184
c3.large	0.5	6ab98aaf-b236-4986-ad8e-5f8dba7f7591	30829100	f98dde84-421d-4acc-90af-ab6f8b4b45d9	mProjectPP	1.201268736	NA	NA	2111346	8242560	1398146568.9881122	NA	NA	1398146568.9883494	1398146570.1897104	NA	NA	1398146570.1905856
c3.large	0.5	6ab98aaf-b236-4986-ad8e-5f8dba7f7591	30829260	62d50812-64fc-40af-9888-7a27836c2b92	mProjectPP	1.185972091	NA	NA	2111346	8305920	1398146569.187297	NA	NA	1398146569.1875389	1398146570.3736389	NA	NA	1398146570.3744178
c3.large	0.5	6ab98aaf-b236-4986-ad8e-5f8dba7f7591	30829260	9e3228e8-fba3-4415-b493-452f94812350	mDiffFit	0.3126908	NA	NA	16531506	472594	1398146570.377952	NA	NA	1398146570.37878	1398146570.6915538	NA	NA	1398146570.692538
c3.large	0.5	6ab98aaf-b236-4986-ad8e-5f8dba7f7591	30829260	c996a8e2-bbd6-4296-8f5d-965cb5b7f77c	mDiffFit	0.119110223	NA	NA	16473906	147146	1398146570.6960683	NA	NA	1398146570.6968772	1398146570.8160775	NA	NA	1398146570.816421
c3.large	0.5	6ab98aaf-b236-4986-ad8e-5f8dba7f7591	30829260	c2f65d41-941d-40f7-a2d0-62b01668bcfc	mDiffFit	0.135375107	NA	NA	16479666	222029	1398146570.82065	NA	NA	1398146570.8213618	1398146570.9568198	NA	NA	1398146570.9572556
c3.large	0.5	6ab98aaf-b236-4986-ad8e-5f8dba7f7591	30829260	380d6991-57ab-41c0-9a44-98ad6e44d874	mDiffFit	0.121035794	NA	NA	16491186	144271	1398146570.961077	NA	NA	1398146570.9619272	1398146571.0830498	NA	NA	1398146571.0834203
c3.large	0.5	6ab98aaf-b236-4986-ad8e-5f8dba7f7591	30829260	d5671abf-2ecb-47bf-a784-68ceeb46f071	mDiffFit	0.133718864	NA	NA	16548786	250828	1398146571.0876951	NA	NA	1398146571.08848	1398146571.2222924	NA	NA	1398146571.2226686
c3.large	0.5	6ab98aaf-b236-4986-ad8e-5f8dba7f7591	30829100	b7489c85-cdf8-4fa0-955c-e719321fde7e	mProjectPP	1.055405503	NA	NA	2111346	8248320	1398146570.1939795	NA	NA	1398146570.1942859	1398146571.2497811	NA	NA	1398146571.2501512
c3.large	0.5	6ab98aaf-b236-4986-ad8e-5f8dba7f7591	30829100	aa2dc752-5b0d-48db-a02e-55d221e663c4	mDiffFit	0.130791545	NA	NA	16589106	222032	1398146571.2539988	NA	NA	1398146571.2549186	1398146571.3858101	NA	NA	1398146571.3862813
c3.large	0.5	6ab98aaf-b236-4986-ad8e-5f8dba7f7591	30829260	0b94b17b-34ed-48bd-9dcd-4db99cea703b	mDiffFit	0.181337335	NA	NA	16537266	472590	1398146571.2270906	NA	NA	1398146571.2280686	1398146571.4095068	NA	NA	1398146571.4098446
c3.large	0.5	6ab98aaf-b236-4986-ad8e-5f8dba7f7591	30829100	a258a662-0a5c-487d-b540-a9e998d6c89f	mDiffFit	0.110471657	NA	NA	16479666	147143	1398146571.3905182	NA	NA	1398146571.391447	1398146571.502018	NA	NA	1398146571.5023456
c3.large	0.5	6ab98aaf-b236-4986-ad8e-5f8dba7f7591	30829260	794c65d3-1b3b-4df3-9bc8-e775bb47239f	mDiffFit	0.128254971	NA	NA	16491186	219152	1398146571.4137979	NA	NA	1398146571.414638	1398146571.5429895	NA	NA	1398146571.5433187
c3.large	0.5	6ab98aaf-b236-4986-ad8e-5f8dba7f7591	30829100	2a48b531-822a-494a-96dc-d1f3ef456d30	mDiffFit	0.170464709	NA	NA	16479666	466822	1398146571.5064373	NA	NA	1398146571.5071049	1398146571.6776607	NA	NA	1398146571.6780214
c3.large	0.5	6ab98aaf-b236-4986-ad8e-5f8dba7f7591	30829260	d1aae641-d8e4-49f3-b171-5056666c8330	mDiffFit	0.171348616	NA	NA	16496946	481232	1398146571.54714	NA	NA	1398146571.5482495	1398146571.7196925	NA	NA	1398146571.7201297
c3.large	0.5	6ab98aaf-b236-4986-ad8e-5f8dba7f7591	30829100	9180fb7b-d23b-49ee-b4e3-2465e2b3ee2d	mDiffFit	0.123128946	NA	NA	16479666	155786	1398146571.6819303	NA	NA	1398146571.6828136	1398146571.8060226	NA	NA	1398146571.8068752
c3.large	0.5	6ab98aaf-b236-4986-ad8e-5f8dba7f7591	30829260	b75d7968-4b56-4116-bd9b-760b40c75593	mDiffFit	0.168411773	NA	NA	16485426	472591	1398146571.7234194	NA	NA	1398146571.7242095	1398146571.892728	NA	NA	1398146571.8932815
c3.large	0.5	6ab98aaf-b236-4986-ad8e-5f8dba7f7591	30829100	5b8987ec-501c-4550-87bb-815f5b52d733	mDiffFit	0.12531891	NA	NA	16473906	222033	1398146571.8102415	NA	NA	1398146571.8107276	1398146571.9361262	NA	NA	1398146571.9364321
c3.large	0.5	6ab98aaf-b236-4986-ad8e-5f8dba7f7591	30829260	16735d63-e6df-4ab6-aa4c-7278a20dbb2c	mDiffFit	0.170538586	NA	NA	16491186	492747	1398146571.8974512	NA	NA	1398146571.898159	1398146572.0687852	NA	NA	1398146572.0694861
c3.large	0.5	6ab98aaf-b236-4986-ad8e-5f8dba7f7591	30829100	101aa75b-afae-4379-8193-bea087c37b0e	mDiffFit	0.176665511	NA	NA	16473906	469714	1398146571.9404602	NA	NA	1398146571.9412441	1398146572.1180146	NA	NA	1398146572.1183455
c3.large	0.5	6ab98aaf-b236-4986-ad8e-5f8dba7f7591	30829260	a13a5a59-a039-45e5-aa21-69b55f9201d5	mDiffFit	0.135145975	NA	NA	16519986	247952	1398146572.0729196	NA	NA	1398146572.0736716	1398146572.2088974	NA	NA	1398146572.2095928
c3.large	0.5	6ab98aaf-b236-4986-ad8e-5f8dba7f7591	30829100	0dbba068-5f14-4ad1-a9ca-1e68f4409709	mDiffFit	0.12703294	NA	NA	16479666	224915	1398146572.1222293	NA	NA	1398146572.123016	1398146572.2501256	NA	NA	1398146572.2503593
c3.large	0.5	6ab98aaf-b236-4986-ad8e-5f8dba7f7591	30829100	638e200c-677e-42bb-a123-5388ade7a2bf	mDiffFit	0.127703131	NA	NA	16479666	224912	1398146572.254318	NA	NA	1398146572.2548296	1398146572.3826456	NA	NA	1398146572.3832257
c3.large	0.5	6ab98aaf-b236-4986-ad8e-5f8dba7f7591	30829260	bdcdfbb5-1c73-449d-84ef-cc5b04095eec	mDiffFit	0.194130685	NA	NA	16508466	478346	1398146572.2129865	NA	NA	1398146572.2137227	1398146572.4079335	NA	NA	1398146572.4083009
c3.large	0.5	6ab98aaf-b236-4986-ad8e-5f8dba7f7591	30829100	57c80e21-5556-4cb2-b3a5-bceb7b0e21c6	mDiffFit	0.107126591	NA	NA	16496946	144262	1398146572.3881016	NA	NA	1398146572.3892288	1398146572.4964666	NA	NA	1398146572.4972916
c3.large	0.5	6ab98aaf-b236-4986-ad8e-5f8dba7f7591	30829260	8583fde4-24d1-4db0-8642-a4cc76884f47	mDiffFit	0.176587658	NA	NA	16496946	492743	1398146572.4126518	NA	NA	1398146572.4135737	1398146572.590247	NA	NA	1398146572.5906115
c3.large	0.5	6ab98aaf-b236-4986-ad8e-5f8dba7f7591	30829100	2de701ec-8854-4327-a25c-57116d62bc01	mDiffFit	0.175344578	NA	NA	16479666	492746	1398146572.5012221	NA	NA	1398146572.502012	1398146572.6774528	NA	NA	1398146572.6778555
c3.large	0.5	6ab98aaf-b236-4986-ad8e-5f8dba7f7591	30829260	a13072cd-16f8-486a-87de-29831072f7a8	mDiffFit	0.124185377	NA	NA	16496946	222027	1398146572.5947447	NA	NA	1398146572.5957732	1398146572.7200468	NA	NA	1398146572.7204666
c3.large	0.5	6ab98aaf-b236-4986-ad8e-5f8dba7f7591	30829100	4e2ee96b-a628-44b1-bc3f-d3c7f3f87b53	mDiffFit	0.119823251	NA	NA	16496946	155777	1398146572.6820176	NA	NA	1398146572.6827934	1398146572.8026888	NA	NA	1398146572.8029926
c3.large	0.5	6ab98aaf-b236-4986-ad8e-5f8dba7f7591	30829260	c9da037f-c060-4e65-be87-1bad4d4db571	mDiffFit	0.128056114	NA	NA	16496946	224900	1398146572.7244859	NA	NA	1398146572.725593	1398146572.8537452	NA	NA	1398146572.8541498
c3.large	0.5	6ab98aaf-b236-4986-ad8e-5f8dba7f7591	30829260	18956332-cced-4457-bba5-bc15b32deb97	mDiffFit	0.116385462	NA	NA	16479666	152900	1398146572.8582835	NA	NA	1398146572.859378	1398146572.9758625	NA	NA	1398146572.9762762
c3.large	0.5	6ab98aaf-b236-4986-ad8e-5f8dba7f7591	30829100	90b8ab66-dade-4edd-8cbf-3f78a8f806a2	mDiffFit	0.188560117	NA	NA	16479666	486982	1398146572.807065	NA	NA	1398146572.8080387	1398146572.99669	NA	NA	1398146572.9971104
c3.large	0.5	6ab98aaf-b236-4986-ad8e-5f8dba7f7591	30829260	f571d160-40a6-4c11-9c20-9aa727a334e4	mDiffFit	0.116045769	NA	NA	16479666	224906	1398146572.98053	NA	NA	1398146572.9814332	1398146573.0975823	NA	NA	1398146573.0979543
c3.large	0.5	6ab98aaf-b236-4986-ad8e-5f8dba7f7591	30829100	b9c40303-f8e9-47bf-83fb-9c34c9a0f32d	mDiffFit	0.123275345	NA	NA	16496946	150020	1398146573.0024958	NA	NA	1398146573.003427	1398146573.1268654	NA	NA	1398146573.1272495
c3.large	0.5	6ab98aaf-b236-4986-ad8e-5f8dba7f7591	30829260	8da010fd-4094-43e2-9e06-4668a93fac44	mDiffFit	0.129970283	NA	NA	16508466	219152	1398146573.1020777	NA	NA	1398146573.1031654	1398146573.2332418	NA	NA	1398146573.2336702
c3.large	0.5	6ab98aaf-b236-4986-ad8e-5f8dba7f7591	30829100	1f28de66-af05-44e8-bf49-eff2e80c2ab5	mDiffFit	0.168864925	NA	NA	16496946	486982	1398146573.1310444	NA	NA	1398146573.1320505	1398146573.3009996	NA	NA	1398146573.3013499
c3.large	0.5	6ab98aaf-b236-4986-ad8e-5f8dba7f7591	30829260	736ff54f-e1fc-4509-baf1-957eca798995	mDiffFit	0.140509674	NA	NA	16531506	253710	1398146573.2379115	NA	NA	1398146573.2388985	1398146573.3795285	NA	NA	1398146573.381084
c3.large	0.5	6ab98aaf-b236-4986-ad8e-5f8dba7f7591	30829100	18853412-8ef3-41e5-bdb1-fbe2d534ea84	mDiffFit	0.129046206	NA	NA	16600626	224919	1398146573.3054206	NA	NA	1398146573.3060584	1398146573.4352338	NA	NA	1398146573.4357994
c3.large	0.5	6ab98aaf-b236-4986-ad8e-5f8dba7f7591	30829260	b89de667-a299-4f71-92da-28054e806762	mDiffFit	0.174368622	NA	NA	16479666	489873	1398146573.3850107	NA	NA	1398146573.3860915	1398146573.5606024	NA	NA	1398146573.561106
c3.large	0.5	6ab98aaf-b236-4986-ad8e-5f8dba7f7591	30829100	8af1783f-6c93-48af-96da-8c4ec6dcf54b	mDiffFit	0.145034976	NA	NA	16496946	219145	1398146573.4402187	NA	NA	1398146573.4415781	1398146573.5866888	NA	NA	1398146573.5870361
c3.large	0.5	6ab98aaf-b236-4986-ad8e-5f8dba7f7591	30829260	c73a22d8-c4ef-4348-8178-3391a39cbb99	mDiffFit	0.169340623	NA	NA	16496946	458186	1398146573.5662816	NA	NA	1398146573.5679233	1398146573.7374234	NA	NA	1398146573.7386117
c3.large	0.5	6ab98aaf-b236-4986-ad8e-5f8dba7f7591	30829100	7999da22-9e2e-4eb9-882a-9e46898d271e	mDiffFit	0.142790782	NA	NA	16508466	222030	1398146573.5914555	NA	NA	1398146573.6200147	1398146573.7629278	NA	NA	1398146573.7632873
c3.large	0.5	6ab98aaf-b236-4986-ad8e-5f8dba7f7591	30829100	84ed4569-768d-48d0-866b-4ea07e4a1149	mDiffFit	0.115441544	NA	NA	16491186	155781	1398146573.7677522	NA	NA	1398146573.7685187	1398146573.8840475	NA	NA	1398146573.8844213
c3.large	0.5	6ab98aaf-b236-4986-ad8e-5f8dba7f7591	30829260	89d4c8e9-6371-4e56-91ad-8ea52e0c3038	mDiffFit	0.172864052	NA	NA	16508466	507144	1398146573.7423856	NA	NA	1398146573.7429616	1398146573.9159033	NA	NA	1398146573.916308
c3.large	0.5	6ab98aaf-b236-4986-ad8e-5f8dba7f7591	30829260	4b7e26c8-670a-4218-8139-77d5a0759ec7	mDiffFit	0.133013349	NA	NA	16508466	224899	1398146573.9200706	NA	NA	1398146573.9206016	1398146574.053723	NA	NA	1398146574.0541222
c3.large	0.5	6ab98aaf-b236-4986-ad8e-5f8dba7f7591	30829100	ee83b610-35ed-4a68-ac60-19937592880b	mDiffFit	0.188451473	NA	NA	16508466	472588	1398146573.8883436	NA	NA	1398146573.8890393	1398146574.077579	NA	NA	1398146574.078139
c3.large	0.5	6ab98aaf-b236-4986-ad8e-5f8dba7f7591	30829100	88de8279-4e6d-45f9-8dca-f34e2fd4b1f5	mDiffFit	0.125820689	NA	NA	16519986	222027	1398146574.0831485	NA	NA	1398146574.0840468	1398146574.2099595	NA	NA	1398146574.2102883
c3.large	0.5	6ab98aaf-b236-4986-ad8e-5f8dba7f7591	30829260	6360f6e9-6f3c-45fb-abea-059ec74e20b4	mDiffFit	0.178478338	NA	NA	16479666	492744	1398146574.058784	NA	NA	1398146574.0598078	1398146574.2383718	NA	NA	1398146574.2387266
c3.large	0.5	6ab98aaf-b236-4986-ad8e-5f8dba7f7591	30829260	9cf12c78-8e51-4807-9f66-76fd8b022efa	mDiffFit	0.11474196	NA	NA	16508466	155784	1398146574.242707	NA	NA	1398146574.243547	1398146574.3583906	NA	NA	1398146574.358812
c3.large	0.5	6ab98aaf-b236-4986-ad8e-5f8dba7f7591	30829100	bbcab61e-f2d3-49d9-9421-8a7dbe50727c	mDiffFit	0.179950671	NA	NA	16519986	504264	1398146574.2144287	NA	NA	1398146574.2149436	1398146574.3949795	NA	NA	1398146574.3953104
c3.large	0.5	6ab98aaf-b236-4986-ad8e-5f8dba7f7591	30829100	3ff1554a-1c49-4b84-92ae-e37a70ede5c0	mDiffFit	0.121397781	NA	NA	16508466	144264	1398146574.3998892	NA	NA	1398146574.4007554	1398146574.5222561	NA	NA	1398146574.5227077
c3.large	0.5	6ab98aaf-b236-4986-ad8e-5f8dba7f7591	30829260	421bb0a6-f649-4d00-a6af-888ee055d668	mDiffFit	0.182888346	NA	NA	16519986	472590	1398146574.3627732	NA	NA	1398146574.3635004	1398146574.5464535	NA	NA	1398146574.5466657
c3.large	0.5	6ab98aaf-b236-4986-ad8e-5f8dba7f7591	30829100	3899b997-07e3-4367-a1fa-3bf9b83c3373	mDiffFit	0.14474805	NA	NA	16548786	311308	1398146574.5274048	NA	NA	1398146574.5283282	1398146574.6731908	NA	NA	1398146574.6735816
c3.large	0.5	6ab98aaf-b236-4986-ad8e-5f8dba7f7591	30829260	ab58f5bc-6bdd-40f4-be75-ce81520ced72	mDiffFit	0.147916003	NA	NA	16537266	288266	1398146574.5505662	NA	NA	1398146574.5511098	1398146574.6992497	NA	NA	1398146574.699469
c3.large	0.5	6ab98aaf-b236-4986-ad8e-5f8dba7f7591	30829100	36f0e3af-698f-428c-ad9a-f3501088ffb6	mDiffFit	0.127531558	NA	NA	16594866	222030	1398146574.6786368	NA	NA	1398146574.6793766	1398146574.80701	NA	NA	1398146574.8073287
c3.large	0.5	6ab98aaf-b236-4986-ad8e-5f8dba7f7591	30829260	b221d1e1-1c67-4ad7-8008-d4654fac0f50	mDiffFit	0.131732885	NA	NA	16589106	224912	1398146574.7038343	NA	NA	1398146574.7043345	1398146574.8361251	NA	NA	1398146574.8364165
c3.large	0.5	6ab98aaf-b236-4986-ad8e-5f8dba7f7591	30829260	9ab3d58c-fc24-4c0e-a672-dba77af2ef4e	mDiffFit	0.114721577	NA	NA	16508466	147143	1398146574.8403645	NA	NA	1398146574.8409338	1398146574.9557703	NA	NA	1398146574.9561288
c3.large	0.5	6ab98aaf-b236-4986-ad8e-5f8dba7f7591	30829100	2cfed82c-d9dc-400b-89c1-e7ec621a737f	mDiffFit	0.163932773	NA	NA	16554546	311303	1398146574.812351	NA	NA	1398146574.8131282	1398146574.977159	NA	NA	1398146574.9774837
c3.large	0.5	6ab98aaf-b236-4986-ad8e-5f8dba7f7591	30829100	8b9f7f58-8f94-475b-8242-3d86229a0651	mDiffFit	0.141236931	NA	NA	16554546	279628	1398146574.9824193	NA	NA	1398146574.9828863	1398146575.1241922	NA	NA	1398146575.1250253
c3.large	0.5	6ab98aaf-b236-4986-ad8e-5f8dba7f7591	30829260	ec9f28f0-02a6-48c6-8e27-6135f7bd200e	mDiffFit	0.185584908	NA	NA	16496946	472587	1398146574.960303	NA	NA	1398146574.961213	1398146575.1468973	NA	NA	1398146575.1472769
c3.large	0.5	6ab98aaf-b236-4986-ad8e-5f8dba7f7591	30829100	960ba201-a5df-4ed2-845b-827d1136e79d	mDiffFit	0.143492926	NA	NA	16531506	305549	1398146575.128914	NA	NA	1398146575.1297212	1398146575.2733088	NA	NA	1398146575.2736225
c3.large	0.5	6ab98aaf-b236-4986-ad8e-5f8dba7f7591	30829260	b00429d7-f1dd-4f50-a39d-735c335651ba	mDiffFit	0.143976996	NA	NA	16496946	224908	1398146575.1514618	NA	NA	1398146575.152245	1398146575.296292	NA	NA	1398146575.296507
c3.large	0.5	6ab98aaf-b236-4986-ad8e-5f8dba7f7591	30829100	cce409fd-13b7-47d9-b48d-a8bebf67d58a	mDiffFit	0.126329517	NA	NA	16496946	224911	1398146575.2779016	NA	NA	1398146575.2786756	1398146575.4051206	NA	NA	1398146575.405503
c3.large	0.5	6ab98aaf-b236-4986-ad8e-5f8dba7f7591	30829260	9c3cb711-e492-407c-9e7d-5a157fbf4203	mDiffFit	0.12899321	NA	NA	16496946	155785	1398146575.3007812	NA	NA	1398146575.3012936	1398146575.4303675	NA	NA	1398146575.4306715
c3.large	0.5	6ab98aaf-b236-4986-ad8e-5f8dba7f7591	30829100	df9cf5dd-5ebe-4925-bff4-c44b993ca938	mDiffFit	0.115198836	NA	NA	16496946	144269	1398146575.410714	NA	NA	1398146575.4114466	1398146575.5268533	NA	NA	1398146575.5271997
c3.large	0.5	6ab98aaf-b236-4986-ad8e-5f8dba7f7591	30829260	d9de5444-8e17-41ed-89fc-9631683de0f1	mDiffFit	0.175717976	NA	NA	16508466	492748	1398146575.4352555	NA	NA	1398146575.4356716	1398146575.611476	NA	NA	1398146575.6118326
c3.large	0.5	6ab98aaf-b236-4986-ad8e-5f8dba7f7591	30829100	09bd9896-bceb-41db-a90e-405d1f475f11	mDiffFit	0.126292538	NA	NA	16508466	222029	1398146575.531959	NA	NA	1398146575.5327094	1398146575.6590986	NA	NA	1398146575.6594071
c3.large	0.5	6ab98aaf-b236-4986-ad8e-5f8dba7f7591	30829260	494f3455-596d-4c1c-b5af-1a96e599afb8	mDiffFit	0.119077774	NA	NA	16491186	155782	1398146575.6160278	NA	NA	1398146575.6167316	1398146575.7359118	NA	NA	1398146575.7364132
c3.large	0.5	6ab98aaf-b236-4986-ad8e-5f8dba7f7591	30829100	a779b162-e0aa-4717-acaa-729efc33c4bd	mDiffFit	0.173400949	NA	NA	16502706	486991	1398146575.6643195	NA	NA	1398146575.664975	1398146575.8384821	NA	NA	1398146575.8388245
c3.large	0.5	6ab98aaf-b236-4986-ad8e-5f8dba7f7591	30829260	c6c1c24e-3e72-4a06-967e-f41a2e11c936	mDiffFit	0.123443385	NA	NA	16491186	152907	1398146575.7408102	NA	NA	1398146575.7418182	1398146575.8653452	NA	NA	1398146575.8656538
c3.large	0.5	6ab98aaf-b236-4986-ad8e-5f8dba7f7591	30829100	22c51fd3-3d69-4f9c-931d-687b53cedb3f	mDiffFit	0.12921657	NA	NA	16473906	224910	1398146575.8434398	NA	NA	1398146575.844314	1398146575.9736416	NA	NA	1398146575.9739387
c3.large	0.5	6ab98aaf-b236-4986-ad8e-5f8dba7f7591	30829260	8ffc8cc2-fe91-454c-bf23-f788f738ad53	mDiffFit	0.175402321	NA	NA	16479666	452429	1398146575.8700106	NA	NA	1398146575.8708014	1398146576.0463011	NA	NA	1398146576.0467653
c3.large	0.5	6ab98aaf-b236-4986-ad8e-5f8dba7f7591	30829100	19076f03-8676-4f28-a19f-003fef8089b4	mDiffFit	0.127557765	NA	NA	16479666	224914	1398146575.9784298	NA	NA	1398146575.9791534	1398146576.1068165	NA	NA	1398146576.1071835
c3.large	0.5	6ab98aaf-b236-4986-ad8e-5f8dba7f7591	30829260	24b786cb-2dda-4a8b-9c5e-d3942013d95d	mDiffFit	0.177358976	NA	NA	16473906	495636	1398146576.0511804	NA	NA	1398146576.0522122	1398146576.229679	NA	NA	1398146576.2300227
c3.large	0.5	6ab98aaf-b236-4986-ad8e-5f8dba7f7591	30829100	4f1de9fd-2895-4b0b-be1f-89514586ba1e	mDiffFit	0.144642902	NA	NA	16473906	222038	1398146576.1116881	NA	NA	1398146576.112508	1398146576.257218	NA	NA	1398146576.2574227
c3.large	0.5	6ab98aaf-b236-4986-ad8e-5f8dba7f7591	30829100	e485932e-730e-4630-a303-36b363e281a6	mDiffFit	0.114718226	NA	NA	16491186	150034	1398146576.261454	NA	NA	1398146576.262063	1398146576.3768835	NA	NA	1398146576.377241
c3.large	0.5	6ab98aaf-b236-4986-ad8e-5f8dba7f7591	30829260	c13473b7-4552-4d0d-8276-b2375fce5c55	mDiffFit	0.175096503	NA	NA	16543026	472593	1398146576.234654	NA	NA	1398146576.235643	1398146576.4108114	NA	NA	1398146576.4111533
c3.large	0.5	6ab98aaf-b236-4986-ad8e-5f8dba7f7591	30829100	6b1ce01e-64ad-4270-bd98-e161ecb381ae	mDiffFit	0.123967357	NA	NA	16491186	147146	1398146576.3819973	NA	NA	1398146576.3828042	1398146576.5068557	NA	NA	1398146576.5081713
c3.large	0.5	6ab98aaf-b236-4986-ad8e-5f8dba7f7591	30829260	aa66c240-2a45-4c21-af70-44a863030827	mDiffFit	0.131439167	NA	NA	16491186	224911	1398146576.4156454	NA	NA	1398146576.4160862	1398146576.5476217	NA	NA	1398146576.5480301
c3.large	0.5	6ab98aaf-b236-4986-ad8e-5f8dba7f7591	30829100	e4e84662-d4dc-4092-8839-657320d04708	mDiffFit	0.144752353	NA	NA	16525746	285387	1398146576.5120718	NA	NA	1398146576.5127165	1398146576.6575465	NA	NA	1398146576.6584854
c3.large	0.5	6ab98aaf-b236-4986-ad8e-5f8dba7f7591	30829260	18af4fcc-2546-4edd-a689-a78a9c8e715a	mDiffFit	0.145328186	NA	NA	16548786	305554	1398146576.552911	NA	NA	1398146576.5537033	1398146576.6991224	NA	NA	1398146576.6994395
c3.large	0.5	6ab98aaf-b236-4986-ad8e-5f8dba7f7591	30829100	b18171eb-e6a8-46e1-8097-66314e3e4bd3	mDiffFit	0.128743403	NA	NA	16589106	224919	1398146576.6618779	NA	NA	1398146576.662591	1398146576.791438	NA	NA	1398146576.7917929
c3.large	0.5	6ab98aaf-b236-4986-ad8e-5f8dba7f7591	30829260	b40aa1f0-fd72-4966-8a63-9a31b3150117	mDiffFit	0.130321418	NA	NA	16496946	224913	1398146576.7039478	NA	NA	1398146576.7047021	1398146576.8351173	NA	NA	1398146576.8354435
c3.large	0.5	6ab98aaf-b236-4986-ad8e-5f8dba7f7591	30829100	7b8b1490-2768-439f-92f8-2ce54e65a810	mDiffFit	0.178415736	NA	NA	16491186	498511	1398146576.7959988	NA	NA	1398146576.7967718	1398146576.9752812	NA	NA	1398146576.9755807
c3.large	0.5	6ab98aaf-b236-4986-ad8e-5f8dba7f7591	30829260	93110d77-740b-48c0-a56e-0f68105e44cf	mDiffFit	0.160977624	NA	NA	16491186	472588	1398146576.8395524	NA	NA	1398146576.8404663	1398146577.0014899	NA	NA	1398146577.001924
c3.large	0.5	6ab98aaf-b236-4986-ad8e-5f8dba7f7591	30829100	0199cc02-cc7c-4848-9110-5ac28cd08e78	mConcatFit	1.374350726	NA	NA	25122	17057	1398146577.2933059	NA	NA	1398146577.298752	1398146578.6731904	NA	NA	1398146578.6743953
c3.large	0.5	6ab98aaf-b236-4986-ad8e-5f8dba7f7591	30829260	e2afe259-1a9f-4f59-bf1f-d96b749fac8d	mBgModel	6.33493093	NA	NA	22962	1873	1398146578.9373755	NA	NA	1398146578.9380977	1398146585.2731218	NA	NA	1398146585.2743866
c3.large	0.5	6ab98aaf-b236-4986-ad8e-5f8dba7f7591	30829260	9a86cac3-a6b7-4255-8beb-0ce68db48fb1	mBackground	1.460187288	NA	NA	8250338	8242560	1398146586.0711172	NA	NA	1398146586.07158	1398146587.5318727	NA	NA	1398146587.5329766
c3.large	0.5	6ab98aaf-b236-4986-ad8e-5f8dba7f7591	30829100	c3f1401b-0586-47df-acce-ad83b828a2aa	mBackground	1.858868378	NA	NA	8238818	8231040	1398146585.674457	NA	NA	1398146585.674781	1398146587.533703	NA	NA	1398146587.5340025
c3.large	0.5	6ab98aaf-b236-4986-ad8e-5f8dba7f7591	30829260	089a81b1-e1b9-42cc-9fd9-a5eb4c8d4b69	mBackground	0.106453675	NA	NA	8238818	8231040	1398146587.5368047	NA	NA	1398146587.537062	1398146587.6436741	NA	NA	1398146587.644484
c3.large	0.5	6ab98aaf-b236-4986-ad8e-5f8dba7f7591	30829100	11df46d7-b3bd-4925-90c6-850f1ef8ef78	mBackground	0.631322848	NA	NA	8307938	8300160	1398146587.553917	NA	NA	1398146587.5544693	1398146588.1860166	NA	NA	1398146588.186313
c3.large	0.5	6ab98aaf-b236-4986-ad8e-5f8dba7f7591	30829260	cff01464-9225-437c-b324-ef7c5b310686	mBackground	0.53916621	NA	NA	8296418	8288640	1398146587.6479783	NA	NA	1398146587.6482859	1398146588.1875043	NA	NA	1398146588.187758
c3.large	0.5	6ab98aaf-b236-4986-ad8e-5f8dba7f7591	30829100	233ef1c0-f7de-4d54-8fd0-c77a6e67d51f	mBackground	0.108299996	NA	NA	8256098	8248320	1398146588.1912813	NA	NA	1398146588.1916342	1398146588.3000262	NA	NA	1398146588.3014755
c3.large	0.5	6ab98aaf-b236-4986-ad8e-5f8dba7f7591	30829260	1cad1c57-1cb3-4436-bacd-8a0976bf3496	mBackground	0.135608477	NA	NA	8256098	8248320	1398146588.1918797	NA	NA	1398146588.1921527	1398146588.3278475	NA	NA	1398146588.3283236
c3.large	0.5	6ab98aaf-b236-4986-ad8e-5f8dba7f7591	30829100	e62f96b6-ece6-47be-a586-9aebd245654f	mBackground	0.108643462	NA	NA	8256098	8248320	1398146588.3053231	NA	NA	1398146588.3060377	1398146588.4147785	NA	NA	1398146588.4156399
c3.large	0.5	6ab98aaf-b236-4986-ad8e-5f8dba7f7591	30829260	c743754d-026e-4d52-8433-29d63c657b73	mBackground	0.118553394	NA	NA	8250338	8242560	1398146588.3322773	NA	NA	1398146588.3330479	1398146588.4516695	NA	NA	1398146588.4520164
c3.large	0.5	6ab98aaf-b236-4986-ad8e-5f8dba7f7591	30829100	637ec1e7-c052-4659-87d1-1d43586b540b	mBackground	0.116791182	NA	NA	8238818	8231040	1398146588.4193234	NA	NA	1398146588.4199262	1398146588.5368335	NA	NA	1398146588.5377367
c3.large	0.5	6ab98aaf-b236-4986-ad8e-5f8dba7f7591	30829260	c64aa35d-e729-4b3f-b1fe-49e5bed4d2e2	mBackground	0.113956014	NA	NA	8267618	8259840	1398146588.4560583	NA	NA	1398146588.4564347	1398146588.5704598	NA	NA	1398146588.5708375
c3.large	0.5	6ab98aaf-b236-4986-ad8e-5f8dba7f7591	30829100	1ca5af82-3c4c-4574-815d-dffa4a473990	mBackground	0.11917942	NA	NA	8256098	8248320	1398146588.5428357	NA	NA	1398146588.5434108	1398146588.662706	NA	NA	1398146588.6631222
c3.large	0.5	6ab98aaf-b236-4986-ad8e-5f8dba7f7591	30829260	c7d97a3b-f802-4187-a54a-70a5df51cb03	mBackground	0.117241719	NA	NA	8256098	8248320	1398146588.5749137	NA	NA	1398146588.5752714	1398146588.6925864	NA	NA	1398146588.6928875
c3.large	0.5	6ab98aaf-b236-4986-ad8e-5f8dba7f7591	30829100	20dfc8b6-55f8-47a8-a95d-5ac2d922927a	mBackground	0.109880198	NA	NA	8256098	8248320	1398146588.668522	NA	NA	1398146588.6692739	1398146588.7792404	NA	NA	1398146588.7801833
c3.large	0.5	6ab98aaf-b236-4986-ad8e-5f8dba7f7591	30829260	8ef01d21-116e-4418-9eb2-978279320e11	mBackground	0.115628897	NA	NA	8256098	8248320	1398146588.6964562	NA	NA	1398146588.6969514	1398146588.8126776	NA	NA	1398146588.8130717
c3.large	0.5	6ab98aaf-b236-4986-ad8e-5f8dba7f7591	30829100	8fa76f6b-b3fc-4406-9ec0-248dbfa27f06	mBackground	0.116543031	NA	NA	8238818	8231040	1398146588.783904	NA	NA	1398146588.7846859	1398146588.901338	NA	NA	1398146588.9017978
c3.large	0.5	6ab98aaf-b236-4986-ad8e-5f8dba7f7591	30829260	1c3586c2-414f-4b5c-826b-8e778fd391d8	mBackground	0.117324846	NA	NA	8307938	8300160	1398146588.8170593	NA	NA	1398146588.8176665	1398146588.9350636	NA	NA	1398146588.935284
c3.large	0.5	6ab98aaf-b236-4986-ad8e-5f8dba7f7591	30829100	acdeb026-0cc7-45f3-af65-82e60c9afa15	mBackground	0.118910829	NA	NA	8256098	8248320	1398146588.9066837	NA	NA	1398146588.9073763	1398146589.0264153	NA	NA	1398146589.0268235
c3.large	0.5	6ab98aaf-b236-4986-ad8e-5f8dba7f7591	30829260	8186b184-30fd-4eed-aada-5568f307e5e6	mBackground	0.11654972	NA	NA	8267618	8259840	1398146588.9393625	NA	NA	1398146588.9398293	1398146589.0565765	NA	NA	1398146589.0570295
c3.large	0.5	6ab98aaf-b236-4986-ad8e-5f8dba7f7591	30829100	c1769f7d-7c22-419a-a995-135061095019	mBackground	0.11106471	NA	NA	8290658	8282880	1398146589.032367	NA	NA	1398146589.0329773	1398146589.1441336	NA	NA	1398146589.1450913
c3.large	0.5	6ab98aaf-b236-4986-ad8e-5f8dba7f7591	30829260	c35af875-1f2c-4996-bc66-8a3c267107e4	mBackground	0.116874912	NA	NA	8256098	8248320	1398146589.0609713	NA	NA	1398146589.0614965	1398146589.1784565	NA	NA	1398146589.1789043
c3.large	0.5	6ab98aaf-b236-4986-ad8e-5f8dba7f7591	30829100	4abc1599-03a5-41e2-b6b4-b4d0cd90448a	mBackground	0.113637462	NA	NA	8267618	8259840	1398146589.149323	NA	NA	1398146589.1498935	1398146589.263642	NA	NA	1398146589.2646484
c3.large	0.5	6ab98aaf-b236-4986-ad8e-5f8dba7f7591	30829260	94fdcc95-9476-4921-9968-ea20cb69ef46	mBackground	0.114209929	NA	NA	8256098	8248320	1398146589.183264	NA	NA	1398146589.1839724	1398146589.2982676	NA	NA	1398146589.2985625
c3.large	0.5	6ab98aaf-b236-4986-ad8e-5f8dba7f7591	30829100	5d6a1e71-e972-43a8-a90b-db14f277e94d	mBackground	0.116286527	NA	NA	8267618	8259840	1398146589.2689142	NA	NA	1398146589.269424	1398146589.385959	NA	NA	1398146589.3863418
c3.large	0.5	6ab98aaf-b236-4986-ad8e-5f8dba7f7591	30829260	01b7f77c-5c43-467b-be7d-18d1dc37d638	mBackground	0.117577015	NA	NA	8296418	8288640	1398146589.3028522	NA	NA	1398146589.3033018	1398146589.4209476	NA	NA	1398146589.4211771
c3.large	0.5	6ab98aaf-b236-4986-ad8e-5f8dba7f7591	30829100	f3a7d9a4-015b-4ccc-a2be-60cac83415f4	mBackground	0.115628317	NA	NA	8313698	8305920	1398146589.3910298	NA	NA	1398146589.3917544	1398146589.5075018	NA	NA	1398146589.5081503
c3.large	0.5	6ab98aaf-b236-4986-ad8e-5f8dba7f7591	30829260	83870eae-b4ee-41c1-b536-712dace1c608	mBackground	0.112989997	NA	NA	8256098	8248320	1398146589.4256556	NA	NA	1398146589.4260361	1398146589.5391092	NA	NA	1398146589.5395634
c3.large	0.5	6ab98aaf-b236-4986-ad8e-5f8dba7f7591	30829100	e0525c64-7531-46b1-9698-0ce3cd9c66f2	mBackground	0.113576813	NA	NA	8256098	8248320	1398146589.5131457	NA	NA	1398146589.5139325	1398146589.627612	NA	NA	1398146589.628779
c3.large	0.5	6ab98aaf-b236-4986-ad8e-5f8dba7f7591	30829260	e198ed4a-9fe7-4020-b59b-d1eb91a8263f	mBackground	0.114825748	NA	NA	8267618	8259840	1398146589.5439816	NA	NA	1398146589.544564	1398146589.6596045	NA	NA	1398146589.6599567
c3.large	0.5	6ab98aaf-b236-4986-ad8e-5f8dba7f7591	30829100	2ae6e8ba-d921-44b5-b176-1550b3bd8190	mBackground	0.113913547	NA	NA	8250338	8242560	1398146589.6329596	NA	NA	1398146589.6335187	1398146589.7477014	NA	NA	1398146589.7483685
c3.large	0.5	6ab98aaf-b236-4986-ad8e-5f8dba7f7591	30829260	c5f3c3d8-4296-4ace-b93b-179541e3a46c	mBackground	0.113760587	NA	NA	8238818	8231040	1398146589.6642392	NA	NA	1398146589.6647599	1398146589.7786076	NA	NA	1398146589.778892
c3.large	0.5	6ab98aaf-b236-4986-ad8e-5f8dba7f7591	30829100	3ca23a44-e62d-452a-9542-4ccde6e211ff	mBackground	0.111443864	NA	NA	8250338	8242560	1398146589.7529552	NA	NA	1398146589.7535572	1398146589.8650913	NA	NA	1398146589.8655076
c3.large	0.5	6ab98aaf-b236-4986-ad8e-5f8dba7f7591	30829260	ff0c9eea-da2d-440d-928b-a607024b027c	mBackground	0.115990524	NA	NA	8250338	8242560	1398146589.7833607	NA	NA	1398146589.7838914	1398146589.8999689	NA	NA	1398146589.9004369
c3.large	0.5	6ab98aaf-b236-4986-ad8e-5f8dba7f7591	30829100	5045e7eb-7b86-4854-bc36-6be9338703c2	mBackground	0.112142622	NA	NA	8313698	8305920	1398146589.8700094	NA	NA	1398146589.8705597	1398146589.9828117	NA	NA	1398146589.98334
c3.large	0.5	6ab98aaf-b236-4986-ad8e-5f8dba7f7591	30829260	0306b63f-d8ff-4177-96ec-14a6e30c835e	mBackground	0.104671474	NA	NA	8256098	8248320	1398146589.9049172	NA	NA	1398146589.9053879	1398146590.0102484	NA	NA	1398146590.0104678
c3.large	0.5	6ab98aaf-b236-4986-ad8e-5f8dba7f7591	30829100	3df589c2-1e53-44c7-b51f-cab3f322ecdd	mImgtbl	0.133486222	NA	NA	144489745	10121	1398146590.2994142	NA	NA	1398146590.3030393	1398146590.4366305	NA	NA	1398146590.4377267
c3.large	0.5	6ab98aaf-b236-4986-ad8e-5f8dba7f7591	30829260	5e64e560-094b-4569-b268-072a44f373a8	mAdd	0.594334645	NA	NA	288978107	51736320	1398146590.7515905	NA	NA	1398146590.7587702	1398146591.353203	NA	NA	1398146591.3545537
c3.large	0.5	6ab98aaf-b236-4986-ad8e-5f8dba7f7591	30829100	39123d3b-cffb-442f-aba4-be8bb564cf06	mShrink	0.222971507	NA	NA	25868160	6471360	1398146591.617662	NA	NA	1398146591.6178222	1398146591.8408794	NA	NA	1398146591.842125
c3.large	0.5	6ab98aaf-b236-4986-ad8e-5f8dba7f7591	30829260	4ac5975a-6f68-433e-8429-fc37460dbd20	mJPEG	0.312790267	NA	NA	6471360	119281	1398146592.1029541	NA	NA	1398146592.1035874	1398146592.4164813	NA	NA	1398146592.4178717
