c3.xlarge	0.5	1f6e42e8-72c5-45e1-b16a-9883049d12a0	32017000	4c8cd922-8bf4-495a-8686-fd71c17e2794	mProjectPP	1.155621188	NA	NA	2111346	8231040	1397585895.3922262	NA	NA	1397585895.3925443	1397585896.5482657	NA	NA	1397585896.5494816
c3.xlarge	0.5	1f6e42e8-72c5-45e1-b16a-9883049d12a0	32016820	2143469d-beb0-4bfd-a875-ad0d1391cbad	mProjectPP	1.183760243	NA	NA	2111346	8242560	1397585895.4256837	NA	NA	1397585895.4260118	1397585896.609895	NA	NA	1397585896.6102536
c3.xlarge	0.5	1f6e42e8-72c5-45e1-b16a-9883049d12a0	32016700	e506db18-1a1d-4937-8e0b-f84269a59ae6	mProjectPP	1.218573542	NA	NA	2111346	8231040	1397585895.4264102	NA	NA	1397585895.426668	1397585896.6453402	NA	NA	1397585896.645644
c3.xlarge	0.5	1f6e42e8-72c5-45e1-b16a-9883049d12a0	32016540	4fe27b18-8a75-4a67-8b36-a6c3e3fcb857	mProjectPP	1.224337278	NA	NA	2111346	8300160	1397585895.4495375	NA	NA	1397585895.4499767	1397585896.674408	NA	NA	1397585896.674727
c3.xlarge	0.5	1f6e42e8-72c5-45e1-b16a-9883049d12a0	32017000	810e8b53-7217-4f70-836c-7a31a5df472a	mProjectPP	1.189414769	NA	NA	2111346	8288640	1397585896.553548	NA	NA	1397585896.5537992	1397585897.7433193	NA	NA	1397585897.7437048
c3.xlarge	0.5	1f6e42e8-72c5-45e1-b16a-9883049d12a0	32016820	e38265aa-c807-4f7e-a886-9350bb1aa288	mProjectPP	1.190183968	NA	NA	2111346	8248320	1397585896.6146536	NA	NA	1397585896.614891	1397585897.8051798	NA	NA	1397585897.805517
c3.xlarge	0.5	1f6e42e8-72c5-45e1-b16a-9883049d12a0	32016700	d2b66d65-4c06-4798-973e-4183bf6006c9	mProjectPP	1.186378609	NA	NA	2111346	8248320	1397585896.6494741	NA	NA	1397585896.6496902	1397585897.836165	NA	NA	1397585897.836565
c3.xlarge	0.5	1f6e42e8-72c5-45e1-b16a-9883049d12a0	32016540	711ea12d-146a-4b6c-ab8e-481f1ccdb8e6	mProjectPP	1.186547948	NA	NA	2111346	8248320	1397585896.6783648	NA	NA	1397585896.6785908	1397585897.8652306	NA	NA	1397585897.8655427
c3.xlarge	0.5	1f6e42e8-72c5-45e1-b16a-9883049d12a0	32017000	32462c01-f442-4115-989a-0432667f8066	mProjectPP	1.180381087	NA	NA	2111346	8242560	1397585897.748308	NA	NA	1397585897.74853	1397585898.9290898	NA	NA	1397585898.929437
c3.xlarge	0.5	1f6e42e8-72c5-45e1-b16a-9883049d12a0	32016820	b67691bd-2618-4d92-95d3-76d8a94e2cf9	mProjectPP	1.194946092	NA	NA	2111346	8231040	1397585897.8097866	NA	NA	1397585897.8099983	1397585899.0050502	NA	NA	1397585899.0054076
c3.xlarge	0.5	1f6e42e8-72c5-45e1-b16a-9883049d12a0	32016700	7f5b64db-911c-4603-bf7e-2ed0ba0653a5	mProjectPP	1.193511302	NA	NA	2111346	8259840	1397585897.8407116	NA	NA	1397585897.8409188	1397585899.0345252	NA	NA	1397585899.0348537
c3.xlarge	0.5	1f6e42e8-72c5-45e1-b16a-9883049d12a0	32016540	e9471b46-3113-48aa-b09a-d20c0b3a8da4	mProjectPP	1.192409253	NA	NA	2111346	8248320	1397585897.869403	NA	NA	1397585897.8696015	1397585899.0621164	NA	NA	1397585899.062467
c3.xlarge	0.5	1f6e42e8-72c5-45e1-b16a-9883049d12a0	32017000	dc2cca72-d4f9-4ab4-a33c-54c46423a8a6	mProjectPP	1.190559816	NA	NA	2111346	8248320	1397585898.9339888	NA	NA	1397585898.9342127	1397585900.1248598	NA	NA	1397585900.125695
c3.xlarge	0.5	1f6e42e8-72c5-45e1-b16a-9883049d12a0	32016820	ae9e46ba-793f-4032-9e81-d0af575ec6e2	mProjectPP	1.189758732	NA	NA	2111346	8248320	1397585899.0095627	NA	NA	1397585899.0098605	1397585900.199726	NA	NA	1397585900.2000906
c3.xlarge	0.5	1f6e42e8-72c5-45e1-b16a-9883049d12a0	32016700	df145a58-c2f1-48f9-a026-49482bedd776	mProjectPP	1.191189425	NA	NA	2111346	8248320	1397585899.0388422	NA	NA	1397585899.039143	1397585900.2304246	NA	NA	1397585900.230845
c3.xlarge	0.5	1f6e42e8-72c5-45e1-b16a-9883049d12a0	32016540	1c6a549a-df7a-4f06-b512-234a4c34bf13	mProjectPP	1.190343403	NA	NA	2111346	8231040	1397585899.0670214	NA	NA	1397585899.0673575	1397585900.2578025	NA	NA	1397585900.2581482
c3.xlarge	0.5	1f6e42e8-72c5-45e1-b16a-9883049d12a0	32017000	9f159781-2e29-4be5-9fd1-aa4d3b018f3d	mProjectPP	1.19890866	NA	NA	2111346	8300160	1397585900.1297	NA	NA	1397585900.1299245	1397585901.3289554	NA	NA	1397585901.3293586
c3.xlarge	0.5	1f6e42e8-72c5-45e1-b16a-9883049d12a0	32016820	169ca5fd-cc39-4149-9995-108e5b61bdaa	mProjectPP	1.190779255	NA	NA	2111346	8248320	1397585900.2053235	NA	NA	1397585900.20558	1397585901.3964722	NA	NA	1397585901.396827
c3.xlarge	0.5	1f6e42e8-72c5-45e1-b16a-9883049d12a0	32016700	42f75577-e3a3-476d-9ca7-6dbdd6fb2582	mProjectPP	1.190960776	NA	NA	2111346	8259840	1397585900.234701	NA	NA	1397585900.2349281	1397585901.4259884	NA	NA	1397585901.426311
c3.xlarge	0.5	1f6e42e8-72c5-45e1-b16a-9883049d12a0	32016540	1e95191c-e28b-42a4-96c4-93027dd012f5	mProjectPP	1.191597487	NA	NA	2111346	8282880	1397585900.2623353	NA	NA	1397585900.2625573	1397585901.454251	NA	NA	1397585901.4545884
c3.xlarge	0.5	1f6e42e8-72c5-45e1-b16a-9883049d12a0	32017000	6422c461-4e24-456c-84b0-cf763ecf685c	mProjectPP	1.203183519	NA	NA	2111346	8248320	1397585901.3337226	NA	NA	1397585901.3341048	1397585902.5373843	NA	NA	1397585902.5381882
c3.xlarge	0.5	1f6e42e8-72c5-45e1-b16a-9883049d12a0	32016820	a5ea264f-bfa2-4933-a574-61bfc2fca6a3	mProjectPP	1.210282498	NA	NA	2111346	8259840	1397585901.4009764	NA	NA	1397585901.4011955	1397585902.6115894	NA	NA	1397585902.6120257
c3.xlarge	0.5	1f6e42e8-72c5-45e1-b16a-9883049d12a0	32016700	b9bd14b6-1d04-4f6f-b6b8-558948c3a0cf	mProjectPP	1.20950423	NA	NA	2111346	8248320	1397585901.430387	NA	NA	1397585901.4307325	1397585902.640341	NA	NA	1397585902.640994
c3.xlarge	0.5	1f6e42e8-72c5-45e1-b16a-9883049d12a0	32016540	60d1ae39-20e2-4674-8899-d42ed8f31ecf	mProjectPP	1.213736496	NA	NA	2111346	8259840	1397585901.4583418	NA	NA	1397585901.4586115	1397585902.6724377	NA	NA	1397585902.672747
c3.xlarge	0.5	1f6e42e8-72c5-45e1-b16a-9883049d12a0	32017000	6180100c-3919-4f40-a158-2e380ac6ba44	mProjectPP	1.186929569	NA	NA	2111346	8288640	1397585902.541859	NA	NA	1397585902.5421374	1397585903.7291822	NA	NA	1397585903.730129
c3.xlarge	0.5	1f6e42e8-72c5-45e1-b16a-9883049d12a0	32016820	5b31504b-5827-4539-8477-1d90b92d4ee1	mProjectPP	1.184101899	NA	NA	2111346	8305920	1397585902.616061	NA	NA	1397585902.6164572	1397585903.8006644	NA	NA	1397585903.8011053
c3.xlarge	0.5	1f6e42e8-72c5-45e1-b16a-9883049d12a0	32016700	af2bad5f-775a-4b8f-881e-5e1728297bd2	mProjectPP	1.186345828	NA	NA	2111346	8248320	1397585902.6466107	NA	NA	1397585902.6469293	1397585903.833369	NA	NA	1397585903.833673
c3.xlarge	0.5	1f6e42e8-72c5-45e1-b16a-9883049d12a0	32016540	9e5188e3-1adf-424a-99a3-197d10093e64	mProjectPP	1.194691519	NA	NA	2111346	8248320	1397585902.6764622	NA	NA	1397585902.6768198	1397585903.8716052	NA	NA	1397585903.8719335
c3.xlarge	0.5	1f6e42e8-72c5-45e1-b16a-9883049d12a0	32017000	aaa59d5c-ecd8-43e4-bcf1-f0d182f1bf36	mProjectPP	1.203046659	NA	NA	2111346	8259840	1397585903.7339396	NA	NA	1397585903.7341757	1397585904.9373405	NA	NA	1397585904.9376965
c3.xlarge	0.5	1f6e42e8-72c5-45e1-b16a-9883049d12a0	32016820	bd221efc-2979-426d-8320-bbd30e5bf346	mProjectPP	1.196279299	NA	NA	2111346	8242560	1397585903.8053467	NA	NA	1397585903.8057168	1397585905.0021179	NA	NA	1397585905.0025444
c3.xlarge	0.5	1f6e42e8-72c5-45e1-b16a-9883049d12a0	32016700	d59c78e7-0065-498e-9fe2-e53aaec750e7	mProjectPP	1.197024404	NA	NA	2111346	8231040	1397585903.8375497	NA	NA	1397585903.837841	1397585905.0349517	NA	NA	1397585905.0352836
c3.xlarge	0.5	1f6e42e8-72c5-45e1-b16a-9883049d12a0	32016540	3e22a2c7-719f-44e2-979b-01429aa1dffe	mProjectPP	1.194731134	NA	NA	2111346	8242560	1397585903.8759542	NA	NA	1397585903.8761587	1397585905.0709872	NA	NA	1397585905.0713518
c3.xlarge	0.5	1f6e42e8-72c5-45e1-b16a-9883049d12a0	32016540	c6ea6976-046d-401a-88a1-173252e7f35f	mDiffFit	0.125547339	NA	NA	16473906	147146	1397585905.075805	NA	NA	1397585905.0765512	1397585905.2021992	NA	NA	1397585905.2026286
c3.xlarge	0.5	1f6e42e8-72c5-45e1-b16a-9883049d12a0	32016540	ecfa00fa-33b3-4547-8860-690cb590c74b	mDiffFit	0.182379715	NA	NA	16531506	472594	1397585905.2071173	NA	NA	1397585905.2079952	1397585905.390469	NA	NA	1397585905.3914125
c3.xlarge	0.5	1f6e42e8-72c5-45e1-b16a-9883049d12a0	32016540	c9af715d-d050-4f97-8416-df057e4aba2a	mDiffFit	0.136295796	NA	NA	16589106	222032	1397585905.3950858	NA	NA	1397585905.3959155	1397585905.5323062	NA	NA	1397585905.5332422
c3.xlarge	0.5	1f6e42e8-72c5-45e1-b16a-9883049d12a0	32016540	0a4fca82-afa2-4ff9-b8a1-229ec1a48e7b	mDiffFit	0.136313527	NA	NA	16479666	222029	1397585905.5367928	NA	NA	1397585905.5375283	1397585905.6739821	NA	NA	1397585905.6743426
c3.xlarge	0.5	1f6e42e8-72c5-45e1-b16a-9883049d12a0	32016540	e7e11729-034f-4cfe-8fd7-620117e6c540	mDiffFit	0.12223875	NA	NA	16491186	144271	1397585905.678954	NA	NA	1397585905.6797032	1397585905.80205	NA	NA	1397585905.8025112
c3.xlarge	0.5	1f6e42e8-72c5-45e1-b16a-9883049d12a0	32016540	391b055e-bd19-4eac-b6fa-3fa57844c690	mDiffFit	0.142415711	NA	NA	16548786	250828	1397585905.8068259	NA	NA	1397585905.8076222	1397585905.9501476	NA	NA	1397585905.9504862
c3.xlarge	0.5	1f6e42e8-72c5-45e1-b16a-9883049d12a0	32017000	c7a2173a-d70e-4c84-b585-1e5562133c0d	mProjectPP	1.180501055	NA	NA	2111346	8242560	1397585904.9424067	NA	NA	1397585904.9427826	1397585906.123394	NA	NA	1397585906.123769
c3.xlarge	0.5	1f6e42e8-72c5-45e1-b16a-9883049d12a0	32016540	e0843f69-d9b1-4380-9517-c0e216a86f54	mDiffFit	0.19424441	NA	NA	16537266	472590	1397585905.9547179	NA	NA	1397585905.9555542	1397585906.149901	NA	NA	1397585906.1503637
c3.xlarge	0.5	1f6e42e8-72c5-45e1-b16a-9883049d12a0	32016820	9f082b4f-8ac0-478a-aa25-77bd41f1cbb0	mProjectPP	1.184271151	NA	NA	2111346	8305920	1397585905.0068617	NA	NA	1397585905.0071733	1397585906.1915581	NA	NA	1397585906.1920533
c3.xlarge	0.5	1f6e42e8-72c5-45e1-b16a-9883049d12a0	32016700	e61c1b95-fc65-46d6-be55-83b03b5a7a35	mProjectPP	1.182998616	NA	NA	2111346	8248320	1397585905.0394843	NA	NA	1397585905.0397394	1397585906.222841	NA	NA	1397585906.2232366
c3.xlarge	0.5	1f6e42e8-72c5-45e1-b16a-9883049d12a0	32017000	52159926-3e69-4869-bef5-24de5d56977e	mDiffFit	0.126962007	NA	NA	16479666	147143	1397585906.128098	NA	NA	1397585906.1289377	1397585906.2560053	NA	NA	1397585906.256445
c3.xlarge	0.5	1f6e42e8-72c5-45e1-b16a-9883049d12a0	32016540	d99ba7ca-00e6-4619-b1ba-551f3c86a875	mDiffFit	0.134604966	NA	NA	16491186	219152	1397585906.1539886	NA	NA	1397585906.1548483	1397585906.289553	NA	NA	1397585906.289922
c3.xlarge	0.5	1f6e42e8-72c5-45e1-b16a-9883049d12a0	32016820	172c359e-6ecc-4c92-8b69-4ac9debaf9b8	mDiffFit	0.171102672	NA	NA	16479666	466822	1397585906.1967313	NA	NA	1397585906.19757	1397585906.3687813	NA	NA	1397585906.3691258
c3.xlarge	0.5	1f6e42e8-72c5-45e1-b16a-9883049d12a0	32017000	da7dcab9-99b3-4766-91e3-44fea54ba207	mDiffFit	0.134038687	NA	NA	16479666	155786	1397585906.2608795	NA	NA	1397585906.2616928	1397585906.3958313	NA	NA	1397585906.396173
c3.xlarge	0.5	1f6e42e8-72c5-45e1-b16a-9883049d12a0	32016700	46bf3f77-bc6e-47f7-bbab-250ce3786fad	mDiffFit	0.195487169	NA	NA	16496946	481232	1397585906.2272449	NA	NA	1397585906.2281027	1397585906.423695	NA	NA	1397585906.4241009
c3.xlarge	0.5	1f6e42e8-72c5-45e1-b16a-9883049d12a0	32016540	16abb856-9ce4-453b-ba93-1d2389be408b	mDiffFit	0.161325659	NA	NA	16485426	472591	1397585906.294331	NA	NA	1397585906.2953537	1397585906.456788	NA	NA	1397585906.4572024
c3.xlarge	0.5	1f6e42e8-72c5-45e1-b16a-9883049d12a0	32016820	c40e9e5e-fbf6-46c0-a704-a5a5748e0a7b	mDiffFit	0.128068946	NA	NA	16473906	222033	1397585906.3732853	NA	NA	1397585906.3742802	1397585906.5024781	NA	NA	1397585906.502935
c3.xlarge	0.5	1f6e42e8-72c5-45e1-b16a-9883049d12a0	32017000	8fa573c2-822c-470c-8c5f-3b4f5bb62fa8	mDiffFit	0.184035754	NA	NA	16491186	492747	1397585906.400497	NA	NA	1397585906.4013495	1397585906.5855002	NA	NA	1397585906.585924
c3.xlarge	0.5	1f6e42e8-72c5-45e1-b16a-9883049d12a0	32016540	995fbbff-7387-4f8b-8df0-e0b32c039124	mDiffFit	0.149893166	NA	NA	16519986	247952	1397585906.4615018	NA	NA	1397585906.4626286	1397585906.612646	NA	NA	1397585906.6129043
c3.xlarge	0.5	1f6e42e8-72c5-45e1-b16a-9883049d12a0	32016700	ba02be87-f262-4702-a389-d7b563ee9a5b	mDiffFit	0.184135658	NA	NA	16473906	469714	1397585906.4289846	NA	NA	1397585906.4298356	1397585906.6140347	NA	NA	1397585906.6141942
c3.xlarge	0.5	1f6e42e8-72c5-45e1-b16a-9883049d12a0	32016820	8845de86-5ce4-4adb-8ee9-71e4ddcef7f1	mDiffFit	0.150722132	NA	NA	16479666	224915	1397585906.5073662	NA	NA	1397585906.5081232	1397585906.6589525	NA	NA	1397585906.6593335
c3.xlarge	0.5	1f6e42e8-72c5-45e1-b16a-9883049d12a0	32016540	d70a48d5-1533-439c-9aaf-c494278a8689	mDiffFit	0.128724889	NA	NA	16479666	224912	1397585906.6171496	NA	NA	1397585906.6180587	1397585906.7468984	NA	NA	1397585906.748563
c3.xlarge	0.5	1f6e42e8-72c5-45e1-b16a-9883049d12a0	32017000	250ad17d-bdc8-46ab-a134-068546b480df	mDiffFit	0.186773192	NA	NA	16508466	478346	1397585906.5901997	NA	NA	1397585906.591144	1397585906.7780077	NA	NA	1397585906.7785494
c3.xlarge	0.5	1f6e42e8-72c5-45e1-b16a-9883049d12a0	32016700	de18f7cf-59d7-433e-a94d-4a4be5d4d146	mDiffFit	0.136583585	NA	NA	16496946	144262	1397585906.6413302	NA	NA	1397585906.642025	1397585906.7786894	NA	NA	1397585906.7790835
c3.xlarge	0.5	1f6e42e8-72c5-45e1-b16a-9883049d12a0	32016820	83d86dd5-ef43-43a2-9f7a-1508840592a5	mDiffFit	0.171833271	NA	NA	16496946	492743	1397585906.663326	NA	NA	1397585906.6639652	1397585906.8359225	NA	NA	1397585906.836362
c3.xlarge	0.5	1f6e42e8-72c5-45e1-b16a-9883049d12a0	32017000	71498bfc-b0b9-43e3-be90-40558d82bb25	mDiffFit	0.132828149	NA	NA	16496946	222027	1397585906.784578	NA	NA	1397585906.785562	1397585906.9185112	NA	NA	1397585906.9202695
c3.xlarge	0.5	1f6e42e8-72c5-45e1-b16a-9883049d12a0	32016700	27428ecc-fe1e-4906-a818-8c1e993e3b2a	mDiffFit	0.13445804	NA	NA	16496946	155777	1397585906.7859838	NA	NA	1397585906.7868092	1397585906.9213479	NA	NA	1397585906.921729
c3.xlarge	0.5	1f6e42e8-72c5-45e1-b16a-9883049d12a0	32016820	f67451cb-0d15-4ba2-ab6f-cc11b34f531b	mDiffFit	0.125125214	NA	NA	16496946	224900	1397585906.8415644	NA	NA	1397585906.842607	1397585906.9679394	NA	NA	1397585906.9682984
c3.xlarge	0.5	1f6e42e8-72c5-45e1-b16a-9883049d12a0	32016540	78757a2e-8a80-4982-8bf3-6bf82824b232	mDiffFit	0.214358967	NA	NA	16479666	492746	1397585906.75336	NA	NA	1397585906.7541335	1397585906.9685621	NA	NA	1397585906.9688723
c3.xlarge	0.5	1f6e42e8-72c5-45e1-b16a-9883049d12a0	32017000	8e2ee0e2-6d95-415c-b718-ae4b02d2d7f7	mDiffFit	0.107733741	NA	NA	16496946	150020	1397585906.9240968	NA	NA	1397585906.924878	1397585907.0327141	NA	NA	1397585907.03317
c3.xlarge	0.5	1f6e42e8-72c5-45e1-b16a-9883049d12a0	32016700	662dcffe-558e-4b33-8d6f-258316028f4e	mDiffFit	0.122195421	NA	NA	16508466	219152	1397585906.9427774	NA	NA	1397585906.9441242	1397585907.0664423	NA	NA	1397585907.066944
c3.xlarge	0.5	1f6e42e8-72c5-45e1-b16a-9883049d12a0	32016820	cdb329ff-8b21-4545-8ee8-06875e692a10	mDiffFit	0.179154065	NA	NA	16496946	486982	1397585906.9751034	NA	NA	1397585906.9760644	1397585907.1553383	NA	NA	1397585907.1567
c3.xlarge	0.5	1f6e42e8-72c5-45e1-b16a-9883049d12a0	32016540	c7004ccb-ff0b-4fa7-9943-333e19e84391	mDiffFit	0.20762566	NA	NA	16479666	486982	1397585906.9764495	NA	NA	1397585906.9774246	1397585907.1851285	NA	NA	1397585907.1854203
c3.xlarge	0.5	1f6e42e8-72c5-45e1-b16a-9883049d12a0	32017000	781e839b-ccef-4146-9e55-1c1c0f008911	mDiffFit	0.146491582	NA	NA	16479666	152900	1397585907.0380542	NA	NA	1397585907.039001	1397585907.1855984	NA	NA	1397585907.1858912
c3.xlarge	0.5	1f6e42e8-72c5-45e1-b16a-9883049d12a0	32016700	e0965d93-5c7b-41f6-9399-5995a86e39eb	mDiffFit	0.162264801	NA	NA	16479666	224906	1397585907.0711365	NA	NA	1397585907.0717654	1397585907.23412	NA	NA	1397585907.2345328
c3.xlarge	0.5	1f6e42e8-72c5-45e1-b16a-9883049d12a0	32016820	71e10b54-166f-4736-87ec-dbb4ab0def8b	mDiffFit	0.112610744	NA	NA	16531506	253710	1397585907.1608477	NA	NA	1397585907.161923	1397585907.2746425	NA	NA	1397585907.2752168
c3.xlarge	0.5	1f6e42e8-72c5-45e1-b16a-9883049d12a0	32016540	518633bd-3df7-4f08-bc27-1ed64738da51	mDiffFit	0.13227835	NA	NA	16600626	224919	1397585907.191426	NA	NA	1397585907.1920717	1397585907.3244677	NA	NA	1397585907.3248901
c3.xlarge	0.5	1f6e42e8-72c5-45e1-b16a-9883049d12a0	32016700	34ccaf72-15d5-4983-8b9f-90a020c72f9f	mDiffFit	0.13483115	NA	NA	16496946	219145	1397585907.239464	NA	NA	1397585907.240895	1397585907.3758366	NA	NA	1397585907.3762643
c3.xlarge	0.5	1f6e42e8-72c5-45e1-b16a-9883049d12a0	32017000	db238e10-fa26-4a90-a234-f7f85f4bc296	mDiffFit	0.19326155	NA	NA	16479666	489873	1397585907.2081609	NA	NA	1397585907.2093801	1397585907.402725	NA	NA	1397585907.4029093
c3.xlarge	0.5	1f6e42e8-72c5-45e1-b16a-9883049d12a0	32016820	cc59e751-896f-4836-85ac-d241d5d56565	mDiffFit	0.177186854	NA	NA	16496946	458186	1397585907.2805724	NA	NA	1397585907.2818017	1397585907.4591088	NA	NA	1397585907.459475
c3.xlarge	0.5	1f6e42e8-72c5-45e1-b16a-9883049d12a0	32016540	f5b97e4d-f3ea-413a-b7be-e9a765e78952	mDiffFit	0.157687305	NA	NA	16508466	222030	1397585907.330185	NA	NA	1397585907.3318326	1397585907.4896333	NA	NA	1397585907.4899213
c3.xlarge	0.5	1f6e42e8-72c5-45e1-b16a-9883049d12a0	32017000	ba98c6d6-8675-4706-ae97-1d896548df49	mDiffFit	0.118514217	NA	NA	16491186	155781	1397585907.433277	NA	NA	1397585907.4341407	1397585907.55277	NA	NA	1397585907.5532448
c3.xlarge	0.5	1f6e42e8-72c5-45e1-b16a-9883049d12a0	32016700	6949d059-d609-479b-9a05-98312c2f5b09	mDiffFit	0.177235978	NA	NA	16508466	507144	1397585907.4056635	NA	NA	1397585907.4061558	1397585907.5834668	NA	NA	1397585907.5838115
c3.xlarge	0.5	1f6e42e8-72c5-45e1-b16a-9883049d12a0	32016540	c6d51080-b703-4aec-b48e-2dbbd9ca8b4e	mDiffFit	0.136999815	NA	NA	16508466	224899	1397585907.4940236	NA	NA	1397585907.4947503	1397585907.631867	NA	NA	1397585907.6322215
c3.xlarge	0.5	1f6e42e8-72c5-45e1-b16a-9883049d12a0	32016820	948eeab8-d43d-47ea-b66b-42e13d858c25	mDiffFit	0.168529963	NA	NA	16508466	472588	1397585907.463671	NA	NA	1397585907.4644308	1397585907.6330123	NA	NA	1397585907.6332333
c3.xlarge	0.5	1f6e42e8-72c5-45e1-b16a-9883049d12a0	32016700	1b7cd8ac-e094-4e58-8fae-5131709a5a33	mDiffFit	0.137973784	NA	NA	16519986	222027	1397585907.588029	NA	NA	1397585907.5887957	1397585907.726877	NA	NA	1397585907.7273266
c3.xlarge	0.5	1f6e42e8-72c5-45e1-b16a-9883049d12a0	32017000	f686aec0-1094-4265-a52a-798d4295a16c	mDiffFit	0.171988963	NA	NA	16479666	492744	1397585907.5574014	NA	NA	1397585907.5581987	1397585907.7302618	NA	NA	1397585907.7305827
c3.xlarge	0.5	1f6e42e8-72c5-45e1-b16a-9883049d12a0	32016820	96d29dab-897e-4ac2-b4b7-fccf04c5aa31	mDiffFit	0.124604809	NA	NA	16508466	155784	1397585907.6613495	NA	NA	1397585907.6628153	1397585907.7875433	NA	NA	1397585907.788192
c3.xlarge	0.5	1f6e42e8-72c5-45e1-b16a-9883049d12a0	32016540	a550d086-9a4c-4e00-8f4f-2935b83bd3c7	mDiffFit	0.181797293	NA	NA	16519986	504264	1397585907.6364424	NA	NA	1397585907.6370022	1397585907.818906	NA	NA	1397585907.8193073
c3.xlarge	0.5	1f6e42e8-72c5-45e1-b16a-9883049d12a0	32017000	6cf1fd2e-b072-4f73-8acf-92a32cd988db	mDiffFit	0.127944555	NA	NA	16508466	144264	1397585907.7529373	NA	NA	1397585907.753625	1397585907.881683	NA	NA	1397585907.882284
c3.xlarge	0.5	1f6e42e8-72c5-45e1-b16a-9883049d12a0	32016700	2944171d-7bd6-4928-8851-b5b6a04a69e9	mDiffFit	0.176304324	NA	NA	16519986	472590	1397585907.732313	NA	NA	1397585907.7336295	1397585907.910089	NA	NA	1397585907.9104083
c3.xlarge	0.5	1f6e42e8-72c5-45e1-b16a-9883049d12a0	32016820	fec2d1a1-ebcf-4022-b770-6cece38c575f	mDiffFit	0.15607055	NA	NA	16548786	311308	1397585907.7932734	NA	NA	1397585907.7942207	1397585907.9503949	NA	NA	1397585907.9509149
c3.xlarge	0.5	1f6e42e8-72c5-45e1-b16a-9883049d12a0	32016540	07a73cb6-cfd6-4020-85e3-8e9d82a7860e	mDiffFit	0.156748188	NA	NA	16537266	288266	1397585907.824111	NA	NA	1397585907.8249784	1397585907.9818106	NA	NA	1397585907.9820402
c3.xlarge	0.5	1f6e42e8-72c5-45e1-b16a-9883049d12a0	32017000	2a92d141-994c-4db0-9ae7-ab0fb1abd37c	mDiffFit	0.123001678	NA	NA	16594866	222030	1397585907.88805	NA	NA	1397585907.8888633	1397585908.0119615	NA	NA	1397585908.0122817
c3.xlarge	0.5	1f6e42e8-72c5-45e1-b16a-9883049d12a0	32016700	5ce4f71e-a639-421d-b48e-bdab73cfefb8	mDiffFit	0.134764251	NA	NA	16589106	224912	1397585907.9148045	NA	NA	1397585907.9155462	1397585908.050408	NA	NA	1397585908.050945
c3.xlarge	0.5	1f6e42e8-72c5-45e1-b16a-9883049d12a0	32016820	61013326-595e-4eda-bdff-4a103f7ddb1a	mDiffFit	0.150641091	NA	NA	16554546	311303	1397585907.9554172	NA	NA	1397585907.9562385	1397585908.106989	NA	NA	1397585908.1077487
c3.xlarge	0.5	1f6e42e8-72c5-45e1-b16a-9883049d12a0	32016540	07f78148-58cb-4b9d-afa0-e1ffa31cf3f9	mDiffFit	0.123077203	NA	NA	16508466	147143	1397585907.9859881	NA	NA	1397585907.9868453	1397585908.1099892	NA	NA	1397585908.1113641
c3.xlarge	0.5	1f6e42e8-72c5-45e1-b16a-9883049d12a0	32017000	79bea2af-811c-4b62-b80a-97d4e106916f	mDiffFit	0.155464467	NA	NA	16496946	472587	1397585908.016661	NA	NA	1397585908.0175407	1397585908.1731238	NA	NA	1397585908.1734238
c3.xlarge	0.5	1f6e42e8-72c5-45e1-b16a-9883049d12a0	32016700	0bc23c43-69d7-4328-8131-34bde689ba14	mDiffFit	0.150274728	NA	NA	16554546	279628	1397585908.05597	NA	NA	1397585908.056764	1397585908.207143	NA	NA	1397585908.2076402
c3.xlarge	0.5	1f6e42e8-72c5-45e1-b16a-9883049d12a0	32016540	99c8d41c-74ba-4b31-8ea3-2a13fd353128	mDiffFit	0.145297573	NA	NA	16531506	305549	1397585908.1114209	NA	NA	1397585908.1122818	1397585908.2577121	NA	NA	1397585908.258112
c3.xlarge	0.5	1f6e42e8-72c5-45e1-b16a-9883049d12a0	32016820	f2812ec0-9dd2-4e14-83b0-a1f8823299b8	mDiffFit	0.148099677	NA	NA	16496946	224908	1397585908.1430357	NA	NA	1397585908.143772	1397585908.291995	NA	NA	1397585908.2926908
c3.xlarge	0.5	1f6e42e8-72c5-45e1-b16a-9883049d12a0	32017000	9f45d747-e3ee-4377-b45a-ad16c17a1767	mDiffFit	0.145611661	NA	NA	16496946	224911	1397585908.179015	NA	NA	1397585908.1798315	1397585908.3255258	NA	NA	1397585908.3257725
c3.xlarge	0.5	1f6e42e8-72c5-45e1-b16a-9883049d12a0	32016700	1e40239a-b980-4054-9507-50f82c4dd298	mDiffFit	0.140133726	NA	NA	16496946	155785	1397585908.212373	NA	NA	1397585908.2135398	1397585908.3537533	NA	NA	1397585908.3539915
c3.xlarge	0.5	1f6e42e8-72c5-45e1-b16a-9883049d12a0	32016540	1485b6a6-a1c4-41c2-906e-c3e74a8789be	mDiffFit	0.130203239	NA	NA	16496946	144269	1397585908.2641816	NA	NA	1397585908.2649214	1397585908.395234	NA	NA	1397585908.3955846
c3.xlarge	0.5	1f6e42e8-72c5-45e1-b16a-9883049d12a0	32017000	124b6309-23e2-445a-acc3-a447f3d7c6c1	mDiffFit	0.13193334	NA	NA	16508466	222029	1397585908.3299372	NA	NA	1397585908.3307648	1397585908.4628308	NA	NA	1397585908.463169
c3.xlarge	0.5	1f6e42e8-72c5-45e1-b16a-9883049d12a0	32016700	ca6e643b-d899-4e7e-a480-6bd38f6b2de4	mDiffFit	0.132539635	NA	NA	16491186	155782	1397585908.357685	NA	NA	1397585908.3581352	1397585908.4907768	NA	NA	1397585908.4912357
c3.xlarge	0.5	1f6e42e8-72c5-45e1-b16a-9883049d12a0	32016820	5150ccaa-8372-4354-bca4-3955d4be2529	mDiffFit	0.19438518	NA	NA	16508466	492748	1397585908.2972922	NA	NA	1397585908.2980485	1397585908.492499	NA	NA	1397585908.4926713
c3.xlarge	0.5	1f6e42e8-72c5-45e1-b16a-9883049d12a0	32016540	cdd19b4a-1fc8-4434-9106-7fcb59910584	mDiffFit	0.1613153	NA	NA	16502706	486991	1397585908.4007473	NA	NA	1397585908.4014688	1397585908.5628998	NA	NA	1397585908.5633013
c3.xlarge	0.5	1f6e42e8-72c5-45e1-b16a-9883049d12a0	32017000	1e741fda-2496-4f2f-b652-175d87848f0e	mDiffFit	0.126562005	NA	NA	16491186	152907	1397585908.4677913	NA	NA	1397585908.4686372	1397585908.5952966	NA	NA	1397585908.5955899
c3.xlarge	0.5	1f6e42e8-72c5-45e1-b16a-9883049d12a0	32016700	8ccd1f34-15bb-4f8f-9b86-68a434cc182f	mDiffFit	0.134496037	NA	NA	16473906	224910	1397585908.496382	NA	NA	1397585908.4972205	1397585908.631828	NA	NA	1397585908.63219
c3.xlarge	0.5	1f6e42e8-72c5-45e1-b16a-9883049d12a0	32016820	6eb77a10-8fde-4c5a-a223-034338869be1	mDiffFit	0.205567781	NA	NA	16479666	452429	1397585908.497481	NA	NA	1397585908.4981217	1397585908.7038033	NA	NA	1397585908.7042177
c3.xlarge	0.5	1f6e42e8-72c5-45e1-b16a-9883049d12a0	32016540	24e2f4b4-6ab4-4d36-9592-18d27216f48e	mDiffFit	0.136665657	NA	NA	16479666	224914	1397585908.5684946	NA	NA	1397585908.5694726	1397585908.7062008	NA	NA	1397585908.706386
c3.xlarge	0.5	1f6e42e8-72c5-45e1-b16a-9883049d12a0	32016700	0a0dc860-306e-4106-8c8e-92d82bce10b9	mDiffFit	0.14099886	NA	NA	16473906	222038	1397585908.6366189	NA	NA	1397585908.6374288	1397585908.7785504	NA	NA	1397585908.7790754
c3.xlarge	0.5	1f6e42e8-72c5-45e1-b16a-9883049d12a0	32017000	0fa8fc2a-d597-4614-a9c9-af33b036be74	mDiffFit	0.205799816	NA	NA	16473906	495636	1397585908.5998068	NA	NA	1397585908.6005907	1397585908.8064919	NA	NA	1397585908.8071117
c3.xlarge	0.5	1f6e42e8-72c5-45e1-b16a-9883049d12a0	32016540	41b5d286-c952-4cfd-81e3-748ad89612af	mDiffFit	0.12814318	NA	NA	16491186	150034	1397585908.7312984	NA	NA	1397585908.7321231	1397585908.8603802	NA	NA	1397585908.860697
c3.xlarge	0.5	1f6e42e8-72c5-45e1-b16a-9883049d12a0	32016820	0af1a6ab-6539-4ff2-a480-403b9a2265b7	mDiffFit	0.182921298	NA	NA	16543026	472593	1397585908.7094028	NA	NA	1397585908.7103517	1397585908.8933856	NA	NA	1397585908.893913
c3.xlarge	0.5	1f6e42e8-72c5-45e1-b16a-9883049d12a0	32016700	53d5de69-1c70-4c0e-a7dc-e7f9fafbf69f	mDiffFit	0.13273934	NA	NA	16491186	147146	1397585908.7846146	NA	NA	1397585908.785578	1397585908.918433	NA	NA	1397585908.919178
c3.xlarge	0.5	1f6e42e8-72c5-45e1-b16a-9883049d12a0	32017000	702ba25c-0154-49c3-b85f-5ca2ea7506ba	mDiffFit	0.140736368	NA	NA	16491186	224911	1397585908.8111403	NA	NA	1397585908.8119886	1397585908.9528286	NA	NA	1397585908.9531686
c3.xlarge	0.5	1f6e42e8-72c5-45e1-b16a-9883049d12a0	32016540	6a0ae7f0-b1df-44d0-a1ee-5e5ec0c29817	mDiffFit	0.140124889	NA	NA	16525746	285387	1397585908.865276	NA	NA	1397585908.8658712	1397585909.0060868	NA	NA	1397585909.006379
c3.xlarge	0.5	1f6e42e8-72c5-45e1-b16a-9883049d12a0	32016820	290b8108-fe53-4e7d-988f-4d806dfe5ef7	mDiffFit	0.143056299	NA	NA	16548786	305554	1397585908.897878	NA	NA	1397585908.8989153	1397585909.0420732	NA	NA	1397585909.042639
c3.xlarge	0.5	1f6e42e8-72c5-45e1-b16a-9883049d12a0	32016700	88be10db-8175-4d35-9c34-b6a34641fb80	mDiffFit	0.148356746	NA	NA	16589106	224919	1397585908.9243817	NA	NA	1397585908.9253917	1397585909.0738425	NA	NA	1397585909.0741603
c3.xlarge	0.5	1f6e42e8-72c5-45e1-b16a-9883049d12a0	32017000	afe9232e-cee2-4147-a580-a34fb2148bc7	mDiffFit	0.132622771	NA	NA	16496946	224913	1397585908.9571018	NA	NA	1397585908.9580634	1397585909.0907671	NA	NA	1397585909.091225
c3.xlarge	0.5	1f6e42e8-72c5-45e1-b16a-9883049d12a0	32016540	7841a9cd-43a0-4c31-8fc7-3b27c838838b	mDiffFit	0.142697087	NA	NA	16491186	498511	1397585909.0110192	NA	NA	1397585909.0114453	1397585909.1542127	NA	NA	1397585909.154475
c3.xlarge	0.5	1f6e42e8-72c5-45e1-b16a-9883049d12a0	32016820	2810ddff-f87d-4687-9eec-443f7509cbe8	mDiffFit	0.13428895	NA	NA	16491186	472588	1397585909.0474577	NA	NA	1397585909.0481672	1397585909.1825087	NA	NA	1397585909.182763
c3.xlarge	0.5	1f6e42e8-72c5-45e1-b16a-9883049d12a0	32016700	5f2ed2ea-dba2-448f-be6e-fdd380acde0e	mConcatFit	1.385549916	NA	NA	25122	17057	1397585909.5101926	NA	NA	1397585909.5165455	1397585910.9021933	NA	NA	1397585910.9033475
c3.xlarge	0.5	1f6e42e8-72c5-45e1-b16a-9883049d12a0	32017000	82ae49d8-f9d0-4a3d-9c2f-8e61d5f1c9a5	mBgModel	6.288970665	NA	NA	22962	1873	1397585911.1669726	NA	NA	1397585911.1676295	1397585917.4566953	NA	NA	1397585917.4578283
c3.xlarge	0.5	1f6e42e8-72c5-45e1-b16a-9883049d12a0	32016540	3b4a8070-def8-4d4c-9f42-d7f3a7d08172	mBackground	0.110519533	NA	NA	8238818	8231040	1397585917.860148	NA	NA	1397585917.8609161	1397585917.9715552	NA	NA	1397585917.9719825
c3.xlarge	0.5	1f6e42e8-72c5-45e1-b16a-9883049d12a0	32016820	c702dfc1-448f-44d5-9306-32d1d6b0ec2e	mBackground	0.10592468	NA	NA	8250338	8242560	1397585917.902229	NA	NA	1397585917.902983	1397585918.0090265	NA	NA	1397585918.0094075
c3.xlarge	0.5	1f6e42e8-72c5-45e1-b16a-9883049d12a0	32017000	1f109d15-847d-4f6e-a14e-d0632e533b47	mBackground	0.14677371	NA	NA	8238818	8231040	1397585917.9051645	NA	NA	1397585917.905682	1397585918.0525765	NA	NA	1397585918.053026
c3.xlarge	0.5	1f6e42e8-72c5-45e1-b16a-9883049d12a0	32016700	a2960e04-6dcd-470e-acf2-7fc5c02dbd3d	mBackground	0.172398868	NA	NA	8307938	8300160	1397585917.9059722	NA	NA	1397585917.9062665	1397585918.0787783	NA	NA	1397585918.0791173
c3.xlarge	0.5	1f6e42e8-72c5-45e1-b16a-9883049d12a0	32016540	dfd7438e-99a7-45fe-a8ee-2ba19151a54d	mBackground	0.133930623	NA	NA	8296418	8288640	1397585917.977089	NA	NA	1397585917.9775636	1397585918.1116025	NA	NA	1397585918.1119714
c3.xlarge	0.5	1f6e42e8-72c5-45e1-b16a-9883049d12a0	32016820	a1efe64e-a3bc-4fe7-9007-23274d68d241	mBackground	0.129156431	NA	NA	8256098	8248320	1397585918.0135953	NA	NA	1397585918.0139625	1397585918.1432211	NA	NA	1397585918.1437259
c3.xlarge	0.5	1f6e42e8-72c5-45e1-b16a-9883049d12a0	32017000	9ca8d8b3-40aa-41f9-92e1-dfea7abbdcdb	mBackground	0.117166238	NA	NA	8256098	8248320	1397585918.0582542	NA	NA	1397585918.0587888	1397585918.1760652	NA	NA	1397585918.1767397
c3.xlarge	0.5	1f6e42e8-72c5-45e1-b16a-9883049d12a0	32016700	28d4009b-6494-4d1e-b6f1-b907dfc65bb3	mBackground	0.125449687	NA	NA	8256098	8248320	1397585918.0832212	NA	NA	1397585918.0837164	1397585918.2092931	NA	NA	1397585918.2096863
c3.xlarge	0.5	1f6e42e8-72c5-45e1-b16a-9883049d12a0	32016540	426166ef-e1ee-4b10-bfd1-01dcf1b65db7	mBackground	0.122813448	NA	NA	8250338	8242560	1397585918.1164682	NA	NA	1397585918.1167943	1397585918.2397146	NA	NA	1397585918.240051
c3.xlarge	0.5	1f6e42e8-72c5-45e1-b16a-9883049d12a0	32016820	00a54d23-39b8-4722-b867-45e5695685c0	mBackground	0.124290586	NA	NA	8238818	8231040	1397585918.148732	NA	NA	1397585918.1493459	1397585918.2737408	NA	NA	1397585918.274126
c3.xlarge	0.5	1f6e42e8-72c5-45e1-b16a-9883049d12a0	32017000	7025b737-8384-49d7-af69-5f0567f58023	mBackground	0.123711294	NA	NA	8267618	8259840	1397585918.1816578	NA	NA	1397585918.1822922	1397585918.3061059	NA	NA	1397585918.306636
c3.xlarge	0.5	1f6e42e8-72c5-45e1-b16a-9883049d12a0	32016700	efcc17fb-4b11-47d3-9eda-bffe08357b78	mBackground	0.122860948	NA	NA	8256098	8248320	1397585918.2151637	NA	NA	1397585918.2157042	1397585918.3386772	NA	NA	1397585918.3390799
c3.xlarge	0.5	1f6e42e8-72c5-45e1-b16a-9883049d12a0	32016540	7a80e8e7-52b1-4677-af97-cc5a2f44b346	mBackground	0.132536596	NA	NA	8256098	8248320	1397585918.244471	NA	NA	1397585918.2452693	1397585918.3778844	NA	NA	1397585918.378146
c3.xlarge	0.5	1f6e42e8-72c5-45e1-b16a-9883049d12a0	32016820	fd14008a-da7d-43f9-b596-115daa11d0b6	mBackground	0.125893274	NA	NA	8256098	8248320	1397585918.2786736	NA	NA	1397585918.2793503	1397585918.4053433	NA	NA	1397585918.405726
c3.xlarge	0.5	1f6e42e8-72c5-45e1-b16a-9883049d12a0	32017000	7afe444c-7c39-4ad4-addc-32feb046a391	mBackground	0.128516134	NA	NA	8256098	8248320	1397585918.3111281	NA	NA	1397585918.3116488	1397585918.4402695	NA	NA	1397585918.4406881
c3.xlarge	0.5	1f6e42e8-72c5-45e1-b16a-9883049d12a0	32016700	9b6dbb7e-9249-42e1-be02-0732a726b13e	mBackground	0.128122397	NA	NA	8238818	8231040	1397585918.3443928	NA	NA	1397585918.345092	1397585918.4733312	NA	NA	1397585918.4737167
c3.xlarge	0.5	1f6e42e8-72c5-45e1-b16a-9883049d12a0	32016540	16306c7e-6318-47b4-82d6-abc3ce83d8ab	mBackground	0.123729791	NA	NA	8307938	8300160	1397585918.382945	NA	NA	1397585918.3833086	1397585918.5071108	NA	NA	1397585918.5075204
c3.xlarge	0.5	1f6e42e8-72c5-45e1-b16a-9883049d12a0	32016820	9b71ecad-8386-468c-bbac-9100c86a99d3	mBackground	0.128793815	NA	NA	8256098	8248320	1397585918.4102795	NA	NA	1397585918.4109445	1397585918.5400805	NA	NA	1397585918.540415
c3.xlarge	0.5	1f6e42e8-72c5-45e1-b16a-9883049d12a0	32017000	38c4b35e-a934-4ad9-bbd6-327ecff9b85f	mBackground	0.127195803	NA	NA	8267618	8259840	1397585918.4453235	NA	NA	1397585918.446114	1397585918.573407	NA	NA	1397585918.5738637
c3.xlarge	0.5	1f6e42e8-72c5-45e1-b16a-9883049d12a0	32016700	8c95dc76-61ed-4b10-b64c-521c3c31091a	mBackground	0.12673919	NA	NA	8290658	8282880	1397585918.478961	NA	NA	1397585918.479468	1397585918.6062973	NA	NA	1397585918.6065886
c3.xlarge	0.5	1f6e42e8-72c5-45e1-b16a-9883049d12a0	32016540	310d3439-765c-4288-b458-cc009216d92f	mBackground	0.122427916	NA	NA	8256098	8248320	1397585918.5115185	NA	NA	1397585918.512099	1397585918.6346428	NA	NA	1397585918.6350865
c3.xlarge	0.5	1f6e42e8-72c5-45e1-b16a-9883049d12a0	32016820	060b6452-7be8-40c7-b820-d52d1497a9c5	mBackground	0.124811736	NA	NA	8267618	8259840	1397585918.5449352	NA	NA	1397585918.5454788	1397585918.6705642	NA	NA	1397585918.6710026
c3.xlarge	0.5	1f6e42e8-72c5-45e1-b16a-9883049d12a0	32017000	0c5dda27-15fc-48b5-bb49-d22c32250761	mBackground	0.130020944	NA	NA	8256098	8248320	1397585918.5783513	NA	NA	1397585918.5791261	1397585918.7093947	NA	NA	1397585918.709864
c3.xlarge	0.5	1f6e42e8-72c5-45e1-b16a-9883049d12a0	32016700	df359a1c-ac97-47c4-b917-8db3130f2b49	mBackground	0.130687599	NA	NA	8267618	8259840	1397585918.6120453	NA	NA	1397585918.6124322	1397585918.7432125	NA	NA	1397585918.7436688
c3.xlarge	0.5	1f6e42e8-72c5-45e1-b16a-9883049d12a0	32016540	d8ec66d1-fa33-4b18-9326-6dd537da3e3c	mBackground	0.134889767	NA	NA	8296418	8288640	1397585918.640438	NA	NA	1397585918.6410658	1397585918.7760355	NA	NA	1397585918.776279
c3.xlarge	0.5	1f6e42e8-72c5-45e1-b16a-9883049d12a0	32016820	149c26b4-dce6-4b1d-b077-b925fd4b75f6	mBackground	0.129644436	NA	NA	8313698	8305920	1397585918.6759384	NA	NA	1397585918.676662	1397585918.8064167	NA	NA	1397585918.8068762
c3.xlarge	0.5	1f6e42e8-72c5-45e1-b16a-9883049d12a0	32017000	b18044da-6381-4b71-bab9-3d6de0232945	mBackground	0.125649924	NA	NA	8256098	8248320	1397585918.7143977	NA	NA	1397585918.7151349	1397585918.8408837	NA	NA	1397585918.8413122
c3.xlarge	0.5	1f6e42e8-72c5-45e1-b16a-9883049d12a0	32016700	3c9808c2-f224-4635-a9b0-88bda6b3ed0c	mBackground	0.125478667	NA	NA	8256098	8248320	1397585918.7477746	NA	NA	1397585918.7482648	1397585918.8738625	NA	NA	1397585918.8745341
c3.xlarge	0.5	1f6e42e8-72c5-45e1-b16a-9883049d12a0	32016540	f203201f-1152-4a57-9da5-ba1dd4be62b0	mBackground	0.121700068	NA	NA	8267618	8259840	1397585918.780874	NA	NA	1397585918.7812326	1397585918.9031847	NA	NA	1397585918.9035313
c3.xlarge	0.5	1f6e42e8-72c5-45e1-b16a-9883049d12a0	32016820	a50d726c-831a-4d80-b398-cb5a098aabfb	mBackground	0.124898263	NA	NA	8250338	8242560	1397585918.8120716	NA	NA	1397585918.812888	1397585918.9378753	NA	NA	1397585918.938267
c3.xlarge	0.5	1f6e42e8-72c5-45e1-b16a-9883049d12a0	32017000	454895ac-4c44-4eab-bd03-f45b21e8a820	mBackground	0.122913197	NA	NA	8238818	8231040	1397585918.8463626	NA	NA	1397585918.8469703	1397585918.97001	NA	NA	1397585918.9706378
c3.xlarge	0.5	1f6e42e8-72c5-45e1-b16a-9883049d12a0	32016700	7d07b73f-5db4-44ef-abfb-ddc80b097061	mBackground	0.119790762	NA	NA	8250338	8242560	1397585918.8797753	NA	NA	1397585918.8805263	1397585919.0004272	NA	NA	1397585919.001084
c3.xlarge	0.5	1f6e42e8-72c5-45e1-b16a-9883049d12a0	32016540	2652a911-6a7c-4883-9291-897d1d9b268b	mBackground	0.110936913	NA	NA	8250338	8242560	1397585918.9079528	NA	NA	1397585918.90857	1397585919.019576	NA	NA	1397585919.0199099
c3.xlarge	0.5	1f6e42e8-72c5-45e1-b16a-9883049d12a0	32016820	6c5ecd49-f42c-4460-96f3-00d781ebe322	mBackground	0.129676648	NA	NA	8313698	8305920	1397585918.9432163	NA	NA	1397585918.9436536	1397585919.0734034	NA	NA	1397585919.0738158
c3.xlarge	0.5	1f6e42e8-72c5-45e1-b16a-9883049d12a0	32017000	fa195995-d39b-4dc7-ac87-60811224f5ce	mBackground	0.110265378	NA	NA	8256098	8248320	1397585918.9756014	NA	NA	1397585918.9762533	1397585919.0865808	NA	NA	1397585919.086769
c3.xlarge	0.5	1f6e42e8-72c5-45e1-b16a-9883049d12a0	32016700	d5409fc7-f73d-4c0d-bd5e-4fc1b8de0a1e	mImgtbl	0.063060266	NA	NA	144489745	10121	1397585919.3619854	NA	NA	1397585919.3652675	1397585919.42842	NA	NA	1397585919.4287426
c3.xlarge	0.5	1f6e42e8-72c5-45e1-b16a-9883049d12a0	32016540	748155c1-28a8-48ff-8028-3f2c3a1bd9f4	mAdd	0.53029213	NA	NA	288978107	51736320	1397585919.7443314	NA	NA	1397585919.751117	1397585920.2814999	NA	NA	1397585920.2829137
c3.xlarge	0.5	1f6e42e8-72c5-45e1-b16a-9883049d12a0	32016820	4e1c2ebb-a5c5-4b39-aeeb-4f53af1b9118	mShrink	0.171046185	NA	NA	25868160	6471360	1397585920.54893	NA	NA	1397585920.549716	1397585920.7208543	NA	NA	1397585920.7222998
c3.xlarge	0.5	1f6e42e8-72c5-45e1-b16a-9883049d12a0	32017000	f482891c-6fb4-4121-8e50-18104991ea78	mJPEG	0.248940141	NA	NA	6471360	119281	1397585920.9856625	NA	NA	1397585920.985853	1397585921.2348816	NA	NA	1397585921.2361617
