m1.large	0.5	9e4b68ea-8434-47b4-b3e2-6ceaf30976d3	28913340	c158dbe6-4fed-4d8d-b292-d09e22e0bbc5	mProjectPP	1.789152202	NA	NA	2111346	8242560	1397913060.8075233	NA	NA	1397913060.8079534	1397913062.5972512	NA	NA	1397913062.5977423
m1.large	0.5	9e4b68ea-8434-47b4-b3e2-6ceaf30976d3	28913480	7bcb966b-c695-4795-b11f-2284bf8ceb8d	mProjectPP	1.886313019	NA	NA	2111346	8231040	1397913060.7124524	NA	NA	1397913060.7387967	1397913062.6252668	NA	NA	1397913062.6255944
m1.large	0.5	9e4b68ea-8434-47b4-b3e2-6ceaf30976d3	28913480	51214f9c-b593-4da2-a21e-d8cddf3b20a7	mProjectPP	1.632761561	NA	NA	2111346	8300160	1397913062.6297846	NA	NA	1397913062.6300619	1397913064.2629569	NA	NA	1397913064.264589
m1.large	0.5	9e4b68ea-8434-47b4-b3e2-6ceaf30976d3	28913340	d745c2e0-2005-4fc0-883b-6c2c30051088	mProjectPP	1.685703064	NA	NA	2111346	8231040	1397913062.603886	NA	NA	1397913062.6041842	1397913064.2900095	NA	NA	1397913064.2903771
m1.large	0.5	9e4b68ea-8434-47b4-b3e2-6ceaf30976d3	28913480	13b250ed-c8e3-4802-a161-d5c9dd832e41	mProjectPP	1.654965571	NA	NA	2111346	8288640	1397913064.2688515	NA	NA	1397913064.2691295	1397913065.9242282	NA	NA	1397913065.9248257
m1.large	0.5	9e4b68ea-8434-47b4-b3e2-6ceaf30976d3	28913340	5508cb39-8b42-40a6-960c-144913f7a906	mProjectPP	1.656263171	NA	NA	2111346	8248320	1397913064.2948985	NA	NA	1397913064.2951663	1397913065.95157	NA	NA	1397913065.9520159
m1.large	0.5	9e4b68ea-8434-47b4-b3e2-6ceaf30976d3	28913480	aa246008-5cf5-4d9d-8c30-f4771cdddac6	mProjectPP	1.664810326	NA	NA	2111346	8248320	1397913065.930121	NA	NA	1397913065.9311895	1397913067.5961652	NA	NA	1397913067.600104
m1.large	0.5	9e4b68ea-8434-47b4-b3e2-6ceaf30976d3	28913340	ddcab178-b017-4d1b-90a5-7c71c3145322	mProjectPP	1.714990177	NA	NA	2111346	8248320	1397913065.9624252	NA	NA	1397913065.9628448	1397913067.6780283	NA	NA	1397913067.678464
m1.large	0.5	9e4b68ea-8434-47b4-b3e2-6ceaf30976d3	28913480	b8da241f-8394-49fa-b1d8-7faf01d9b306	mProjectPP	1.653801066	NA	NA	2111346	8242560	1397913067.6041374	NA	NA	1397913067.6046467	1397913069.258595	NA	NA	1397913069.259134
m1.large	0.5	9e4b68ea-8434-47b4-b3e2-6ceaf30976d3	28913340	fca3186a-7656-453e-b4a0-45091d796f29	mProjectPP	1.658475627	NA	NA	2111346	8231040	1397913067.6824133	NA	NA	1397913067.6828258	1397913069.3414493	NA	NA	1397913069.3419058
m1.large	0.5	9e4b68ea-8434-47b4-b3e2-6ceaf30976d3	28913480	7060471c-11ea-47ab-b0b1-e00e913d3bb5	mProjectPP	1.646686479	NA	NA	2111346	8259840	1397913069.2814178	NA	NA	1397913069.2816947	1397913070.9285212	NA	NA	1397913070.929068
m1.large	0.5	9e4b68ea-8434-47b4-b3e2-6ceaf30976d3	28913340	603f1e45-04e9-487c-83c0-d1b38f624e2a	mProjectPP	1.659065981	NA	NA	2111346	8248320	1397913069.3461785	NA	NA	1397913069.3464582	1397913071.0056589	NA	NA	1397913071.0060644
m1.large	0.5	9e4b68ea-8434-47b4-b3e2-6ceaf30976d3	28913480	bccf0f70-4d83-46ec-8991-d53477cde157	mProjectPP	1.631542801	NA	NA	2111346	8248320	1397913070.933575	NA	NA	1397913070.9338577	1397913072.5655472	NA	NA	1397913072.5659354
m1.large	0.5	9e4b68ea-8434-47b4-b3e2-6ceaf30976d3	28913340	7f29e027-b5c6-4caf-a54f-23f5e83c1d69	mProjectPP	1.716749668	NA	NA	2111346	8248320	1397913071.0105274	NA	NA	1397913071.0109153	1397913072.7277977	NA	NA	1397913072.7289915
m1.large	0.5	9e4b68ea-8434-47b4-b3e2-6ceaf30976d3	28913340	12547fcb-15fc-4522-b5c0-6fa2c6a791eb	mProjectPP	1.577690991	NA	NA	2111346	8231040	1397913072.7324889	NA	NA	1397913072.7327657	1397913074.3105805	NA	NA	1397913074.312251
m1.large	0.5	9e4b68ea-8434-47b4-b3e2-6ceaf30976d3	28913480	d0d0c646-8e06-43e7-8fdf-6ed354443f2f	mProjectPP	1.787599397	NA	NA	2111346	8248320	1397913072.6098359	NA	NA	1397913072.6102304	1397913074.3979454	NA	NA	1397913074.3984473
m1.large	0.5	9e4b68ea-8434-47b4-b3e2-6ceaf30976d3	28913340	6fe7f5cc-daae-4c52-a32e-5ba96c1ed46a	mProjectPP	1.687403458	NA	NA	2111346	8300160	1397913074.3163762	NA	NA	1397913074.3166828	1397913076.004226	NA	NA	1397913076.0048187
m1.large	0.5	9e4b68ea-8434-47b4-b3e2-6ceaf30976d3	28913480	2bcd4167-5b8d-4d56-9e0c-0ebf9c49687c	mProjectPP	1.689089839	NA	NA	2111346	8248320	1397913074.4023983	NA	NA	1397913074.4027238	1397913076.091938	NA	NA	1397913076.0924575
m1.large	0.5	9e4b68ea-8434-47b4-b3e2-6ceaf30976d3	28913340	13538d67-5809-48ae-9878-3101b04e5ff0	mProjectPP	1.749769499	NA	NA	2111346	8259840	1397913076.010068	NA	NA	1397913076.0103903	1397913077.760388	NA	NA	1397913077.7609332
m1.large	0.5	9e4b68ea-8434-47b4-b3e2-6ceaf30976d3	28913480	48e8ca35-e9ec-4df6-9c01-3916c66d38e9	mProjectPP	1.690720852	NA	NA	2111346	8282880	1397913076.0964556	NA	NA	1397913076.0967984	1397913077.7876236	NA	NA	1397913077.7880502
m1.large	0.5	9e4b68ea-8434-47b4-b3e2-6ceaf30976d3	28913340	88bb7692-145c-4030-9b33-3ad5f681c129	mProjectPP	1.646030704	NA	NA	2111346	8248320	1397913077.766041	NA	NA	1397913077.7663722	1397913079.4125443	NA	NA	1397913079.413015
m1.large	0.5	9e4b68ea-8434-47b4-b3e2-6ceaf30976d3	28913480	c20ddb68-ea27-419d-b941-528efacdeb6f	mProjectPP	1.755350746	NA	NA	2111346	8259840	1397913077.7920153	NA	NA	1397913077.7923017	1397913079.5477822	NA	NA	1397913079.5482442
m1.large	0.5	9e4b68ea-8434-47b4-b3e2-6ceaf30976d3	28913340	d41c984d-5c62-4db1-9940-9b543eb11f24	mProjectPP	1.624486712	NA	NA	2111346	8248320	1397913079.418238	NA	NA	1397913079.4186046	1397913081.04323	NA	NA	1397913081.0436108
m1.large	0.5	9e4b68ea-8434-47b4-b3e2-6ceaf30976d3	28913480	0e7f16ff-c3cd-4dd4-a5c6-05816bad882e	mProjectPP	1.612765186	NA	NA	2111346	8259840	1397913079.5528796	NA	NA	1397913079.5532358	1397913081.1661353	NA	NA	1397913081.1665606
m1.large	0.5	9e4b68ea-8434-47b4-b3e2-6ceaf30976d3	28913340	e2a2658a-6035-45d2-ad85-c3cf41d0b0cb	mProjectPP	1.606120954	NA	NA	2111346	8288640	1397913081.048161	NA	NA	1397913081.0484786	1397913082.6547804	NA	NA	1397913082.715293
m1.large	0.5	9e4b68ea-8434-47b4-b3e2-6ceaf30976d3	28913480	d212d45a-bc3c-4a9c-bb63-8deff62e8426	mProjectPP	1.66367084	NA	NA	2111346	8305920	1397913081.171352	NA	NA	1397913081.1717274	1397913082.8355312	NA	NA	1397913082.8361135
m1.large	0.5	9e4b68ea-8434-47b4-b3e2-6ceaf30976d3	28913340	a5939925-4ab0-4ab8-b1a6-e9845116bcc5	mProjectPP	1.672902821	NA	NA	2111346	8248320	1397913082.719963	NA	NA	1397913082.7206013	1397913084.3937452	NA	NA	1397913084.3948476
m1.large	0.5	9e4b68ea-8434-47b4-b3e2-6ceaf30976d3	28913480	dbfae6b0-3c13-4d8b-90d8-8715470d4a75	mProjectPP	1.72524198	NA	NA	2111346	8248320	1397913082.840818	NA	NA	1397913082.8410964	1397913084.5664628	NA	NA	1397913084.567469
m1.large	0.5	9e4b68ea-8434-47b4-b3e2-6ceaf30976d3	28913340	be1e3f3f-19c9-497e-8f15-9a89b057d725	mProjectPP	1.706431491	NA	NA	2111346	8259840	1397913084.3988762	NA	NA	1397913084.399297	1397913086.1058803	NA	NA	1397913086.106286
m1.large	0.5	9e4b68ea-8434-47b4-b3e2-6ceaf30976d3	28913480	dae7777d-f8db-4e62-9108-74bc69bea348	mProjectPP	1.681023693	NA	NA	2111346	8242560	1397913084.5713308	NA	NA	1397913084.571728	1397913086.2528925	NA	NA	1397913086.2533472
m1.large	0.5	9e4b68ea-8434-47b4-b3e2-6ceaf30976d3	28913340	64b5d982-69a3-4ad4-8f74-2c7888349006	mProjectPP	1.694451915	NA	NA	2111346	8231040	1397913086.1123946	NA	NA	1397913086.112731	1397913087.807312	NA	NA	1397913087.8079655
m1.large	0.5	9e4b68ea-8434-47b4-b3e2-6ceaf30976d3	28913480	c6dc8b5f-52ab-470d-8453-350b5f498386	mProjectPP	1.637759579	NA	NA	2111346	8242560	1397913086.2578673	NA	NA	1397913086.2582147	1397913087.8960876	NA	NA	1397913087.8964348
m1.large	0.5	9e4b68ea-8434-47b4-b3e2-6ceaf30976d3	28913480	7d69e5c8-9f14-4a35-8c45-0ac63077d58e	mProjectPP	1.594187381	NA	NA	2111346	8305920	1397913087.900533	NA	NA	1397913087.9008138	1397913089.4951339	NA	NA	1397913089.4955635
m1.large	0.5	9e4b68ea-8434-47b4-b3e2-6ceaf30976d3	28913340	6661519e-b9e6-466f-8f79-317db7c38bdd	mProjectPP	1.646291777	NA	NA	2111346	8242560	1397913087.874021	NA	NA	1397913087.8744395	1397913089.5208843	NA	NA	1397913089.5214913
m1.large	0.5	9e4b68ea-8434-47b4-b3e2-6ceaf30976d3	28913340	671bd94e-2afc-4337-a48f-35009a710bad	mDiffFit	0.378944544	NA	NA	16531506	472594	1397913089.5832045	NA	NA	1397913089.5842574	1397913089.9633446	NA	NA	1397913089.9637673
m1.large	0.5	9e4b68ea-8434-47b4-b3e2-6ceaf30976d3	28913340	a15ba401-656b-49a1-90b6-f4fc3281b602	mDiffFit	0.157766715	NA	NA	16473906	147146	1397913089.9688127	NA	NA	1397913089.9695752	1397913090.1274722	NA	NA	1397913090.1279225
m1.large	0.5	9e4b68ea-8434-47b4-b3e2-6ceaf30976d3	28913340	9b1a6921-a4b6-4e00-8c67-d794bde29ae1	mDiffFit	0.191804336	NA	NA	16589106	222032	1397913090.1328309	NA	NA	1397913090.1335435	1397913090.3254797	NA	NA	1397913090.3258905
m1.large	0.5	9e4b68ea-8434-47b4-b3e2-6ceaf30976d3	28913340	1b472768-d78e-45b0-a52d-1baec51e0d8e	mDiffFit	0.190650563	NA	NA	16479666	222029	1397913090.3308196	NA	NA	1397913090.3315866	1397913090.5223498	NA	NA	1397913090.5227695
m1.large	0.5	9e4b68ea-8434-47b4-b3e2-6ceaf30976d3	28913340	e31bbe61-f62c-4f87-8c57-228d595ea523	mDiffFit	0.186857333	NA	NA	16491186	144271	1397913090.5275311	NA	NA	1397913090.5284247	1397913090.7154014	NA	NA	1397913090.7163715
m1.large	0.5	9e4b68ea-8434-47b4-b3e2-6ceaf30976d3	28913340	e89eb32d-df94-4cd3-878d-dc4b38bbd506	mDiffFit	0.148796339	NA	NA	16548786	250828	1397913090.720394	NA	NA	1397913090.7211497	1397913090.8700695	NA	NA	1397913090.8705392
m1.large	0.5	9e4b68ea-8434-47b4-b3e2-6ceaf30976d3	28913340	35dfb119-6aac-4b0d-b274-9f01dd194d6f	mDiffFit	0.240382526	NA	NA	16537266	472590	1397913090.9353921	NA	NA	1397913090.9361184	1397913091.1766188	NA	NA	1397913091.1778407
m1.large	0.5	9e4b68ea-8434-47b4-b3e2-6ceaf30976d3	28913480	fb8e8106-f4db-4361-a40a-7b52775e2b0e	mProjectPP	1.703404937	NA	NA	2111346	8248320	1397913089.5007348	NA	NA	1397913089.5010452	1397913091.204585	NA	NA	1397913091.2049804
m1.large	0.5	9e4b68ea-8434-47b4-b3e2-6ceaf30976d3	28913340	80bf4cf6-7a44-4ee8-9da8-d9b19530059e	mDiffFit	0.126803904	NA	NA	16479666	147143	1397913091.1817267	NA	NA	1397913091.1827872	1397913091.3097346	NA	NA	1397913091.3102226
m1.large	0.5	9e4b68ea-8434-47b4-b3e2-6ceaf30976d3	28913480	7a41f3b8-5236-43ca-b42b-c6dac8c63da8	mDiffFit	0.140590116	NA	NA	16491186	219152	1397913091.2090533	NA	NA	1397913091.2099888	1397913091.3507683	NA	NA	1397913091.3511608
m1.large	0.5	9e4b68ea-8434-47b4-b3e2-6ceaf30976d3	28913340	1e7500d4-a40a-48a3-a8ee-d64bf8f5703a	mDiffFit	0.241418116	NA	NA	16479666	466822	1397913091.3148158	NA	NA	1397913091.3155773	1397913091.557131	NA	NA	1397913091.558272
m1.large	0.5	9e4b68ea-8434-47b4-b3e2-6ceaf30976d3	28913480	eaaaf871-9eb6-4f43-a419-36088b6b0e2c	mDiffFit	0.249045519	NA	NA	16496946	481232	1397913091.4156458	NA	NA	1397913091.4164486	1397913091.6656368	NA	NA	1397913091.6663194
m1.large	0.5	9e4b68ea-8434-47b4-b3e2-6ceaf30976d3	28913340	d8c1b97a-f022-47a6-ba89-1e0b1fe55d73	mDiffFit	0.129071978	NA	NA	16479666	155786	1397913091.6221988	NA	NA	1397913091.622993	1397913091.7522526	NA	NA	1397913091.7527568
m1.large	0.5	9e4b68ea-8434-47b4-b3e2-6ceaf30976d3	28913480	a003963c-8380-4663-b92d-678f6979c285	mDiffFit	0.239244549	NA	NA	16485426	472591	1397913091.6705196	NA	NA	1397913091.6713293	1397913091.9107606	NA	NA	1397913091.9111562
m1.large	0.5	9e4b68ea-8434-47b4-b3e2-6ceaf30976d3	28913340	cba92cb3-3294-4078-9aa5-01d3fcd85cf8	mDiffFit	0.201427082	NA	NA	16473906	222033	1397913091.7573204	NA	NA	1397913091.7581122	1397913091.959692	NA	NA	1397913091.960119
m1.large	0.5	9e4b68ea-8434-47b4-b3e2-6ceaf30976d3	28913480	6223bc77-a1df-4490-bad5-38ecb3369578	mDiffFit	0.243443324	NA	NA	16491186	492747	1397913091.915759	NA	NA	1397913091.9167438	1397913092.160322	NA	NA	1397913092.1607406
m1.large	0.5	9e4b68ea-8434-47b4-b3e2-6ceaf30976d3	28913340	f56bfbfd-c9e0-4ca5-b251-b6c93379ec56	mDiffFit	0.246074909	NA	NA	16473906	469714	1397913091.9645338	NA	NA	1397913091.965429	1397913092.2117977	NA	NA	1397913092.2122386
m1.large	0.5	9e4b68ea-8434-47b4-b3e2-6ceaf30976d3	28913480	aca13764-4a1b-4ab7-accb-391a8dc0639f	mDiffFit	0.215468056	NA	NA	16519986	247952	1397913092.1657481	NA	NA	1397913092.1667678	1397913092.3823667	NA	NA	1397913092.383814
m1.large	0.5	9e4b68ea-8434-47b4-b3e2-6ceaf30976d3	28913340	4e43004a-f027-4ab0-ad17-b9a595c2f482	mDiffFit	0.196728906	NA	NA	16479666	224915	1397913092.2164652	NA	NA	1397913092.2173007	1397913092.4141662	NA	NA	1397913092.4145439
m1.large	0.5	9e4b68ea-8434-47b4-b3e2-6ceaf30976d3	28913340	223adf34-cc97-41b2-a355-31f733ff3acb	mDiffFit	0.208456944	NA	NA	16479666	224912	1397913092.4189334	NA	NA	1397913092.4197268	1397913092.6283035	NA	NA	1397913092.6295357
m1.large	0.5	9e4b68ea-8434-47b4-b3e2-6ceaf30976d3	28913480	b42447c8-2423-41a6-bcc6-6375d73bce4f	mDiffFit	0.266454345	NA	NA	16508466	478346	1397913092.3878062	NA	NA	1397913092.388646	1397913092.655236	NA	NA	1397913092.6557372
m1.large	0.5	9e4b68ea-8434-47b4-b3e2-6ceaf30976d3	28913340	f042e4a8-ef1c-406a-9451-bd87e7fc55fd	mDiffFit	0.178751156	NA	NA	16496946	144262	1397913092.6336744	NA	NA	1397913092.6346145	1397913092.8135595	NA	NA	1397913092.8139586
m1.large	0.5	9e4b68ea-8434-47b4-b3e2-6ceaf30976d3	28913480	10bc6f75-520c-424e-bceb-98e6936995b5	mDiffFit	0.309474365	NA	NA	16496946	492743	1397913092.6617825	NA	NA	1397913092.6629002	1397913092.9725087	NA	NA	1397913092.97295
m1.large	0.5	9e4b68ea-8434-47b4-b3e2-6ceaf30976d3	28913340	d1b105e3-2c14-4f10-b5a7-ba48798e5146	mDiffFit	0.257879529	NA	NA	16479666	492746	1397913092.8184078	NA	NA	1397913092.8194354	1397913093.0774548	NA	NA	1397913093.0778887
m1.large	0.5	9e4b68ea-8434-47b4-b3e2-6ceaf30976d3	28913480	648dbb2a-cf3a-4c71-9a82-54480cbf2f13	mDiffFit	0.139434638	NA	NA	16496946	222027	1397913093.0019228	NA	NA	1397913093.003131	1397913093.1427453	NA	NA	1397913093.1432045
m1.large	0.5	9e4b68ea-8434-47b4-b3e2-6ceaf30976d3	28913340	157946e8-3565-4989-8859-fb79b47ffc6f	mDiffFit	0.185079724	NA	NA	16496946	155777	1397913093.0826893	NA	NA	1397913093.083628	1397913093.2688396	NA	NA	1397913093.2693439
m1.large	0.5	9e4b68ea-8434-47b4-b3e2-6ceaf30976d3	28913480	94d84e04-543c-4599-a4a7-deca0cba6f6a	mDiffFit	0.214728337	NA	NA	16496946	224900	1397913093.1480718	NA	NA	1397913093.1491256	1397913093.3639917	NA	NA	1397913093.364519
m1.large	0.5	9e4b68ea-8434-47b4-b3e2-6ceaf30976d3	28913340	e4200db3-132a-47cf-b996-a24ddda5987d	mDiffFit	0.190645942	NA	NA	16479666	486982	1397913093.274272	NA	NA	1397913093.27537	1397913093.4662654	NA	NA	1397913093.466826
m1.large	0.5	9e4b68ea-8434-47b4-b3e2-6ceaf30976d3	28913480	060417ce-2835-4ec9-a525-1779cf8211c1	mDiffFit	0.190743559	NA	NA	16479666	152900	1397913093.3694322	NA	NA	1397913093.370429	1397913093.5612898	NA	NA	1397913093.5617568
m1.large	0.5	9e4b68ea-8434-47b4-b3e2-6ceaf30976d3	28913340	8be01bda-7bcd-4492-bde6-b420091cd24b	mDiffFit	0.209845027	NA	NA	16479666	224906	1397913093.4719665	NA	NA	1397913093.4729328	1397913093.6829212	NA	NA	1397913093.6835222
m1.large	0.5	9e4b68ea-8434-47b4-b3e2-6ceaf30976d3	28913480	d614be9d-9e38-4836-b392-1c79d0146391	mDiffFit	0.201195661	NA	NA	16496946	150020	1397913093.5669546	NA	NA	1397913093.5681531	1397913093.769501	NA	NA	1397913093.7700174
m1.large	0.5	9e4b68ea-8434-47b4-b3e2-6ceaf30976d3	28913340	1db9b487-a7dc-4a7d-a4b1-b4bf32d3373b	mDiffFit	0.17087726	NA	NA	16508466	219152	1397913093.688958	NA	NA	1397913093.690176	1397913093.861192	NA	NA	1397913093.861656
m1.large	0.5	9e4b68ea-8434-47b4-b3e2-6ceaf30976d3	28913340	5f356ec6-02c1-4381-95b5-b53660a7faf6	mDiffFit	0.151971562	NA	NA	16531506	253710	1397913093.867261	NA	NA	1397913093.8684196	1397913094.020527	NA	NA	1397913094.021076
m1.large	0.5	9e4b68ea-8434-47b4-b3e2-6ceaf30976d3	28913480	c8effff4-9662-4a81-bc5f-52e820db3169	mDiffFit	0.310444768	NA	NA	16496946	486982	1397913093.7753432	NA	NA	1397913093.7763734	1397913094.0869672	NA	NA	1397913094.087456
m1.large	0.5	9e4b68ea-8434-47b4-b3e2-6ceaf30976d3	28913340	ff6b5376-a22e-41b4-b578-2c0e7a602991	mDiffFit	0.203498799	NA	NA	16600626	224919	1397913094.026149	NA	NA	1397913094.027164	1397913094.2308555	NA	NA	1397913094.2314615
m1.large	0.5	9e4b68ea-8434-47b4-b3e2-6ceaf30976d3	28913480	95c67294-6004-41cd-9808-b76b0f00ca54	mDiffFit	0.18823659	NA	NA	16479666	489873	1397913094.1413896	NA	NA	1397913094.14248	1397913094.3308694	NA	NA	1397913094.3314147
m1.large	0.5	9e4b68ea-8434-47b4-b3e2-6ceaf30976d3	28913340	ccabfba9-f102-423d-ad24-25f51ab3b1ae	mDiffFit	0.266652234	NA	NA	16496946	219145	1397913094.2364953	NA	NA	1397913094.2381294	1397913094.5049865	NA	NA	1397913094.5055625
m1.large	0.5	9e4b68ea-8434-47b4-b3e2-6ceaf30976d3	28913480	92213d9f-3c04-4a6e-a730-3415799334fa	mDiffFit	0.267141641	NA	NA	16496946	458186	1397913094.3365526	NA	NA	1397913094.3377845	1397913094.6050484	NA	NA	1397913094.6052542
m1.large	0.5	9e4b68ea-8434-47b4-b3e2-6ceaf30976d3	28913340	e14c2442-dc1d-4dca-baa9-e81df8b84a67	mDiffFit	0.142405112	NA	NA	16508466	222030	1397913094.5617406	NA	NA	1397913094.6026258	1397913094.745213	NA	NA	1397913094.7456255
m1.large	0.5	9e4b68ea-8434-47b4-b3e2-6ceaf30976d3	28913480	e56cf1aa-d462-4072-8dad-529249b40f76	mDiffFit	0.26487213	NA	NA	16508466	507144	1397913094.6290426	NA	NA	1397913094.6301813	1397913094.8952003	NA	NA	1397913094.895686
m1.large	0.5	9e4b68ea-8434-47b4-b3e2-6ceaf30976d3	28913340	9b7553d3-1096-491e-9d1e-3f03605bddc7	mDiffFit	0.144029871	NA	NA	16491186	155781	1397913094.8012698	NA	NA	1397913094.8020267	1397913094.9461846	NA	NA	1397913094.947683
m1.large	0.5	9e4b68ea-8434-47b4-b3e2-6ceaf30976d3	28913480	d7152a94-7559-4ebd-b6f0-351b9088d216	mDiffFit	0.245147729	NA	NA	16508466	472588	1397913094.9001076	NA	NA	1397913094.9009054	1397913095.1461878	NA	NA	1397913095.1473458
m1.large	0.5	9e4b68ea-8434-47b4-b3e2-6ceaf30976d3	28913340	da68df10-5220-4792-a8a4-be2754c0ae71	mDiffFit	0.222414796	NA	NA	16508466	224899	1397913094.9516625	NA	NA	1397913094.9526005	1397913095.1751227	NA	NA	1397913095.1754813
m1.large	0.5	9e4b68ea-8434-47b4-b3e2-6ceaf30976d3	28913480	65a6bdc4-1ed8-479d-a037-4c39c77cc1de	mDiffFit	0.253315691	NA	NA	16479666	492744	1397913095.1511898	NA	NA	1397913095.1521196	1397913095.405565	NA	NA	1397913095.407077
m1.large	0.5	9e4b68ea-8434-47b4-b3e2-6ceaf30976d3	28913340	8ffa7fe8-097d-4d10-af16-67e128cf9e8b	mDiffFit	0.256014026	NA	NA	16519986	222027	1397913095.179479	NA	NA	1397913095.1803477	1397913095.4364743	NA	NA	1397913095.4368248
m1.large	0.5	9e4b68ea-8434-47b4-b3e2-6ceaf30976d3	28913340	7bac1028-5f86-4143-8de8-8bdb1914437e	mDiffFit	0.190874455	NA	NA	16508466	155784	1397913095.4442365	NA	NA	1397913095.4451587	1397913095.6363332	NA	NA	1397913095.6367717
m1.large	0.5	9e4b68ea-8434-47b4-b3e2-6ceaf30976d3	28913480	5c32adb8-a202-4fba-ae05-d56ee7bb7ccc	mDiffFit	0.257587341	NA	NA	16519986	504264	1397913095.4115589	NA	NA	1397913095.4123983	1397913095.6700962	NA	NA	1397913095.6704476
m1.large	0.5	9e4b68ea-8434-47b4-b3e2-6ceaf30976d3	28913480	967187e6-bcc3-484b-b3e9-9fee6d07b48e	mDiffFit	0.185833638	NA	NA	16508466	144264	1397913095.6890988	NA	NA	1397913095.689999	1397913095.8759542	NA	NA	1397913095.8764424
m1.large	0.5	9e4b68ea-8434-47b4-b3e2-6ceaf30976d3	28913340	a21764c8-6124-4b2d-88e5-84625ee20135	mDiffFit	0.26671349	NA	NA	16519986	472590	1397913095.6436212	NA	NA	1397913095.6443624	1397913095.9112473	NA	NA	1397913095.9116175
m1.large	0.5	9e4b68ea-8434-47b4-b3e2-6ceaf30976d3	28913480	3778c4a7-c1ed-4db9-8925-a5fae620ecb4	mDiffFit	0.215468865	NA	NA	16548786	311308	1397913095.8814633	NA	NA	1397913095.882347	1397913096.0979514	NA	NA	1397913096.098491
m1.large	0.5	9e4b68ea-8434-47b4-b3e2-6ceaf30976d3	28913340	61f506bd-cae7-4573-9340-34ce4dd90554	mDiffFit	0.214255972	NA	NA	16537266	288266	1397913095.9163976	NA	NA	1397913095.9172084	1397913096.1315854	NA	NA	1397913096.1319232
m1.large	0.5	9e4b68ea-8434-47b4-b3e2-6ceaf30976d3	28913480	987b743a-045b-4c97-bcc2-969621cdb631	mDiffFit	0.139943141	NA	NA	16594866	222030	1397913096.1032825	NA	NA	1397913096.1042798	1397913096.2443612	NA	NA	1397913096.244762
m1.large	0.5	9e4b68ea-8434-47b4-b3e2-6ceaf30976d3	28913340	a9292f0b-4a89-4717-86e1-44ffa4e5dec0	mDiffFit	0.212401336	NA	NA	16589106	224912	1397913096.1363559	NA	NA	1397913096.1370635	1397913096.3496015	NA	NA	1397913096.3499851
m1.large	0.5	9e4b68ea-8434-47b4-b3e2-6ceaf30976d3	28913480	e974de0d-ae6c-4a62-a10e-f1f1fb3e90e1	mDiffFit	0.216209093	NA	NA	16554546	311303	1397913096.2497063	NA	NA	1397913096.2506027	1397913096.4669468	NA	NA	1397913096.4673145
m1.large	0.5	9e4b68ea-8434-47b4-b3e2-6ceaf30976d3	28913340	e2e57e3c-73d5-40a3-b0c2-377220228128	mDiffFit	0.201023799	NA	NA	16508466	147143	1397913096.3553874	NA	NA	1397913096.3561773	1397913096.5573192	NA	NA	1397913096.5579128
m1.large	0.5	9e4b68ea-8434-47b4-b3e2-6ceaf30976d3	28913340	b30a0bd1-61be-4f73-8567-3a16424c5fec	mDiffFit	0.150960424	NA	NA	16554546	279628	1397913096.562334	NA	NA	1397913096.5630841	1397913096.7141614	NA	NA	1397913096.7147186
m1.large	0.5	9e4b68ea-8434-47b4-b3e2-6ceaf30976d3	28913480	1ca669b7-b117-4a4c-bf29-bc663ec2251b	mDiffFit	0.304269722	NA	NA	16496946	472587	1397913096.4724085	NA	NA	1397913096.4731297	1397913096.7775342	NA	NA	1397913096.7780209
m1.large	0.5	9e4b68ea-8434-47b4-b3e2-6ceaf30976d3	28913340	a932ba0d-aa97-4b28-a314-334179cef989	mDiffFit	0.215820953	NA	NA	16531506	305549	1397913096.7195644	NA	NA	1397913096.7205524	1397913096.9365077	NA	NA	1397913096.9368932
m1.large	0.5	9e4b68ea-8434-47b4-b3e2-6ceaf30976d3	28913480	8529b99b-60fd-40d7-b439-251819ed3059	mDiffFit	0.215255613	NA	NA	16496946	224908	1397913096.8106177	NA	NA	1397913096.81144	1397913097.0268083	NA	NA	1397913097.0271285
m1.large	0.5	9e4b68ea-8434-47b4-b3e2-6ceaf30976d3	28913340	a2993696-2b74-4b77-8b9c-4321768fcfdf	mDiffFit	0.203340953	NA	NA	16496946	224911	1397913096.9418244	NA	NA	1397913096.9427447	1397913097.1462224	NA	NA	1397913097.146622
m1.large	0.5	9e4b68ea-8434-47b4-b3e2-6ceaf30976d3	28913480	8ff1fbdb-059b-4edc-bd6b-8045074f6b3e	mDiffFit	0.143632222	NA	NA	16496946	155785	1397913097.031635	NA	NA	1397913097.0325637	1397913097.1763184	NA	NA	1397913097.1767027
m1.large	0.5	9e4b68ea-8434-47b4-b3e2-6ceaf30976d3	28913340	aaca3a7e-7921-440a-8e5a-91e40e79c96c	mDiffFit	0.180313181	NA	NA	16496946	144269	1397913097.1520047	NA	NA	1397913097.1527247	1397913097.3331785	NA	NA	1397913097.3335707
m1.large	0.5	9e4b68ea-8434-47b4-b3e2-6ceaf30976d3	28913480	111dc16a-ca2f-4eb8-bc37-bc5e605825fd	mDiffFit	0.252560509	NA	NA	16508466	492748	1397913097.1820085	NA	NA	1397913097.1829429	1397913097.435787	NA	NA	1397913097.4362006
m1.large	0.5	9e4b68ea-8434-47b4-b3e2-6ceaf30976d3	28913340	8c324b70-5dbe-44b8-8d61-94f7178e9261	mDiffFit	0.206329237	NA	NA	16508466	222029	1397913097.3384547	NA	NA	1397913097.3394167	1397913097.5458815	NA	NA	1397913097.5465336
m1.large	0.5	9e4b68ea-8434-47b4-b3e2-6ceaf30976d3	28913480	732d3499-4d3c-4d9d-ae1a-f4a5ad9ae22d	mDiffFit	0.130137163	NA	NA	16491186	155782	1397913097.500681	NA	NA	1397913097.501629	1397913097.6319015	NA	NA	1397913097.6322765
m1.large	0.5	9e4b68ea-8434-47b4-b3e2-6ceaf30976d3	28913340	0267026e-53a7-4344-89cf-b02da8ab1a38	mDiffFit	0.24998443	NA	NA	16502706	486991	1397913097.5513003	NA	NA	1397913097.5522687	1397913097.8023891	NA	NA	1397913097.8035576
m1.large	0.5	9e4b68ea-8434-47b4-b3e2-6ceaf30976d3	28913480	ac9761b9-53a1-4af3-aa8e-92b7dabe7110	mDiffFit	0.193751854	NA	NA	16491186	152907	1397913097.637418	NA	NA	1397913097.638745	1397913097.8328195	NA	NA	1397913097.8332307
m1.large	0.5	9e4b68ea-8434-47b4-b3e2-6ceaf30976d3	28913340	3a20d3e9-4732-4b2f-ad7c-1648b71968e3	mDiffFit	0.20468276	NA	NA	16473906	224910	1397913097.808295	NA	NA	1397913097.8090088	1397913098.013831	NA	NA	1397913098.0142777
m1.large	0.5	9e4b68ea-8434-47b4-b3e2-6ceaf30976d3	28913480	72d16c22-987e-4ffa-81dd-5b5560f8d60d	mDiffFit	0.244546103	NA	NA	16479666	452429	1397913097.83899	NA	NA	1397913097.8398812	1397913098.0845592	NA	NA	1397913098.0849419
m1.large	0.5	9e4b68ea-8434-47b4-b3e2-6ceaf30976d3	28913340	296ae174-4033-41a1-8dfd-a3bce91fa14e	mDiffFit	0.1490547	NA	NA	16479666	224914	1397913098.0197358	NA	NA	1397913098.020777	1397913098.1699648	NA	NA	1397913098.1703384
m1.large	0.5	9e4b68ea-8434-47b4-b3e2-6ceaf30976d3	28913340	42f3241e-522b-4fc9-a71e-b7986c409768	mDiffFit	0.143319147	NA	NA	16473906	222038	1397913098.1756024	NA	NA	1397913098.1764977	1397913098.3199396	NA	NA	1397913098.3203502
m1.large	0.5	9e4b68ea-8434-47b4-b3e2-6ceaf30976d3	28913480	ba85c4da-7842-410f-83a2-b9937741ef08	mDiffFit	0.320448669	NA	NA	16473906	495636	1397913098.090033	NA	NA	1397913098.090867	1397913098.411433	NA	NA	1397913098.411746
m1.large	0.5	9e4b68ea-8434-47b4-b3e2-6ceaf30976d3	28913480	e0f4d0e2-8111-4a9e-8ebd-a47ac65b7b25	mDiffFit	0.125217721	NA	NA	16491186	150034	1397913098.4169626	NA	NA	1397913098.4176543	1397913098.5431206	NA	NA	1397913098.5435855
m1.large	0.5	9e4b68ea-8434-47b4-b3e2-6ceaf30976d3	28913340	c7948f8e-07e6-4770-a40e-c65bc5dfba4f	mDiffFit	0.325438759	NA	NA	16543026	472593	1397913098.3257606	NA	NA	1397913098.3267615	1397913098.6523328	NA	NA	1397913098.652716
m1.large	0.5	9e4b68ea-8434-47b4-b3e2-6ceaf30976d3	28913480	1bd73ae2-b54c-4e44-8811-a99b67e8c1e5	mDiffFit	0.201855846	NA	NA	16589106	224919	1397913098.550069	NA	NA	1397913098.5509021	1397913098.7528887	NA	NA	1397913098.7532864
m1.large	0.5	9e4b68ea-8434-47b4-b3e2-6ceaf30976d3	28913340	0848a6c5-948a-4a1f-a72b-bd068f16e76f	mDiffFit	0.222279155	NA	NA	16548786	305554	1397913098.6581228	NA	NA	1397913098.6590576	1397913098.881493	NA	NA	1397913098.882016
m1.large	0.5	9e4b68ea-8434-47b4-b3e2-6ceaf30976d3	28913480	f4eb2272-c20e-4d52-b712-e7eb4ef9c576	mDiffFit	0.188428051	NA	NA	16491186	147146	1397913098.7597966	NA	NA	1397913098.7606695	1397913098.9492416	NA	NA	1397913098.9498048
m1.large	0.5	9e4b68ea-8434-47b4-b3e2-6ceaf30976d3	28913340	808017e8-e922-4c78-9b61-5a8f794345cc	mDiffFit	0.265627554	NA	NA	16491186	224911	1397913098.8874722	NA	NA	1397913098.888245	1397913099.154013	NA	NA	1397913099.1544626
m1.large	0.5	9e4b68ea-8434-47b4-b3e2-6ceaf30976d3	28913480	07c3b288-c63a-4a8d-9016-c6b9ca8ce098	mDiffFit	0.231246982	NA	NA	16525746	285387	1397913099.0013282	NA	NA	1397913099.0023494	1397913099.2337296	NA	NA	1397913099.2341552
m1.large	0.5	9e4b68ea-8434-47b4-b3e2-6ceaf30976d3	28913340	0ad06bfa-bc5e-4edb-931c-6aa89d42379e	mDiffFit	0.209035062	NA	NA	16496946	224913	1397913099.2109132	NA	NA	1397913099.2115893	1397913099.4207635	NA	NA	1397913099.4213822
m1.large	0.5	9e4b68ea-8434-47b4-b3e2-6ceaf30976d3	28913480	48df42c5-5401-4b8a-a517-47adf330c002	mDiffFit	0.230433743	NA	NA	16491186	498511	1397913099.2408895	NA	NA	1397913099.2417388	1397913099.4723015	NA	NA	1397913099.4730737
m1.large	0.5	9e4b68ea-8434-47b4-b3e2-6ceaf30976d3	28913340	d03de435-ef8c-42a0-809a-b0e710e199ef	mDiffFit	0.198098459	NA	NA	16491186	472588	1397913099.4266398	NA	NA	1397913099.4277563	1397913099.6259308	NA	NA	1397913099.6264668
m1.large	0.5	9e4b68ea-8434-47b4-b3e2-6ceaf30976d3	28913480	5b662f65-0cf4-4c35-bcfc-242f148abda6	mConcatFit	3.101161657	NA	NA	25122	17057	1397913099.9435375	NA	NA	1397913099.9531338	1397913103.0544546	NA	NA	1397913103.0561972
m1.large	0.5	9e4b68ea-8434-47b4-b3e2-6ceaf30976d3	28913340	ddcd6f8c-bb06-4719-8022-7ee83fc1e743	mBgModel	14.528899	NA	NA	22962	1873	1397913103.3193574	NA	NA	1397913103.3197384	1397913117.84878	NA	NA	1397913117.850591
m1.large	0.5	9e4b68ea-8434-47b4-b3e2-6ceaf30976d3	28913480	d22ac832-c772-4e16-bcff-7d5631ed5c51	mBackground	0.182513825	NA	NA	8238818	8231040	1397913118.2514806	NA	NA	1397913118.2520857	1397913118.4347756	NA	NA	1397913118.4352076
m1.large	0.5	9e4b68ea-8434-47b4-b3e2-6ceaf30976d3	28913340	553c7991-305a-4d62-842a-a4aa6a7f3a62	mBackground	0.208440466	NA	NA	8250338	8242560	1397913118.3109	NA	NA	1397913118.3117197	1397913118.5203283	NA	NA	1397913118.5210955
m1.large	0.5	9e4b68ea-8434-47b4-b3e2-6ceaf30976d3	28913480	0a4aa428-00ab-4bb2-ab57-34c9e6427f5e	mBackground	0.119896428	NA	NA	8238818	8231040	1397913118.498029	NA	NA	1397913118.4987144	1397913118.618803	NA	NA	1397913118.6191926
m1.large	0.5	9e4b68ea-8434-47b4-b3e2-6ceaf30976d3	28913340	8f82fdc7-6536-443e-be98-15a6ee31aa75	mBackground	0.178333266	NA	NA	8307938	8300160	1397913118.5267901	NA	NA	1397913118.527227	1397913118.705719	NA	NA	1397913118.7061338
m1.large	0.5	9e4b68ea-8434-47b4-b3e2-6ceaf30976d3	28913480	e395ee4d-7295-46fd-9848-61019de173f7	mBackground	0.180614021	NA	NA	8296418	8288640	1397913118.6239393	NA	NA	1397913118.6244347	1397913118.8051872	NA	NA	1397913118.8055747
m1.large	0.5	9e4b68ea-8434-47b4-b3e2-6ceaf30976d3	28913340	54e401d7-c0d1-43f2-a4fc-64c591fc3c45	mBackground	0.124692809	NA	NA	8256098	8248320	1397913118.7384436	NA	NA	1397913118.7389946	1397913118.8638303	NA	NA	1397913118.864259
m1.large	0.5	9e4b68ea-8434-47b4-b3e2-6ceaf30976d3	28913480	c4923b7d-04b1-4009-a9cc-6722f7771233	mBackground	0.184472511	NA	NA	8256098	8248320	1397913118.8103998	NA	NA	1397913118.8110147	1397913118.9956334	NA	NA	1397913118.9960096
m1.large	0.5	9e4b68ea-8434-47b4-b3e2-6ceaf30976d3	28913340	69340f45-b83c-432a-be1c-c90efdd8896a	mBackground	0.182625701	NA	NA	8256098	8248320	1397913118.8690438	NA	NA	1397913118.8695211	1397913119.0522969	NA	NA	1397913119.0529623
m1.large	0.5	9e4b68ea-8434-47b4-b3e2-6ceaf30976d3	28913480	2c6b2c45-8ee8-4550-a499-f5186220245e	mBackground	0.121483857	NA	NA	8250338	8242560	1397913119.002583	NA	NA	1397913119.0030334	1397913119.124646	NA	NA	1397913119.1252246
m1.large	0.5	9e4b68ea-8434-47b4-b3e2-6ceaf30976d3	28913340	461412d2-9751-4f58-b5c8-7191251e5293	mBackground	0.187721769	NA	NA	8238818	8231040	1397913119.0577796	NA	NA	1397913119.0584307	1397913119.246301	NA	NA	1397913119.246772
m1.large	0.5	9e4b68ea-8434-47b4-b3e2-6ceaf30976d3	28913480	2bb3d448-f8e4-4fe2-9675-2a136ab24b29	mBackground	0.116985667	NA	NA	8267618	8259840	1397913119.1881664	NA	NA	1397913119.1889014	1397913119.3060179	NA	NA	1397913119.306735
m1.large	0.5	9e4b68ea-8434-47b4-b3e2-6ceaf30976d3	28913340	b64650a7-a677-4d66-92ae-6c2b8964f6d1	mBackground	0.189378751	NA	NA	8256098	8248320	1397913119.253467	NA	NA	1397913119.2541897	1397913119.443696	NA	NA	1397913119.444814
m1.large	0.5	9e4b68ea-8434-47b4-b3e2-6ceaf30976d3	28913480	c94282ec-0c04-4bdf-a8c6-ea0d1c0b6cca	mBackground	0.179490235	NA	NA	8256098	8248320	1397913119.3115847	NA	NA	1397913119.312351	1397913119.4919848	NA	NA	1397913119.4925237
m1.large	0.5	9e4b68ea-8434-47b4-b3e2-6ceaf30976d3	28913340	4876c11d-f3a6-4b95-967b-44645a2a8f13	mBackground	0.118811873	NA	NA	8256098	8248320	1397913119.4492555	NA	NA	1397913119.4497776	1397913119.5687308	NA	NA	1397913119.5691264
m1.large	0.5	9e4b68ea-8434-47b4-b3e2-6ceaf30976d3	28913480	7d0316cc-4ce6-442d-9f27-c8b4436c5e55	mBackground	0.179947165	NA	NA	8256098	8248320	1397913119.4975421	NA	NA	1397913119.498022	1397913119.6782088	NA	NA	1397913119.6787438
m1.large	0.5	9e4b68ea-8434-47b4-b3e2-6ceaf30976d3	28913340	b75702c1-c388-4ae4-9ac6-fe867609f540	mBackground	0.189065608	NA	NA	8238818	8231040	1397913119.5740933	NA	NA	1397913119.5747008	1397913119.7639148	NA	NA	1397913119.7645192
m1.large	0.5	9e4b68ea-8434-47b4-b3e2-6ceaf30976d3	28913480	9fb6634f-d0ec-4c02-b258-fbc933a99e44	mBackground	0.119780075	NA	NA	8307938	8300160	1397913119.6833975	NA	NA	1397913119.6842012	1397913119.8041263	NA	NA	1397913119.8047426
m1.large	0.5	9e4b68ea-8434-47b4-b3e2-6ceaf30976d3	28913480	fbeb8c3e-b922-4892-bd72-92d4e2ad3b06	mBackground	0.188608827	NA	NA	8267618	8259840	1397913119.8095381	NA	NA	1397913119.8101494	1397913119.9988892	NA	NA	1397913119.9994628
m1.large	0.5	9e4b68ea-8434-47b4-b3e2-6ceaf30976d3	28913340	698a2272-0f80-40c4-902a-251bc9169978	mBackground	0.230054768	NA	NA	8256098	8248320	1397913119.769557	NA	NA	1397913119.770167	1397913120.0002952	NA	NA	1397913120.000725
m1.large	0.5	9e4b68ea-8434-47b4-b3e2-6ceaf30976d3	28913480	4bec5ba8-09f8-43a4-9b8e-a8083c5d56f5	mBackground	0.136909209	NA	NA	8290658	8282880	1397913120.0060694	NA	NA	1397913120.0065722	1397913120.1436133	NA	NA	1397913120.1442044
m1.large	0.5	9e4b68ea-8434-47b4-b3e2-6ceaf30976d3	28913340	c6db48f1-aeba-442b-af49-ce82df2dae7c	mBackground	0.226205663	NA	NA	8256098	8248320	1397913120.0069535	NA	NA	1397913120.0077136	1397913120.234027	NA	NA	1397913120.2345142
m1.large	0.5	9e4b68ea-8434-47b4-b3e2-6ceaf30976d3	28913480	96c01fcf-e908-45cf-8076-500419753ddd	mBackground	0.1361455	NA	NA	8267618	8259840	1397913120.2081594	NA	NA	1397913120.2087827	1397913120.3450637	NA	NA	1397913120.3554325
m1.large	0.5	9e4b68ea-8434-47b4-b3e2-6ceaf30976d3	28913340	48db0993-c053-42e1-b82a-274368d86316	mBackground	0.146392554	NA	NA	8256098	8248320	1397913120.239366	NA	NA	1397913120.2398112	1397913120.3863158	NA	NA	1397913120.3868306
m1.large	0.5	9e4b68ea-8434-47b4-b3e2-6ceaf30976d3	28913480	0f062e33-299d-4f47-bdfa-ba30dbba8ded	mBackground	0.143103776	NA	NA	8267618	8259840	1397913120.3600857	NA	NA	1397913120.3606582	1397913120.5039036	NA	NA	1397913120.5050776
m1.large	0.5	9e4b68ea-8434-47b4-b3e2-6ceaf30976d3	28913340	4cb7057c-08fb-40ed-957a-e1e6271e06ac	mBackground	0.141535502	NA	NA	8296418	8288640	1397913120.391403	NA	NA	1397913120.392053	1397913120.533729	NA	NA	1397913120.5344424
m1.large	0.5	9e4b68ea-8434-47b4-b3e2-6ceaf30976d3	28913480	0fc5f12d-1748-483a-b24f-81a315368109	mBackground	0.191316226	NA	NA	8313698	8305920	1397913120.509232	NA	NA	1397913120.5099223	1397913120.701385	NA	NA	1397913120.7017863
m1.large	0.5	9e4b68ea-8434-47b4-b3e2-6ceaf30976d3	28913340	522ef75a-0b70-4e0a-b090-be417b3f2857	mBackground	0.196808757	NA	NA	8256098	8248320	1397913120.5399606	NA	NA	1397913120.5403988	1397913120.7373202	NA	NA	1397913120.7376468
m1.large	0.5	9e4b68ea-8434-47b4-b3e2-6ceaf30976d3	28913480	85b3eab4-a50a-41be-9fa2-e168c07a63c6	mBackground	0.150172303	NA	NA	8256098	8248320	1397913120.7090578	NA	NA	1397913120.7096028	1397913120.8599126	NA	NA	1397913120.860526
m1.large	0.5	9e4b68ea-8434-47b4-b3e2-6ceaf30976d3	28913340	a6f42ff7-0792-4b5d-82eb-31990cee1f15	mBackground	0.162803692	NA	NA	8267618	8259840	1397913120.7423563	NA	NA	1397913120.7431202	1397913120.9060357	NA	NA	1397913120.9065948
m1.large	0.5	9e4b68ea-8434-47b4-b3e2-6ceaf30976d3	28913480	2ad82a96-c667-4d39-ae9e-0eca4778320b	mBackground	0.138832026	NA	NA	8250338	8242560	1397913120.871389	NA	NA	1397913120.8719265	1397913121.0109122	NA	NA	1397913121.01132
m1.large	0.5	9e4b68ea-8434-47b4-b3e2-6ceaf30976d3	28913340	e5ddea4f-0809-4fd4-b1cf-e8c281108c07	mBackground	0.219192967	NA	NA	8238818	8231040	1397913120.9132404	NA	NA	1397913120.9137597	1397913121.1332688	NA	NA	1397913121.1349437
m1.large	0.5	9e4b68ea-8434-47b4-b3e2-6ceaf30976d3	28913480	90f6de4a-4565-48bd-b671-8b89f6c9a8d1	mBackground	0.152890561	NA	NA	8250338	8242560	1397913121.0207212	NA	NA	1397913121.0212526	1397913121.1742547	NA	NA	1397913121.1748445
m1.large	0.5	9e4b68ea-8434-47b4-b3e2-6ceaf30976d3	28913340	851c5a96-93ff-4a72-8728-1aba095ec76f	mBackground	0.20444241	NA	NA	8250338	8242560	1397913121.14032	NA	NA	1397913121.141089	1397913121.3456528	NA	NA	1397913121.347083
m1.large	0.5	9e4b68ea-8434-47b4-b3e2-6ceaf30976d3	28913480	b28d139f-b4a3-418c-9b62-0d1111761995	mBackground	0.211318979	NA	NA	8313698	8305920	1397913121.1805573	NA	NA	1397913121.1810668	1397913121.3925214	NA	NA	1397913121.3929424
m1.large	0.5	9e4b68ea-8434-47b4-b3e2-6ceaf30976d3	28913340	c5cbb58c-c960-4b2f-ab3a-0ac25cfcb791	mBackground	0.12896899	NA	NA	8256098	8248320	1397913121.3518603	NA	NA	1397913121.3524418	1397913121.4814973	NA	NA	1397913121.481976
m1.large	0.5	9e4b68ea-8434-47b4-b3e2-6ceaf30976d3	28913480	76b50f8e-ba86-41bf-b6c1-037d8ddecd37	mImgtbl	0.839056785	NA	NA	144489745	10121	1397913121.8005383	NA	NA	1397913121.805895	1397913122.645101	NA	NA	1397913122.647195
m1.large	0.5	9e4b68ea-8434-47b4-b3e2-6ceaf30976d3	28913340	e5fe7049-70aa-46f9-ba95-5b9f49a1cda7	mAdd	2.140496006	NA	NA	288978107	51736320	1397913122.9661565	NA	NA	1397913122.9777057	1397913125.1183536	NA	NA	1397913125.1195102
m1.large	0.5	9e4b68ea-8434-47b4-b3e2-6ceaf30976d3	28913480	0d7d8658-23fe-4abf-868d-1026a1f10529	mShrink	0.46431195	NA	NA	25868160	6471360	1397913125.3845851	NA	NA	1397913125.3856616	1397913125.8501213	NA	NA	1397913125.8526402
m1.large	0.5	9e4b68ea-8434-47b4-b3e2-6ceaf30976d3	28913340	7492710c-4280-48e2-9dcd-e64fb8ab9a56	mJPEG	0.644589976	NA	NA	6471360	119281	1397913126.1172533	NA	NA	1397913126.117506	1397913126.762241	NA	NA	1397913126.7630062
