m1.medium	0.5	af24f757-fa0c-46cd-b630-62346483c96f	29298980	7b883333-cee0-4ca1-82d6-79d656b4d35a	mProjectPP	1.470465089	NA	NA	2111346	8231040	1397881153.7073815	NA	NA	1397881153.7231889	1397881155.1938212	NA	NA	1397881155.194585
m1.medium	0.5	af24f757-fa0c-46cd-b630-62346483c96f	29298980	a573a0a4-8309-44e7-8deb-0a960566cc03	mProjectPP	1.339708884	NA	NA	2111346	8242560	1397881155.1996393	NA	NA	1397881155.1999867	1397881156.5398006	NA	NA	1397881156.5402
m1.medium	0.5	af24f757-fa0c-46cd-b630-62346483c96f	29298980	8aa5649b-1499-4769-b955-764af90284a0	mProjectPP	1.355384943	NA	NA	2111346	8231040	1397881156.544557	NA	NA	1397881156.5449457	1397881157.9004316	NA	NA	1397881157.9008262
m1.medium	0.5	af24f757-fa0c-46cd-b630-62346483c96f	29298980	889df281-f503-4991-afbe-ae44d291eb50	mProjectPP	1.434405	NA	NA	2111346	8300160	1397881157.9055152	NA	NA	1397881157.9059536	1397881159.3404598	NA	NA	1397881159.3408704
m1.medium	0.5	af24f757-fa0c-46cd-b630-62346483c96f	29298980	3196c76d-9433-4c3f-8c71-b76b31391421	mProjectPP	1.360909864	NA	NA	2111346	8288640	1397881159.3456025	NA	NA	1397881159.3460274	1397881160.707053	NA	NA	1397881160.7074423
m1.medium	0.5	af24f757-fa0c-46cd-b630-62346483c96f	29298980	6218539d-3997-45ef-98d2-3aae92ce86d2	mProjectPP	1.329411855	NA	NA	2111346	8248320	1397881160.7120492	NA	NA	1397881160.71244	1397881162.0419674	NA	NA	1397881162.0423636
m1.medium	0.5	af24f757-fa0c-46cd-b630-62346483c96f	29298980	67e4eb5b-6478-4f04-bee9-bd9cb1204f2f	mProjectPP	1.342016479	NA	NA	2111346	8248320	1397881162.0471313	NA	NA	1397881162.0474021	1397881163.3895307	NA	NA	1397881163.3899343
m1.medium	0.5	af24f757-fa0c-46cd-b630-62346483c96f	29298980	3b07facf-90a2-4878-9cd8-22ed48487273	mProjectPP	1.348938579	NA	NA	2111346	8248320	1397881163.394627	NA	NA	1397881163.3949606	1397881164.7440152	NA	NA	1397881164.7445962
m1.medium	0.5	af24f757-fa0c-46cd-b630-62346483c96f	29298980	4e7737a8-a549-404f-a43a-a29ab197d4a2	mProjectPP	1.36140095	NA	NA	2111346	8242560	1397881164.748849	NA	NA	1397881164.7491376	1397881166.1106434	NA	NA	1397881166.1117833
m1.medium	0.5	af24f757-fa0c-46cd-b630-62346483c96f	29298980	eaaa555e-8d8a-4798-b497-fe3ce42b2814	mProjectPP	1.409962175	NA	NA	2111346	8231040	1397881166.1153452	NA	NA	1397881166.1156075	1397881167.5256846	NA	NA	1397881167.5260983
m1.medium	0.5	af24f757-fa0c-46cd-b630-62346483c96f	29298980	6b94652a-c70e-4d53-85a1-a48f52a97090	mProjectPP	1.40496693	NA	NA	2111346	8259840	1397881167.5304987	NA	NA	1397881167.5308216	1397881168.935904	NA	NA	1397881168.9363003
m1.medium	0.5	af24f757-fa0c-46cd-b630-62346483c96f	29298980	505a0147-f642-4f4c-b53c-2e58cce682a7	mProjectPP	1.563228156	NA	NA	2111346	8248320	1397881168.9407778	NA	NA	1397881168.9411676	1397881170.5045	NA	NA	1397881170.50488
m1.medium	0.5	af24f757-fa0c-46cd-b630-62346483c96f	29298980	3fc65c67-f7eb-452c-8853-33b8d2cb86be	mProjectPP	1.343828337	NA	NA	2111346	8248320	1397881170.5094213	NA	NA	1397881170.509776	1397881171.8537078	NA	NA	1397881171.8541179
m1.medium	0.5	af24f757-fa0c-46cd-b630-62346483c96f	29298980	12a34052-5f1c-4eb4-9e76-a3c0ce7ba474	mProjectPP	1.324297988	NA	NA	2111346	8248320	1397881171.858473	NA	NA	1397881171.8589058	1397881173.1833098	NA	NA	1397881173.183723
m1.medium	0.5	af24f757-fa0c-46cd-b630-62346483c96f	29298980	6b724f32-9b5b-4ab1-a16c-2daccbb459bb	mProjectPP	1.346570821	NA	NA	2111346	8248320	1397881173.1881697	NA	NA	1397881173.1886103	1397881174.5352852	NA	NA	1397881174.5356863
m1.medium	0.5	af24f757-fa0c-46cd-b630-62346483c96f	29298980	b6eb8225-56a0-4f81-875f-8995416f41a5	mProjectPP	1.33842061	NA	NA	2111346	8231040	1397881174.5398462	NA	NA	1397881174.5402522	1397881175.8788173	NA	NA	1397881175.8792303
m1.medium	0.5	af24f757-fa0c-46cd-b630-62346483c96f	29298980	1b3cb6c3-32bc-405b-86b4-cf4b1ef5360f	mProjectPP	1.347272017	NA	NA	2111346	8300160	1397881175.8837624	NA	NA	1397881175.884174	1397881177.2315497	NA	NA	1397881177.2319598
m1.medium	0.5	af24f757-fa0c-46cd-b630-62346483c96f	29298980	397a24f9-e11b-400b-b63d-d7abc7c029f4	mProjectPP	1.327805779	NA	NA	2111346	8248320	1397881177.2365606	NA	NA	1397881177.236848	1397881178.5647595	NA	NA	1397881178.5651624
m1.medium	0.5	af24f757-fa0c-46cd-b630-62346483c96f	29298980	94ab7d71-ccb9-467c-bdf8-fbe7a0f0e55a	mProjectPP	1.352442418	NA	NA	2111346	8259840	1397881178.5698853	NA	NA	1397881178.570155	1397881179.9226975	NA	NA	1397881179.9231858
m1.medium	0.5	af24f757-fa0c-46cd-b630-62346483c96f	29298980	accc8164-e558-46a3-bd2d-62244dd6b820	mProjectPP	1.34317908	NA	NA	2111346	8282880	1397881179.927559	NA	NA	1397881179.9278586	1397881181.271143	NA	NA	1397881181.271703
m1.medium	0.5	af24f757-fa0c-46cd-b630-62346483c96f	29298980	a3001ddb-c208-45be-8880-f4b4d084bdae	mProjectPP	1.337905326	NA	NA	2111346	8248320	1397881181.276299	NA	NA	1397881181.276659	1397881182.6146812	NA	NA	1397881182.6157575
m1.medium	0.5	af24f757-fa0c-46cd-b630-62346483c96f	29298980	de6bf487-6c1c-488f-9378-f88db72ab32f	mProjectPP	1.339737167	NA	NA	2111346	8259840	1397881182.619599	NA	NA	1397881182.6199944	1397881183.9598525	NA	NA	1397881183.960354
m1.medium	0.5	af24f757-fa0c-46cd-b630-62346483c96f	29298980	d1377da9-8e6e-448f-a95b-9771c58ca457	mProjectPP	1.419091867	NA	NA	2111346	8248320	1397881183.9650767	NA	NA	1397881183.9654367	1397881185.3847363	NA	NA	1397881185.3851368
m1.medium	0.5	af24f757-fa0c-46cd-b630-62346483c96f	29298980	cccd94b7-3593-4a2f-a1b6-a5e275ed81dd	mProjectPP	1.320982547	NA	NA	2111346	8259840	1397881185.389462	NA	NA	1397881185.3897407	1397881186.71092	NA	NA	1397881186.7113073
m1.medium	0.5	af24f757-fa0c-46cd-b630-62346483c96f	29298980	facbbe62-83d5-4e5a-a09e-ec040f3d6926	mProjectPP	1.333284924	NA	NA	2111346	8288640	1397881186.715715	NA	NA	1397881186.716066	1397881188.0494566	NA	NA	1397881188.0498645
m1.medium	0.5	af24f757-fa0c-46cd-b630-62346483c96f	29298980	9fe09ee5-cfa1-4301-82c7-e9fd7b641902	mProjectPP	1.331296653	NA	NA	2111346	8305920	1397881188.0546834	NA	NA	1397881188.0551114	1397881189.3865304	NA	NA	1397881189.387563
m1.medium	0.5	af24f757-fa0c-46cd-b630-62346483c96f	29298980	1344b9d4-099a-4880-9ca4-7ddf8a1646a9	mProjectPP	1.333692289	NA	NA	2111346	8248320	1397881189.3916016	NA	NA	1397881189.3919694	1397881190.7257814	NA	NA	1397881190.7262142
m1.medium	0.5	af24f757-fa0c-46cd-b630-62346483c96f	29298980	70651d70-5077-4072-8935-56bd00b892cd	mProjectPP	1.414006425	NA	NA	2111346	8248320	1397881190.731068	NA	NA	1397881190.7313652	1397881192.1454713	NA	NA	1397881192.1459963
m1.medium	0.5	af24f757-fa0c-46cd-b630-62346483c96f	29298980	bd810635-beeb-496e-985c-fd18b9996942	mProjectPP	1.332706992	NA	NA	2111346	8259840	1397881192.1507263	NA	NA	1397881192.1510534	1397881193.4838648	NA	NA	1397881193.4843924
m1.medium	0.5	af24f757-fa0c-46cd-b630-62346483c96f	29298980	08894e54-a794-4823-95b7-ea4aebc7d5eb	mProjectPP	1.344262517	NA	NA	2111346	8242560	1397881193.4890718	NA	NA	1397881193.4895124	1397881194.8338807	NA	NA	1397881194.834288
m1.medium	0.5	af24f757-fa0c-46cd-b630-62346483c96f	29298980	badff6b8-d18a-471f-aa7e-5291b3365fd0	mProjectPP	1.323750222	NA	NA	2111346	8231040	1397881194.8389125	NA	NA	1397881194.8392577	1397881196.163111	NA	NA	1397881196.1635175
m1.medium	0.5	af24f757-fa0c-46cd-b630-62346483c96f	29298980	9805b230-af0b-4c19-b022-784d0c37caef	mProjectPP	1.504106698	NA	NA	2111346	8242560	1397881196.1683471	NA	NA	1397881196.1686234	1397881197.672858	NA	NA	1397881197.6732633
m1.medium	0.5	af24f757-fa0c-46cd-b630-62346483c96f	29298980	c255c5f0-9e6b-4449-b8a8-407cc4fa351b	mProjectPP	1.527114981	NA	NA	2111346	8242560	1397881197.6779783	NA	NA	1397881197.678358	1397881199.2055771	NA	NA	1397881199.2059915
m1.medium	0.5	af24f757-fa0c-46cd-b630-62346483c96f	29298980	5b1f406f-b2a8-4247-916f-b8dae5001bf4	mProjectPP	1.338699195	NA	NA	2111346	8305920	1397881199.2104516	NA	NA	1397881199.210886	1397881200.5496862	NA	NA	1397881200.5500777
m1.medium	0.5	af24f757-fa0c-46cd-b630-62346483c96f	29298980	bf00318f-ac5c-4f0a-8733-ebe3f13f41f0	mProjectPP	1.455642705	NA	NA	2111346	8248320	1397881200.5546985	NA	NA	1397881200.5550432	1397881202.0108752	NA	NA	1397881202.0114481
m1.medium	0.5	af24f757-fa0c-46cd-b630-62346483c96f	29298980	1429e2d3-f1ff-4f96-a431-933583adfce5	mDiffFit	0.33647686	NA	NA	16473906	147146	1397881202.0167863	NA	NA	1397881202.0180793	1397881202.354743	NA	NA	1397881202.355198
m1.medium	0.5	af24f757-fa0c-46cd-b630-62346483c96f	29298980	79d71966-f1d0-4178-86ef-07a5c338ac6e	mDiffFit	0.191446121	NA	NA	16531506	472594	1397881202.359926	NA	NA	1397881202.3606746	1397881202.5522196	NA	NA	1397881202.552687
m1.medium	0.5	af24f757-fa0c-46cd-b630-62346483c96f	29298980	c0516db7-100e-4024-ae66-ae0a1408385d	mDiffFit	0.139108175	NA	NA	16589106	222032	1397881202.5575695	NA	NA	1397881202.5585139	1397881202.697721	NA	NA	1397881202.698103
m1.medium	0.5	af24f757-fa0c-46cd-b630-62346483c96f	29298980	a9549515-e118-4ca7-9c17-86dbb2dfdc66	mDiffFit	0.138515517	NA	NA	16479666	222029	1397881202.702466	NA	NA	1397881202.7033765	1397881202.8420024	NA	NA	1397881202.8423903
m1.medium	0.5	af24f757-fa0c-46cd-b630-62346483c96f	29298980	9f0a58d5-acf3-42da-aaa3-c6f3aaba4cc5	mDiffFit	0.123504875	NA	NA	16491186	144271	1397881202.8469236	NA	NA	1397881202.8476977	1397881202.9713187	NA	NA	1397881202.971788
m1.medium	0.5	af24f757-fa0c-46cd-b630-62346483c96f	29298980	c00ad85a-cc79-43c2-b18a-64ef67093c17	mDiffFit	0.144874241	NA	NA	16548786	250828	1397881202.976168	NA	NA	1397881202.9771745	1397881203.122165	NA	NA	1397881203.122674
m1.medium	0.5	af24f757-fa0c-46cd-b630-62346483c96f	29298980	8c2f67bb-0b2f-4280-b7c4-59f4abee3ef6	mDiffFit	0.193659089	NA	NA	16537266	472590	1397881203.1272743	NA	NA	1397881203.1282055	1397881203.321979	NA	NA	1397881203.3223705
m1.medium	0.5	af24f757-fa0c-46cd-b630-62346483c96f	29298980	aab3889f-cd33-4850-a4af-2382c6c5f20b	mDiffFit	0.127310963	NA	NA	16479666	147143	1397881203.3270564	NA	NA	1397881203.3279846	1397881203.4554038	NA	NA	1397881203.4557989
m1.medium	0.5	af24f757-fa0c-46cd-b630-62346483c96f	29298980	e0f9eec6-09ee-4cb0-a001-ff812ff94a6f	mDiffFit	0.141977204	NA	NA	16491186	219152	1397881203.460161	NA	NA	1397881203.4610198	1397881203.6031022	NA	NA	1397881203.603618
m1.medium	0.5	af24f757-fa0c-46cd-b630-62346483c96f	29298980	a4b84917-4dce-43be-b14e-7ba37a25bb33	mDiffFit	0.192053965	NA	NA	16479666	466822	1397881203.6082435	NA	NA	1397881203.6091428	1397881203.8013048	NA	NA	1397881203.8017168
m1.medium	0.5	af24f757-fa0c-46cd-b630-62346483c96f	29298980	bae5c459-70c5-4a6e-a3b6-9c48d77cf5c0	mDiffFit	0.196326567	NA	NA	16496946	481232	1397881203.8068137	NA	NA	1397881203.8079333	1397881204.004365	NA	NA	1397881204.0047593
m1.medium	0.5	af24f757-fa0c-46cd-b630-62346483c96f	29298980	80c56c85-2334-4e67-8d6c-7d7acfb0c3a5	mDiffFit	0.127571848	NA	NA	16479666	155786	1397881204.0096338	NA	NA	1397881204.0105922	1397881204.1382651	NA	NA	1397881204.138662
m1.medium	0.5	af24f757-fa0c-46cd-b630-62346483c96f	29298980	3e839de8-20c7-43d3-9667-26af48d833ea	mDiffFit	0.196869216	NA	NA	16485426	472591	1397881204.1431787	NA	NA	1397881204.143992	1397881204.3409696	NA	NA	1397881204.3413541
m1.medium	0.5	af24f757-fa0c-46cd-b630-62346483c96f	29298980	17575e80-4154-4166-be97-9fa736ff521e	mDiffFit	0.139954206	NA	NA	16473906	222033	1397881204.3457422	NA	NA	1397881204.3466113	1397881204.4866815	NA	NA	1397881204.4876218
m1.medium	0.5	af24f757-fa0c-46cd-b630-62346483c96f	29298980	bd5f192d-380b-4815-bc12-0700f0275960	mDiffFit	0.193512548	NA	NA	16491186	492747	1397881204.4916277	NA	NA	1397881204.492411	1397881204.6860445	NA	NA	1397881204.6864471
m1.medium	0.5	af24f757-fa0c-46cd-b630-62346483c96f	29298980	223eeb43-c555-4b80-8324-a91bb85474cc	mDiffFit	0.189303806	NA	NA	16473906	469714	1397881204.691719	NA	NA	1397881204.6924832	1397881204.8819044	NA	NA	1397881204.882657
m1.medium	0.5	af24f757-fa0c-46cd-b630-62346483c96f	29298980	13bc548e-2f52-49f2-8fea-fa01b92f6de8	mDiffFit	0.145799245	NA	NA	16519986	247952	1397881204.8869796	NA	NA	1397881204.8877826	1397881205.033684	NA	NA	1397881205.0341022
m1.medium	0.5	af24f757-fa0c-46cd-b630-62346483c96f	29298980	740575e5-5be2-4cc1-a3f8-873a813f128d	mDiffFit	0.139336723	NA	NA	16479666	224915	1397881205.038541	NA	NA	1397881205.0393388	1397881205.1788235	NA	NA	1397881205.1793606
m1.medium	0.5	af24f757-fa0c-46cd-b630-62346483c96f	29298980	29940904-57e2-4430-a29f-3022114e542f	mDiffFit	0.191769799	NA	NA	16508466	478346	1397881205.1835713	NA	NA	1397881205.1844237	1397881205.376303	NA	NA	1397881205.3769674
m1.medium	0.5	af24f757-fa0c-46cd-b630-62346483c96f	29298980	83ffc054-9d2e-472b-b441-ab1c2b4e1e0c	mDiffFit	0.139006371	NA	NA	16479666	224912	1397881205.381825	NA	NA	1397881205.3826497	1397881205.5217693	NA	NA	1397881205.5224028
m1.medium	0.5	af24f757-fa0c-46cd-b630-62346483c96f	29298980	e3109614-4cd9-4b32-bc8a-a64623db4efb	mDiffFit	0.123725739	NA	NA	16496946	144262	1397881205.5270805	NA	NA	1397881205.5282059	1397881205.6520367	NA	NA	1397881205.6525
m1.medium	0.5	af24f757-fa0c-46cd-b630-62346483c96f	29298980	ff429c4c-c013-4305-ac8b-bfa820c2cdf8	mDiffFit	0.19259439	NA	NA	16496946	492743	1397881205.6576617	NA	NA	1397881205.6585577	1397881205.8512614	NA	NA	1397881205.8517048
m1.medium	0.5	af24f757-fa0c-46cd-b630-62346483c96f	29298980	a1e0a967-499d-4bf5-a7b9-1b19286489b0	mDiffFit	0.193130506	NA	NA	16479666	492746	1397881205.856419	NA	NA	1397881205.8573492	1397881206.0505812	NA	NA	1397881206.0516741
m1.medium	0.5	af24f757-fa0c-46cd-b630-62346483c96f	29298980	b99a42ac-d91b-4342-80a8-56baf96bba13	mDiffFit	0.140269473	NA	NA	16496946	222027	1397881206.0559227	NA	NA	1397881206.0569394	1397881206.1973245	NA	NA	1397881206.1978056
m1.medium	0.5	af24f757-fa0c-46cd-b630-62346483c96f	29298980	4ad73796-abc1-44cc-adf9-42a43399d5d9	mDiffFit	0.125451831	NA	NA	16496946	155777	1397881206.2024012	NA	NA	1397881206.203565	1397881206.3291311	NA	NA	1397881206.329528
m1.medium	0.5	af24f757-fa0c-46cd-b630-62346483c96f	29298980	ad1436ec-fe9b-48c8-bf86-5dd45e0092fe	mDiffFit	0.136371954	NA	NA	16496946	224900	1397881206.3347843	NA	NA	1397881206.3358355	1397881206.472334	NA	NA	1397881206.4728231
m1.medium	0.5	af24f757-fa0c-46cd-b630-62346483c96f	29298980	251b876a-cecb-408b-b9b4-c50b254bb1b9	mDiffFit	0.124357173	NA	NA	16496946	150020	1397881206.4779675	NA	NA	1397881206.4790964	1397881206.6035752	NA	NA	1397881206.6039765
m1.medium	0.5	af24f757-fa0c-46cd-b630-62346483c96f	29298980	def3974c-0bf0-46cb-8e88-839c2a48acf5	mDiffFit	0.139260406	NA	NA	16508466	219152	1397881206.6085684	NA	NA	1397881206.6096773	1397881206.7490437	NA	NA	1397881206.7495847
m1.medium	0.5	af24f757-fa0c-46cd-b630-62346483c96f	29298980	49376cb9-1d0f-4368-ad15-a0bd0d341ffa	mDiffFit	0.190835069	NA	NA	16496946	486982	1397881206.7545989	NA	NA	1397881206.7556458	1397881206.9465947	NA	NA	1397881206.9477453
m1.medium	0.5	af24f757-fa0c-46cd-b630-62346483c96f	29298980	529fb680-9975-454a-8323-f7b74b89c32b	mDiffFit	0.192690047	NA	NA	16479666	486982	1397881206.9519856	NA	NA	1397881206.9529605	1397881207.1458404	NA	NA	1397881207.1462471
m1.medium	0.5	af24f757-fa0c-46cd-b630-62346483c96f	29298980	ac2534b7-3dea-4aa6-a398-e066caa25009	mDiffFit	0.12463404	NA	NA	16479666	152900	1397881207.1511877	NA	NA	1397881207.1521444	1397881207.2768834	NA	NA	1397881207.2773778
m1.medium	0.5	af24f757-fa0c-46cd-b630-62346483c96f	29298980	35693d49-05b1-4351-a489-1df6bf68d419	mDiffFit	0.138350362	NA	NA	16479666	224906	1397881207.2821665	NA	NA	1397881207.2832663	1397881207.4217334	NA	NA	1397881207.4222512
m1.medium	0.5	af24f757-fa0c-46cd-b630-62346483c96f	29298980	3c5d914a-65b0-4356-b63d-ca94ef61fcd0	mDiffFit	0.14643377	NA	NA	16531506	253710	1397881207.4268239	NA	NA	1397881207.4279358	1397881207.57447	NA	NA	1397881207.5757809
m1.medium	0.5	af24f757-fa0c-46cd-b630-62346483c96f	29298980	4755d88b-be52-476a-a7fb-cab36ceaab01	mDiffFit	0.140277193	NA	NA	16600626	224919	1397881207.5795367	NA	NA	1397881207.5804644	1397881207.7208629	NA	NA	1397881207.7213368
m1.medium	0.5	af24f757-fa0c-46cd-b630-62346483c96f	29298980	50ffe50e-a064-49ad-b255-7ef5c87617a0	mDiffFit	0.194365103	NA	NA	16479666	489873	1397881207.7263298	NA	NA	1397881207.7280993	1397881207.9226067	NA	NA	1397881207.9239414
m1.medium	0.5	af24f757-fa0c-46cd-b630-62346483c96f	29298980	a9c6b42f-fc58-468a-afc0-81d36c74d6fa	mDiffFit	0.139479396	NA	NA	16496946	219145	1397881207.928826	NA	NA	1397881207.9301617	1397881208.0697858	NA	NA	1397881208.0703285
m1.medium	0.5	af24f757-fa0c-46cd-b630-62346483c96f	29298980	ffc463a8-1e6e-4a7d-b6c9-621db6fbd241	mDiffFit	0.188524459	NA	NA	16496946	458186	1397881208.0758224	NA	NA	1397881208.0773876	1397881208.266146	NA	NA	1397881208.2666485
m1.medium	0.5	af24f757-fa0c-46cd-b630-62346483c96f	29298980	6e54a608-fee5-4d3c-9be3-5320e76ed684	mDiffFit	0.141206848	NA	NA	16508466	222030	1397881208.304621	NA	NA	1397881208.3054466	1397881208.4467993	NA	NA	1397881208.4473448
m1.medium	0.5	af24f757-fa0c-46cd-b630-62346483c96f	29298980	6abae66e-3b57-48a0-b62c-a1e84cf8599b	mDiffFit	0.196055187	NA	NA	16508466	507144	1397881208.4524915	NA	NA	1397881208.4532669	1397881208.6495385	NA	NA	1397881208.649963
m1.medium	0.5	af24f757-fa0c-46cd-b630-62346483c96f	29298980	aab5c524-0495-42c8-8d74-5c25cf129eda	mDiffFit	0.125730968	NA	NA	16491186	155781	1397881208.6551657	NA	NA	1397881208.655999	1397881208.781836	NA	NA	1397881208.7822416
m1.medium	0.5	af24f757-fa0c-46cd-b630-62346483c96f	29298980	4d81615b-b913-4a39-93ef-37db6ce7bf51	mDiffFit	0.192288684	NA	NA	16508466	472588	1397881208.78688	NA	NA	1397881208.7876222	1397881208.9800146	NA	NA	1397881208.980432
m1.medium	0.5	af24f757-fa0c-46cd-b630-62346483c96f	29298980	d342dbb2-2089-4dbd-a58f-42b2b7ff28b1	mDiffFit	0.143342483	NA	NA	16508466	224899	1397881208.98524	NA	NA	1397881208.986128	1397881209.129588	NA	NA	1397881209.130005
m1.medium	0.5	af24f757-fa0c-46cd-b630-62346483c96f	29298980	6e3b66a3-b4c7-4229-bebc-868eb75c7c75	mDiffFit	0.421797318	NA	NA	16479666	492744	1397881209.1348903	NA	NA	1397881209.1357663	1397881209.557664	NA	NA	1397881209.5580692
m1.medium	0.5	af24f757-fa0c-46cd-b630-62346483c96f	29298980	739881de-932f-4b3e-8c80-4fb2e5bcb370	mDiffFit	0.143892859	NA	NA	16519986	222027	1397881209.56255	NA	NA	1397881209.5633955	1397881209.7074015	NA	NA	1397881209.707806
m1.medium	0.5	af24f757-fa0c-46cd-b630-62346483c96f	29298980	0112c33c-4f43-4826-bedc-1a50618693e3	mDiffFit	0.201319176	NA	NA	16519986	504264	1397881209.7123642	NA	NA	1397881209.713356	1397881209.9148483	NA	NA	1397881209.915232
m1.medium	0.5	af24f757-fa0c-46cd-b630-62346483c96f	29298980	b0e6a454-8d4d-4dd0-825e-9221f75b9a2c	mDiffFit	0.133328309	NA	NA	16508466	155784	1397881209.9205472	NA	NA	1397881209.9214668	1397881210.054916	NA	NA	1397881210.0553355
m1.medium	0.5	af24f757-fa0c-46cd-b630-62346483c96f	29298980	8e143806-1c05-41fb-b205-c3b82dd3ca64	mDiffFit	0.1914853	NA	NA	16519986	472590	1397881210.060562	NA	NA	1397881210.0613728	1397881210.25309	NA	NA	1397881210.2534778
m1.medium	0.5	af24f757-fa0c-46cd-b630-62346483c96f	29298980	741b1553-25b7-41ad-8a07-51fffdd732e9	mDiffFit	0.124802701	NA	NA	16508466	144264	1397881210.258032	NA	NA	1397881210.2589931	1397881210.383901	NA	NA	1397881210.384404
m1.medium	0.5	af24f757-fa0c-46cd-b630-62346483c96f	29298980	505e0160-5bff-42d9-b1dc-6510e199d78e	mDiffFit	0.158715519	NA	NA	16548786	311308	1397881210.3888273	NA	NA	1397881210.389667	1397881210.5484903	NA	NA	1397881210.548876
m1.medium	0.5	af24f757-fa0c-46cd-b630-62346483c96f	29298980	a2ecf3ea-9fa8-4d2f-96ea-a3a4ad823c70	mDiffFit	0.153235249	NA	NA	16537266	288266	1397881210.5535147	NA	NA	1397881210.5542302	1397881210.707571	NA	NA	1397881210.7081146
m1.medium	0.5	af24f757-fa0c-46cd-b630-62346483c96f	29298980	340f9c8c-d1b5-4b3d-b626-0f2b80bddbf3	mDiffFit	0.14105171	NA	NA	16594866	222030	1397881210.712477	NA	NA	1397881210.7133858	1397881210.854544	NA	NA	1397881210.8554785
m1.medium	0.5	af24f757-fa0c-46cd-b630-62346483c96f	29298980	c329fdda-8c73-41df-83e9-0ad0e5df44ba	mDiffFit	0.141354081	NA	NA	16589106	224912	1397881210.859923	NA	NA	1397881210.8606179	1397881211.0020814	NA	NA	1397881211.002466
m1.medium	0.5	af24f757-fa0c-46cd-b630-62346483c96f	29298980	e0f2a3ad-053b-4547-b92a-06da0045c8a9	mDiffFit	0.158664092	NA	NA	16554546	311303	1397881211.0071275	NA	NA	1397881211.0079582	1397881211.1667275	NA	NA	1397881211.167172
m1.medium	0.5	af24f757-fa0c-46cd-b630-62346483c96f	29298980	09da716e-04a9-4cec-aa9b-0e160a7e9973	mDiffFit	0.12526645	NA	NA	16508466	147143	1397881211.1716566	NA	NA	1397881211.1724837	1397881211.2978506	NA	NA	1397881211.2982354
m1.medium	0.5	af24f757-fa0c-46cd-b630-62346483c96f	29298980	8b06777c-cdf8-44ec-a285-1f93d0df10e2	mDiffFit	0.191413691	NA	NA	16496946	472587	1397881211.3028595	NA	NA	1397881211.3035252	1397881211.495043	NA	NA	1397881211.4954357
m1.medium	0.5	af24f757-fa0c-46cd-b630-62346483c96f	29298980	8d749516-75da-4d97-a9c4-c02f8d15f982	mDiffFit	0.152897726	NA	NA	16554546	279628	1397881211.500065	NA	NA	1397881211.5007873	1397881211.6537976	NA	NA	1397881211.6543083
m1.medium	0.5	af24f757-fa0c-46cd-b630-62346483c96f	29298980	e25f1f02-f47f-4fd1-a7bb-4ac4f8bfee86	mDiffFit	0.158819048	NA	NA	16531506	305549	1397881211.658929	NA	NA	1397881211.6596909	1397881211.8186116	NA	NA	1397881211.8197143
m1.medium	0.5	af24f757-fa0c-46cd-b630-62346483c96f	29298980	66df140f-63c6-45b0-bae7-07c294b5e0ab	mDiffFit	0.141184706	NA	NA	16496946	224908	1397881211.8235345	NA	NA	1397881211.8244133	1397881211.965704	NA	NA	1397881211.9660792
m1.medium	0.5	af24f757-fa0c-46cd-b630-62346483c96f	29298980	b350a650-6ef1-4c9a-8da0-3f33fefe1297	mDiffFit	0.141414232	NA	NA	16496946	224911	1397881211.9709015	NA	NA	1397881211.9715781	1397881212.1130977	NA	NA	1397881212.1134672
m1.medium	0.5	af24f757-fa0c-46cd-b630-62346483c96f	29298980	bbca1cef-9522-486d-bea0-f1c632453548	mDiffFit	0.126599873	NA	NA	16496946	155785	1397881212.118952	NA	NA	1397881212.1197102	1397881212.2467315	NA	NA	1397881212.2471192
m1.medium	0.5	af24f757-fa0c-46cd-b630-62346483c96f	29298980	4ac97a73-c0fc-4a63-a45b-b2a820178418	mDiffFit	0.124475125	NA	NA	16496946	144269	1397881212.2520962	NA	NA	1397881212.2527883	1397881212.3773766	NA	NA	1397881212.3777516
m1.medium	0.5	af24f757-fa0c-46cd-b630-62346483c96f	29298980	f92be1e3-b59d-4128-b75a-1da27bfe7350	mDiffFit	0.195209221	NA	NA	16508466	492748	1397881212.3824987	NA	NA	1397881212.3833265	1397881212.578642	NA	NA	1397881212.5797882
m1.medium	0.5	af24f757-fa0c-46cd-b630-62346483c96f	29298980	08b029b2-89b5-4b97-9ad9-73f12e46abf5	mDiffFit	0.140018247	NA	NA	16508466	222029	1397881212.5838892	NA	NA	1397881212.5847218	1397881212.724995	NA	NA	1397881212.7253582
m1.medium	0.5	af24f757-fa0c-46cd-b630-62346483c96f	29298980	e380432c-1679-4efe-b069-c263659d9726	mDiffFit	0.127293173	NA	NA	16491186	155782	1397881212.7300382	NA	NA	1397881212.7309527	1397881212.8583517	NA	NA	1397881212.859426
m1.medium	0.5	af24f757-fa0c-46cd-b630-62346483c96f	29298980	d0d8244c-3092-4f85-995e-5c88757251b9	mDiffFit	0.195202228	NA	NA	16502706	486991	1397881212.863369	NA	NA	1397881212.8641615	1397881213.0594957	NA	NA	1397881213.060058
m1.medium	0.5	af24f757-fa0c-46cd-b630-62346483c96f	29298980	4352b7f6-e9b5-4865-bb06-7e8b12d0efe5	mDiffFit	0.12753129	NA	NA	16491186	152907	1397881213.0656037	NA	NA	1397881213.0666757	1397881213.194321	NA	NA	1397881213.1947067
m1.medium	0.5	af24f757-fa0c-46cd-b630-62346483c96f	29298980	d8831c5a-0593-4a85-9d51-e3a0f0c9512d	mDiffFit	0.142989789	NA	NA	16473906	224910	1397881213.1999485	NA	NA	1397881213.2006698	1397881213.3439941	NA	NA	1397881213.3443692
m1.medium	0.5	af24f757-fa0c-46cd-b630-62346483c96f	29298980	82e94271-7736-4755-acea-48e27a2b7c5a	mDiffFit	0.189425349	NA	NA	16479666	452429	1397881213.3490343	NA	NA	1397881213.349871	1397881213.5393975	NA	NA	1397881213.5399754
m1.medium	0.5	af24f757-fa0c-46cd-b630-62346483c96f	29298980	6b6a4ae0-00a6-4b93-92fa-acf8bdaeccee	mDiffFit	0.141498935	NA	NA	16479666	224914	1397881213.5445948	NA	NA	1397881213.545505	1397881213.6871433	NA	NA	1397881213.6875257
m1.medium	0.5	af24f757-fa0c-46cd-b630-62346483c96f	29298980	64dd5e0d-d574-4213-934b-6bc804043dfc	mDiffFit	0.199138056	NA	NA	16473906	495636	1397881213.6926959	NA	NA	1397881213.6935341	1397881213.8929143	NA	NA	1397881213.8934324
m1.medium	0.5	af24f757-fa0c-46cd-b630-62346483c96f	29298980	abdbf29e-cd6e-4b4b-9ec0-eb9183eafb62	mDiffFit	0.140460023	NA	NA	16473906	222038	1397881213.8984365	NA	NA	1397881213.8993306	1397881214.039893	NA	NA	1397881214.0402792
m1.medium	0.5	af24f757-fa0c-46cd-b630-62346483c96f	29298980	d3747830-c095-46ea-b2f0-f1ebe9612ac4	mDiffFit	0.192034632	NA	NA	16543026	472593	1397881214.04492	NA	NA	1397881214.0458083	1397881214.2379475	NA	NA	1397881214.2382996
m1.medium	0.5	af24f757-fa0c-46cd-b630-62346483c96f	29298980	ed726ee5-f3ac-4b71-b12f-b52294e3b3eb	mDiffFit	0.126593526	NA	NA	16491186	150034	1397881214.2431295	NA	NA	1397881214.243978	1397881214.3706737	NA	NA	1397881214.371752
m1.medium	0.5	af24f757-fa0c-46cd-b630-62346483c96f	29298980	d4bf528b-d9a3-490e-837c-bf17cd78bc40	mDiffFit	0.125567987	NA	NA	16491186	147146	1397881214.3756523	NA	NA	1397881214.3764906	1397881214.502163	NA	NA	1397881214.5025406
m1.medium	0.5	af24f757-fa0c-46cd-b630-62346483c96f	29298980	af3eee29-4fde-492e-a2ef-c366b75dc36c	mDiffFit	0.139955711	NA	NA	16491186	224911	1397881214.506971	NA	NA	1397881214.5077765	1397881214.6480749	NA	NA	1397881214.6484401
m1.medium	0.5	af24f757-fa0c-46cd-b630-62346483c96f	29298980	153f72a1-965e-438c-86b9-5b94fc39dbed	mDiffFit	0.156110429	NA	NA	16525746	285387	1397881214.6532333	NA	NA	1397881214.653894	1397881214.8101082	NA	NA	1397881214.8113337
m1.medium	0.5	af24f757-fa0c-46cd-b630-62346483c96f	29298980	9c4cffae-9cbf-4ac5-b3f9-eadaf4135f7d	mDiffFit	0.160658042	NA	NA	16548786	305554	1397881214.8156738	NA	NA	1397881214.8165424	1397881214.9773026	NA	NA	1397881214.9778838
m1.medium	0.5	af24f757-fa0c-46cd-b630-62346483c96f	29298980	50761026-19ae-4fb4-be1e-a0d22b801705	mDiffFit	0.143403764	NA	NA	16589106	224919	1397881214.9825976	NA	NA	1397881214.983428	1397881215.1269662	NA	NA	1397881215.1273453
m1.medium	0.5	af24f757-fa0c-46cd-b630-62346483c96f	29298980	6dc3da61-d5f0-4aab-9a58-64b0d34c90df	mDiffFit	0.143531408	NA	NA	16496946	224913	1397881215.132198	NA	NA	1397881215.1329587	1397881215.2766075	NA	NA	1397881215.2769575
m1.medium	0.5	af24f757-fa0c-46cd-b630-62346483c96f	29298980	bcae836d-ea0d-44c0-893c-1fc9fa3c3aae	mDiffFit	0.199270807	NA	NA	16491186	498511	1397881215.28143	NA	NA	1397881215.28229	1397881215.4816864	NA	NA	1397881215.4820695
m1.medium	0.5	af24f757-fa0c-46cd-b630-62346483c96f	29298980	40370cfc-c025-4599-a87b-59ab6e37850d	mDiffFit	0.194809936	NA	NA	16491186	472588	1397881215.4864008	NA	NA	1397881215.4872682	1397881215.6821883	NA	NA	1397881215.683451
m1.medium	0.5	af24f757-fa0c-46cd-b630-62346483c96f	29298980	90585026-ed73-44de-b809-b37facb90f81	mConcatFit	2.068671694	NA	NA	25122	17057	1397881215.9995086	NA	NA	1397881216.0081487	1397881218.076943	NA	NA	1397881218.077598
m1.medium	0.5	af24f757-fa0c-46cd-b630-62346483c96f	29298980	d66c0769-5df6-40a2-92a5-bed28a12c10e	mBgModel	11.689583597	NA	NA	22962	1873	1397881218.342794	NA	NA	1397881218.3430579	1397881230.0327482	NA	NA	1397881230.0330653
m1.medium	0.5	af24f757-fa0c-46cd-b630-62346483c96f	29298980	7401eca6-4850-4f6c-a7b3-2aaf655df2ac	mBackground	0.182389648	NA	NA	8238818	8231040	1397881230.4422758	NA	NA	1397881230.44296	1397881230.6254513	NA	NA	1397881230.6258225
m1.medium	0.5	af24f757-fa0c-46cd-b630-62346483c96f	29298980	28816f65-d3aa-42e7-b5ed-25a42c7f23a3	mBackground	0.116997825	NA	NA	8250338	8242560	1397881230.6303911	NA	NA	1397881230.6309786	1397881230.7480793	NA	NA	1397881230.7484498
m1.medium	0.5	af24f757-fa0c-46cd-b630-62346483c96f	29298980	dc15ad93-018f-4729-87c1-ae37885a6042	mBackground	0.117047554	NA	NA	8238818	8231040	1397881230.7533143	NA	NA	1397881230.7538226	1397881230.8709745	NA	NA	1397881230.8715563
m1.medium	0.5	af24f757-fa0c-46cd-b630-62346483c96f	29298980	9840d652-7959-4c39-9f83-4873c52c127e	mBackground	0.117246723	NA	NA	8307938	8300160	1397881230.8760166	NA	NA	1397881230.8765113	1397881230.9938645	NA	NA	1397881230.9944985
m1.medium	0.5	af24f757-fa0c-46cd-b630-62346483c96f	29298980	9a0077ed-151f-4ea8-b6d0-3bac0b3070cf	mBackground	0.117409091	NA	NA	8296418	8288640	1397881230.999138	NA	NA	1397881230.9996324	1397881231.1171472	NA	NA	1397881231.1175168
m1.medium	0.5	af24f757-fa0c-46cd-b630-62346483c96f	29298980	c8b6b73c-0c51-4a40-b763-75ba4ff9231e	mBackground	0.116807649	NA	NA	8256098	8248320	1397881231.1221066	NA	NA	1397881231.1224253	1397881231.2395375	NA	NA	1397881231.2400856
m1.medium	0.5	af24f757-fa0c-46cd-b630-62346483c96f	29298980	971228b5-a59f-46bf-b9aa-62ff04ae9b56	mBackground	0.117153347	NA	NA	8256098	8248320	1397881231.2444537	NA	NA	1397881231.2449086	1397881231.3621678	NA	NA	1397881231.3625734
m1.medium	0.5	af24f757-fa0c-46cd-b630-62346483c96f	29298980	d57856cd-03a5-4d1f-b92f-9c25f1f8aa1d	mBackground	0.117148729	NA	NA	8256098	8248320	1397881231.3672132	NA	NA	1397881231.3677309	1397881231.4849849	NA	NA	1397881231.4855316
m1.medium	0.5	af24f757-fa0c-46cd-b630-62346483c96f	29298980	3589330d-53a1-41e7-90f0-4ca8e07c5c0e	mBackground	0.117648824	NA	NA	8250338	8242560	1397881231.4903357	NA	NA	1397881231.4907227	1397881231.608526	NA	NA	1397881231.6090462
m1.medium	0.5	af24f757-fa0c-46cd-b630-62346483c96f	29298980	95bfeb38-0690-4288-8933-44d2e4d13f45	mBackground	0.11697874	NA	NA	8238818	8231040	1397881231.6135643	NA	NA	1397881231.6140816	1397881231.731161	NA	NA	1397881231.7317667
m1.medium	0.5	af24f757-fa0c-46cd-b630-62346483c96f	29298980	90133339-124c-45fe-beb4-4b505fa2dd9b	mBackground	0.123641754	NA	NA	8267618	8259840	1397881231.7362735	NA	NA	1397881231.73684	1397881231.8605826	NA	NA	1397881231.861127
m1.medium	0.5	af24f757-fa0c-46cd-b630-62346483c96f	29298980	ae18a054-e26a-442e-af63-36a455b70d09	mBackground	0.117451341	NA	NA	8256098	8248320	1397881231.8657737	NA	NA	1397881231.866363	1397881231.9839146	NA	NA	1397881231.984449
m1.medium	0.5	af24f757-fa0c-46cd-b630-62346483c96f	29298980	62fe09d9-aacd-499e-b79c-b73824a6ac1b	mBackground	0.117795975	NA	NA	8256098	8248320	1397881231.9887447	NA	NA	1397881231.9892828	1397881232.1071808	NA	NA	1397881232.1075592
m1.medium	0.5	af24f757-fa0c-46cd-b630-62346483c96f	29298980	bd8a985e-0f67-4e5f-ac56-063c8164c35c	mBackground	0.117664938	NA	NA	8256098	8248320	1397881232.112029	NA	NA	1397881232.1125646	1397881232.2303495	NA	NA	1397881232.231628
m1.medium	0.5	af24f757-fa0c-46cd-b630-62346483c96f	29298980	c216a564-7ded-4f98-a366-c0988ffbcde8	mBackground	0.117511491	NA	NA	8256098	8248320	1397881232.2352579	NA	NA	1397881232.2359166	1397881232.3535404	NA	NA	1397881232.3541224
m1.medium	0.5	af24f757-fa0c-46cd-b630-62346483c96f	29298980	211d0589-28b4-410d-84d0-141b04ec3f3c	mBackground	0.117588732	NA	NA	8238818	8231040	1397881232.3592353	NA	NA	1397881232.3598015	1397881232.4774904	NA	NA	1397881232.4779918
m1.medium	0.5	af24f757-fa0c-46cd-b630-62346483c96f	29298980	3725a04c-86a8-494b-9123-d2f1ae297da3	mBackground	0.118393924	NA	NA	8307938	8300160	1397881232.483107	NA	NA	1397881232.4837816	1397881232.6022768	NA	NA	1397881232.6037195
m1.medium	0.5	af24f757-fa0c-46cd-b630-62346483c96f	29298980	51a86b5c-0a8f-4a11-80d6-b9f28b6893ff	mBackground	0.117400706	NA	NA	8256098	8248320	1397881232.6077943	NA	NA	1397881232.6082497	1397881232.7257516	NA	NA	1397881232.726138
m1.medium	0.5	af24f757-fa0c-46cd-b630-62346483c96f	29298980	838021a6-41b5-4ccb-ab1b-f1c843eb3118	mBackground	0.117753613	NA	NA	8267618	8259840	1397881232.7310283	NA	NA	1397881232.7315552	1397881232.8496287	NA	NA	1397881232.850006
m1.medium	0.5	af24f757-fa0c-46cd-b630-62346483c96f	29298980	9cea783f-5173-4c6b-89ff-0e7ec445ad19	mBackground	0.118073559	NA	NA	8290658	8282880	1397881232.855204	NA	NA	1397881232.8557546	1397881232.9741032	NA	NA	1397881232.9745102
m1.medium	0.5	af24f757-fa0c-46cd-b630-62346483c96f	29298980	f432d2ec-9182-405e-b89f-bccc3a97d3cb	mBackground	0.122766215	NA	NA	8256098	8248320	1397881232.9794996	NA	NA	1397881232.9800868	1397881233.103101	NA	NA	1397881233.1035357
m1.medium	0.5	af24f757-fa0c-46cd-b630-62346483c96f	29298980	4c9028aa-888a-4a06-8e9c-e94574fc5e3a	mBackground	0.120028796	NA	NA	8267618	8259840	1397881233.1082342	NA	NA	1397881233.108953	1397881233.2290914	NA	NA	1397881233.22964
m1.medium	0.5	af24f757-fa0c-46cd-b630-62346483c96f	29298980	ee7ef3fd-e0c5-447f-8f4f-57e49549f226	mBackground	0.124059463	NA	NA	8256098	8248320	1397881233.2344375	NA	NA	1397881233.2352984	1397881233.3594816	NA	NA	1397881233.3600166
m1.medium	0.5	af24f757-fa0c-46cd-b630-62346483c96f	29298980	51ffeea4-8352-4bdb-b66d-5480b2c13550	mBackground	0.120223966	NA	NA	8267618	8259840	1397881233.3699858	NA	NA	1397881233.3704903	1397881233.4908953	NA	NA	1397881233.4912624
m1.medium	0.5	af24f757-fa0c-46cd-b630-62346483c96f	29298980	06ce9eae-81fb-4edf-96dc-5bcf17d7dfaf	mBackground	0.11961525	NA	NA	8296418	8288640	1397881233.4961007	NA	NA	1397881233.4967744	1397881233.6164894	NA	NA	1397881233.6169033
m1.medium	0.5	af24f757-fa0c-46cd-b630-62346483c96f	29298980	cc67293d-131a-44f0-8650-9a13fb503059	mBackground	0.120494557	NA	NA	8313698	8305920	1397881233.62154	NA	NA	1397881233.6220033	1397881233.7425978	NA	NA	1397881233.74378
m1.medium	0.5	af24f757-fa0c-46cd-b630-62346483c96f	29298980	0997659b-2aa9-43e3-b6ab-b31ad0bd67e9	mBackground	0.121017421	NA	NA	8256098	8248320	1397881233.74803	NA	NA	1397881233.7488828	1397881233.8699994	NA	NA	1397881233.8705144
m1.medium	0.5	af24f757-fa0c-46cd-b630-62346483c96f	29298980	2bd46c8a-cf39-409f-9512-a53e5472be34	mBackground	0.119441882	NA	NA	8256098	8248320	1397881233.8749917	NA	NA	1397881233.8756425	1397881233.99519	NA	NA	1397881233.9957304
m1.medium	0.5	af24f757-fa0c-46cd-b630-62346483c96f	29298980	74eac7ad-8843-4a35-a478-708031cd33b0	mBackground	0.118107354	NA	NA	8267618	8259840	1397881234.0001686	NA	NA	1397881234.0007803	1397881234.1189911	NA	NA	1397881234.1193776
m1.medium	0.5	af24f757-fa0c-46cd-b630-62346483c96f	29298980	cc0db438-a805-416f-9b40-0b4b01bf5a57	mBackground	0.117511598	NA	NA	8250338	8242560	1397881234.1241288	NA	NA	1397881234.1247742	1397881234.2423897	NA	NA	1397881234.243549
m1.medium	0.5	af24f757-fa0c-46cd-b630-62346483c96f	29298980	1123b2e6-a257-4933-9303-09c08bab3260	mBackground	0.117894383	NA	NA	8238818	8231040	1397881234.247696	NA	NA	1397881234.2484078	1397881234.3664072	NA	NA	1397881234.3675385
m1.medium	0.5	af24f757-fa0c-46cd-b630-62346483c96f	29298980	4299a62c-37fa-4235-a061-011ee1952fe1	mBackground	0.117371374	NA	NA	8250338	8242560	1397881234.3715494	NA	NA	1397881234.3720415	1397881234.4895175	NA	NA	1397881234.4899259
m1.medium	0.5	af24f757-fa0c-46cd-b630-62346483c96f	29298980	3adde0a0-5365-4fbb-ac58-c6e73e9fc24a	mBackground	0.11730283	NA	NA	8250338	8242560	1397881234.4949954	NA	NA	1397881234.4954953	1397881234.6129036	NA	NA	1397881234.6135583
m1.medium	0.5	af24f757-fa0c-46cd-b630-62346483c96f	29298980	5eb5fd3e-d9e5-43ad-81f8-da7d7988f955	mBackground	0.118933261	NA	NA	8313698	8305920	1397881234.618003	NA	NA	1397881234.6186316	1397881234.7376695	NA	NA	1397881234.7382562
m1.medium	0.5	af24f757-fa0c-46cd-b630-62346483c96f	29298980	fb5037c0-b74e-4311-bd76-f105315b05ad	mBackground	0.117988507	NA	NA	8256098	8248320	1397881234.7432241	NA	NA	1397881234.7438183	1397881234.8619182	NA	NA	1397881234.8623009
m1.medium	0.5	af24f757-fa0c-46cd-b630-62346483c96f	29298980	518b2f23-d312-4018-a990-f57a007b6c9f	mImgtbl	0.155263839	NA	NA	144489745	10121	1397881235.17783	NA	NA	1397881235.182481	1397881235.3378558	NA	NA	1397881235.3382032
m1.medium	0.5	af24f757-fa0c-46cd-b630-62346483c96f	29298980	22c17035-f6bd-4d5a-924c-5eae729fdc1a	mAdd	0.91321525	NA	NA	288978107	51736320	1397881235.657454	NA	NA	1397881235.668007	1397881236.5813408	NA	NA	1397881236.5820143
m1.medium	0.5	af24f757-fa0c-46cd-b630-62346483c96f	29298980	63edb3e5-f613-41c9-af97-5c91e7a71372	mShrink	0.461218699	NA	NA	25868160	6471360	1397881236.8478286	NA	NA	1397881236.848062	1397881237.3093967	NA	NA	1397881237.3100739
m1.medium	0.5	af24f757-fa0c-46cd-b630-62346483c96f	29298980	adad270c-a9d7-49c1-a7ca-65bf4a66b747	mJPEG	0.432510498	NA	NA	6471360	119281	1397881237.5738766	NA	NA	1397881237.5740597	1397881238.0066774	NA	NA	1397881238.0079331
