m1.small	0.5	52cc7418-9861-4f10-a6fd-7994c58dedb2	31419440	d0075576-1ff3-4df9-9bee-75fc027c4424	mProjectPP	2.828335822	NA	NA	2111346	8231040	1397824815.2206764	NA	NA	1397824815.2374396	1397824818.066028	NA	NA	1397824818.0665348
m1.small	0.5	52cc7418-9861-4f10-a6fd-7994c58dedb2	31419440	8e2f37a0-1baf-4560-87be-f6628e248c59	mProjectPP	2.614790175	NA	NA	2111346	8242560	1397824818.0718117	NA	NA	1397824818.0722542	1397824820.6871724	NA	NA	1397824820.687593
m1.small	0.5	52cc7418-9861-4f10-a6fd-7994c58dedb2	31419440	a17b5f92-ff52-45a0-96ca-4835b3522fa1	mProjectPP	2.597007845	NA	NA	2111346	8231040	1397824820.7022467	NA	NA	1397824820.7027607	1397824823.2998993	NA	NA	1397824823.3003356
m1.small	0.5	52cc7418-9861-4f10-a6fd-7994c58dedb2	31419440	1e12bcf5-23ea-465f-9186-66c5889961e7	mProjectPP	2.657935634	NA	NA	2111346	8300160	1397824823.3139184	NA	NA	1397824823.3142917	1397824825.9723527	NA	NA	1397824825.9727716
m1.small	0.5	52cc7418-9861-4f10-a6fd-7994c58dedb2	31419440	55ac669e-0cab-43ec-a6cb-5cd0b8c5e733	mProjectPP	2.660003985	NA	NA	2111346	8288640	1397824825.9776332	NA	NA	1397824825.977996	1397824828.6381352	NA	NA	1397824828.6385741
m1.small	0.5	52cc7418-9861-4f10-a6fd-7994c58dedb2	31419440	2002caed-99c9-4091-97f2-253b291e1e39	mProjectPP	2.622422705	NA	NA	2111346	8248320	1397824828.6493428	NA	NA	1397824828.64974	1397824831.2723086	NA	NA	1397824831.2727334
m1.small	0.5	52cc7418-9861-4f10-a6fd-7994c58dedb2	31419440	09a5d911-6db4-402f-ae13-cba6e4f660e7	mProjectPP	2.809823506	NA	NA	2111346	8248320	1397824831.2775714	NA	NA	1397824831.2779207	1397824834.0878885	NA	NA	1397824834.088412
m1.small	0.5	52cc7418-9861-4f10-a6fd-7994c58dedb2	31419440	ef1c6807-f09a-4830-8bb3-32c919a36dcb	mProjectPP	2.792300994	NA	NA	2111346	8248320	1397824834.0930228	NA	NA	1397824834.0933347	1397824836.885781	NA	NA	1397824836.887035
m1.small	0.5	52cc7418-9861-4f10-a6fd-7994c58dedb2	31419440	587eabd9-e1e2-4e5e-9e82-6c961f1df9c4	mProjectPP	2.611914951	NA	NA	2111346	8242560	1397824836.899773	NA	NA	1397824836.9001367	1397824839.5121794	NA	NA	1397824839.5127287
m1.small	0.5	52cc7418-9861-4f10-a6fd-7994c58dedb2	31419440	ebed6b9e-cfc5-429b-8cab-6d994656e1d1	mProjectPP	2.589936659	NA	NA	2111346	8231040	1397824839.517725	NA	NA	1397824839.5180812	1397824842.1081588	NA	NA	1397824842.1086025
m1.small	0.5	52cc7418-9861-4f10-a6fd-7994c58dedb2	31419440	352f052c-ff6a-40a1-bd2a-ed2a9950970f	mProjectPP	2.682507109	NA	NA	2111346	8259840	1397824842.1379812	NA	NA	1397824842.1382895	1397824844.8209352	NA	NA	1397824844.8213713
m1.small	0.5	52cc7418-9861-4f10-a6fd-7994c58dedb2	31419440	dcf8f035-e249-492f-a983-81c1049e5567	mProjectPP	2.645868043	NA	NA	2111346	8248320	1397824844.848561	NA	NA	1397824844.8488941	1397824847.4948885	NA	NA	1397824847.4953363
m1.small	0.5	52cc7418-9861-4f10-a6fd-7994c58dedb2	31419440	85109282-c23f-487e-a559-32fc6cace0c1	mProjectPP	2.592899314	NA	NA	2111346	8248320	1397824847.5002477	NA	NA	1397824847.5007257	1397824850.0937486	NA	NA	1397824850.0948641
m1.small	0.5	52cc7418-9861-4f10-a6fd-7994c58dedb2	31419440	aa9460f4-15a7-41dd-970c-16732f37099e	mProjectPP	2.658462822	NA	NA	2111346	8248320	1397824850.0987432	NA	NA	1397824850.099136	1397824852.757716	NA	NA	1397824852.7588477
m1.small	0.5	52cc7418-9861-4f10-a6fd-7994c58dedb2	31419440	5cfe747f-80d8-412c-954a-a999313fa361	mProjectPP	2.793024588	NA	NA	2111346	8248320	1397824852.7873619	NA	NA	1397824852.7878392	1397824855.5809886	NA	NA	1397824855.581439
m1.small	0.5	52cc7418-9861-4f10-a6fd-7994c58dedb2	31419440	f46fabe0-362b-4252-a587-756b722f9a76	mProjectPP	2.610057693	NA	NA	2111346	8231040	1397824855.5866823	NA	NA	1397824855.5870605	1397824858.1972415	NA	NA	1397824858.197679
m1.small	0.5	52cc7418-9861-4f10-a6fd-7994c58dedb2	31419440	e584369c-d35e-48b2-abee-6ab64bfbfdcc	mProjectPP	2.707386016	NA	NA	2111346	8300160	1397824858.2029037	NA	NA	1397824858.2031834	1397824860.9107058	NA	NA	1397824860.9112618
m1.small	0.5	52cc7418-9861-4f10-a6fd-7994c58dedb2	31419440	902240d5-8ab1-4c1c-8067-03addfdf8c20	mProjectPP	2.678974062	NA	NA	2111346	8248320	1397824860.9159198	NA	NA	1397824860.9162083	1397824863.595298	NA	NA	1397824863.5957189
m1.small	0.5	52cc7418-9861-4f10-a6fd-7994c58dedb2	31419440	a1d49c71-5cde-4ff4-bd9d-2279e0dbf515	mProjectPP	2.750699103	NA	NA	2111346	8259840	1397824863.600921	NA	NA	1397824863.6012006	1397824866.3520257	NA	NA	1397824866.3525627
m1.small	0.5	52cc7418-9861-4f10-a6fd-7994c58dedb2	31419440	2089c0cc-a238-4fbd-8557-347869164f1c	mProjectPP	2.878366993	NA	NA	2111346	8282880	1397824866.3572686	NA	NA	1397824866.3575852	1397824869.2360857	NA	NA	1397824869.2365308
m1.small	0.5	52cc7418-9861-4f10-a6fd-7994c58dedb2	31419440	0fabd128-af39-4920-aaa2-8def927005a4	mProjectPP	2.697390089	NA	NA	2111346	8248320	1397824869.2417004	NA	NA	1397824869.2421157	1397824871.9396398	NA	NA	1397824871.9400618
m1.small	0.5	52cc7418-9861-4f10-a6fd-7994c58dedb2	31419440	34e98f47-f5c2-49e0-9909-ff15643ad898	mProjectPP	2.613831791	NA	NA	2111346	8259840	1397824871.9456832	NA	NA	1397824871.9461532	1397824874.5602677	NA	NA	1397824874.5607007
m1.small	0.5	52cc7418-9861-4f10-a6fd-7994c58dedb2	31419440	0778c321-064b-441a-bd9b-05172d6a028c	mProjectPP	2.657913235	NA	NA	2111346	8248320	1397824874.5660827	NA	NA	1397824874.5665035	1397824877.2245488	NA	NA	1397824877.2250051
m1.small	0.5	52cc7418-9861-4f10-a6fd-7994c58dedb2	31419440	1a2bf9ed-ed04-498b-8503-b2f18445d405	mProjectPP	2.609959128	NA	NA	2111346	8259840	1397824877.230181	NA	NA	1397824877.2305355	1397824879.840632	NA	NA	1397824879.8410778
m1.small	0.5	52cc7418-9861-4f10-a6fd-7994c58dedb2	31419440	0c5099ff-4ba1-4a06-94c5-df51e22c36aa	mProjectPP	2.624046614	NA	NA	2111346	8288640	1397824879.846001	NA	NA	1397824879.8465664	1397824882.4707375	NA	NA	1397824882.471324
m1.small	0.5	52cc7418-9861-4f10-a6fd-7994c58dedb2	31419440	a6ff6ddf-c832-4573-9827-13f0153d3b4c	mProjectPP	2.6294023	NA	NA	2111346	8305920	1397824882.475968	NA	NA	1397824882.4763362	1397824885.105922	NA	NA	1397824885.1063714
m1.small	0.5	52cc7418-9861-4f10-a6fd-7994c58dedb2	31419440	be6c17c5-4e06-430e-8dae-b420661e1570	mProjectPP	2.69201059	NA	NA	2111346	8248320	1397824885.1110046	NA	NA	1397824885.1114106	1397824887.803561	NA	NA	1397824887.8040066
m1.small	0.5	52cc7418-9861-4f10-a6fd-7994c58dedb2	31419440	20f61b3c-2a23-41b9-a76c-eee4279f31a2	mProjectPP	2.64575058	NA	NA	2111346	8248320	1397824887.8090458	NA	NA	1397824887.8093524	1397824890.4552228	NA	NA	1397824890.4558628
m1.small	0.5	52cc7418-9861-4f10-a6fd-7994c58dedb2	31419440	fffaa651-41ed-44ff-9340-60038c296e24	mProjectPP	2.650830849	NA	NA	2111346	8259840	1397824890.4611235	NA	NA	1397824890.4615052	1397824893.1124687	NA	NA	1397824893.1129262
m1.small	0.5	52cc7418-9861-4f10-a6fd-7994c58dedb2	31419440	dfd336c8-ff81-4497-8920-fc2da67be75e	mProjectPP	2.636034278	NA	NA	2111346	8242560	1397824893.1181293	NA	NA	1397824893.118472	1397824895.754634	NA	NA	1397824895.7551262
m1.small	0.5	52cc7418-9861-4f10-a6fd-7994c58dedb2	31419440	8dfe086e-c75a-49fa-b3cd-ed4bcb64dc9d	mProjectPP	2.62128161	NA	NA	2111346	8231040	1397824895.7599573	NA	NA	1397824895.7602503	1397824898.3816633	NA	NA	1397824898.3829248
m1.small	0.5	52cc7418-9861-4f10-a6fd-7994c58dedb2	31419440	01ab5d0c-fc84-45f1-8c1e-8523ea55aeeb	mProjectPP	2.661424719	NA	NA	2111346	8242560	1397824898.3871849	NA	NA	1397824898.3875968	1397824901.0491455	NA	NA	1397824901.0495875
m1.small	0.5	52cc7418-9861-4f10-a6fd-7994c58dedb2	31419440	0b57a343-e0ed-465f-bb6b-2573190265ca	mProjectPP	2.661766914	NA	NA	2111346	8242560	1397824901.0544689	NA	NA	1397824901.0548081	1397824903.716699	NA	NA	1397824903.7171493
m1.small	0.5	52cc7418-9861-4f10-a6fd-7994c58dedb2	31419440	ab45c859-c663-44ca-ba6b-2a87e06668f3	mProjectPP	2.608564107	NA	NA	2111346	8305920	1397824903.7222095	NA	NA	1397824903.7224972	1397824906.3311806	NA	NA	1397824906.3316054
m1.small	0.5	52cc7418-9861-4f10-a6fd-7994c58dedb2	31419440	424bcd65-bba9-4338-a876-d0c0205db2b4	mProjectPP	2.690547894	NA	NA	2111346	8248320	1397824906.3593721	NA	NA	1397824906.3596861	1397824909.050356	NA	NA	1397824909.0507898
m1.small	0.5	52cc7418-9861-4f10-a6fd-7994c58dedb2	31419440	fdfbd2e4-c787-4f22-92e3-9b29f7abf62a	mDiffFit	0.422531674	NA	NA	16473906	147146	1397824909.0557847	NA	NA	1397824909.0568373	1397824909.479494	NA	NA	1397824909.4799724
m1.small	0.5	52cc7418-9861-4f10-a6fd-7994c58dedb2	31419440	72944858-0c4a-43af-914d-d532148f3f88	mDiffFit	0.385531875	NA	NA	16531506	472594	1397824909.4847224	NA	NA	1397824909.4856153	1397824909.8712707	NA	NA	1397824909.871805
m1.small	0.5	52cc7418-9861-4f10-a6fd-7994c58dedb2	31419440	ce3a02b3-cb74-481a-a9bf-5ddc323c94da	mDiffFit	0.316595717	NA	NA	16589106	222032	1397824909.8768232	NA	NA	1397824909.877729	1397824910.194453	NA	NA	1397824910.1948974
m1.small	0.5	52cc7418-9861-4f10-a6fd-7994c58dedb2	31419440	b7100150-6a14-44c2-92a9-92809dbcf54d	mDiffFit	0.294923017	NA	NA	16479666	222029	1397824910.199743	NA	NA	1397824910.200753	1397824910.4958496	NA	NA	1397824910.4962783
m1.small	0.5	52cc7418-9861-4f10-a6fd-7994c58dedb2	31419440	23e53dbf-4b72-49e4-ae52-bdefa3baabe0	mDiffFit	0.269632164	NA	NA	16491186	144271	1397824910.501477	NA	NA	1397824910.5023668	1397824910.772212	NA	NA	1397824910.7726545
m1.small	0.5	52cc7418-9861-4f10-a6fd-7994c58dedb2	31419440	4e83ee6c-57b6-44dc-a557-742639f0b3a9	mDiffFit	0.326840914	NA	NA	16548786	250828	1397824910.7779381	NA	NA	1397824910.7788136	1397824911.1057913	NA	NA	1397824911.1062963
m1.small	0.5	52cc7418-9861-4f10-a6fd-7994c58dedb2	31419440	8854965b-4314-47a7-8668-331462d6586f	mDiffFit	0.377775046	NA	NA	16537266	472590	1397824911.11108	NA	NA	1397824911.112131	1397824911.4900324	NA	NA	1397824911.4904876
m1.small	0.5	52cc7418-9861-4f10-a6fd-7994c58dedb2	31419440	a7235492-35bc-483d-82cc-c4b96d8242a0	mDiffFit	0.263360441	NA	NA	16479666	147143	1397824911.4955194	NA	NA	1397824911.496494	1397824911.759983	NA	NA	1397824911.7604198
m1.small	0.5	52cc7418-9861-4f10-a6fd-7994c58dedb2	31419440	ff986a0f-2e96-40b1-94ef-6d90810fc894	mDiffFit	0.288631191	NA	NA	16491186	219152	1397824911.788558	NA	NA	1397824911.7893794	1397824912.0781767	NA	NA	1397824912.0786297
m1.small	0.5	52cc7418-9861-4f10-a6fd-7994c58dedb2	31419440	7d2cbcbe-79d2-4630-bbb7-d5af07c2631b	mDiffFit	0.357413686	NA	NA	16479666	466822	1397824912.0830815	NA	NA	1397824912.084037	1397824912.441574	NA	NA	1397824912.4427736
m1.small	0.5	52cc7418-9861-4f10-a6fd-7994c58dedb2	31419440	901d4106-4b22-4bd5-96b6-b9d4e8a0ebaf	mDiffFit	0.409970687	NA	NA	16496946	481232	1397824912.4469275	NA	NA	1397824912.4479134	1397824912.8580258	NA	NA	1397824912.8585334
m1.small	0.5	52cc7418-9861-4f10-a6fd-7994c58dedb2	31419440	66786715-7533-40df-b9e3-b01f6d4f2fbc	mDiffFit	0.253852675	NA	NA	16479666	155786	1397824912.8637393	NA	NA	1397824912.8648458	1397824913.118824	NA	NA	1397824913.1192617
m1.small	0.5	52cc7418-9861-4f10-a6fd-7994c58dedb2	31419440	b331035d-b194-4673-8999-c477c7c7bfb0	mDiffFit	0.372055107	NA	NA	16485426	472591	1397824913.1458466	NA	NA	1397824913.146809	1397824913.5189848	NA	NA	1397824913.5194442
m1.small	0.5	52cc7418-9861-4f10-a6fd-7994c58dedb2	31419440	d9ed957f-d0d4-4c96-a1cb-6a66bdc5b565	mDiffFit	0.289556696	NA	NA	16473906	222033	1397824913.5244024	NA	NA	1397824913.5253196	1397824913.8150136	NA	NA	1397824913.8154447
m1.small	0.5	52cc7418-9861-4f10-a6fd-7994c58dedb2	31419440	0ba60c5a-ff89-494f-89b3-c04dc6f15af4	mDiffFit	0.399492789	NA	NA	16491186	492747	1397824913.820434	NA	NA	1397824913.8213792	1397824914.2210033	NA	NA	1397824914.2214327
m1.small	0.5	52cc7418-9861-4f10-a6fd-7994c58dedb2	31419440	d5347cc8-5dcf-4a8b-a8ff-14370b703841	mDiffFit	0.386750242	NA	NA	16473906	469714	1397824914.2262278	NA	NA	1397824914.2270427	1397824914.6139758	NA	NA	1397824914.6145594
m1.small	0.5	52cc7418-9861-4f10-a6fd-7994c58dedb2	31419440	8044086d-77a5-4bc1-b160-aad9f08f2a6c	mDiffFit	0.306978025	NA	NA	16519986	247952	1397824914.6193144	NA	NA	1397824914.6201859	1397824914.9272873	NA	NA	1397824914.9277322
m1.small	0.5	52cc7418-9861-4f10-a6fd-7994c58dedb2	31419440	a716c8ac-c3f6-4607-8851-8202acad5716	mDiffFit	0.306427489	NA	NA	16479666	224915	1397824914.9323492	NA	NA	1397824914.9331374	1397824915.2396948	NA	NA	1397824915.2401876
m1.small	0.5	52cc7418-9861-4f10-a6fd-7994c58dedb2	31419440	eff0fa9c-2a26-4f47-8e41-66de2b1dad71	mDiffFit	0.38489558	NA	NA	16508466	478346	1397824915.245153	NA	NA	1397824915.2462978	1397824915.6313207	NA	NA	1397824915.6317623
m1.small	0.5	52cc7418-9861-4f10-a6fd-7994c58dedb2	31419440	127a5122-b66a-4e19-95bb-7ef6701ffdd8	mDiffFit	0.29398063	NA	NA	16479666	224912	1397824915.6365962	NA	NA	1397824915.6376376	1397824915.9317427	NA	NA	1397824915.9321952
m1.small	0.5	52cc7418-9861-4f10-a6fd-7994c58dedb2	31419440	e69a83d6-93f8-45a9-9f36-3c58987378fc	mDiffFit	0.264271692	NA	NA	16496946	144262	1397824915.937587	NA	NA	1397824915.9389117	1397824916.2033103	NA	NA	1397824916.2038608
m1.small	0.5	52cc7418-9861-4f10-a6fd-7994c58dedb2	31419440	567e64da-80a7-4ad6-b5ff-5238eb1f2e0e	mDiffFit	0.389002602	NA	NA	16496946	492743	1397824916.2090433	NA	NA	1397824916.2100585	1397824916.5992448	NA	NA	1397824916.5997522
m1.small	0.5	52cc7418-9861-4f10-a6fd-7994c58dedb2	31419440	aba2d754-ebba-458f-86ad-e09cd701f84e	mDiffFit	0.385208795	NA	NA	16479666	492746	1397824916.60524	NA	NA	1397824916.6062953	1397824916.991633	NA	NA	1397824916.9923074
m1.small	0.5	52cc7418-9861-4f10-a6fd-7994c58dedb2	31419440	c3a462e9-38be-473d-8e65-65b5bb6c66a8	mDiffFit	0.289182701	NA	NA	16496946	222027	1397824916.9970968	NA	NA	1397824916.9983153	1397824917.2876377	NA	NA	1397824917.288145
m1.small	0.5	52cc7418-9861-4f10-a6fd-7994c58dedb2	31419440	4f93ee89-724f-431f-836b-d43bf94d9364	mDiffFit	0.253033117	NA	NA	16496946	155777	1397824917.3175166	NA	NA	1397824917.318687	1397824917.5718653	NA	NA	1397824917.572395
m1.small	0.5	52cc7418-9861-4f10-a6fd-7994c58dedb2	31419440	1dfb8c16-72e6-4f8c-b5da-6cb1651b3739	mDiffFit	0.285892851	NA	NA	16496946	224900	1397824917.5773509	NA	NA	1397824917.5786798	1397824917.8647327	NA	NA	1397824917.8653722
m1.small	0.5	52cc7418-9861-4f10-a6fd-7994c58dedb2	31419440	2fe5d636-1943-40ec-b099-2301b2a95d02	mDiffFit	0.276671447	NA	NA	16496946	150020	1397824917.87057	NA	NA	1397824917.871662	1397824918.148458	NA	NA	1397824918.1491215
m1.small	0.5	52cc7418-9861-4f10-a6fd-7994c58dedb2	31419440	fea11d35-d7fb-4f19-9de3-0cf41c33fc18	mDiffFit	0.290363345	NA	NA	16508466	219152	1397824918.1541252	NA	NA	1397824918.1553159	1397824918.4458034	NA	NA	1397824918.4463875
m1.small	0.5	52cc7418-9861-4f10-a6fd-7994c58dedb2	31419440	e220954c-ff7f-4911-bc98-4fe1df56d9e9	mDiffFit	0.3839101	NA	NA	16496946	486982	1397824918.4514177	NA	NA	1397824918.4525216	1397824918.8365638	NA	NA	1397824918.8371706
m1.small	0.5	52cc7418-9861-4f10-a6fd-7994c58dedb2	31419440	14725f90-8cc7-458a-ab55-a663a93b1f20	mDiffFit	0.386004687	NA	NA	16479666	486982	1397824918.8426232	NA	NA	1397824918.8436487	1397824919.2299175	NA	NA	1397824919.2303665
m1.small	0.5	52cc7418-9861-4f10-a6fd-7994c58dedb2	31419440	2a616798-fde8-460c-a19a-3c3767a6d884	mDiffFit	0.252564304	NA	NA	16479666	152900	1397824919.2593434	NA	NA	1397824919.2605984	1397824919.5132928	NA	NA	1397824919.5146735
m1.small	0.5	52cc7418-9861-4f10-a6fd-7994c58dedb2	31419440	cc6f6a52-c204-4e4f-83c5-eea94e2cff8b	mDiffFit	0.289715631	NA	NA	16479666	224906	1397824919.5188854	NA	NA	1397824919.5200975	1397824919.8099787	NA	NA	1397824919.810465
m1.small	0.5	52cc7418-9861-4f10-a6fd-7994c58dedb2	31419440	553eda59-3c96-44e8-8459-cea43a59efc7	mDiffFit	0.321707943	NA	NA	16531506	253710	1397824919.8157482	NA	NA	1397824919.8169425	1397824920.1387763	NA	NA	1397824920.139343
m1.small	0.5	52cc7418-9861-4f10-a6fd-7994c58dedb2	31419440	cc7df823-6f19-46cb-a22d-00377911a377	mDiffFit	0.292332901	NA	NA	16600626	224919	1397824920.1445096	NA	NA	1397824920.145627	1397824920.4380956	NA	NA	1397824920.4386528
m1.small	0.5	52cc7418-9861-4f10-a6fd-7994c58dedb2	31419440	6ae41eaa-1bda-47d4-b7e2-f82d0d1ad44b	mDiffFit	0.389647636	NA	NA	16479666	489873	1397824920.444731	NA	NA	1397824920.4463153	1397824920.8361068	NA	NA	1397824920.8367834
m1.small	0.5	52cc7418-9861-4f10-a6fd-7994c58dedb2	31419440	e3f60526-6580-4f78-88ad-b3174e5954bc	mDiffFit	0.293219219	NA	NA	16496946	219145	1397824920.8431175	NA	NA	1397824920.8686557	1397824921.1620622	NA	NA	1397824921.1627684
m1.small	0.5	52cc7418-9861-4f10-a6fd-7994c58dedb2	31419440	6fa70fec-70ec-4511-971e-3f2118049a60	mDiffFit	0.396040022	NA	NA	16496946	458186	1397824921.1690826	NA	NA	1397824921.171374	1397824921.5675805	NA	NA	1397824921.5682218
m1.small	0.5	52cc7418-9861-4f10-a6fd-7994c58dedb2	31419440	462b0ac7-2ac9-40a1-9c6b-46d5f2b0d572	mDiffFit	0.296633942	NA	NA	16508466	222030	1397824921.662305	NA	NA	1397824921.6631846	1397824921.9599605	NA	NA	1397824921.960561
m1.small	0.5	52cc7418-9861-4f10-a6fd-7994c58dedb2	31419440	c0f28fe1-e7e8-41bd-b981-b30f9af08509	mDiffFit	0.378105764	NA	NA	16508466	507144	1397824921.9900227	NA	NA	1397824921.9910023	1397824922.3692322	NA	NA	1397824922.3945048
m1.small	0.5	52cc7418-9861-4f10-a6fd-7994c58dedb2	31419440	16dec3b6-c841-42bb-ab00-00aa20b6ff98	mDiffFit	0.232121884	NA	NA	16491186	155781	1397824922.3989596	NA	NA	1397824922.3998778	1397824922.6321466	NA	NA	1397824922.6326408
m1.small	0.5	52cc7418-9861-4f10-a6fd-7994c58dedb2	31419440	6b9d841e-0ec4-45f5-9a76-0850f6b2afdd	mDiffFit	0.376228867	NA	NA	16508466	472588	1397824922.6746185	NA	NA	1397824922.675453	1397824923.051811	NA	NA	1397824923.0522678
m1.small	0.5	52cc7418-9861-4f10-a6fd-7994c58dedb2	31419440	f04e71c5-5884-44f3-a253-7fcd9649b995	mDiffFit	0.303901411	NA	NA	16508466	224899	1397824923.0575218	NA	NA	1397824923.058509	1397824923.3625312	NA	NA	1397824923.3629844
m1.small	0.5	52cc7418-9861-4f10-a6fd-7994c58dedb2	31419440	aac5f0db-faf9-4fe5-80c9-9c89dd360957	mDiffFit	0.406194274	NA	NA	16479666	492744	1397824923.3686876	NA	NA	1397824923.3696752	1397824923.775991	NA	NA	1397824923.7764235
m1.small	0.5	52cc7418-9861-4f10-a6fd-7994c58dedb2	31419440	29beaa09-1195-4d7b-9269-f0ed5a1b2998	mDiffFit	0.298018438	NA	NA	16519986	222027	1397824923.7814682	NA	NA	1397824923.7826226	1397824924.080805	NA	NA	1397824924.0812533
m1.small	0.5	52cc7418-9861-4f10-a6fd-7994c58dedb2	31419440	9fa84dd5-2218-4853-8f0b-96c1c3c7d592	mDiffFit	0.434967676	NA	NA	16519986	504264	1397824924.086473	NA	NA	1397824924.087544	1397824924.5226467	NA	NA	1397824924.5230966
m1.small	0.5	52cc7418-9861-4f10-a6fd-7994c58dedb2	31419440	bad63266-057b-4b8b-be8f-ca021066fd73	mDiffFit	0.256641047	NA	NA	16508466	155784	1397824924.5282507	NA	NA	1397824924.5293312	1397824924.7861204	NA	NA	1397824924.7865772
m1.small	0.5	52cc7418-9861-4f10-a6fd-7994c58dedb2	31419440	1c7c872d-2957-4398-b69c-1aab65e3c1ce	mDiffFit	0.398286122	NA	NA	16519986	472590	1397824924.7915003	NA	NA	1397824924.79247	1397824925.1908882	NA	NA	1397824925.1913366
m1.small	0.5	52cc7418-9861-4f10-a6fd-7994c58dedb2	31419440	83565c3b-2f37-4fcd-97a7-6ee9df123c7c	mDiffFit	0.255309689	NA	NA	16508466	144264	1397824925.1962335	NA	NA	1397824925.19719	1397824925.4526258	NA	NA	1397824925.4530206
m1.small	0.5	52cc7418-9861-4f10-a6fd-7994c58dedb2	31419440	1d56d3e5-e4ba-493a-ae68-b30eec36ba08	mDiffFit	0.335988608	NA	NA	16548786	311308	1397824925.4825206	NA	NA	1397824925.4833238	1397824925.8194394	NA	NA	1397824925.8201063
m1.small	0.5	52cc7418-9861-4f10-a6fd-7994c58dedb2	31419440	c162e753-b5dc-452d-ba1e-36c3e470a724	mDiffFit	0.319763651	NA	NA	16537266	288266	1397824925.824976	NA	NA	1397824925.825827	1397824926.1458063	NA	NA	1397824926.1464207
m1.small	0.5	52cc7418-9861-4f10-a6fd-7994c58dedb2	31419440	7e863406-7844-4f9b-bcd1-ad498678a2cd	mDiffFit	0.299899091	NA	NA	16594866	222030	1397824926.1514883	NA	NA	1397824926.1524346	1397824926.4524648	NA	NA	1397824926.4528868
m1.small	0.5	52cc7418-9861-4f10-a6fd-7994c58dedb2	31419440	c98cf775-8a13-402b-9e1e-da4ce32a29d5	mDiffFit	0.372523181	NA	NA	16589106	224912	1397824926.4808245	NA	NA	1397824926.481595	1397824926.854244	NA	NA	1397824926.8548791
m1.small	0.5	52cc7418-9861-4f10-a6fd-7994c58dedb2	31419440	c6c37596-c699-4231-8b68-bd97341a1580	mDiffFit	0.342630159	NA	NA	16554546	311303	1397824926.860274	NA	NA	1397824926.8615417	1397824927.2043235	NA	NA	1397824927.2047708
m1.small	0.5	52cc7418-9861-4f10-a6fd-7994c58dedb2	31419440	3939e141-1dc5-4eca-b246-0ed086b86b69	mDiffFit	0.292598989	NA	NA	16508466	147143	1397824927.2097998	NA	NA	1397824927.211105	1397824927.5038846	NA	NA	1397824927.5045958
m1.small	0.5	52cc7418-9861-4f10-a6fd-7994c58dedb2	31419440	f0f9ad26-8471-4e3a-a9fb-c5baf89cd561	mDiffFit	0.386372223	NA	NA	16496946	472587	1397824927.5104403	NA	NA	1397824927.5111847	1397824927.8977146	NA	NA	1397824927.8987272
m1.small	0.5	52cc7418-9861-4f10-a6fd-7994c58dedb2	31419440	61d4a337-c07c-4c1c-9e58-2c30247d3800	mDiffFit	0.33109217	NA	NA	16554546	279628	1397824927.903672	NA	NA	1397824927.904397	1397824928.2357924	NA	NA	1397824928.2363787
m1.small	0.5	52cc7418-9861-4f10-a6fd-7994c58dedb2	31419440	2bf9d04d-aee6-4937-8237-236e377422d0	mDiffFit	0.334510658	NA	NA	16531506	305549	1397824928.2414265	NA	NA	1397824928.2425237	1397824928.5771577	NA	NA	1397824928.5775723
m1.small	0.5	52cc7418-9861-4f10-a6fd-7994c58dedb2	31419440	8505112c-437f-4be3-b058-912ef3ed70d1	mDiffFit	0.293292095	NA	NA	16496946	224908	1397824928.5827906	NA	NA	1397824928.5837178	1397824928.877133	NA	NA	1397824928.877545
m1.small	0.5	52cc7418-9861-4f10-a6fd-7994c58dedb2	31419440	1ece4060-b83d-49c8-a0a4-3ae3ca6aa131	mDiffFit	0.29625534	NA	NA	16496946	224911	1397824928.8828585	NA	NA	1397824928.8836331	1397824929.1800241	NA	NA	1397824929.1806388
m1.small	0.5	52cc7418-9861-4f10-a6fd-7994c58dedb2	31419440	bf9e066a-d7a4-40b7-a55a-5158aa901701	mDiffFit	0.26588725	NA	NA	16496946	155785	1397824929.2083774	NA	NA	1397824929.2094557	1397824929.4754972	NA	NA	1397824929.4759657
m1.small	0.5	52cc7418-9861-4f10-a6fd-7994c58dedb2	31419440	edeea288-1c7b-4dfd-aaf3-dd155cdaeb18	mDiffFit	0.253305676	NA	NA	16496946	144269	1397824929.4817562	NA	NA	1397824929.482535	1397824929.7359712	NA	NA	1397824929.7363887
m1.small	0.5	52cc7418-9861-4f10-a6fd-7994c58dedb2	31419440	7eaffca9-abf9-4005-8957-1ecd63b58616	mDiffFit	0.404995753	NA	NA	16508466	492748	1397824929.7419803	NA	NA	1397824929.7428007	1397824930.1479187	NA	NA	1397824930.1483483
m1.small	0.5	52cc7418-9861-4f10-a6fd-7994c58dedb2	31419440	d65f882e-b649-479d-8464-1e2b3d766167	mDiffFit	0.292666838	NA	NA	16508466	222029	1397824930.153582	NA	NA	1397824930.1546018	1397824930.4474027	NA	NA	1397824930.4478245
m1.small	0.5	52cc7418-9861-4f10-a6fd-7994c58dedb2	31419440	4676ae5d-5f69-49c6-9678-f9af085a6dfe	mDiffFit	0.282814121	NA	NA	16491186	155782	1397824930.453331	NA	NA	1397824930.4542518	1397824930.7373366	NA	NA	1397824930.7379997
m1.small	0.5	52cc7418-9861-4f10-a6fd-7994c58dedb2	31419440	47d792d6-d817-4846-bc61-530c4933bb9a	mDiffFit	0.401789474	NA	NA	16502706	486991	1397824930.7433474	NA	NA	1397824930.744189	1397824931.1461108	NA	NA	1397824931.1464977
m1.small	0.5	52cc7418-9861-4f10-a6fd-7994c58dedb2	31419440	aede4584-eeef-4ec2-9168-554ad6064591	mDiffFit	0.28110323	NA	NA	16491186	152907	1397824931.1518266	NA	NA	1397824931.152692	1397824931.4339752	NA	NA	1397824931.4345827
m1.small	0.5	52cc7418-9861-4f10-a6fd-7994c58dedb2	31419440	77159694-0729-4182-a347-10de2cdee8bc	mDiffFit	0.536798768	NA	NA	16473906	224910	1397824931.439552	NA	NA	1397824931.440439	1397824931.977364	NA	NA	1397824931.9779732
m1.small	0.5	52cc7418-9861-4f10-a6fd-7994c58dedb2	31419440	a875747a-cc18-472c-911b-ee0091bcaa6b	mDiffFit	0.373128084	NA	NA	16479666	452429	1397824931.983697	NA	NA	1397824931.9845238	1397824932.3577802	NA	NA	1397824932.3591256
m1.small	0.5	52cc7418-9861-4f10-a6fd-7994c58dedb2	31419440	dfc713a8-75ed-4404-ae3a-fb5319921a54	mDiffFit	0.295254139	NA	NA	16479666	224914	1397824932.3635385	NA	NA	1397824932.3645263	1397824932.6599064	NA	NA	1397824932.6603284
m1.small	0.5	52cc7418-9861-4f10-a6fd-7994c58dedb2	31419440	a7cf4492-ad5a-4b17-9a12-74d9a74e0bd9	mDiffFit	0.418388825	NA	NA	16473906	495636	1397824932.665757	NA	NA	1397824932.6667519	1397824933.0852664	NA	NA	1397824933.0856998
m1.small	0.5	52cc7418-9861-4f10-a6fd-7994c58dedb2	31419440	82e6654a-9643-4b79-9598-e0119f90776e	mDiffFit	0.305521342	NA	NA	16473906	222038	1397824933.0910723	NA	NA	1397824933.091866	1397824933.3975067	NA	NA	1397824933.3988724
m1.small	0.5	52cc7418-9861-4f10-a6fd-7994c58dedb2	31419440	8e4791b7-5ef2-4d75-a563-4276d98c9ad7	mDiffFit	0.389974592	NA	NA	16543026	472593	1397824933.4030323	NA	NA	1397824933.403897	1397824933.7940242	NA	NA	1397824933.794458
m1.small	0.5	52cc7418-9861-4f10-a6fd-7994c58dedb2	31419440	2cb707e9-e249-405d-8eb5-648c043c5e06	mDiffFit	0.281951668	NA	NA	16491186	150034	1397824933.7996151	NA	NA	1397824933.8005567	1397824934.0826347	NA	NA	1397824934.0830398
m1.small	0.5	52cc7418-9861-4f10-a6fd-7994c58dedb2	31419440	0cee4417-8ce8-4409-aeab-7a2f05759206	mDiffFit	0.254828024	NA	NA	16491186	147146	1397824934.0883093	NA	NA	1397824934.089067	1397824934.3440132	NA	NA	1397824934.3447282
m1.small	0.5	52cc7418-9861-4f10-a6fd-7994c58dedb2	31419440	ea82b63d-8606-4ee1-83ee-ed2c50f972b8	mDiffFit	0.289743933	NA	NA	16491186	224911	1397824934.3495166	NA	NA	1397824934.3744895	1397824934.6643832	NA	NA	1397824934.66486
m1.small	0.5	52cc7418-9861-4f10-a6fd-7994c58dedb2	31419440	7b74f921-7c11-4275-97fb-48741c8ee4ff	mDiffFit	0.315671925	NA	NA	16525746	285387	1397824934.6707914	NA	NA	1397824934.6716242	1397824934.987422	NA	NA	1397824934.988105
m1.small	0.5	52cc7418-9861-4f10-a6fd-7994c58dedb2	31419440	a74580c1-9b33-4f27-a7d4-50810f27380f	mDiffFit	0.333384491	NA	NA	16548786	305554	1397824934.9931471	NA	NA	1397824934.993837	1397824935.327399	NA	NA	1397824935.3281229
m1.small	0.5	52cc7418-9861-4f10-a6fd-7994c58dedb2	31419440	bdb6a717-f08d-4db5-aa94-bc3bc0780e3c	mDiffFit	0.30601867	NA	NA	16589106	224919	1397824935.3329773	NA	NA	1397824935.3338192	1397824935.6399648	NA	NA	1397824935.6407065
m1.small	0.5	52cc7418-9861-4f10-a6fd-7994c58dedb2	31419440	c00bd54b-38ba-4521-8242-9a4a9a3795cf	mDiffFit	0.306269701	NA	NA	16496946	224913	1397824935.6455913	NA	NA	1397824935.6464896	1397824935.952895	NA	NA	1397824935.9533226
m1.small	0.5	52cc7418-9861-4f10-a6fd-7994c58dedb2	31419440	05921ef8-a8f2-438c-995b-689aa6060907	mDiffFit	0.390612063	NA	NA	16491186	498511	1397824935.9587774	NA	NA	1397824935.9596117	1397824936.3503456	NA	NA	1397824936.3507714
m1.small	0.5	52cc7418-9861-4f10-a6fd-7994c58dedb2	31419440	2c192980-edf6-44a2-88c2-3bac6eeeea25	mDiffFit	0.399043568	NA	NA	16491186	472588	1397824936.3558187	NA	NA	1397824936.3565784	1397824936.7557428	NA	NA	1397824936.7561817
m1.small	0.5	52cc7418-9861-4f10-a6fd-7994c58dedb2	31419440	1497917f-56c7-4627-b2d5-dcc0b1326864	mConcatFit	4.757106296	NA	NA	25122	17057	1397824937.076823	NA	NA	1397824937.0863564	1397824941.8436203	NA	NA	1397824941.844027
m1.small	0.5	52cc7418-9861-4f10-a6fd-7994c58dedb2	31419440	47a2bc0f-3abc-4a99-b9b8-2f77af15d155	mBgModel	24.983388494	NA	NA	22962	1873	1397824942.1125565	NA	NA	1397824942.112864	1397824967.0963922	NA	NA	1397824967.0970256
m1.small	0.5	52cc7418-9861-4f10-a6fd-7994c58dedb2	31419440	ca14e76d-30a1-41bc-bac6-c776a9d1d0ef	mBackground	0.234934263	NA	NA	8238818	8231040	1397824967.5261917	NA	NA	1397824967.526947	1397824967.7620072	NA	NA	1397824967.7626667
m1.small	0.5	52cc7418-9861-4f10-a6fd-7994c58dedb2	31419440	e8ed1807-c2ad-49ae-ba17-45b69489671a	mBackground	0.262802706	NA	NA	8250338	8242560	1397824967.7680237	NA	NA	1397824967.7685761	1397824968.031503	NA	NA	1397824968.0320168
m1.small	0.5	52cc7418-9861-4f10-a6fd-7994c58dedb2	31419440	946190ed-97c1-4d27-9a54-1927348ca458	mBackground	0.251260995	NA	NA	8238818	8231040	1397824968.0372074	NA	NA	1397824968.0376801	1397824968.289087	NA	NA	NA
m1.small	0.5	52cc7418-9861-4f10-a6fd-7994c58dedb2	31419440	98b4cd18-16d8-4932-9b75-9b5b7036f2a3	mBackground	0.247602425	NA	NA	8307938	8300160	1397824968.3171244	NA	NA	1397824968.317771	1397824968.5655012	NA	NA	1397824968.5666404
m1.small	0.5	52cc7418-9861-4f10-a6fd-7994c58dedb2	31419440	ee261948-a56f-4e57-8041-ca5916f6d3bf	mBackground	0.246736935	NA	NA	8296418	8288640	1397824968.5711687	NA	NA	1397824968.5716527	1397824968.8185163	NA	NA	1397824968.8189816
m1.small	0.5	52cc7418-9861-4f10-a6fd-7994c58dedb2	31419440	05680bf0-9c50-4083-bfc0-a6519d4ea71e	mBackground	0.22281926	NA	NA	8256098	8248320	1397824968.8485768	NA	NA	1397824968.8491511	1397824969.0720997	NA	NA	1397824969.0966797
m1.small	0.5	52cc7418-9861-4f10-a6fd-7994c58dedb2	31419440	d854a3c8-80a2-4d2d-9a71-a02a638e617c	mBackground	0.245426973	NA	NA	8256098	8248320	1397824969.1018312	NA	NA	1397824969.102336	1397824969.347906	NA	NA	1397824969.3486416
m1.small	0.5	52cc7418-9861-4f10-a6fd-7994c58dedb2	31419440	fc32d2e7-3f95-4b19-83dc-1aa7ce4dbc6b	mBackground	0.247661955	NA	NA	8256098	8248320	1397824969.3543713	NA	NA	1397824969.3549366	1397824969.602722	NA	NA	1397824969.6033285
m1.small	0.5	52cc7418-9861-4f10-a6fd-7994c58dedb2	31419440	db34e48e-4ca3-492b-bbfd-8d9ccc00935b	mBackground	0.27015912	NA	NA	8250338	8242560	1397824969.6089149	NA	NA	1397824969.6093724	1397824969.8796587	NA	NA	1397824969.8802311
m1.small	0.5	52cc7418-9861-4f10-a6fd-7994c58dedb2	31419440	458357f1-c2c0-40cc-bf34-7cfca998fadf	mBackground	0.246370111	NA	NA	8238818	8231040	1397824969.8852036	NA	NA	1397824969.8857641	1397824970.132252	NA	NA	1397824970.1329453
m1.small	0.5	52cc7418-9861-4f10-a6fd-7994c58dedb2	31419440	8c360d4a-2e2c-46d8-a601-7fb835f9dc12	mBackground	0.246152166	NA	NA	8267618	8259840	1397824970.138336	NA	NA	1397824970.1389728	1397824970.3852549	NA	NA	1397824970.3866296
m1.small	0.5	52cc7418-9861-4f10-a6fd-7994c58dedb2	31419440	67fed099-d49a-4c1c-b869-8710474e392a	mBackground	0.258910648	NA	NA	8256098	8248320	1397824970.3914964	NA	NA	1397824970.3921595	1397824970.651189	NA	NA	1397824970.6517854
m1.small	0.5	52cc7418-9861-4f10-a6fd-7994c58dedb2	31419440	307a7c55-b5ab-4f13-a3fc-a7463d2754d7	mBackground	0.272847892	NA	NA	8256098	8248320	1397824970.656774	NA	NA	1397824970.6573088	1397824970.9302754	NA	NA	1397824970.930669
m1.small	0.5	52cc7418-9861-4f10-a6fd-7994c58dedb2	31419440	4b533966-8571-400c-a8d7-e5f4e1b30a0d	mBackground	0.251963585	NA	NA	8256098	8248320	1397824970.9362912	NA	NA	1397824970.9372876	1397824971.189406	NA	NA	1397824971.1908011
m1.small	0.5	52cc7418-9861-4f10-a6fd-7994c58dedb2	31419440	13dd087c-f883-452b-aadd-09400b0c5404	mBackground	0.258384139	NA	NA	8256098	8248320	1397824971.195092	NA	NA	1397824971.1957562	1397824971.4542644	NA	NA	1397824971.4547954
m1.small	0.5	52cc7418-9861-4f10-a6fd-7994c58dedb2	31419440	1b09b918-5ecf-450b-9103-cc9e50dfb424	mBackground	0.245742327	NA	NA	8238818	8231040	1397824971.4599974	NA	NA	1397824971.460562	1397824971.7065344	NA	NA	1397824971.707083
m1.small	0.5	52cc7418-9861-4f10-a6fd-7994c58dedb2	31419440	93a983fc-88cc-4ad3-9421-eee5980e30e1	mBackground	0.260962533	NA	NA	8307938	8300160	1397824971.7125392	NA	NA	1397824971.7132518	1397824971.974342	NA	NA	1397824971.9751148
m1.small	0.5	52cc7418-9861-4f10-a6fd-7994c58dedb2	31419440	462f948f-0f9f-447b-8088-6ae854d9b3f6	mBackground	0.237392783	NA	NA	8256098	8248320	1397824972.0045602	NA	NA	1397824972.0050604	1397824972.2425728	NA	NA	1397824972.2429771
m1.small	0.5	52cc7418-9861-4f10-a6fd-7994c58dedb2	31419440	69971263-4a75-4c87-89cb-7c6c8d41e30c	mBackground	0.262094186	NA	NA	8267618	8259840	1397824972.2483835	NA	NA	1397824972.249114	1397824972.5114925	NA	NA	1397824972.511922
m1.small	0.5	52cc7418-9861-4f10-a6fd-7994c58dedb2	31419440	ce1f030b-f35c-4e32-955c-ba9363e1bee8	mBackground	0.263646199	NA	NA	8290658	8282880	1397824972.5172737	NA	NA	1397824972.5180488	1397824972.7818246	NA	NA	1397824972.782484
m1.small	0.5	52cc7418-9861-4f10-a6fd-7994c58dedb2	31419440	6301ec5e-aacb-400e-a51c-32aeb0141c8a	mBackground	0.251384465	NA	NA	8256098	8248320	1397824972.8097525	NA	NA	1397824972.810377	1397824973.061936	NA	NA	1397824973.0623472
m1.small	0.5	52cc7418-9861-4f10-a6fd-7994c58dedb2	31419440	73dda12e-06b1-47df-87d6-1b1c830135e8	mBackground	0.265068762	NA	NA	8267618	8259840	1397824973.0679424	NA	NA	1397824973.0685034	1397824973.3337052	NA	NA	1397824973.3343494
m1.small	0.5	52cc7418-9861-4f10-a6fd-7994c58dedb2	31419440	b91657cc-bfe8-465a-8def-fcead88b7e28	mBackground	0.239773974	NA	NA	8256098	8248320	1397824973.3622968	NA	NA	1397824973.3630307	1397824973.6029224	NA	NA	1397824973.6034884
m1.small	0.5	52cc7418-9861-4f10-a6fd-7994c58dedb2	31419440	d9934f45-bd74-4d34-a98e-56e39c3455c7	mBackground	0.25514595	NA	NA	8267618	8259840	1397824973.6084943	NA	NA	1397824973.6091754	1397824973.8644462	NA	NA	1397824973.8649035
m1.small	0.5	52cc7418-9861-4f10-a6fd-7994c58dedb2	31419440	4f0087a2-acde-4788-8ac5-25674e02f5ac	mBackground	0.254647854	NA	NA	8296418	8288640	1397824973.9071412	NA	NA	1397824973.9079485	1397824974.1627262	NA	NA	1397824974.163139
m1.small	0.5	52cc7418-9861-4f10-a6fd-7994c58dedb2	31419440	1f6fcfbe-ee95-48bd-a228-a2ec5acc0e80	mBackground	0.267898738	NA	NA	8313698	8305920	1397824974.168523	NA	NA	1397824974.1690612	1397824974.4370787	NA	NA	1397824974.43747
m1.small	0.5	52cc7418-9861-4f10-a6fd-7994c58dedb2	31419440	a1c243b6-9405-4af8-beb4-9bd36c9c52e4	mBackground	0.266210405	NA	NA	8256098	8248320	1397824974.443041	NA	NA	1397824974.443799	1397824974.7101345	NA	NA	1397824974.7106912
m1.small	0.5	52cc7418-9861-4f10-a6fd-7994c58dedb2	31419440	a0d3aecd-6cca-4ffa-bb82-6555293bfc0b	mBackground	0.277890985	NA	NA	8256098	8248320	1397824974.7159138	NA	NA	1397824974.7164297	1397824974.9944355	NA	NA	1397824974.9950523
m1.small	0.5	52cc7418-9861-4f10-a6fd-7994c58dedb2	31419440	f9732127-1bea-45f5-aecc-e9d3b685b2ba	mBackground	0.26497172	NA	NA	8267618	8259840	1397824975.000506	NA	NA	1397824975.001274	1397824975.266364	NA	NA	1397824975.2667649
m1.small	0.5	52cc7418-9861-4f10-a6fd-7994c58dedb2	31419440	9b56f7d5-aac6-43c7-95c9-a5fcf3c5da58	mBackground	0.276439107	NA	NA	8250338	8242560	1397824975.2722828	NA	NA	1397824975.272965	1397824975.549524	NA	NA	1397824975.5509937
m1.small	0.5	52cc7418-9861-4f10-a6fd-7994c58dedb2	31419440	3ced8c26-bd8a-44d0-bb3e-21f697a74f8e	mBackground	0.264819311	NA	NA	8238818	8231040	1397824975.555683	NA	NA	1397824975.556419	1397824975.821362	NA	NA	1397824975.8221087
m1.small	0.5	52cc7418-9861-4f10-a6fd-7994c58dedb2	31419440	610dbaba-0bf8-4746-8a29-261c79621d9a	mBackground	0.264827802	NA	NA	8250338	8242560	1397824975.827457	NA	NA	1397824975.828143	1397824976.0930939	NA	NA	1397824976.0935419
m1.small	0.5	52cc7418-9861-4f10-a6fd-7994c58dedb2	31419440	9bc26653-32de-46aa-85c8-fe2cccc142f0	mBackground	0.250388153	NA	NA	8250338	8242560	1397824976.0992699	NA	NA	1397824976.099766	1397824976.3502743	NA	NA	1397824976.3507872
m1.small	0.5	52cc7418-9861-4f10-a6fd-7994c58dedb2	31419440	e0f02420-720e-4065-adc2-6927eadd16d0	mBackground	0.26481708	NA	NA	8313698	8305920	1397824976.3810465	NA	NA	1397824976.381585	1397824976.646524	NA	NA	1397824976.6469564
m1.small	0.5	52cc7418-9861-4f10-a6fd-7994c58dedb2	31419440	56b64c8e-f9de-4e75-926e-b1d60783afe5	mBackground	0.263043247	NA	NA	8256098	8248320	1397824976.6524744	NA	NA	1397824976.653101	1397824976.9162738	NA	NA	1397824976.9169223
m1.small	0.5	52cc7418-9861-4f10-a6fd-7994c58dedb2	31419440	18a6fa9e-a317-4249-b987-4594a31d56e5	mImgtbl	0.190805992	NA	NA	144489745	10121	1397824977.2365708	NA	NA	1397824977.24167	1397824977.4326298	NA	NA	1397824977.4330401
m1.small	0.5	52cc7418-9861-4f10-a6fd-7994c58dedb2	31419440	cda0d4c1-55df-4b33-a9a5-cc6208e783d5	mAdd	1.995891823	NA	NA	288978107	51736320	1397824977.7532072	NA	NA	1397824977.764772	1397824979.760812	NA	NA	1397824979.761659
m1.small	0.5	52cc7418-9861-4f10-a6fd-7994c58dedb2	31419440	7cfa3f22-b1d9-48b3-a53d-9c21cd9113db	mShrink	0.648786442	NA	NA	25868160	6471360	1397824980.0307763	NA	NA	1397824980.0310323	1397824980.6799428	NA	NA	1397824980.68066
m1.small	0.5	52cc7418-9861-4f10-a6fd-7994c58dedb2	31419440	5468c0a4-0690-4aac-b5c1-565cec7c9b16	mJPEG	0.884559779	NA	NA	6471360	119281	1397824980.9479535	NA	NA	1397824980.9482124	1397824981.8328996	NA	NA	1397824981.833437
