m1.xlarge	0.5	0d9eaf44-7171-4fe2-8738-c64fd3830e3c	37588440	4cd3b8ad-ca54-401a-8853-c57e97f3e7c1	mProjectPP	1.396281846	NA	NA	2111346	8242560	1397938426.210755	NA	NA	1397938426.2111967	1397938427.6076112	NA	NA	1397938427.609074
m1.xlarge	0.5	0d9eaf44-7171-4fe2-8738-c64fd3830e3c	37588620	ab3d3cce-aa1c-496e-9bd7-81b12d0404c4	mProjectPP	1.399335598	NA	NA	2111346	8231040	1397938426.2116227	NA	NA	1397938426.211888	1397938427.611307	NA	NA	1397938427.6117637
m1.xlarge	0.5	0d9eaf44-7171-4fe2-8738-c64fd3830e3c	37588280	65a71276-f52e-4879-98cc-b05f02f9dbca	mProjectPP	1.450282164	NA	NA	2111346	8231040	1397938426.150984	NA	NA	1397938426.1643338	1397938427.6147077	NA	NA	1397938427.6149135
m1.xlarge	0.5	0d9eaf44-7171-4fe2-8738-c64fd3830e3c	37588800	bba9fb2e-a09e-4160-b149-8790c97af317	mProjectPP	1.451497943	NA	NA	2111346	8300160	1397938426.2123332	NA	NA	1397938426.2125943	1397938427.664202	NA	NA	1397938427.664629
m1.xlarge	0.5	0d9eaf44-7171-4fe2-8738-c64fd3830e3c	37588440	1303fc70-a02e-4fef-9f29-dbc62b036001	mProjectPP	1.362363438	NA	NA	2111346	8288640	1397938427.6139202	NA	NA	1397938427.614203	1397938428.976642	NA	NA	1397938428.9770591
m1.xlarge	0.5	0d9eaf44-7171-4fe2-8738-c64fd3830e3c	37588620	32c30ca6-420e-411c-961e-826c09082fcc	mProjectPP	1.334959743	NA	NA	2111346	8248320	1397938427.6397033	NA	NA	1397938427.6401067	1397938428.975204	NA	NA	1397938428.9787638
m1.xlarge	0.5	0d9eaf44-7171-4fe2-8738-c64fd3830e3c	37588280	f523d0ab-107c-4bb7-82d9-5af78d59f08f	mProjectPP	1.38774118	NA	NA	2111346	8248320	1397938427.6408696	NA	NA	1397938427.6411457	1397938429.0289981	NA	NA	1397938429.0294468
m1.xlarge	0.5	0d9eaf44-7171-4fe2-8738-c64fd3830e3c	37588800	e56a6401-0d95-4840-8e70-4077e8c0090a	mProjectPP	1.366724235	NA	NA	2111346	8248320	1397938427.6895838	NA	NA	1397938427.6901057	1397938429.0569553	NA	NA	1397938429.0573654
m1.xlarge	0.5	0d9eaf44-7171-4fe2-8738-c64fd3830e3c	37588440	2cf0ac81-e343-4190-a57e-5f0828c7d980	mProjectPP	1.334976347	NA	NA	2111346	8242560	1397938428.9821532	NA	NA	1397938428.9825711	1397938430.3176808	NA	NA	1397938430.3192015
m1.xlarge	0.5	0d9eaf44-7171-4fe2-8738-c64fd3830e3c	37588620	79d42844-2ce5-4909-a05b-5f139424512e	mProjectPP	1.376277603	NA	NA	2111346	8231040	1397938428.9829617	NA	NA	1397938428.9832234	1397938430.3597703	NA	NA	1397938430.3601875
m1.xlarge	0.5	0d9eaf44-7171-4fe2-8738-c64fd3830e3c	37588280	bc6e8e31-43d9-4fae-907f-2c0615958d81	mProjectPP	1.361110353	NA	NA	2111346	8259840	1397938429.0346763	NA	NA	1397938429.0349667	1397938430.396203	NA	NA	1397938430.3966863
m1.xlarge	0.5	0d9eaf44-7171-4fe2-8738-c64fd3830e3c	37588800	8a16c312-7af9-4601-8b82-2c7ad43232f8	mProjectPP	1.360092816	NA	NA	2111346	8248320	1397938429.0623229	NA	NA	1397938429.0627353	1397938430.422948	NA	NA	1397938430.423649
m1.xlarge	0.5	0d9eaf44-7171-4fe2-8738-c64fd3830e3c	37588440	00997a9a-80aa-42f7-bdcd-a7f2a2731697	mProjectPP	1.350055296	NA	NA	2111346	8248320	1397938430.3231733	NA	NA	1397938430.3235006	1397938431.673692	NA	NA	1397938431.6743906
m1.xlarge	0.5	0d9eaf44-7171-4fe2-8738-c64fd3830e3c	37588620	c8f32dcf-f8f6-4a1d-b524-bab166f26949	mProjectPP	1.356298013	NA	NA	2111346	8248320	1397938430.3645415	NA	NA	1397938430.3649142	1397938431.72132	NA	NA	1397938431.721732
m1.xlarge	0.5	0d9eaf44-7171-4fe2-8738-c64fd3830e3c	37588280	892050c5-0e23-4f03-9be6-60a8db58ce27	mProjectPP	1.346977469	NA	NA	2111346	8248320	1397938430.4011981	NA	NA	1397938430.4015796	1397938431.748672	NA	NA	1397938431.7490287
m1.xlarge	0.5	0d9eaf44-7171-4fe2-8738-c64fd3830e3c	37588800	9fa2f8d0-980d-424a-98e0-f1e63f9160dd	mProjectPP	1.412327758	NA	NA	2111346	8231040	1397938430.4285517	NA	NA	1397938430.4288664	1397938431.841315	NA	NA	1397938431.8418367
m1.xlarge	0.5	0d9eaf44-7171-4fe2-8738-c64fd3830e3c	37588440	8740e7aa-b79e-4916-978a-f4fb4bc30692	mProjectPP	1.348421698	NA	NA	2111346	8300160	1397938431.6790855	NA	NA	1397938431.6794724	1397938433.0280168	NA	NA	1397938433.0285668
m1.xlarge	0.5	0d9eaf44-7171-4fe2-8738-c64fd3830e3c	37588620	4dc5682e-7ac7-4779-a01e-869f42602c58	mProjectPP	1.35142441	NA	NA	2111346	8248320	1397938431.7259808	NA	NA	1397938431.7263684	1397938433.0779052	NA	NA	1397938433.078331
m1.xlarge	0.5	0d9eaf44-7171-4fe2-8738-c64fd3830e3c	37588280	60d602aa-cfe6-452d-ac1d-98d837dd2dd0	mProjectPP	1.350581594	NA	NA	2111346	8259840	1397938431.7531793	NA	NA	1397938431.7534423	1397938433.1041389	NA	NA	1397938433.1045485
m1.xlarge	0.5	0d9eaf44-7171-4fe2-8738-c64fd3830e3c	37588800	d5db264b-f0f1-46f2-9a1c-ed1cd4d7b89a	mProjectPP	1.356526358	NA	NA	2111346	8282880	1397938431.8468142	NA	NA	1397938431.8472698	1397938433.2039244	NA	NA	1397938433.204417
m1.xlarge	0.5	0d9eaf44-7171-4fe2-8738-c64fd3830e3c	37588620	0a294288-bc7c-4e41-97f0-cd84c323fbc0	mProjectPP	1.359504299	NA	NA	2111346	8259840	1397938433.0828393	NA	NA	1397938433.0832965	1397938434.4429228	NA	NA	1397938434.4434578
m1.xlarge	0.5	0d9eaf44-7171-4fe2-8738-c64fd3830e3c	37588440	0be19857-5f40-426a-8ed3-48d74b3f1876	mProjectPP	1.441467082	NA	NA	2111346	8248320	1397938433.03328	NA	NA	1397938433.0335667	1397938434.475145	NA	NA	1397938434.4756734
m1.xlarge	0.5	0d9eaf44-7171-4fe2-8738-c64fd3830e3c	37588280	f625237f-e560-4dad-8e09-ec4eaa77a256	mProjectPP	1.36733543	NA	NA	2111346	8248320	1397938433.1090667	NA	NA	1397938433.1095042	1397938434.4769268	NA	NA	1397938434.4772363
m1.xlarge	0.5	0d9eaf44-7171-4fe2-8738-c64fd3830e3c	37588800	da6b2443-6ba6-4046-9d72-13b3e60d8f8a	mProjectPP	1.351247508	NA	NA	2111346	8259840	1397938433.2104135	NA	NA	1397938433.2107024	1397938434.5621896	NA	NA	1397938434.5626352
m1.xlarge	0.5	0d9eaf44-7171-4fe2-8738-c64fd3830e3c	37588620	fddf5048-39a8-4cc9-912b-285bd5c1c7ef	mProjectPP	1.337427574	NA	NA	2111346	8288640	1397938434.4482043	NA	NA	1397938434.4484677	1397938435.7860117	NA	NA	1397938435.7864327
m1.xlarge	0.5	0d9eaf44-7171-4fe2-8738-c64fd3830e3c	37588440	750f808d-6610-4f06-85b0-31f6604eaec7	mProjectPP	1.334628837	NA	NA	2111346	8305920	1397938434.479772	NA	NA	1397938434.4800465	1397938435.81478	NA	NA	1397938435.8151827
m1.xlarge	0.5	0d9eaf44-7171-4fe2-8738-c64fd3830e3c	37588280	d9579ba0-aefe-4de2-8d84-6373825e7961	mProjectPP	1.360536569	NA	NA	2111346	8248320	1397938434.5014846	NA	NA	1397938434.5019817	1397938435.862657	NA	NA	1397938435.8633108
m1.xlarge	0.5	0d9eaf44-7171-4fe2-8738-c64fd3830e3c	37588800	c24a940f-ebd9-41f4-9940-4fcd8a3c7478	mProjectPP	1.348481118	NA	NA	2111346	8248320	1397938434.5671313	NA	NA	1397938434.567487	1397938435.916324	NA	NA	1397938435.9167724
m1.xlarge	0.5	0d9eaf44-7171-4fe2-8738-c64fd3830e3c	37588620	53af6b51-3496-46b4-9056-3af8efa6bfa4	mProjectPP	1.334572339	NA	NA	2111346	8259840	1397938435.7909272	NA	NA	1397938435.7913218	1397938437.126011	NA	NA	1397938437.1264188
m1.xlarge	0.5	0d9eaf44-7171-4fe2-8738-c64fd3830e3c	37588280	73d6cab0-a79e-432a-a859-7e10017a7bec	mProjectPP	1.325792676	NA	NA	2111346	8231040	1397938435.8681173	NA	NA	1397938435.8684592	1397938437.1943927	NA	NA	1397938437.1948495
m1.xlarge	0.5	0d9eaf44-7171-4fe2-8738-c64fd3830e3c	37588800	679a47ba-1623-448b-9ff0-cf7f08e2054b	mProjectPP	1.317608407	NA	NA	2111346	8242560	1397938435.9218078	NA	NA	1397938435.9222333	1397938437.2399523	NA	NA	1397938437.2403643
m1.xlarge	0.5	0d9eaf44-7171-4fe2-8738-c64fd3830e3c	37588440	1be63d41-1c62-4ee2-9dea-7802e4fd9000	mProjectPP	1.475192615	NA	NA	2111346	8242560	1397938435.8191729	NA	NA	1397938435.8194597	1397938437.2947605	NA	NA	1397938437.295168
m1.xlarge	0.5	0d9eaf44-7171-4fe2-8738-c64fd3830e3c	37588440	a8ef1e59-a11d-40e1-bdd4-8216f7b5f18a	mDiffFit	0.261982188	NA	NA	16473906	147146	1397938437.299692	NA	NA	1397938437.3005874	1397938437.5626733	NA	NA	1397938437.5637326
m1.xlarge	0.5	0d9eaf44-7171-4fe2-8738-c64fd3830e3c	37588440	291f9177-77e3-44bc-aafd-fb2adf40cf49	mDiffFit	0.200040835	NA	NA	16531506	472594	1397938437.5676928	NA	NA	1397938437.5685546	1397938437.7686918	NA	NA	1397938437.7690904
m1.xlarge	0.5	0d9eaf44-7171-4fe2-8738-c64fd3830e3c	37588440	18d2950f-a9a9-41a6-829b-15450370fdc6	mDiffFit	0.146717483	NA	NA	16589106	222032	1397938437.7737203	NA	NA	1397938437.7745306	1397938437.9213505	NA	NA	1397938437.9218311
m1.xlarge	0.5	0d9eaf44-7171-4fe2-8738-c64fd3830e3c	37588440	39f859bd-6db7-4425-8e68-c36246ff7c16	mDiffFit	0.147945025	NA	NA	16479666	222029	1397938437.926075	NA	NA	1397938437.9269986	1397938438.0750513	NA	NA	1397938438.0756202
m1.xlarge	0.5	0d9eaf44-7171-4fe2-8738-c64fd3830e3c	37588440	18289ad7-b341-4ed0-a9eb-b8de7f117224	mDiffFit	0.138290059	NA	NA	16491186	144271	1397938438.0802176	NA	NA	1397938438.0810404	1397938438.2195938	NA	NA	1397938438.2206664
m1.xlarge	0.5	0d9eaf44-7171-4fe2-8738-c64fd3830e3c	37588440	e1481027-f0f1-47fb-8348-b5008a22b591	mDiffFit	0.156053509	NA	NA	16548786	250828	1397938438.2244976	NA	NA	1397938438.225328	1397938438.381614	NA	NA	1397938438.382593
m1.xlarge	0.5	0d9eaf44-7171-4fe2-8738-c64fd3830e3c	37588620	555d9ca3-2607-4b38-a113-eca9ed99d464	mProjectPP	1.343058378	NA	NA	2111346	8242560	1397938437.1314893	NA	NA	1397938437.1318967	1397938438.475096	NA	NA	1397938438.4756608
m1.xlarge	0.5	0d9eaf44-7171-4fe2-8738-c64fd3830e3c	37588280	760f23b8-9fb4-4d39-85e2-1cda7358743b	mProjectPP	1.344020673	NA	NA	2111346	8305920	1397938437.19911	NA	NA	1397938437.1994808	1397938438.5436387	NA	NA	1397938438.544048
m1.xlarge	0.5	0d9eaf44-7171-4fe2-8738-c64fd3830e3c	37588440	bca4989b-f82a-435e-8128-384234a7eca0	mDiffFit	0.20904609	NA	NA	16537266	472590	1397938438.386385	NA	NA	1397938438.3873835	1397938438.5965521	NA	NA	1397938438.596997
m1.xlarge	0.5	0d9eaf44-7171-4fe2-8738-c64fd3830e3c	37588800	19085681-e5d8-4c97-aa77-89d127a681e1	mProjectPP	1.354233014	NA	NA	2111346	8248320	1397938437.2449937	NA	NA	1397938437.2453234	1397938438.5996406	NA	NA	1397938438.600465
m1.xlarge	0.5	0d9eaf44-7171-4fe2-8738-c64fd3830e3c	37588620	8459cc65-b7c4-42b9-90c5-22daea2ec210	mDiffFit	0.170365493	NA	NA	16479666	147143	1397938438.480155	NA	NA	1397938438.481183	1397938438.6516662	NA	NA	1397938438.6520736
m1.xlarge	0.5	0d9eaf44-7171-4fe2-8738-c64fd3830e3c	37588280	b37a59f6-ad1d-49e2-a06b-513f3b6817da	mDiffFit	0.15336998	NA	NA	16491186	219152	1397938438.5485172	NA	NA	1397938438.5495422	1397938438.7030394	NA	NA	1397938438.704679
m1.xlarge	0.5	0d9eaf44-7171-4fe2-8738-c64fd3830e3c	37588620	6c8a2ec4-3665-49e2-93d4-e8911824d842	mDiffFit	0.139509952	NA	NA	16479666	155786	1397938438.6568625	NA	NA	1397938438.6581328	1397938438.7978122	NA	NA	1397938438.7982962
m1.xlarge	0.5	0d9eaf44-7171-4fe2-8738-c64fd3830e3c	37588440	68bf06ef-bada-4d78-99a4-eff9819c55cc	mDiffFit	0.224259708	NA	NA	16479666	466822	1397938438.6021812	NA	NA	1397938438.6030676	1397938438.8274534	NA	NA	1397938438.827979
m1.xlarge	0.5	0d9eaf44-7171-4fe2-8738-c64fd3830e3c	37588800	c114b70d-7edb-41e2-abf3-02c56dbfa433	mDiffFit	0.201405714	NA	NA	16496946	481232	1397938438.6280756	NA	NA	1397938438.6291537	1397938438.8306537	NA	NA	1397938438.8310108
m1.xlarge	0.5	0d9eaf44-7171-4fe2-8738-c64fd3830e3c	37588280	9991d27b-2737-4770-9d87-abc58e27f189	mDiffFit	0.201598281	NA	NA	16485426	472591	1397938438.708541	NA	NA	1397938438.7095084	1397938438.911313	NA	NA	1397938438.9117458
m1.xlarge	0.5	0d9eaf44-7171-4fe2-8738-c64fd3830e3c	37588620	781242b8-44de-406c-beaf-56b37dfdf5bb	mDiffFit	0.156446297	NA	NA	16473906	222033	1397938438.8028767	NA	NA	1397938438.803727	1397938438.9603176	NA	NA	1397938438.962231
m1.xlarge	0.5	0d9eaf44-7171-4fe2-8738-c64fd3830e3c	37588440	6ce3af37-437b-44d6-9757-190abc87235c	mDiffFit	0.213787486	NA	NA	16491186	492747	1397938438.8329575	NA	NA	1397938438.833958	1397938439.0478752	NA	NA	1397938439.0484097
m1.xlarge	0.5	0d9eaf44-7171-4fe2-8738-c64fd3830e3c	37588800	4c7c1807-7ffb-4d40-bbb1-cc1569783d54	mDiffFit	0.221028065	NA	NA	16473906	469714	1397938438.856842	NA	NA	1397938438.8581028	1397938439.0792603	NA	NA	1397938439.0798244
m1.xlarge	0.5	0d9eaf44-7171-4fe2-8738-c64fd3830e3c	37588280	882c4fc5-def4-421f-a9b1-6e849b937bdc	mDiffFit	0.161907685	NA	NA	16519986	247952	1397938438.9171436	NA	NA	1397938438.9179695	1397938439.0799432	NA	NA	1397938439.080217
m1.xlarge	0.5	0d9eaf44-7171-4fe2-8738-c64fd3830e3c	37588620	c9703160-f736-4ccc-84b4-bee69fddfa6c	mDiffFit	0.165560059	NA	NA	16479666	224915	1397938438.9663403	NA	NA	1397938438.9672003	1397938439.132913	NA	NA	1397938439.1339567
m1.xlarge	0.5	0d9eaf44-7171-4fe2-8738-c64fd3830e3c	37588280	00a5f79a-d8f6-4f77-9dd7-dd46fb078288	mDiffFit	0.15624752	NA	NA	16496946	144262	1397938439.087601	NA	NA	1397938439.0884242	1397938439.2447968	NA	NA	1397938439.2453027
m1.xlarge	0.5	0d9eaf44-7171-4fe2-8738-c64fd3830e3c	37588800	c1081551-7184-4203-839c-f5ab54c4b7ba	mDiffFit	0.161480261	NA	NA	16479666	224912	1397938439.086238	NA	NA	1397938439.0872364	1397938439.248814	NA	NA	1397938439.2508776
m1.xlarge	0.5	0d9eaf44-7171-4fe2-8738-c64fd3830e3c	37588440	583b3f39-b0c5-465e-8551-6a700e5ff59a	mDiffFit	0.245041219	NA	NA	16508466	478346	1397938439.0541787	NA	NA	1397938439.0550983	1397938439.3002567	NA	NA	1397938439.3007765
m1.xlarge	0.5	0d9eaf44-7171-4fe2-8738-c64fd3830e3c	37588620	c246352a-c107-4e4f-87e7-17366d8ef83f	mDiffFit	0.209752572	NA	NA	16496946	492743	1397938439.1388965	NA	NA	1397938439.1400752	1397938439.3500738	NA	NA	1397938439.3505433
m1.xlarge	0.5	0d9eaf44-7171-4fe2-8738-c64fd3830e3c	37588280	8c7d769d-6d30-4e09-9e0f-092bd896df3f	mDiffFit	0.151364247	NA	NA	16496946	222027	1397938439.2774818	NA	NA	1397938439.2786362	1397938439.4301553	NA	NA	1397938439.430666
m1.xlarge	0.5	0d9eaf44-7171-4fe2-8738-c64fd3830e3c	37588440	a4b4aa79-c5e0-420e-a440-606e823582ba	mDiffFit	0.153203576	NA	NA	16496946	155777	1397938439.306852	NA	NA	1397938439.308036	1397938439.461441	NA	NA	1397938439.4619904
m1.xlarge	0.5	0d9eaf44-7171-4fe2-8738-c64fd3830e3c	37588800	68f241f6-d0cf-4590-9764-9e6d2dae0e0e	mDiffFit	0.238886488	NA	NA	16479666	492746	1397938439.2509494	NA	NA	1397938439.25188	1397938439.4909	NA	NA	1397938439.4916406
m1.xlarge	0.5	0d9eaf44-7171-4fe2-8738-c64fd3830e3c	37588620	b7183b26-b515-4e54-b5c0-bc04b94b6be5	mDiffFit	0.163992448	NA	NA	16496946	224900	1397938439.355101	NA	NA	1397938439.3562033	1397938439.5205648	NA	NA	1397938439.52107
m1.xlarge	0.5	0d9eaf44-7171-4fe2-8738-c64fd3830e3c	37588280	d4350b93-37b7-4103-8c4f-d759a4488d0f	mDiffFit	0.133702282	NA	NA	16496946	150020	1397938439.4361343	NA	NA	1397938439.437333	1397938439.5711489	NA	NA	1397938439.5716224
m1.xlarge	0.5	0d9eaf44-7171-4fe2-8738-c64fd3830e3c	37588440	5eca6903-02aa-4fb5-9ad9-6639bc2857b6	mDiffFit	0.149260933	NA	NA	16508466	219152	1397938439.466904	NA	NA	1397938439.4680576	1397938439.6174366	NA	NA	1397938439.6179614
m1.xlarge	0.5	0d9eaf44-7171-4fe2-8738-c64fd3830e3c	37588800	225ed319-d5ac-45f7-a5ee-4e47fbfe0a2b	mDiffFit	0.208190292	NA	NA	16496946	486982	1397938439.4968724	NA	NA	1397938439.4981043	1397938439.706439	NA	NA	1397938439.706889
m1.xlarge	0.5	0d9eaf44-7171-4fe2-8738-c64fd3830e3c	37588280	32c0dc16-b94e-465c-95ad-0d970eb32c25	mDiffFit	0.158160049	NA	NA	16479666	152900	1397938439.5765154	NA	NA	1397938439.5776222	1397938439.7359238	NA	NA	1397938439.7364242
m1.xlarge	0.5	0d9eaf44-7171-4fe2-8738-c64fd3830e3c	37588620	b9d9ddc9-f316-420c-87d7-fa2ed36f09ac	mDiffFit	0.211352199	NA	NA	16479666	486982	1397938439.527671	NA	NA	1397938439.528768	1397938439.7402027	NA	NA	1397938439.7406166
m1.xlarge	0.5	0d9eaf44-7171-4fe2-8738-c64fd3830e3c	37588440	d8a30b73-6b9e-4445-9345-6e97f703080d	mDiffFit	0.170421633	NA	NA	16479666	224906	1397938439.6230311	NA	NA	1397938439.6242595	1397938439.7948039	NA	NA	1397938439.7953758
m1.xlarge	0.5	0d9eaf44-7171-4fe2-8738-c64fd3830e3c	37588800	c70b40f6-63b2-40fe-8f1c-99826bd9e73d	mDiffFit	0.15809401	NA	NA	16531506	253710	1397938439.7119775	NA	NA	1397938439.7129638	1397938439.8712041	NA	NA	1397938439.871798
m1.xlarge	0.5	0d9eaf44-7171-4fe2-8738-c64fd3830e3c	37588280	bc77a1aa-e240-4413-a33e-e1349ed984d5	mDiffFit	0.162487253	NA	NA	16600626	224919	1397938439.7436516	NA	NA	1397938439.7448623	1397938439.9074764	NA	NA	1397938439.9079826
m1.xlarge	0.5	0d9eaf44-7171-4fe2-8738-c64fd3830e3c	37588440	9eb5c03d-eabe-4f9a-9a06-a8d212484bc1	mDiffFit	0.16348145	NA	NA	16496946	219145	1397938439.8010316	NA	NA	1397938439.8026817	1397938439.9663296	NA	NA	1397938439.9668527
m1.xlarge	0.5	0d9eaf44-7171-4fe2-8738-c64fd3830e3c	37588620	71cf7939-a52b-4f30-afd0-f8b3c09799d5	mDiffFit	0.233293404	NA	NA	16479666	489873	1397938439.7699075	NA	NA	1397938439.7711458	1397938440.0045214	NA	NA	1397938440.0048137
m1.xlarge	0.5	0d9eaf44-7171-4fe2-8738-c64fd3830e3c	37588800	f86d7839-bbcb-42bb-8fbb-87d15c749822	mDiffFit	0.205765513	NA	NA	16496946	458186	1397938439.8773243	NA	NA	1397938439.8787456	1397938440.0846446	NA	NA	1397938440.0851338
m1.xlarge	0.5	0d9eaf44-7171-4fe2-8738-c64fd3830e3c	37588280	8e4fbb81-9c3d-47be-be25-79277e5e8497	mDiffFit	0.207674141	NA	NA	16508466	507144	1397938439.9130967	NA	NA	1397938439.9147744	1397938440.122622	NA	NA	1397938440.1230016
m1.xlarge	0.5	0d9eaf44-7171-4fe2-8738-c64fd3830e3c	37588440	c7015341-81b2-4e8b-8c91-7a759514c6d6	mDiffFit	0.143657224	NA	NA	16491186	155781	1397938440.0092595	NA	NA	1397938440.0101278	1397938440.1539032	NA	NA	1397938440.1546285
m1.xlarge	0.5	0d9eaf44-7171-4fe2-8738-c64fd3830e3c	37588800	b6af94dc-f85c-4b35-8447-c3e1949077d1	mDiffFit	0.153537722	NA	NA	16508466	222030	1397938440.0907652	NA	NA	1397938440.0917926	1397938440.245451	NA	NA	1397938440.2471704
m1.xlarge	0.5	0d9eaf44-7171-4fe2-8738-c64fd3830e3c	37588620	f3488389-9aa7-4688-8309-77759e94d161	mDiffFit	0.2427011	NA	NA	16508466	472588	1397938440.010526	NA	NA	1397938440.0113142	1397938440.2540874	NA	NA	1397938440.2543283
m1.xlarge	0.5	0d9eaf44-7171-4fe2-8738-c64fd3830e3c	37588280	f26693ee-c6d8-4890-809b-0463ccbfdee9	mDiffFit	0.152382451	NA	NA	16508466	224899	1397938440.1275477	NA	NA	1397938440.1283567	1397938440.2808375	NA	NA	1397938440.2811499
m1.xlarge	0.5	0d9eaf44-7171-4fe2-8738-c64fd3830e3c	37588440	b30407a8-230a-4947-8751-80bf2eeba345	mDiffFit	0.214045672	NA	NA	16479666	492744	1397938440.1599977	NA	NA	1397938440.160926	1397938440.3750994	NA	NA	1397938440.3754976
m1.xlarge	0.5	0d9eaf44-7171-4fe2-8738-c64fd3830e3c	37588800	1f3c8830-4f48-4cca-94f1-047d3bf9a3fe	mDiffFit	0.153684758	NA	NA	16519986	222027	1397938440.25161	NA	NA	1397938440.2525883	1397938440.4063988	NA	NA	1397938440.4068244
m1.xlarge	0.5	0d9eaf44-7171-4fe2-8738-c64fd3830e3c	37588620	8c1d640d-bc36-41a1-a2da-171c1b722847	mDiffFit	0.13858132	NA	NA	16508466	155784	1397938440.3123016	NA	NA	1397938440.3134365	1397938440.4521515	NA	NA	1397938440.452642
m1.xlarge	0.5	0d9eaf44-7171-4fe2-8738-c64fd3830e3c	37588280	2487c55d-1582-468e-aa5a-253e9aaa2a42	mDiffFit	0.223127592	NA	NA	16519986	504264	1397938440.2812107	NA	NA	1397938440.2822173	1397938440.5056438	NA	NA	1397938440.5071576
m1.xlarge	0.5	0d9eaf44-7171-4fe2-8738-c64fd3830e3c	37588800	2688f773-cc6e-4352-8500-f0052918c2b3	mDiffFit	0.14959319	NA	NA	16508466	144264	1397938440.4117198	NA	NA	1397938440.4127095	1397938440.562423	NA	NA	1397938440.5628653
m1.xlarge	0.5	0d9eaf44-7171-4fe2-8738-c64fd3830e3c	37588440	1650d3a2-f4ad-4500-b9c9-a8668c57c3dd	mDiffFit	0.212369266	NA	NA	16519986	472590	1397938440.3803139	NA	NA	1397938440.381318	1397938440.5938144	NA	NA	1397938440.5942013
m1.xlarge	0.5	0d9eaf44-7171-4fe2-8738-c64fd3830e3c	37588620	a8402a93-4fd0-4899-be39-26f1aec1eb52	mDiffFit	0.1755038	NA	NA	16548786	311308	1397938440.4586406	NA	NA	1397938440.4597688	1397938440.6354046	NA	NA	1397938440.6370428
m1.xlarge	0.5	0d9eaf44-7171-4fe2-8738-c64fd3830e3c	37588280	92672af4-6488-4402-98ac-99bb606aa372	mDiffFit	0.168288414	NA	NA	16537266	288266	1397938440.5114732	NA	NA	1397938440.5124574	1397938440.6808667	NA	NA	1397938440.6815388
m1.xlarge	0.5	0d9eaf44-7171-4fe2-8738-c64fd3830e3c	37588800	5c7ad73c-a555-49b2-9bf6-1bb5034850c9	mDiffFit	0.170930239	NA	NA	16594866	222030	1397938440.5681648	NA	NA	1397938440.5690777	1397938440.7401273	NA	NA	1397938440.7405286
m1.xlarge	0.5	0d9eaf44-7171-4fe2-8738-c64fd3830e3c	37588440	3e18cdd2-470b-4404-9286-801d91e874ac	mDiffFit	0.171711078	NA	NA	16589106	224912	1397938440.5996163	NA	NA	1397938440.600626	1397938440.7724519	NA	NA	1397938440.7728167
m1.xlarge	0.5	0d9eaf44-7171-4fe2-8738-c64fd3830e3c	37588620	41e0ea67-a947-4e69-8088-cf58aa347d90	mDiffFit	0.179113066	NA	NA	16554546	311303	1397938440.6422124	NA	NA	1397938440.6431522	1397938440.8223839	NA	NA	1397938440.8227599
m1.xlarge	0.5	0d9eaf44-7171-4fe2-8738-c64fd3830e3c	37588280	b8bf8336-d45a-468e-9a29-3c40e5060a42	mDiffFit	0.165442643	NA	NA	16508466	147143	1397938440.6871424	NA	NA	1397938440.6881382	1397938440.8536823	NA	NA	1397938440.854171
m1.xlarge	0.5	0d9eaf44-7171-4fe2-8738-c64fd3830e3c	37588800	319cc5c8-a3da-4b5c-a3f1-986c0b96491a	mDiffFit	0.202721684	NA	NA	16496946	472587	1397938440.746167	NA	NA	1397938440.74718	1397938440.9500303	NA	NA	1397938440.950691
m1.xlarge	0.5	0d9eaf44-7171-4fe2-8738-c64fd3830e3c	37588440	f8fe42ae-0073-455a-8c78-53e5153acc20	mDiffFit	0.174059334	NA	NA	16554546	279628	1397938440.7774472	NA	NA	1397938440.7782936	1397938440.9524527	NA	NA	1397938440.952779
m1.xlarge	0.5	0d9eaf44-7171-4fe2-8738-c64fd3830e3c	37588620	5a567397-4365-48b7-a05c-653e09eece83	mDiffFit	0.180673115	NA	NA	16531506	305549	1397938440.828085	NA	NA	1397938440.8289595	1397938441.0097911	NA	NA	1397938441.0102024
m1.xlarge	0.5	0d9eaf44-7171-4fe2-8738-c64fd3830e3c	37588280	1d56398f-1329-4a73-b375-d67ecb08fce6	mDiffFit	0.181793839	NA	NA	16496946	224908	1397938440.8588514	NA	NA	1397938440.8596034	1397938441.0415058	NA	NA	1397938441.0421002
m1.xlarge	0.5	0d9eaf44-7171-4fe2-8738-c64fd3830e3c	37588800	a1b413f6-05ed-43ae-91c4-9e5f65f7cd28	mDiffFit	0.153892726	NA	NA	16496946	224911	1397938440.9560025	NA	NA	1397938440.9567235	1397938441.110746	NA	NA	1397938441.112737
m1.xlarge	0.5	0d9eaf44-7171-4fe2-8738-c64fd3830e3c	37588440	d3e8dae1-b0af-49ff-8a41-a7fc5f64b9f8	mDiffFit	0.163957865	NA	NA	16496946	155785	1397938440.9808667	NA	NA	1397938440.983376	1397938441.1474922	NA	NA	1397938441.1480534
m1.xlarge	0.5	0d9eaf44-7171-4fe2-8738-c64fd3830e3c	37588620	03be08e6-2ae7-452c-b2f0-3df49fd74784	mDiffFit	0.160776996	NA	NA	16496946	144269	1397938441.0152001	NA	NA	1397938441.0159237	1397938441.176806	NA	NA	1397938441.177206
m1.xlarge	0.5	0d9eaf44-7171-4fe2-8738-c64fd3830e3c	37588280	712da683-e7cc-46d2-bb29-8e3bcd7bb601	mDiffFit	0.20878686	NA	NA	16508466	492748	1397938441.0468102	NA	NA	1397938441.0476992	1397938441.2565992	NA	NA	1397938441.2571926
m1.xlarge	0.5	0d9eaf44-7171-4fe2-8738-c64fd3830e3c	37588800	b3626ede-c953-44b5-a34b-d3cfcffa596d	mDiffFit	0.168140605	NA	NA	16508466	222029	1397938441.1190062	NA	NA	1397938441.1197863	1397938441.2880313	NA	NA	1397938441.2883658
m1.xlarge	0.5	0d9eaf44-7171-4fe2-8738-c64fd3830e3c	37588620	daac51fa-042c-41b0-a146-af1316c90b85	mDiffFit	0.16276056	NA	NA	16479666	224914	1397938441.183569	NA	NA	1397938441.1844835	1397938441.3473828	NA	NA	1397938441.3480206
m1.xlarge	0.5	0d9eaf44-7171-4fe2-8738-c64fd3830e3c	37588440	7ef87f9c-1343-4e17-bd49-c80faf884760	mDiffFit	0.223822432	NA	NA	16479666	452429	1397938441.1530278	NA	NA	1397938441.153881	1397938441.377827	NA	NA	1397938441.3784845
m1.xlarge	0.5	0d9eaf44-7171-4fe2-8738-c64fd3830e3c	37588800	57654db5-0593-4481-8f30-97eee4c9c3ed	mDiffFit	0.146948708	NA	NA	16473906	222038	1397938441.2930691	NA	NA	1397938441.2941031	1397938441.4411774	NA	NA	1397938441.4415538
m1.xlarge	0.5	0d9eaf44-7171-4fe2-8738-c64fd3830e3c	37588280	e8295182-29ad-46d4-9623-c780471c8737	mDiffFit	0.212218731	NA	NA	16473906	495636	1397938441.2623672	NA	NA	1397938441.2634056	1397938441.4757261	NA	NA	1397938441.4760563
m1.xlarge	0.5	0d9eaf44-7171-4fe2-8738-c64fd3830e3c	37588440	487ab29e-39ac-47cf-a0a6-8c390da82d05	mDiffFit	0.141211983	NA	NA	16491186	150034	1397938441.3835196	NA	NA	1397938441.3845496	1397938441.5259118	NA	NA	1397938441.526695
m1.xlarge	0.5	0d9eaf44-7171-4fe2-8738-c64fd3830e3c	37588620	20a58e46-864c-4fef-b862-d9828e680498	mDiffFit	0.208852507	NA	NA	16543026	472593	1397938441.353039	NA	NA	1397938441.3538914	1397938441.5628574	NA	NA	1397938441.5633957
m1.xlarge	0.5	0d9eaf44-7171-4fe2-8738-c64fd3830e3c	37588800	bdacb7f3-d59d-4621-9f6e-a0f6bdfb206e	mDiffFit	0.151242127	NA	NA	16491186	155782	1397938441.4462354	NA	NA	1397938441.44724	1397938441.598594	NA	NA	1397938441.5989668
m1.xlarge	0.5	0d9eaf44-7171-4fe2-8738-c64fd3830e3c	37588440	b220b8a4-00d4-45e0-9514-06977fd5f47e	mDiffFit	0.148940743	NA	NA	16491186	152907	1397938441.5337105	NA	NA	1397938441.5348277	1397938441.6838937	NA	NA	1397938441.6844242
m1.xlarge	0.5	0d9eaf44-7171-4fe2-8738-c64fd3830e3c	37588280	4e8c7216-7d31-4663-b6fa-9beb2dad22ab	mDiffFit	0.230751658	NA	NA	16502706	486991	1397938441.4812212	NA	NA	1397938441.4819503	1397938441.7128208	NA	NA	1397938441.7132483
m1.xlarge	0.5	0d9eaf44-7171-4fe2-8738-c64fd3830e3c	37588800	c0000052-8810-4d0b-ba91-93a529a08361	mDiffFit	0.13909806	NA	NA	16491186	147146	1397938441.6042469	NA	NA	1397938441.6049552	1397938441.7441561	NA	NA	1397938441.7446067
m1.xlarge	0.5	0d9eaf44-7171-4fe2-8738-c64fd3830e3c	37588620	70e3ab75-b9a0-4b81-b4d3-d8261e7acbad	mDiffFit	0.176253448	NA	NA	16473906	224910	1397938441.5686975	NA	NA	1397938441.57014	1397938441.746493	NA	NA	1397938441.7469735
m1.xlarge	0.5	0d9eaf44-7171-4fe2-8738-c64fd3830e3c	37588440	63da793c-64c9-48b3-9f5a-0193892cb969	mDiffFit	0.161770304	NA	NA	16491186	224911	1397938441.6889544	NA	NA	1397938441.6898487	1397938441.851749	NA	NA	1397938441.8534346
m1.xlarge	0.5	0d9eaf44-7171-4fe2-8738-c64fd3830e3c	37588280	c7812011-88ea-4fa6-980f-b9e85a011892	mDiffFit	0.16496488	NA	NA	16525746	285387	1397938441.71916	NA	NA	1397938441.7199433	1397938441.8850312	NA	NA	1397938441.8854437
m1.xlarge	0.5	0d9eaf44-7171-4fe2-8738-c64fd3830e3c	37588800	171b609a-3614-4b1d-b2f5-d734d74f21c5	mDiffFit	0.176538374	NA	NA	16548786	305554	1397938441.7494705	NA	NA	1397938441.750588	1397938441.9272556	NA	NA	1397938441.9277635
m1.xlarge	0.5	0d9eaf44-7171-4fe2-8738-c64fd3830e3c	37588620	3c775884-aaf2-43f2-904d-f41936bac820	mDiffFit	0.182669112	NA	NA	16589106	224919	1397938441.7750854	NA	NA	1397938441.776583	1397938441.9593658	NA	NA	1397938441.9598696
m1.xlarge	0.5	0d9eaf44-7171-4fe2-8738-c64fd3830e3c	37588440	a9af7db4-5ef6-4448-8d46-f937204c7fef	mDiffFit	0.151773314	NA	NA	16496946	224913	1397938441.8576407	NA	NA	1397938441.8586657	1397938442.010544	NA	NA	1397938442.011074
m1.xlarge	0.5	0d9eaf44-7171-4fe2-8738-c64fd3830e3c	37588280	419c898a-bfe7-49f8-a590-bc591fc67209	mDiffFit	0.202498537	NA	NA	16491186	498511	1397938441.8906097	NA	NA	1397938441.8914378	1397938442.0940251	NA	NA	1397938442.094435
m1.xlarge	0.5	0d9eaf44-7171-4fe2-8738-c64fd3830e3c	37588800	b7003e7b-62ad-4d38-90f2-6011bff32578	mDiffFit	0.194696171	NA	NA	16491186	472588	1397938441.9332623	NA	NA	1397938441.9341607	1397938442.128927	NA	NA	1397938442.1292846
m1.xlarge	0.5	0d9eaf44-7171-4fe2-8738-c64fd3830e3c	37588620	f159f8c5-48eb-4afe-923a-77d19fa03da5	mConcatFit	2.119944131	NA	NA	25122	17057	1397938442.415141	NA	NA	1397938442.4253504	1397938444.5454285	NA	NA	1397938444.5474393
m1.xlarge	0.5	0d9eaf44-7171-4fe2-8738-c64fd3830e3c	37588440	d5903488-2cef-4d14-91a2-3d6f8cbd755c	mBgModel	11.69976496	NA	NA	22962	1873	1397938444.8159766	NA	NA	1397938444.8169184	1397938456.516811	NA	NA	1397938456.5186255
m1.xlarge	0.5	0d9eaf44-7171-4fe2-8738-c64fd3830e3c	37588280	66050ea6-0366-4726-a669-36105744a7a2	mBackground	0.197828704	NA	NA	8238818	8231040	1397938456.925938	NA	NA	1397938456.927162	1397938457.1251564	NA	NA	1397938457.1259367
m1.xlarge	0.5	0d9eaf44-7171-4fe2-8738-c64fd3830e3c	37588800	b9703b1a-dd2d-4495-874f-664a8101d1fd	mBackground	0.133588238	NA	NA	8250338	8242560	1397938456.9977756	NA	NA	1397938456.998654	1397938457.1323447	NA	NA	1397938457.132599
m1.xlarge	0.5	0d9eaf44-7171-4fe2-8738-c64fd3830e3c	37588620	abd84eda-b81c-48c4-bd54-867f8668c2f9	mBackground	0.16220664	NA	NA	8238818	8231040	1397938456.9991562	NA	NA	1397938456.9997387	1397938457.1620233	NA	NA	1397938457.1623402
m1.xlarge	0.5	0d9eaf44-7171-4fe2-8738-c64fd3830e3c	37588440	d46cb7cf-760d-4124-aed6-07bd9e80881a	mBackground	0.187016357	NA	NA	8307938	8300160	1397938457.0001307	NA	NA	1397938457.0007517	1397938457.1878805	NA	NA	1397938457.1883025
m1.xlarge	0.5	0d9eaf44-7171-4fe2-8738-c64fd3830e3c	37588280	f2df73a9-d9b9-4e99-be76-1d5e9cebe0c8	mBackground	0.127664964	NA	NA	8296418	8288640	1397938457.1310701	NA	NA	1397938457.1316109	1397938457.2594051	NA	NA	1397938457.2598393
m1.xlarge	0.5	0d9eaf44-7171-4fe2-8738-c64fd3830e3c	37588800	9a972f73-e859-46e0-922d-6c4732cdafbf	mBackground	0.132216434	NA	NA	8256098	8248320	1397938457.159684	NA	NA	1397938457.1605148	1397938457.2928545	NA	NA	1397938457.293444
m1.xlarge	0.5	0d9eaf44-7171-4fe2-8738-c64fd3830e3c	37588620	108ad150-4099-4cf7-b9ce-da7420099786	mBackground	0.132521625	NA	NA	8256098	8248320	1397938457.190662	NA	NA	1397938457.1913404	1397938457.3239763	NA	NA	1397938457.32444
m1.xlarge	0.5	0d9eaf44-7171-4fe2-8738-c64fd3830e3c	37588440	813e4707-2900-4795-b802-d744e582a1c7	mBackground	0.138874204	NA	NA	8256098	8248320	1397938457.216459	NA	NA	1397938457.217465	1397938457.3564713	NA	NA	1397938457.3569777
m1.xlarge	0.5	0d9eaf44-7171-4fe2-8738-c64fd3830e3c	37588280	17bb9e38-f60f-4121-af62-cbd1e9e6655d	mBackground	0.127449857	NA	NA	8250338	8242560	1397938457.26437	NA	NA	1397938457.2648113	1397938457.3923912	NA	NA	1397938457.3930347
m1.xlarge	0.5	0d9eaf44-7171-4fe2-8738-c64fd3830e3c	37588800	d911a386-b256-4442-8a6c-f2642e1483a4	mBackground	0.13040545	NA	NA	8238818	8231040	1397938457.2985907	NA	NA	1397938457.2990344	1397938457.4295478	NA	NA	1397938457.4300036
m1.xlarge	0.5	0d9eaf44-7171-4fe2-8738-c64fd3830e3c	37588620	0fe46664-28e3-4df5-92fb-6d06e3b35b72	mBackground	0.136382708	NA	NA	8267618	8259840	1397938457.3294184	NA	NA	1397938457.3299754	1397938457.4664707	NA	NA	1397938457.4671192
m1.xlarge	0.5	0d9eaf44-7171-4fe2-8738-c64fd3830e3c	37588440	949a2500-712d-4af4-9dd5-ceed7ae58147	mBackground	0.134660478	NA	NA	8256098	8248320	1397938457.3623595	NA	NA	1397938457.3629792	1397938457.4977784	NA	NA	1397938457.4985876
m1.xlarge	0.5	0d9eaf44-7171-4fe2-8738-c64fd3830e3c	37588280	8c18b633-6636-404f-8573-56c82a40996c	mBackground	0.131426163	NA	NA	8256098	8248320	1397938457.3983598	NA	NA	1397938457.398994	1397938457.530542	NA	NA	1397938457.5312262
m1.xlarge	0.5	0d9eaf44-7171-4fe2-8738-c64fd3830e3c	37588800	5f8d5706-7586-4998-96fb-62172dbf2d39	mBackground	0.133010442	NA	NA	8256098	8248320	1397938457.434461	NA	NA	1397938457.4349685	1397938457.5681007	NA	NA	1397938457.5686202
m1.xlarge	0.5	0d9eaf44-7171-4fe2-8738-c64fd3830e3c	37588620	bbe3bea2-97e5-4827-828d-650c441fb280	mBackground	0.130520393	NA	NA	8256098	8248320	1397938457.4715784	NA	NA	1397938457.4723485	1397938457.603003	NA	NA	1397938457.6035564
m1.xlarge	0.5	0d9eaf44-7171-4fe2-8738-c64fd3830e3c	37588440	86eb0465-03ce-410a-8b37-95cca2b0446e	mBackground	0.133285138	NA	NA	8238818	8231040	1397938457.502895	NA	NA	1397938457.5035284	1397938457.636934	NA	NA	1397938457.637359
m1.xlarge	0.5	0d9eaf44-7171-4fe2-8738-c64fd3830e3c	37588280	be4c8278-fda3-48b1-8180-cdf4aa3a980d	mBackground	0.139161918	NA	NA	8307938	8300160	1397938457.5365486	NA	NA	1397938457.5371928	1397938457.6764696	NA	NA	1397938457.6768725
m1.xlarge	0.5	0d9eaf44-7171-4fe2-8738-c64fd3830e3c	37588800	818b9ab4-cd81-42b1-bd06-84a859e3db55	mBackground	0.135474587	NA	NA	8256098	8248320	1397938457.5739987	NA	NA	1397938457.574639	1397938457.7102315	NA	NA	1397938457.7108011
m1.xlarge	0.5	0d9eaf44-7171-4fe2-8738-c64fd3830e3c	37588620	e62e5539-ce88-4012-b214-dfaff671280d	mBackground	0.134888734	NA	NA	8267618	8259840	1397938457.6080482	NA	NA	1397938457.6086235	1397938457.7436333	NA	NA	1397938457.7439892
m1.xlarge	0.5	0d9eaf44-7171-4fe2-8738-c64fd3830e3c	37588440	0983a05f-2814-43ea-b841-cd999e97625e	mBackground	0.132235356	NA	NA	8290658	8282880	1397938457.6426053	NA	NA	1397938457.6431973	1397938457.7757678	NA	NA	1397938457.776166
m1.xlarge	0.5	0d9eaf44-7171-4fe2-8738-c64fd3830e3c	37588280	ea0e39b9-2837-4a6d-b14d-26d0b9669520	mBackground	0.133406908	NA	NA	8256098	8248320	1397938457.6811872	NA	NA	1397938457.6820252	1397938457.8155491	NA	NA	1397938457.8171902
m1.xlarge	0.5	0d9eaf44-7171-4fe2-8738-c64fd3830e3c	37588800	6bbcbaf6-39bc-45ea-abb8-ba5d3afa7f71	mBackground	0.134452247	NA	NA	8267618	8259840	1397938457.716162	NA	NA	1397938457.7167501	1397938457.8513002	NA	NA	1397938457.851772
m1.xlarge	0.5	0d9eaf44-7171-4fe2-8738-c64fd3830e3c	37588620	a8567eaf-71b2-4702-8ea8-8123d58ddbd4	mBackground	0.136726764	NA	NA	8256098	8248320	1397938457.74886	NA	NA	1397938457.7493758	1397938457.8862169	NA	NA	1397938457.8866801
m1.xlarge	0.5	0d9eaf44-7171-4fe2-8738-c64fd3830e3c	37588440	d2516b8a-809a-4823-b4ba-1b2126342988	mBackground	0.136500373	NA	NA	8267618	8259840	1397938457.780886	NA	NA	1397938457.78157	1397938457.918191	NA	NA	1397938457.918628
m1.xlarge	0.5	0d9eaf44-7171-4fe2-8738-c64fd3830e3c	37588280	738fc18c-e95c-4649-82c9-638b73ef0555	mBackground	0.134566344	NA	NA	8296418	8288640	1397938457.8216102	NA	NA	1397938457.8224518	1397938457.9571235	NA	NA	1397938457.9574847
m1.xlarge	0.5	0d9eaf44-7171-4fe2-8738-c64fd3830e3c	37588800	e823d8f8-d443-4f54-b588-2171e30e697c	mBackground	0.133721431	NA	NA	8313698	8305920	1397938457.8566685	NA	NA	1397938457.8573923	1397938457.9912207	NA	NA	1397938457.9917245
m1.xlarge	0.5	0d9eaf44-7171-4fe2-8738-c64fd3830e3c	37588620	aeda02d9-a7b8-478d-bb22-726ba5a2e41e	mBackground	0.132400152	NA	NA	8256098	8248320	1397938457.8920443	NA	NA	1397938457.892572	1397938458.0250928	NA	NA	1397938458.0254836
m1.xlarge	0.5	0d9eaf44-7171-4fe2-8738-c64fd3830e3c	37588440	6730ceee-511d-4594-a3a1-e724a3d5f5d1	mBackground	0.134463661	NA	NA	8256098	8248320	1397938457.9241374	NA	NA	1397938457.92472	1397938458.0592854	NA	NA	1397938458.0598404
m1.xlarge	0.5	0d9eaf44-7171-4fe2-8738-c64fd3830e3c	37588280	73c94752-9cb3-4475-a852-09f35e7b067f	mBackground	0.136389027	NA	NA	8267618	8259840	1397938457.9625459	NA	NA	1397938457.96308	1397938458.0996075	NA	NA	1397938458.1000972
m1.xlarge	0.5	0d9eaf44-7171-4fe2-8738-c64fd3830e3c	37588800	5f56c35a-e723-4616-b011-fd371e0b924b	mBackground	0.133068304	NA	NA	8250338	8242560	1397938457.9966981	NA	NA	1397938457.997427	1397938458.130723	NA	NA	1397938458.1312246
m1.xlarge	0.5	0d9eaf44-7171-4fe2-8738-c64fd3830e3c	37588620	b109c20e-1d90-4bea-b2e1-85a4ce960097	mBackground	0.131550247	NA	NA	8238818	8231040	1397938458.0305214	NA	NA	1397938458.0310717	1397938458.162722	NA	NA	1397938458.1632614
m1.xlarge	0.5	0d9eaf44-7171-4fe2-8738-c64fd3830e3c	37588440	7dc03cdb-9fee-4b8c-b6b7-0880bf877cf6	mBackground	0.13527509	NA	NA	8250338	8242560	1397938458.0645936	NA	NA	1397938458.06512	1397938458.2005007	NA	NA	1397938458.2008579
m1.xlarge	0.5	0d9eaf44-7171-4fe2-8738-c64fd3830e3c	37588280	380d29cf-2fa1-437d-ae94-2d55cf11ede0	mBackground	0.125443436	NA	NA	8250338	8242560	1397938458.1048212	NA	NA	1397938458.1054935	1397938458.2310262	NA	NA	1397938458.2320657
m1.xlarge	0.5	0d9eaf44-7171-4fe2-8738-c64fd3830e3c	37588800	4e077eae-50f7-4b60-b6df-9e646a5a7bb5	mBackground	0.124219514	NA	NA	8313698	8305920	1397938458.136332	NA	NA	1397938458.136845	1397938458.26115	NA	NA	1397938458.261408
m1.xlarge	0.5	0d9eaf44-7171-4fe2-8738-c64fd3830e3c	37588620	e8863485-cd1f-44d5-b9f8-a05d66e3acea	mBackground	0.129009573	NA	NA	8256098	8248320	1397938458.1681874	NA	NA	1397938458.1688042	1397938458.2978997	NA	NA	1397938458.2983441
m1.xlarge	0.5	0d9eaf44-7171-4fe2-8738-c64fd3830e3c	37588440	39c8fc41-bd2e-4d9d-90ce-bdb70f64feb0	mImgtbl	0.122961376	NA	NA	144489745	10121	1397938458.5983076	NA	NA	1397938458.6033263	1397938458.7264013	NA	NA	1397938458.728264
m1.xlarge	0.5	0d9eaf44-7171-4fe2-8738-c64fd3830e3c	37588280	05a90cd9-b2ec-484a-8605-b6eda7aa76e2	mAdd	0.955426275	NA	NA	288978107	51736320	1397938459.0500345	NA	NA	1397938459.0617425	1397938460.0173357	NA	NA	1397938460.0215285
m1.xlarge	0.5	0d9eaf44-7171-4fe2-8738-c64fd3830e3c	37588800	a41a4310-6f02-45a1-9cc7-9ce3cf8dd3bb	mShrink	0.375377952	NA	NA	25868160	6471360	1397938460.2891953	NA	NA	1397938460.2903004	1397938460.6658332	NA	NA	1397938460.6677785
m1.xlarge	0.5	0d9eaf44-7171-4fe2-8738-c64fd3830e3c	37588620	4f009489-9695-49c2-af5c-d8ce01a6c1b5	mJPEG	0.535783314	NA	NA	6471360	119281	1397938460.934458	NA	NA	1397938460.9357154	1397938461.4716485	NA	NA	1397938461.4736772
