m3.2xlarge	0.5	853abbeb-4223-41ce-b4bc-84e544d7629e	34180740	6f77fa91-ea11-46ee-9812-1ea7796eac82	mProjectPP	1.369032472	NA	NA	2111346	8231040	1397814560.9166138	NA	NA	1397814560.9167838	1397814562.2859523	NA	NA	1397814562.2904582
m3.2xlarge	0.5	853abbeb-4223-41ce-b4bc-84e544d7629e	34180400	ee154968-2c12-46e9-ac3e-698220468bce	mProjectPP	1.374603852	NA	NA	2111346	8242560	1397814560.9160595	NA	NA	1397814560.9162633	1397814562.2909293	NA	NA	1397814562.2910976
m3.2xlarge	0.5	853abbeb-4223-41ce-b4bc-84e544d7629e	34181000	9d8c1f83-91ff-45a3-9baf-bd25b665b119	mProjectPP	1.441075068	NA	NA	2111346	8231040	1397814560.83329	NA	NA	1397814560.8514931	1397814562.2926497	NA	NA	1397814562.2929196
m3.2xlarge	0.5	853abbeb-4223-41ce-b4bc-84e544d7629e	34180880	b3f311fb-207f-4525-9c8b-9d62f74922d1	mProjectPP	1.375337901	NA	NA	2111346	8248320	1397814560.9179366	NA	NA	1397814560.9181938	1397814562.2935965	NA	NA	1397814562.293834
m3.2xlarge	0.5	853abbeb-4223-41ce-b4bc-84e544d7629e	34181300	da4deb76-d9ee-47f5-8460-15e6de395aab	mProjectPP	1.377213171	NA	NA	2111346	8300160	1397814560.9170356	NA	NA	1397814560.9172914	1397814562.294555	NA	NA	1397814562.2947478
m3.2xlarge	0.5	853abbeb-4223-41ce-b4bc-84e544d7629e	34181520	a7166386-b441-476d-a105-81e3a9c80d65	mProjectPP	1.377470404	NA	NA	2111346	8248320	1397814560.9184191	NA	NA	1397814560.918574	1397814562.2960954	NA	NA	1397814562.2962677
m3.2xlarge	0.5	853abbeb-4223-41ce-b4bc-84e544d7629e	34181140	17ce728d-8e83-4879-8c45-8b98d9bf7902	mProjectPP	1.472267219	NA	NA	2111346	8288640	1397814560.9175293	NA	NA	1397814560.917699	1397814562.3900585	NA	NA	1397814562.3903623
m3.2xlarge	0.5	853abbeb-4223-41ce-b4bc-84e544d7629e	34180560	bf4f94a2-a6e4-4324-9f09-efa43a1c40b5	mProjectPP	1.471335908	NA	NA	2111346	8248320	1397814560.9189503	NA	NA	1397814560.9191074	1397814562.3904958	NA	NA	1397814562.3906977
m3.2xlarge	0.5	853abbeb-4223-41ce-b4bc-84e544d7629e	34180740	c9283076-8036-4e9d-9fd1-99789cfe9aa3	mProjectPP	1.300532705	NA	NA	2111346	8231040	1397814562.3210962	NA	NA	1397814562.321344	1397814563.6219954	NA	NA	1397814563.6238544
m3.2xlarge	0.5	853abbeb-4223-41ce-b4bc-84e544d7629e	34181520	46377589-8e88-4451-ab9d-2b18c122cbc3	mProjectPP	1.329972997	NA	NA	2111346	8242560	1397814562.2963057	NA	NA	1397814562.2964728	1397814563.6265082	NA	NA	1397814563.6267133
m3.2xlarge	0.5	853abbeb-4223-41ce-b4bc-84e544d7629e	34181300	f600f9e1-7cca-423e-abe5-714c43d8fd07	mProjectPP	1.326312261	NA	NA	2111346	8259840	1397814562.3218272	NA	NA	1397814562.3220315	1397814563.648484	NA	NA	1397814563.6489983
m3.2xlarge	0.5	853abbeb-4223-41ce-b4bc-84e544d7629e	34180880	ad340db3-30ce-4754-980b-caca66460214	mProjectPP	1.339557277	NA	NA	2111346	8248320	1397814562.3395126	NA	NA	1397814562.3398619	1397814563.6794872	NA	NA	1397814563.6796837
m3.2xlarge	0.5	853abbeb-4223-41ce-b4bc-84e544d7629e	34180400	aa17e40f-39ae-4ac4-a169-1eb7f125b132	mProjectPP	1.343582774	NA	NA	2111346	8248320	1397814562.3572724	NA	NA	1397814562.357644	1397814563.7013493	NA	NA	1397814563.7017512
m3.2xlarge	0.5	853abbeb-4223-41ce-b4bc-84e544d7629e	34181000	c4d99abb-bb2d-476c-982a-c787422fca17	mProjectPP	1.409730262	NA	NA	2111346	8248320	1397814562.323659	NA	NA	1397814562.3238468	1397814563.7336469	NA	NA	1397814563.733904
m3.2xlarge	0.5	853abbeb-4223-41ce-b4bc-84e544d7629e	34180560	d4d131d4-f297-4123-9662-e2511929c185	mProjectPP	1.338549644	NA	NA	2111346	8248320	1397814562.4210875	NA	NA	1397814562.4213526	1397814563.7599778	NA	NA	1397814563.7601748
m3.2xlarge	0.5	853abbeb-4223-41ce-b4bc-84e544d7629e	34181140	717382cc-c6d1-41e2-889a-6452c0ce8779	mProjectPP	1.338263512	NA	NA	2111346	8231040	1397814562.4216614	NA	NA	1397814562.421951	1397814563.7602842	NA	NA	1397814563.760537
m3.2xlarge	0.5	853abbeb-4223-41ce-b4bc-84e544d7629e	34180740	0944665a-d4bb-469e-a3cb-baf38a921c6d	mProjectPP	1.255723956	NA	NA	2111346	8300160	1397814563.6290002	NA	NA	1397814563.6292493	1397814564.8850942	NA	NA	1397814564.8855875
m3.2xlarge	0.5	853abbeb-4223-41ce-b4bc-84e544d7629e	34181300	4f2092c3-b13e-481b-b32d-a7ca82ad7d8c	mProjectPP	1.238352617	NA	NA	2111346	8248320	1397814563.6490898	NA	NA	1397814563.6494758	1397814564.8879027	NA	NA	1397814564.8881533
m3.2xlarge	0.5	853abbeb-4223-41ce-b4bc-84e544d7629e	34181520	640442c9-7b7b-4e23-af9a-2e22bc1134a1	mProjectPP	1.315931571	NA	NA	2111346	8259840	1397814563.677314	NA	NA	1397814563.6776443	1397814564.9937334	NA	NA	1397814564.995458
m3.2xlarge	0.5	853abbeb-4223-41ce-b4bc-84e544d7629e	34180400	488b0765-6aaf-4d61-91fd-14706939f893	mProjectPP	1.264635538	NA	NA	2111346	8248320	1397814563.7318661	NA	NA	1397814563.732218	1397814564.9969366	NA	NA	1397814564.9972289
m3.2xlarge	0.5	853abbeb-4223-41ce-b4bc-84e544d7629e	34180880	b3a370d9-c25d-4b32-9987-140a12ef6bb1	mProjectPP	1.348070593	NA	NA	2111346	8282880	1397814563.7054212	NA	NA	1397814563.7057328	1397814565.0539362	NA	NA	1397814565.0543845
m3.2xlarge	0.5	853abbeb-4223-41ce-b4bc-84e544d7629e	34181000	1c598330-076b-41ac-b033-22cc1b85f869	mProjectPP	1.297284413	NA	NA	2111346	8259840	1397814563.7591398	NA	NA	1397814563.759535	1397814565.0569148	NA	NA	1397814565.057183
m3.2xlarge	0.5	853abbeb-4223-41ce-b4bc-84e544d7629e	34180560	b095d7ce-3f74-4f7a-9872-3b8d2c5b2b21	mProjectPP	1.327081354	NA	NA	2111346	8248320	1397814563.7866752	NA	NA	1397814563.7870615	1397814565.1142848	NA	NA	1397814565.1147778
m3.2xlarge	0.5	853abbeb-4223-41ce-b4bc-84e544d7629e	34181140	b3e20f0f-58aa-4d44-9e17-ded159e7f9e5	mProjectPP	1.327384196	NA	NA	2111346	8259840	1397814563.787523	NA	NA	1397814563.7878015	1397814565.1152558	NA	NA	1397814565.1155272
m3.2xlarge	0.5	853abbeb-4223-41ce-b4bc-84e544d7629e	34180740	dd3b9976-aefd-4f63-ba72-33449ad31104	mProjectPP	1.274662586	NA	NA	2111346	8288640	1397814564.8936405	NA	NA	1397814564.8939614	1397814566.168752	NA	NA	1397814566.1692314
m3.2xlarge	0.5	853abbeb-4223-41ce-b4bc-84e544d7629e	34181300	fe5ccba1-86cd-4271-98fc-46f2defd0bc1	mProjectPP	1.2766289	NA	NA	2111346	8305920	1397814564.8943233	NA	NA	1397814564.8945847	1397814566.1712885	NA	NA	1397814566.171531
m3.2xlarge	0.5	853abbeb-4223-41ce-b4bc-84e544d7629e	34181520	9a960c76-5f8c-475c-9d5b-f096082c3bc1	mProjectPP	1.255604444	NA	NA	2111346	8248320	1397814565.0059333	NA	NA	1397814565.0061584	1397814566.2618701	NA	NA	1397814566.2622292
m3.2xlarge	0.5	853abbeb-4223-41ce-b4bc-84e544d7629e	34180400	1c605515-6354-4fa7-ab0f-b9c589ed87e9	mProjectPP	1.281113754	NA	NA	2111346	8248320	1397814565.0281405	NA	NA	1397814565.0286348	1397814566.3098836	NA	NA	1397814566.3102999
m3.2xlarge	0.5	853abbeb-4223-41ce-b4bc-84e544d7629e	34180880	acd0504b-b30e-4a88-987b-ea7c04b68b60	mProjectPP	1.295584059	NA	NA	2111346	8259840	1397814565.0645776	NA	NA	1397814565.0649045	1397814566.3606212	NA	NA	1397814566.3610768
m3.2xlarge	0.5	853abbeb-4223-41ce-b4bc-84e544d7629e	34181000	6951d13b-d511-42ce-9057-e67f8c88f853	mProjectPP	1.324534002	NA	NA	2111346	8242560	1397814565.065278	NA	NA	1397814565.0656087	1397814566.3902962	NA	NA	1397814566.3907747
m3.2xlarge	0.5	853abbeb-4223-41ce-b4bc-84e544d7629e	34180560	2d93a9e4-4177-41b8-add4-0ad45022fba3	mProjectPP	1.292541628	NA	NA	2111346	8231040	1397814565.12476	NA	NA	1397814565.1250458	1397814566.417724	NA	NA	1397814566.4181657
m3.2xlarge	0.5	853abbeb-4223-41ce-b4bc-84e544d7629e	34181140	7ab129be-7639-4690-92f1-d6f8d65cfc98	mProjectPP	1.271237403	NA	NA	2111346	8242560	1397814565.1500516	NA	NA	1397814565.150531	1397814566.4218452	NA	NA	1397814566.4221282
m3.2xlarge	0.5	853abbeb-4223-41ce-b4bc-84e544d7629e	34180400	69978965-2060-4152-811d-8f017c18a457	mDiffFit	0.21445223	NA	NA	16473906	147146	1397814566.3204367	NA	NA	1397814566.3214035	1397814566.5359952	NA	NA	1397814566.5363843
m3.2xlarge	0.5	853abbeb-4223-41ce-b4bc-84e544d7629e	34181000	f9af1b59-a017-4f11-9a31-894932dc22e6	mDiffFit	0.139124601	NA	NA	16491186	144271	1397814566.3975277	NA	NA	1397814566.3983474	1397814566.537553	NA	NA	1397814566.5377917
m3.2xlarge	0.5	853abbeb-4223-41ce-b4bc-84e544d7629e	34180880	1a47ecb8-6195-450f-a8ec-33430e15a3c9	mDiffFit	0.22186319	NA	NA	16479666	222029	1397814566.3707757	NA	NA	1397814566.3714101	1397814566.5933993	NA	NA	1397814566.5938427
m3.2xlarge	0.5	853abbeb-4223-41ce-b4bc-84e544d7629e	34180560	c978bb73-70ee-4024-b36f-6f15d07c79e4	mDiffFit	0.168474149	NA	NA	16548786	250828	1397814566.4246526	NA	NA	1397814566.42544	1397814566.5939875	NA	NA	1397814566.5942814
m3.2xlarge	0.5	853abbeb-4223-41ce-b4bc-84e544d7629e	34181140	6f600c2d-e0dd-411d-8814-087e83d5e14a	mDiffFit	0.195674189	NA	NA	16531506	472594	1397814566.453534	NA	NA	1397814566.454731	1397814566.6505728	NA	NA	1397814566.6510243
m3.2xlarge	0.5	853abbeb-4223-41ce-b4bc-84e544d7629e	34180400	1fcaf48c-9316-4501-a1b4-f61651780352	mDiffFit	0.13906266	NA	NA	16479666	147143	1397814566.5424778	NA	NA	1397814566.5432868	1397814566.682458	NA	NA	1397814566.6828277
m3.2xlarge	0.5	853abbeb-4223-41ce-b4bc-84e544d7629e	34180880	b1cce9de-1a14-4e74-9f0d-5d2411ed56c0	mDiffFit	0.196620419	NA	NA	16479666	466822	1397814566.601696	NA	NA	1397814566.6024926	1397814566.7991903	NA	NA	1397814566.7994916
m3.2xlarge	0.5	853abbeb-4223-41ce-b4bc-84e544d7629e	34181000	348d6e06-9185-4cd3-ba70-a0d634b86951	mDiffFit	0.256825322	NA	NA	16491186	219152	1397814566.543627	NA	NA	1397814566.544402	1397814566.801288	NA	NA	1397814566.8014705
m3.2xlarge	0.5	853abbeb-4223-41ce-b4bc-84e544d7629e	34180400	8ed19e7a-dc08-449b-8e2c-7b678afc2c2f	mDiffFit	0.174843534	NA	NA	16589106	222032	1397814566.6871388	NA	NA	1397814566.6879656	1397814566.8629434	NA	NA	1397814566.8633618
m3.2xlarge	0.5	853abbeb-4223-41ce-b4bc-84e544d7629e	34180560	b8c4cdd1-7cdf-4544-8c55-694d526da34b	mDiffFit	0.259755931	NA	NA	16496946	481232	1397814566.6028352	NA	NA	1397814566.6036527	1397814566.8634834	NA	NA	1397814566.8637235
m3.2xlarge	0.5	853abbeb-4223-41ce-b4bc-84e544d7629e	34181140	de21f894-e15e-4389-9755-7e6a2975f8d9	mDiffFit	0.211509469	NA	NA	16537266	472590	1397814566.6557937	NA	NA	1397814566.656604	1397814566.868189	NA	NA	1397814566.8684185
m3.2xlarge	0.5	853abbeb-4223-41ce-b4bc-84e544d7629e	34180880	c8bb385e-c5a2-449c-8f75-55af40fff83b	mDiffFit	0.144180012	NA	NA	16479666	155786	1397814566.804218	NA	NA	1397814566.8048012	1397814566.9491105	NA	NA	1397814566.949582
m3.2xlarge	0.5	853abbeb-4223-41ce-b4bc-84e544d7629e	34181000	f8e548a2-4451-4dc6-abc6-b8b5ef0b26cd	mDiffFit	0.193908472	NA	NA	16473906	469714	1397814566.835274	NA	NA	1397814566.836278	1397814567.0303473	NA	NA	1397814567.0308416
m3.2xlarge	0.5	853abbeb-4223-41ce-b4bc-84e544d7629e	34180560	105543fb-428f-4273-bbfc-70d87782055d	mDiffFit	0.18721719	NA	NA	16479666	224915	1397814566.8757412	NA	NA	1397814566.8764434	1397814567.0637743	NA	NA	1397814567.0641139
m3.2xlarge	0.5	853abbeb-4223-41ce-b4bc-84e544d7629e	34180400	f7a30c28-b2a6-4da7-9cc3-0096c2b4d3e3	mDiffFit	0.188776048	NA	NA	16519986	247952	1397814566.87443	NA	NA	1397814566.875369	1397814567.064231	NA	NA	1397814567.0644968
m3.2xlarge	0.5	853abbeb-4223-41ce-b4bc-84e544d7629e	34180880	e48d8314-bc67-4d45-9d21-1c72a0bf96cd	mDiffFit	0.165397179	NA	NA	16473906	222033	1397814566.956865	NA	NA	1397814566.9577663	1397814567.1232915	NA	NA	1397814567.1237364
m3.2xlarge	0.5	853abbeb-4223-41ce-b4bc-84e544d7629e	34181140	17294ee9-9c29-4a45-b179-06a0a9dd96e8	mDiffFit	0.246623105	NA	NA	16485426	472591	1397814566.8767552	NA	NA	1397814566.8771884	1397814567.1238887	NA	NA	1397814567.1241562
m3.2xlarge	0.5	853abbeb-4223-41ce-b4bc-84e544d7629e	34181000	f3dc408b-64e2-473f-b1f7-adc4043ac239	mDiffFit	0.195506369	NA	NA	16491186	492747	1397814567.0367157	NA	NA	1397814567.0376241	1397814567.2332718	NA	NA	1397814567.233727
m3.2xlarge	0.5	853abbeb-4223-41ce-b4bc-84e544d7629e	34180560	d9216612-0b0c-47b5-a7e5-026114129321	mDiffFit	0.193933371	NA	NA	16508466	478346	1397814567.0727067	NA	NA	1397814567.0735178	1397814567.2675655	NA	NA	1397814567.2679527
m3.2xlarge	0.5	853abbeb-4223-41ce-b4bc-84e544d7629e	34180880	698ffc2b-9fb1-445c-8191-e2c58bee8ef0	mDiffFit	0.161586627	NA	NA	16496946	222027	1397814567.132187	NA	NA	1397814567.1329799	1397814567.294695	NA	NA	1397814567.2952
m3.2xlarge	0.5	853abbeb-4223-41ce-b4bc-84e544d7629e	34180400	597cfc79-0fcb-4d72-8a33-3561ab815d27	mDiffFit	0.223648805	NA	NA	16479666	492746	1397814567.0738547	NA	NA	1397814567.0745206	1397814567.2982466	NA	NA	1397814567.2984893
m3.2xlarge	0.5	853abbeb-4223-41ce-b4bc-84e544d7629e	34180740	e42ccbc8-bf5d-4783-a5e1-d3b241e03bfb	mProjectPP	1.176111319	NA	NA	2111346	8242560	1397814566.176009	NA	NA	1397814566.1763191	1397814567.3525386	NA	NA	1397814567.3528597
m3.2xlarge	0.5	853abbeb-4223-41ce-b4bc-84e544d7629e	34181140	40cab5c0-e0d2-4e61-9f9f-dd45ae67399f	mDiffFit	0.194047689	NA	NA	16496946	224900	1397814567.1589122	NA	NA	1397814567.159957	1397814567.354082	NA	NA	1397814567.3542774
m3.2xlarge	0.5	853abbeb-4223-41ce-b4bc-84e544d7629e	34180560	c26a106d-a97d-44d3-8acb-3b6ed3432090	mDiffFit	0.128611653	NA	NA	16496946	155777	1397814567.273698	NA	NA	1397814567.2745388	1397814567.4032805	NA	NA	1397814567.4036977
m3.2xlarge	0.5	853abbeb-4223-41ce-b4bc-84e544d7629e	34181300	ace3a069-bf79-4fe4-83a8-ec0778733447	mProjectPP	1.228629723	NA	NA	2111346	8305920	1397814566.1766627	NA	NA	1397814566.1769352	1397814567.4056551	NA	NA	1397814567.4059238
m3.2xlarge	0.5	853abbeb-4223-41ce-b4bc-84e544d7629e	34180880	81f74db6-7a7f-4252-b5b2-6e9dd5d931a5	mDiffFit	0.157132142	NA	NA	16479666	224912	1397814567.3020966	NA	NA	1397814567.3029292	1397814567.460217	NA	NA	1397814567.4605982
m3.2xlarge	0.5	853abbeb-4223-41ce-b4bc-84e544d7629e	34180400	18ea2c99-9fe1-4c15-928b-fb4d7c8529ff	mDiffFit	0.12845374	NA	NA	16496946	144262	1397814567.3309546	NA	NA	1397814567.332239	1397814567.460786	NA	NA	1397814567.4609783
m3.2xlarge	0.5	853abbeb-4223-41ce-b4bc-84e544d7629e	34181520	9b51076c-dc8a-40bf-b2b1-8c5e83182f8d	mProjectPP	1.195909606	NA	NA	2111346	8248320	1397814566.2679079	NA	NA	1397814566.268232	1397814567.464225	NA	NA	1397814567.4644818
m3.2xlarge	0.5	853abbeb-4223-41ce-b4bc-84e544d7629e	34181000	7b10dc4a-f6dd-4e57-8daa-79c36c35e909	mDiffFit	0.223592551	NA	NA	16496946	492743	1397814567.2401357	NA	NA	1397814567.2409112	1397814567.4645748	NA	NA	1397814567.4647222
m3.2xlarge	0.5	853abbeb-4223-41ce-b4bc-84e544d7629e	34180740	e54a22ca-d248-45a2-a3f9-c7fcd966bedc	mDiffFit	0.161817102	NA	NA	16496946	150020	1397814567.3572395	NA	NA	1397814567.357762	1397814567.5196936	NA	NA	1397814567.5200331
m3.2xlarge	0.5	853abbeb-4223-41ce-b4bc-84e544d7629e	34181140	54bac2e4-2bc5-400e-b8f9-6b29c7596c2b	mDiffFit	0.166695501	NA	NA	16508466	219152	1397814567.3776696	NA	NA	1397814567.3784597	1397814567.5452924	NA	NA	1397814567.5456836
m3.2xlarge	0.5	853abbeb-4223-41ce-b4bc-84e544d7629e	34180560	281862f6-8ec6-4de7-8cee-2635e813f836	mDiffFit	0.208298378	NA	NA	16496946	486982	1397814567.409138	NA	NA	1397814567.4100103	1397814567.6184394	NA	NA	1397814567.6189227
m3.2xlarge	0.5	853abbeb-4223-41ce-b4bc-84e544d7629e	34181300	4c6b2815-f39c-4a9d-a2e7-acc9f1722b7d	mDiffFit	0.181713745	NA	NA	16479666	486982	1397814567.4361067	NA	NA	1397814567.4373686	1397814567.6191719	NA	NA	1397814567.6194055
m3.2xlarge	0.5	853abbeb-4223-41ce-b4bc-84e544d7629e	34181520	9c733634-3d50-4bb7-b50f-503c70e79f4d	mDiffFit	0.148453905	NA	NA	16479666	224906	1397814567.4737055	NA	NA	1397814567.4743948	1397814567.6229205	NA	NA	1397814567.6231208
m3.2xlarge	0.5	853abbeb-4223-41ce-b4bc-84e544d7629e	34181000	90dffd73-6ee6-4b73-89b9-f8fdd154bc3b	mDiffFit	0.149116829	NA	NA	16531506	253710	1397814567.4747007	NA	NA	1397814567.475257	1397814567.624437	NA	NA	1397814567.6246219
m3.2xlarge	0.5	853abbeb-4223-41ce-b4bc-84e544d7629e	34180880	d89e89e4-8bab-426d-9eea-082d9088acfe	mDiffFit	0.218941981	NA	NA	16600626	224919	1397814567.4755173	NA	NA	1397814567.4760165	1397814567.695083	NA	NA	1397814567.6954148
m3.2xlarge	0.5	853abbeb-4223-41ce-b4bc-84e544d7629e	34180400	4ceef560-a439-40a5-bd47-e21be748bbe0	mDiffFit	0.224639099	NA	NA	16479666	152900	1397814567.472902	NA	NA	1397814567.4733932	1397814567.6981168	NA	NA	1397814567.6984072
m3.2xlarge	0.5	853abbeb-4223-41ce-b4bc-84e544d7629e	34181140	23c63f70-ffbf-45aa-b0e5-98a9581fe13c	mDiffFit	0.178644198	NA	NA	16496946	219145	1397814567.5767972	NA	NA	1397814567.577556	1397814567.7562754	NA	NA	1397814567.7565315
m3.2xlarge	0.5	853abbeb-4223-41ce-b4bc-84e544d7629e	34180740	e7bf8558-2fd5-4945-a353-9c404d314650	mDiffFit	0.204260039	NA	NA	16479666	489873	1397814567.5730152	NA	NA	1397814567.573977	1397814567.7783673	NA	NA	1397814567.7787502
m3.2xlarge	0.5	853abbeb-4223-41ce-b4bc-84e544d7629e	34181300	e1d2f335-3fcd-437d-9677-122e0036e85f	mDiffFit	0.199378328	NA	NA	16508466	222030	1397814567.6320207	NA	NA	1397814567.63249	1397814567.8319843	NA	NA	1397814567.8323488
m3.2xlarge	0.5	853abbeb-4223-41ce-b4bc-84e544d7629e	34180560	cd8bcd11-d2cf-4079-af3a-0a6f2ebe367f	mDiffFit	0.202140908	NA	NA	16496946	458186	1397814567.6311672	NA	NA	1397814567.6317294	1397814567.833932	NA	NA	1397814567.8341687
m3.2xlarge	0.5	853abbeb-4223-41ce-b4bc-84e544d7629e	34181000	0ace72be-eb2d-4a3f-8fc3-ec5f36ac6808	mDiffFit	0.199803613	NA	NA	16491186	155781	1397814567.6338747	NA	NA	1397814567.634385	1397814567.8342628	NA	NA	1397814567.8344476
m3.2xlarge	0.5	853abbeb-4223-41ce-b4bc-84e544d7629e	34181520	bfabba4a-cce5-4a07-a30a-5dee307cdf59	mDiffFit	0.271924451	NA	NA	16508466	507144	1397814567.6327643	NA	NA	1397814567.6335568	1397814567.905618	NA	NA	1397814567.906063
m3.2xlarge	0.5	853abbeb-4223-41ce-b4bc-84e544d7629e	34180400	ce974a43-661a-4fe5-954d-7e8435fddf2c	mDiffFit	0.15287371	NA	NA	16508466	224899	1397814567.754794	NA	NA	1397814567.7557735	1397814567.908721	NA	NA	1397814567.9089205
m3.2xlarge	0.5	853abbeb-4223-41ce-b4bc-84e544d7629e	34180880	51c65778-0531-4708-be07-ab082ae111c8	mDiffFit	0.182518293	NA	NA	16508466	472588	1397814567.7266643	NA	NA	1397814567.7276735	1397814567.9102921	NA	NA	1397814567.9105852
m3.2xlarge	0.5	853abbeb-4223-41ce-b4bc-84e544d7629e	34180740	2b7a7ed6-f2e2-4e4e-a55f-400a1e23999b	mDiffFit	0.179594714	NA	NA	16519986	222027	1397814567.8056617	NA	NA	1397814567.806522	1397814567.9862494	NA	NA	1397814567.9866126
m3.2xlarge	0.5	853abbeb-4223-41ce-b4bc-84e544d7629e	34181000	b051b265-366d-47fc-aad5-2873e90481cd	mDiffFit	0.146390087	NA	NA	16508466	155784	1397814567.8416338	NA	NA	1397814567.8421693	1397814567.9886217	NA	NA	1397814567.9888153
m3.2xlarge	0.5	853abbeb-4223-41ce-b4bc-84e544d7629e	34181140	e8a97138-e330-43cb-9da7-31bb676697e2	mDiffFit	0.205353182	NA	NA	16479666	492744	1397814567.782444	NA	NA	1397814567.783478	1397814567.9889126	NA	NA	1397814567.989134
m3.2xlarge	0.5	853abbeb-4223-41ce-b4bc-84e544d7629e	34181520	874d1bed-1e86-4ea7-91b0-b0c761133f41	mDiffFit	0.153415061	NA	NA	16508466	144264	1397814567.9138882	NA	NA	1397814567.9144382	1397814568.067961	NA	NA	1397814568.0683205
m3.2xlarge	0.5	853abbeb-4223-41ce-b4bc-84e544d7629e	34181300	271c6a51-e39f-4cf0-accc-0c584b89b52e	mDiffFit	0.232049986	NA	NA	16519986	504264	1397814567.8378723	NA	NA	1397814567.8386133	1397814568.070745	NA	NA	1397814568.0710418
m3.2xlarge	0.5	853abbeb-4223-41ce-b4bc-84e544d7629e	34180560	d2c27121-5dec-4232-ad09-46f0e2821a56	mDiffFit	0.229679479	NA	NA	16519986	472590	1397814567.8424206	NA	NA	1397814567.843143	1397814568.0728898	NA	NA	1397814568.0731184
m3.2xlarge	0.5	853abbeb-4223-41ce-b4bc-84e544d7629e	34180400	fb43aab7-a1f2-4be1-a9a5-8643e6e09c1c	mDiffFit	0.192736957	NA	NA	16548786	311308	1397814567.932446	NA	NA	1397814567.9335167	1397814568.1263664	NA	NA	1397814568.1266608
m3.2xlarge	0.5	853abbeb-4223-41ce-b4bc-84e544d7629e	34180740	68a5cf59-ef7b-4cf7-b290-24543877a937	mDiffFit	0.160026617	NA	NA	16594866	222030	1397814567.9921424	NA	NA	1397814567.9928808	1397814568.1530535	NA	NA	1397814568.153435
m3.2xlarge	0.5	853abbeb-4223-41ce-b4bc-84e544d7629e	34181000	44e166d5-4a8f-48cd-bb23-2c6a50287f9e	mDiffFit	0.138169579	NA	NA	16589106	224912	1397814568.0155842	NA	NA	1397814568.0167806	1397814568.1550288	NA	NA	1397814568.1552837
m3.2xlarge	0.5	853abbeb-4223-41ce-b4bc-84e544d7629e	34180880	dfae5937-af70-47a1-98f8-6cdbc3d7e82f	mDiffFit	0.199875117	NA	NA	16537266	288266	1397814567.9575415	NA	NA	1397814567.958383	1397814568.1583414	NA	NA	1397814568.1586087
m3.2xlarge	0.5	853abbeb-4223-41ce-b4bc-84e544d7629e	34181140	0abfd61b-7bdf-40cf-bdad-d9940eea4d99	mDiffFit	0.212344448	NA	NA	16554546	311303	1397814568.017356	NA	NA	1397814568.0182965	1397814568.2307546	NA	NA	1397814568.2311592
m3.2xlarge	0.5	853abbeb-4223-41ce-b4bc-84e544d7629e	34181520	41f789a8-5b8e-4755-9779-f101fc81c7c5	mDiffFit	0.180815322	NA	NA	16508466	147143	1397814568.0774045	NA	NA	1397814568.0782845	1397814568.2592301	NA	NA	1397814568.2596414
m3.2xlarge	0.5	853abbeb-4223-41ce-b4bc-84e544d7629e	34181300	a3be282a-ee3d-46ae-9000-0e2cb5738288	mDiffFit	0.208393588	NA	NA	16496946	472587	1397814568.078663	NA	NA	1397814568.079418	1397814568.2879148	NA	NA	1397814568.288221
m3.2xlarge	0.5	853abbeb-4223-41ce-b4bc-84e544d7629e	34180560	395d9a42-f839-4042-a9d4-61e8f071c57b	mDiffFit	0.188266988	NA	NA	16554546	279628	1397814568.1002042	NA	NA	1397814568.1011121	1397814568.2894735	NA	NA	1397814568.2897692
m3.2xlarge	0.5	853abbeb-4223-41ce-b4bc-84e544d7629e	34180880	2d26e4f8-e425-4a94-a79b-5776505e78ee	mDiffFit	0.194124188	NA	NA	16531506	305549	1397814568.1586642	NA	NA	1397814568.1594071	1397814568.3536627	NA	NA	1397814568.35412
m3.2xlarge	0.5	853abbeb-4223-41ce-b4bc-84e544d7629e	34181000	bd4ca5e2-e501-42e1-90d4-4a7fb42689db	mDiffFit	0.188887482	NA	NA	16496946	224911	1397814568.1648507	NA	NA	1397814568.1653414	1397814568.354291	NA	NA	1397814568.3544688
m3.2xlarge	0.5	853abbeb-4223-41ce-b4bc-84e544d7629e	34180400	44c72ff8-0294-4a5b-b301-782fab649cd3	mDiffFit	0.16221273	NA	NA	16496946	155785	1397814568.1946583	NA	NA	1397814568.1954966	1397814568.357799	NA	NA	1397814568.3580728
m3.2xlarge	0.5	853abbeb-4223-41ce-b4bc-84e544d7629e	34180740	0c79494a-85d4-4944-8c8d-d82b898f0df6	mDiffFit	0.193581493	NA	NA	16496946	224908	1397814568.1640506	NA	NA	1397814568.164584	1397814568.3582351	NA	NA	1397814568.3584883
m3.2xlarge	0.5	853abbeb-4223-41ce-b4bc-84e544d7629e	34181520	7eb53465-2d77-4f12-9b67-4a963acd1118	mDiffFit	0.175080765	NA	NA	16496946	144269	1397814568.2597144	NA	NA	1397814568.260626	1397814568.4358552	NA	NA	1397814568.4362946
m3.2xlarge	0.5	853abbeb-4223-41ce-b4bc-84e544d7629e	34181140	540db09d-bf96-411c-b711-46781ad06f03	mDiffFit	0.144960216	NA	NA	16508466	222029	1397814568.2937682	NA	NA	1397814568.2946208	1397814568.439662	NA	NA	1397814568.4399135
m3.2xlarge	0.5	853abbeb-4223-41ce-b4bc-84e544d7629e	34181300	0c463df7-d1b5-4328-a3c8-0e9a61224686	mDiffFit	0.227891072	NA	NA	16508466	492748	1397814568.2925081	NA	NA	1397814568.2933822	1397814568.5214388	NA	NA	1397814568.5218325
m3.2xlarge	0.5	853abbeb-4223-41ce-b4bc-84e544d7629e	34180560	935b0db8-1092-4973-8d37-0e9534b2564f	mDiffFit	0.209217479	NA	NA	16491186	155782	1397814568.3149734	NA	NA	1397814568.3157806	1397814568.525086	NA	NA	1397814568.5252929
m3.2xlarge	0.5	853abbeb-4223-41ce-b4bc-84e544d7629e	34180400	3723f437-daaf-455c-9a31-0cfff7563db2	mDiffFit	0.135751581	NA	NA	16491186	152907	1397814568.389532	NA	NA	1397814568.3906398	1397814568.5265064	NA	NA	1397814568.5267804
m3.2xlarge	0.5	853abbeb-4223-41ce-b4bc-84e544d7629e	34180880	f8fef2c3-cec5-4e39-9ccf-8cf64ef567d8	mDiffFit	0.157446935	NA	NA	16473906	224910	1397814568.416028	NA	NA	1397814568.4167418	1397814568.5743148	NA	NA	1397814568.5748324
m3.2xlarge	0.5	853abbeb-4223-41ce-b4bc-84e544d7629e	34180740	b48eef19-3673-4021-8eb4-abeb0811585d	mDiffFit	0.236335798	NA	NA	16502706	486991	1397814568.3653307	NA	NA	1397814568.3661966	1397814568.6026337	NA	NA	1397814568.6029937
m3.2xlarge	0.5	853abbeb-4223-41ce-b4bc-84e544d7629e	34181520	a9ac5cae-3582-413c-b5c7-b4999b18990e	mDiffFit	0.135191202	NA	NA	16479666	224914	1397814568.4681942	NA	NA	1397814568.4691944	1397814568.6044662	NA	NA	1397814568.604654
m3.2xlarge	0.5	853abbeb-4223-41ce-b4bc-84e544d7629e	34181000	4a594038-ee4a-48ea-b4dd-5239ad747dfd	mDiffFit	0.186848521	NA	NA	16479666	452429	1397814568.4170666	NA	NA	1397814568.417837	1397814568.604741	NA	NA	1397814568.604918
m3.2xlarge	0.5	853abbeb-4223-41ce-b4bc-84e544d7629e	34181300	13891de6-b3a6-4e0d-9060-257224e7614c	mDiffFit	0.13141578	NA	NA	16473906	222038	1397814568.5286741	NA	NA	1397814568.5295932	1397814568.6611147	NA	NA	1397814568.6614113
m3.2xlarge	0.5	853abbeb-4223-41ce-b4bc-84e544d7629e	34181140	3b31208e-154c-4371-a5ff-a7c3cc751d37	mDiffFit	0.206542072	NA	NA	16473906	495636	1397814568.4965765	NA	NA	1397814568.4975026	1397814568.7041805	NA	NA	1397814568.7046292
m3.2xlarge	0.5	853abbeb-4223-41ce-b4bc-84e544d7629e	34180560	45f4689d-4066-4ff1-bda8-5a6336f28a66	mDiffFit	0.206639528	NA	NA	16491186	150034	1397814568.532435	NA	NA	1397814568.5332537	1397814568.7399805	NA	NA	1397814568.7402458
m3.2xlarge	0.5	853abbeb-4223-41ce-b4bc-84e544d7629e	34181000	a19869c4-9df7-44e3-9185-4beef562f88d	mDiffFit	0.129209365	NA	NA	16491186	147146	1397814568.6115177	NA	NA	1397814568.6123796	1397814568.74166	NA	NA	1397814568.7419367
m3.2xlarge	0.5	853abbeb-4223-41ce-b4bc-84e544d7629e	34180400	96f8e9d3-1400-4e4f-a1d4-0d396e6e88f2	mDiffFit	0.236434216	NA	NA	16543026	472593	1397814568.5318935	NA	NA	1397814568.5755947	1397814568.812157	NA	NA	1397814568.8126545
m3.2xlarge	0.5	853abbeb-4223-41ce-b4bc-84e544d7629e	34180740	a120c987-a047-48e4-bf2d-b9fa448a13cf	mDiffFit	0.201063442	NA	NA	16491186	224911	1397814568.6127481	NA	NA	1397814568.6134956	1397814568.8146162	NA	NA	1397814568.814839
m3.2xlarge	0.5	853abbeb-4223-41ce-b4bc-84e544d7629e	34181520	f546e46b-a208-463d-b37a-8b0c5287ac8b	mDiffFit	0.200530705	NA	NA	16525746	285387	1397814568.6138213	NA	NA	1397814568.6143801	1397814568.8149645	NA	NA	1397814568.8151426
m3.2xlarge	0.5	853abbeb-4223-41ce-b4bc-84e544d7629e	34180880	a99fe5cb-7b23-4659-990a-73e89f793d04	mDiffFit	0.1851502	NA	NA	16548786	305554	1397814568.6358838	NA	NA	1397814568.6366715	1397814568.8218913	NA	NA	1397814568.822085
m3.2xlarge	0.5	853abbeb-4223-41ce-b4bc-84e544d7629e	34181300	8e49f248-c0de-4201-9628-b29e031d584b	mDiffFit	0.134284566	NA	NA	16589106	224919	1397814568.7081428	NA	NA	1397814568.7090747	1397814568.8434246	NA	NA	1397814568.8436894
m3.2xlarge	0.5	853abbeb-4223-41ce-b4bc-84e544d7629e	34181140	3d09d697-b2b0-43fa-b0aa-117f34a8d549	mDiffFit	0.120626595	NA	NA	16496946	224913	1397814568.737764	NA	NA	1397814568.738623	1397814568.859343	NA	NA	1397814568.8595898
m3.2xlarge	0.5	853abbeb-4223-41ce-b4bc-84e544d7629e	34180560	f0bd0d46-1ca0-4a98-9294-49f8cb4916de	mDiffFit	0.151535457	NA	NA	16491186	498511	1397814568.7678123	NA	NA	1397814568.7684155	1397814568.9200275	NA	NA	1397814568.920198
m3.2xlarge	0.5	853abbeb-4223-41ce-b4bc-84e544d7629e	34181000	e46a2fed-5f65-4992-9ab3-be704df2cf89	mDiffFit	0.15353915	NA	NA	16491186	472588	1397814568.7703815	NA	NA	1397814568.77094	1397814568.924532	NA	NA	1397814568.9246924
m3.2xlarge	0.5	853abbeb-4223-41ce-b4bc-84e544d7629e	34180400	4439a2de-ee09-4896-93ee-402658223869	mConcatFit	1.694347206	NA	NA	25122	17057	1397814569.242169	NA	NA	1397814569.2472303	1397814570.9416862	NA	NA	1397814570.9427726
m3.2xlarge	0.5	853abbeb-4223-41ce-b4bc-84e544d7629e	34180740	5db8fd97-68ce-4788-b071-bf30751fea5a	mBgModel	6.739551952	NA	NA	22962	1873	1397814571.2072632	NA	NA	1397814571.2079256	1397814577.947589	NA	NA	1397814577.9486983
m3.2xlarge	0.5	853abbeb-4223-41ce-b4bc-84e544d7629e	34180880	6afe0940-e4ab-4363-b8e2-d8fe1f1d4ae3	mBackground	0.157589697	NA	NA	8250338	8242560	1397814578.4120693	NA	NA	1397814578.4124699	1397814578.5702126	NA	NA	1397814578.570724
m3.2xlarge	0.5	853abbeb-4223-41ce-b4bc-84e544d7629e	34181140	67e9be71-aebb-4505-b4e2-56f6c2d8a95b	mBackground	0.15711129	NA	NA	8307938	8300160	1397814578.4134083	NA	NA	1397814578.4137235	1397814578.5709229	NA	NA	1397814578.571226
m3.2xlarge	0.5	853abbeb-4223-41ce-b4bc-84e544d7629e	34181520	fb5ffe5e-1a8f-45cf-a870-a754281f968a	mBackground	0.213094925	NA	NA	8238818	8231040	1397814578.3605373	NA	NA	1397814578.3613675	1397814578.5745325	NA	NA	1397814578.5749285
m3.2xlarge	0.5	853abbeb-4223-41ce-b4bc-84e544d7629e	34180560	90e8bf4c-b2bf-4ccd-90f1-6dd977045967	mBackground	0.162058396	NA	NA	8296418	8288640	1397814578.4139857	NA	NA	1397814578.4143078	1397814578.5764244	NA	NA	1397814578.576604
m3.2xlarge	0.5	853abbeb-4223-41ce-b4bc-84e544d7629e	34181300	0caaddf4-9d10-436f-a84a-3b06e3d8d23d	mBackground	0.163508227	NA	NA	8238818	8231040	1397814578.412803	NA	NA	1397814578.4131317	1397814578.5767014	NA	NA	1397814578.576929
m3.2xlarge	0.5	853abbeb-4223-41ce-b4bc-84e544d7629e	34180740	29bff66d-91dc-4fe8-963e-3cb21ae26740	mBackground	0.280687133	NA	NA	8256098	8248320	1397814578.4156926	NA	NA	1397814578.4160023	1397814578.6968176	NA	NA	1397814578.697324
m3.2xlarge	0.5	853abbeb-4223-41ce-b4bc-84e544d7629e	34181000	f1aa2a3e-e806-4fa1-bc20-71c92d547675	mBackground	0.284776827	NA	NA	8256098	8248320	1397814578.4145765	NA	NA	1397814578.414884	1397814578.6997585	NA	NA	1397814578.700082
m3.2xlarge	0.5	853abbeb-4223-41ce-b4bc-84e544d7629e	34180400	cea146bc-68e2-4d0e-ae5f-08e63cedba7a	mBackground	0.284754664	NA	NA	8256098	8248320	1397814578.415149	NA	NA	1397814578.415449	1397814578.7002747	NA	NA	1397814578.7005625
m3.2xlarge	0.5	853abbeb-4223-41ce-b4bc-84e544d7629e	34181140	34a182b5-3a23-4fdb-af50-44bf7807f309	mBackground	0.150773024	NA	NA	8250338	8242560	1397814578.5836241	NA	NA	1397814578.5841863	1397814578.7350533	NA	NA	1397814578.7352395
m3.2xlarge	0.5	853abbeb-4223-41ce-b4bc-84e544d7629e	34181520	7f12ac9a-8802-42a9-b6c3-874a86f1d605	mBackground	0.19777793	NA	NA	8238818	8231040	1397814578.5845795	NA	NA	1397814578.5848937	1397814578.7827938	NA	NA	1397814578.7831414
m3.2xlarge	0.5	853abbeb-4223-41ce-b4bc-84e544d7629e	34181300	83dd0490-4334-4bbb-81a7-5742a63b5326	mBackground	0.199563473	NA	NA	8256098	8248320	1397814578.5856912	NA	NA	1397814578.586206	1397814578.7858393	NA	NA	1397814578.7860222
m3.2xlarge	0.5	853abbeb-4223-41ce-b4bc-84e544d7629e	34180880	aa9ffc20-fa99-43ed-99a4-3e7f525129d6	mBackground	0.219256232	NA	NA	8256098	8248320	1397814578.5865216	NA	NA	1397814578.5868297	1397814578.8062217	NA	NA	1397814578.8066716
m3.2xlarge	0.5	853abbeb-4223-41ce-b4bc-84e544d7629e	34180560	7c03b2c9-58ae-4f48-b96a-75ac0109cb94	mBackground	0.224937017	NA	NA	8267618	8259840	1397814578.5851479	NA	NA	1397814578.5854497	1397814578.810437	NA	NA	1397814578.8105967
m3.2xlarge	0.5	853abbeb-4223-41ce-b4bc-84e544d7629e	34180740	684a1e1c-30f5-4f27-9008-f9d89eef35d5	mBackground	0.159588774	NA	NA	8256098	8248320	1397814578.704203	NA	NA	1397814578.7047083	1397814578.8643641	NA	NA	1397814578.8645554
m3.2xlarge	0.5	853abbeb-4223-41ce-b4bc-84e544d7629e	34180400	07b08ad2-0dff-4dc0-b539-53f26a85da30	mBackground	0.150349812	NA	NA	8256098	8248320	1397814578.7339673	NA	NA	1397814578.734602	1397814578.8850951	NA	NA	1397814578.8855398
m3.2xlarge	0.5	853abbeb-4223-41ce-b4bc-84e544d7629e	34181140	43f9b743-391e-4d2c-a5b7-cadb15c31b77	mBackground	0.1747755	NA	NA	8238818	8231040	1397814578.7352753	NA	NA	1397814578.7355723	1397814578.910453	NA	NA	1397814578.9107926
m3.2xlarge	0.5	853abbeb-4223-41ce-b4bc-84e544d7629e	34181300	593a8eaa-6311-4c2f-b3ca-7f3b14e99d14	mBackground	0.168115878	NA	NA	8307938	8300160	1397814578.7860675	NA	NA	1397814578.7863934	1397814578.9545848	NA	NA	1397814578.9549055
m3.2xlarge	0.5	853abbeb-4223-41ce-b4bc-84e544d7629e	34181520	b97d661b-36d9-4cb3-9704-37572d2ab87e	mBackground	0.146339752	NA	NA	8256098	8248320	1397814578.8096762	NA	NA	1397814578.8100317	1397814578.9564245	NA	NA	1397814578.9568462
m3.2xlarge	0.5	853abbeb-4223-41ce-b4bc-84e544d7629e	34181000	94951068-35aa-466a-94af-5f2517e27a46	mBackground	0.14475805	NA	NA	8267618	8259840	1397814578.8334942	NA	NA	1397814578.8341563	1397814578.9790232	NA	NA	1397814578.979275
m3.2xlarge	0.5	853abbeb-4223-41ce-b4bc-84e544d7629e	34180560	5a5301d3-90a1-41da-acae-bd554eeef0cc	mBackground	0.161647582	NA	NA	8256098	8248320	1397814578.863607	NA	NA	1397814578.8640127	1397814579.0258067	NA	NA	1397814579.0263662
m3.2xlarge	0.5	853abbeb-4223-41ce-b4bc-84e544d7629e	34180880	a63f2b41-d681-4b6b-a845-e33020cabc37	mBackground	0.191534057	NA	NA	8290658	8282880	1397814578.8345923	NA	NA	1397814578.834952	1397814579.0265815	NA	NA	1397814579.026847
m3.2xlarge	0.5	853abbeb-4223-41ce-b4bc-84e544d7629e	34181140	f17b086c-0e58-4419-a5a3-3817f01c9d26	mBackground	0.155933209	NA	NA	8256098	8248320	1397814578.9506862	NA	NA	1397814578.9514303	1397814579.1075242	NA	NA	1397814579.1081605
m3.2xlarge	0.5	853abbeb-4223-41ce-b4bc-84e544d7629e	34181300	30c97559-3f8d-4c38-bc88-79c56a49e071	mBackground	0.178460039	NA	NA	8296418	8288640	1397814578.9827316	NA	NA	1397814578.983204	1397814579.1617525	NA	NA	1397814579.1620715
m3.2xlarge	0.5	853abbeb-4223-41ce-b4bc-84e544d7629e	34180400	8e211bbe-72cf-477f-bb57-88a09fe86d51	mBackground	0.209390653	NA	NA	8267618	8259840	1397814578.952142	NA	NA	1397814578.9526346	1397814579.1622267	NA	NA	1397814579.162413
m3.2xlarge	0.5	853abbeb-4223-41ce-b4bc-84e544d7629e	34180740	1412b1dc-c85b-4188-9256-0185dd209634	mBackground	0.241142626	NA	NA	8267618	8259840	1397814578.920723	NA	NA	1397814578.9213061	1397814579.1626074	NA	NA	1397814579.1627574
m3.2xlarge	0.5	853abbeb-4223-41ce-b4bc-84e544d7629e	34181000	ef62b89e-b83f-43c7-9dbc-eadc4ea65a09	mBackground	0.156835662	NA	NA	8256098	8248320	1397814579.0054178	NA	NA	1397814579.006091	1397814579.1629863	NA	NA	1397814579.163137
m3.2xlarge	0.5	853abbeb-4223-41ce-b4bc-84e544d7629e	34181520	b66ed056-91e5-43bf-8dcb-06606bd1657b	mBackground	0.184526648	NA	NA	8313698	8305920	1397814578.9837952	NA	NA	1397814578.9842129	1397814579.168791	NA	NA	1397814579.168923
m3.2xlarge	0.5	853abbeb-4223-41ce-b4bc-84e544d7629e	34180560	12e4ae9b-9597-466c-9be3-9f934c8ec531	mBackground	0.214974151	NA	NA	8256098	8248320	1397814579.0780437	NA	NA	1397814579.0791287	1397814579.2942336	NA	NA	1397814579.2945724
m3.2xlarge	0.5	853abbeb-4223-41ce-b4bc-84e544d7629e	34181140	306ba5c9-2ae5-4455-bd36-78359e4f5ad1	mBackground	0.15601587	NA	NA	8250338	8242560	1397814579.1378007	NA	NA	1397814579.1387591	1397814579.294905	NA	NA	1397814579.2953765
m3.2xlarge	0.5	853abbeb-4223-41ce-b4bc-84e544d7629e	34180880	27d73f05-dd8d-4ed2-9c12-dbff6feb865b	mBackground	0.214976906	NA	NA	8267618	8259840	1397814579.0796454	NA	NA	1397814579.0804675	1397814579.2955225	NA	NA	1397814579.2957573
m3.2xlarge	0.5	853abbeb-4223-41ce-b4bc-84e544d7629e	34181300	243eb6b0-2c84-4b5d-b74f-02abbfc56331	mBackground	0.120082515	NA	NA	8238818	8231040	1397814579.1753364	NA	NA	1397814579.175561	1397814579.2958822	NA	NA	1397814579.296123
m3.2xlarge	0.5	853abbeb-4223-41ce-b4bc-84e544d7629e	34180400	7d9095b2-3659-4f6c-9e84-1ce59d1a460e	mBackground	0.133057166	NA	NA	8250338	8242560	1397814579.1760192	NA	NA	1397814579.1764734	1397814579.3095877	NA	NA	1397814579.310179
m3.2xlarge	0.5	853abbeb-4223-41ce-b4bc-84e544d7629e	34180740	19e5174f-9924-4412-8a11-7ba3a5fe9115	mBackground	0.147670857	NA	NA	8250338	8242560	1397814579.176723	NA	NA	1397814579.1771865	1397814579.3249152	NA	NA	1397814579.3251407
m3.2xlarge	0.5	853abbeb-4223-41ce-b4bc-84e544d7629e	34181000	12d86fa7-29e1-4bcb-b249-7ed8ffb2070d	mBackground	0.165123907	NA	NA	8313698	8305920	1397814579.1774306	NA	NA	1397814579.177919	1397814579.3430989	NA	NA	1397814579.3432443
m3.2xlarge	0.5	853abbeb-4223-41ce-b4bc-84e544d7629e	34181520	25dbe653-d5ab-471d-b8a4-1faff96e18f3	mBackground	0.192644776	NA	NA	8256098	8248320	1397814579.178157	NA	NA	1397814579.1785786	1397814579.3712888	NA	NA	1397814579.371444
m3.2xlarge	0.5	853abbeb-4223-41ce-b4bc-84e544d7629e	34180560	dcd636d6-ff82-467e-b0db-6795c0f87a6e	mImgtbl	0.109824529	NA	NA	144489745	10121	1397814579.670673	NA	NA	1397814579.6744514	1397814579.78436	NA	NA	1397814579.785304
m3.2xlarge	0.5	853abbeb-4223-41ce-b4bc-84e544d7629e	34181140	60840df0-2f51-49f6-a097-bbec099214db	mAdd	0.641748965	NA	NA	288978107	51736320	1397814580.1028235	NA	NA	1397814580.110143	1397814580.7520015	NA	NA	1397814580.7534666
m3.2xlarge	0.5	853abbeb-4223-41ce-b4bc-84e544d7629e	34180880	f2c124b5-ae49-4ef5-8af2-128258e0d08d	mShrink	0.250208084	NA	NA	25868160	6471360	1397814581.0207117	NA	NA	1397814581.0212383	1397814581.2715454	NA	NA	1397814581.2730033
m3.2xlarge	0.5	853abbeb-4223-41ce-b4bc-84e544d7629e	34181300	f3b9aa8e-122a-4c7f-85f6-51c0539c1f45	mJPEG	0.281333017	NA	NA	6471360	119281	1397814581.5355918	NA	NA	1397814581.535794	1397814581.817215	NA	NA	1397814581.8185256
