m3.large	0.5	8ae9c1e4-8e45-4ca9-9fb8-86dbf872ad6e	39405540	da689119-89d6-4973-992a-88c0a714686a	mProjectPP	1.362964767	NA	NA	2111346	8231040	1397782553.481278	NA	NA	1397782553.4931388	1397782554.856206	NA	NA	1397782554.8565395
m3.large	0.5	8ae9c1e4-8e45-4ca9-9fb8-86dbf872ad6e	39405380	a4cea90c-1b33-4b31-937c-fdec3ee3ad00	mProjectPP	1.362891672	NA	NA	2111346	8242560	1397782553.4949265	NA	NA	1397782553.4951017	1397782554.8580394	NA	NA	1397782554.8581963
m3.large	0.5	8ae9c1e4-8e45-4ca9-9fb8-86dbf872ad6e	39405540	2686dd0f-9536-464b-9899-d1d7a5b9cb8f	mProjectPP	1.291010845	NA	NA	2111346	8231040	1397782554.8612902	NA	NA	1397782554.8615804	1397782556.152674	NA	NA	1397782556.1536367
m3.large	0.5	8ae9c1e4-8e45-4ca9-9fb8-86dbf872ad6e	39405380	6ca2a3b4-b9eb-42ea-8bfd-f9554c6ba08b	mProjectPP	1.307683985	NA	NA	2111346	8300160	1397782554.8772624	NA	NA	1397782554.8776894	1397782556.1854613	NA	NA	1397782556.1857445
m3.large	0.5	8ae9c1e4-8e45-4ca9-9fb8-86dbf872ad6e	39405540	612178ae-8282-45bc-9807-c2e368332d76	mProjectPP	1.303248959	NA	NA	2111346	8288640	1397782556.1575449	NA	NA	1397782556.1579173	1397782557.4613044	NA	NA	1397782557.4619346
m3.large	0.5	8ae9c1e4-8e45-4ca9-9fb8-86dbf872ad6e	39405380	d02cc911-d583-4b08-a4c0-c28b5ec42364	mProjectPP	1.296463411	NA	NA	2111346	8248320	1397782556.1891308	NA	NA	1397782556.189319	1397782557.4858518	NA	NA	1397782557.4861
m3.large	0.5	8ae9c1e4-8e45-4ca9-9fb8-86dbf872ad6e	39405540	c673cdad-9b25-45e4-a625-38b4598f153b	mProjectPP	1.261850087	NA	NA	2111346	8248320	1397782557.4666753	NA	NA	1397782557.4671166	1397782558.729075	NA	NA	1397782558.730517
m3.large	0.5	8ae9c1e4-8e45-4ca9-9fb8-86dbf872ad6e	39405380	c844e03c-f8f3-455b-961e-72e97fe19591	mProjectPP	1.301716736	NA	NA	2111346	8248320	1397782557.4894688	NA	NA	1397782557.4897406	1397782558.791549	NA	NA	1397782558.7918842
m3.large	0.5	8ae9c1e4-8e45-4ca9-9fb8-86dbf872ad6e	39405540	2f952109-77ed-4dd8-809e-160d2063dacc	mProjectPP	1.273703504	NA	NA	2111346	8242560	1397782558.7345366	NA	NA	1397782558.7348998	1397782560.008731	NA	NA	1397782560.0091755
m3.large	0.5	8ae9c1e4-8e45-4ca9-9fb8-86dbf872ad6e	39405380	75254372-0b31-4acb-a5e6-49b32fbc6570	mProjectPP	1.274087035	NA	NA	2111346	8231040	1397782558.795769	NA	NA	1397782558.796011	1397782560.070333	NA	NA	1397782560.0706666
m3.large	0.5	8ae9c1e4-8e45-4ca9-9fb8-86dbf872ad6e	39405540	9d2c202f-62d6-4b5b-81e5-f5760316592f	mProjectPP	1.280476397	NA	NA	2111346	8259840	1397782560.0137153	NA	NA	1397782560.0139725	1397782561.2945812	NA	NA	1397782561.2950673
m3.large	0.5	8ae9c1e4-8e45-4ca9-9fb8-86dbf872ad6e	39405380	81429e51-f2ec-4105-9358-8c00183cb4f1	mProjectPP	1.273838432	NA	NA	2111346	8248320	1397782560.074901	NA	NA	1397782560.0750992	1397782561.3490326	NA	NA	1397782561.349377
m3.large	0.5	8ae9c1e4-8e45-4ca9-9fb8-86dbf872ad6e	39405540	c469501b-a91e-465c-be83-1801c108254b	mProjectPP	1.284815685	NA	NA	2111346	8248320	1397782561.300014	NA	NA	1397782561.3002703	1397782562.5852032	NA	NA	1397782562.5855696
m3.large	0.5	8ae9c1e4-8e45-4ca9-9fb8-86dbf872ad6e	39405380	8d67bea7-23e2-4747-964a-19583313ff5e	mProjectPP	1.272598657	NA	NA	2111346	8248320	1397782561.3539982	NA	NA	1397782561.3542428	1397782562.626918	NA	NA	1397782562.627282
m3.large	0.5	8ae9c1e4-8e45-4ca9-9fb8-86dbf872ad6e	39405540	1bd0e465-d4b3-4ca3-b8bb-db79a4285127	mProjectPP	1.284914257	NA	NA	2111346	8248320	1397782562.5899196	NA	NA	1397782562.5901744	1397782563.875189	NA	NA	1397782563.876194
m3.large	0.5	8ae9c1e4-8e45-4ca9-9fb8-86dbf872ad6e	39405380	e77ddaba-38c0-4edf-b132-1bd32fd70cb9	mProjectPP	1.272105173	NA	NA	2111346	8231040	1397782562.631415	NA	NA	1397782562.6316936	1397782563.9038734	NA	NA	1397782563.9041555
m3.large	0.5	8ae9c1e4-8e45-4ca9-9fb8-86dbf872ad6e	39405540	2bef913d-84c4-4433-ae4d-1e38a94ba1d9	mProjectPP	1.276422714	NA	NA	2111346	8300160	1397782563.8807247	NA	NA	1397782563.8810282	1397782565.1575544	NA	NA	1397782565.1589577
m3.large	0.5	8ae9c1e4-8e45-4ca9-9fb8-86dbf872ad6e	39405380	ac8fa693-e70f-43e0-bed5-e8f9b1e03c6b	mProjectPP	1.280434844	NA	NA	2111346	8248320	1397782563.9089856	NA	NA	1397782563.9091733	1397782565.189701	NA	NA	1397782565.1900432
m3.large	0.5	8ae9c1e4-8e45-4ca9-9fb8-86dbf872ad6e	39405540	1a88ef80-bd4c-46f9-b6d7-afb0a97b8e14	mProjectPP	1.297353617	NA	NA	2111346	8259840	1397782565.1662996	NA	NA	1397782565.166669	1397782566.4641376	NA	NA	1397782566.4657226
m3.large	0.5	8ae9c1e4-8e45-4ca9-9fb8-86dbf872ad6e	39405380	a55f8633-6b32-482a-89de-6e11aa0f3fc2	mProjectPP	1.296551799	NA	NA	2111346	8282880	1397782565.193781	NA	NA	1397782565.1940918	1397782566.490713	NA	NA	1397782566.4910114
m3.large	0.5	8ae9c1e4-8e45-4ca9-9fb8-86dbf872ad6e	39405540	7e1ee1e4-2037-4c2e-97ca-606d6a26cd62	mProjectPP	1.288250462	NA	NA	2111346	8248320	1397782566.4699178	NA	NA	1397782566.470201	1397782567.7585597	NA	NA	1397782567.760141
m3.large	0.5	8ae9c1e4-8e45-4ca9-9fb8-86dbf872ad6e	39405380	3de413e6-2e50-4f26-8796-03b04c1c89a0	mProjectPP	1.294621552	NA	NA	2111346	8259840	1397782566.494623	NA	NA	1397782566.4948664	1397782567.7895958	NA	NA	1397782567.789837
m3.large	0.5	8ae9c1e4-8e45-4ca9-9fb8-86dbf872ad6e	39405540	996eb47a-68e4-49da-8ec3-bfa4029ff3ba	mProjectPP	1.278282022	NA	NA	2111346	8248320	1397782567.7643738	NA	NA	1397782567.7646651	1397782569.0430603	NA	NA	1397782569.04346
m3.large	0.5	8ae9c1e4-8e45-4ca9-9fb8-86dbf872ad6e	39405380	32c6cce7-f379-4118-806a-2141d23bb984	mProjectPP	1.284514756	NA	NA	2111346	8259840	1397782567.7933338	NA	NA	1397782567.793522	1397782569.0781164	NA	NA	1397782569.078384
m3.large	0.5	8ae9c1e4-8e45-4ca9-9fb8-86dbf872ad6e	39405540	0712b659-8879-42bc-ba0c-8c59a055649b	mProjectPP	1.295491323	NA	NA	2111346	8288640	1397782569.048365	NA	NA	1397782569.048611	1397782570.3442304	NA	NA	1397782570.3448951
m3.large	0.5	8ae9c1e4-8e45-4ca9-9fb8-86dbf872ad6e	39405380	802c055d-c1bc-4f00-855b-8191d984f6ec	mProjectPP	1.290272124	NA	NA	2111346	8305920	1397782569.0817285	NA	NA	1397782569.0819213	1397782570.3722737	NA	NA	1397782570.3726091
m3.large	0.5	8ae9c1e4-8e45-4ca9-9fb8-86dbf872ad6e	39405540	f130c3ee-09e4-473f-8e66-9edb95046dac	mProjectPP	1.264079564	NA	NA	2111346	8248320	1397782570.3498394	NA	NA	1397782570.3501372	1397782571.6143787	NA	NA	1397782571.6147835
m3.large	0.5	8ae9c1e4-8e45-4ca9-9fb8-86dbf872ad6e	39405380	44200f81-8e8c-4ba4-ba69-2315af00b8a6	mProjectPP	1.284158628	NA	NA	2111346	8248320	1397782570.3761804	NA	NA	1397782570.3764608	1397782571.660716	NA	NA	1397782571.661019
m3.large	0.5	8ae9c1e4-8e45-4ca9-9fb8-86dbf872ad6e	39405540	ac66ed08-b19b-459c-bd2e-8bf22ad95ed5	mProjectPP	1.256395029	NA	NA	2111346	8259840	1397782571.6195552	NA	NA	1397782571.619817	1397782572.8763251	NA	NA	1397782572.8769097
m3.large	0.5	8ae9c1e4-8e45-4ca9-9fb8-86dbf872ad6e	39405380	6dff0962-ee68-462c-b609-bb2c696e9d22	mProjectPP	1.295225726	NA	NA	2111346	8242560	1397782571.6647267	NA	NA	1397782571.664985	1397782572.9603186	NA	NA	1397782572.960782
m3.large	0.5	8ae9c1e4-8e45-4ca9-9fb8-86dbf872ad6e	39405540	f1efdffa-c964-4441-872d-be45d68d5766	mProjectPP	1.27598863	NA	NA	2111346	8231040	1397782572.8809984	NA	NA	1397782572.8812485	1397782574.157355	NA	NA	1397782574.1577318
m3.large	0.5	8ae9c1e4-8e45-4ca9-9fb8-86dbf872ad6e	39405380	82a0deb8-c277-4eb7-a068-7068225ce65d	mProjectPP	1.253924614	NA	NA	2111346	8242560	1397782572.9648092	NA	NA	1397782572.9651845	1397782574.2192087	NA	NA	1397782574.219533
m3.large	0.5	8ae9c1e4-8e45-4ca9-9fb8-86dbf872ad6e	39405540	7898e81a-68e8-4d29-8914-9c6412741858	mProjectPP	1.286433146	NA	NA	2111346	8242560	1397782574.1620195	NA	NA	1397782574.162268	1397782575.4488187	NA	NA	1397782575.4492877
m3.large	0.5	8ae9c1e4-8e45-4ca9-9fb8-86dbf872ad6e	39405380	0bf8f8f0-11ad-4d4f-a087-117f5c4ebcf4	mProjectPP	1.278665034	NA	NA	2111346	8305920	1397782574.2234519	NA	NA	1397782574.2237241	1397782575.5024827	NA	NA	1397782575.5028524
m3.large	0.5	8ae9c1e4-8e45-4ca9-9fb8-86dbf872ad6e	39405380	bbe554f1-0814-4aaa-ba1e-d6333bf4f6da	mDiffFit	0.265405742	NA	NA	16473906	147146	1397782575.5070376	NA	NA	1397782575.5078454	1397782575.7733598	NA	NA	1397782575.7736847
m3.large	0.5	8ae9c1e4-8e45-4ca9-9fb8-86dbf872ad6e	39405380	50c4c586-79a2-4ac1-bfa0-88b10dd8a294	mDiffFit	0.193671273	NA	NA	16531506	472594	1397782575.7778869	NA	NA	1397782575.7788434	1397782575.972623	NA	NA	1397782575.9729748
m3.large	0.5	8ae9c1e4-8e45-4ca9-9fb8-86dbf872ad6e	39405380	a7d48b6b-d28b-465a-9c3e-98b0c9b568a2	mDiffFit	0.143344739	NA	NA	16589106	222032	1397782575.9772615	NA	NA	1397782575.9780552	1397782576.1215	NA	NA	1397782576.1219106
m3.large	0.5	8ae9c1e4-8e45-4ca9-9fb8-86dbf872ad6e	39405380	92edfebb-5e01-464e-a39b-4cfc7fbc2728	mDiffFit	0.14328489	NA	NA	16479666	222029	1397782576.1261508	NA	NA	1397782576.1270888	1397782576.2704737	NA	NA	1397782576.2707973
m3.large	0.5	8ae9c1e4-8e45-4ca9-9fb8-86dbf872ad6e	39405380	964f7f0a-6c44-44b4-a894-b5c8148da530	mDiffFit	0.128107305	NA	NA	16491186	144271	1397782576.2748656	NA	NA	1397782576.275673	1397782576.4038663	NA	NA	1397782576.4041991
m3.large	0.5	8ae9c1e4-8e45-4ca9-9fb8-86dbf872ad6e	39405380	c4357a77-4457-4f4b-b5e3-b760f31b24e0	mDiffFit	0.14322591	NA	NA	16548786	250828	1397782576.4083643	NA	NA	1397782576.4092016	1397782576.5525339	NA	NA	1397782576.5529444
m3.large	0.5	8ae9c1e4-8e45-4ca9-9fb8-86dbf872ad6e	39405540	e5afddc2-5bd6-4db5-a996-471720bc91f7	mProjectPP	1.129640476	NA	NA	2111346	8248320	1397782575.4532237	NA	NA	1397782575.4534721	1397782576.5831904	NA	NA	1397782576.5835059
m3.large	0.5	8ae9c1e4-8e45-4ca9-9fb8-86dbf872ad6e	39405540	f80ac127-2217-460f-8ec3-81483c58a231	mDiffFit	0.123886299	NA	NA	16479666	147143	1397782576.5874937	NA	NA	1397782576.58813	1397782576.7121036	NA	NA	1397782576.712435
m3.large	0.5	8ae9c1e4-8e45-4ca9-9fb8-86dbf872ad6e	39405380	ae0c1c89-2ee6-460d-84f4-68c734c6002f	mDiffFit	0.184564556	NA	NA	16537266	472590	1397782576.5574763	NA	NA	1397782576.558617	1397782576.7433004	NA	NA	1397782576.7436466
m3.large	0.5	8ae9c1e4-8e45-4ca9-9fb8-86dbf872ad6e	39405540	985ccda1-e42b-42e7-9840-c12f775b5b41	mDiffFit	0.134390001	NA	NA	16491186	219152	1397782576.7166827	NA	NA	1397782576.7175784	1397782576.8520918	NA	NA	1397782576.8524227
m3.large	0.5	8ae9c1e4-8e45-4ca9-9fb8-86dbf872ad6e	39405380	da135a55-19ae-47e0-a7f5-0d285f73067f	mDiffFit	0.187839079	NA	NA	16479666	466822	1397782576.7478652	NA	NA	1397782576.748737	1397782576.9366913	NA	NA	1397782576.937056
m3.large	0.5	8ae9c1e4-8e45-4ca9-9fb8-86dbf872ad6e	39405540	33811182-f523-4d99-86d4-7d7075f33ab1	mDiffFit	0.179331557	NA	NA	16496946	481232	1397782576.8566658	NA	NA	1397782576.8574734	1397782577.0369084	NA	NA	1397782577.0372298
m3.large	0.5	8ae9c1e4-8e45-4ca9-9fb8-86dbf872ad6e	39405380	a9036d0b-82ed-46ed-ae9f-09f7815a84aa	mDiffFit	0.123723234	NA	NA	16479666	155786	1397782576.9414148	NA	NA	1397782576.9423013	1397782577.0661218	NA	NA	1397782577.0663755
m3.large	0.5	8ae9c1e4-8e45-4ca9-9fb8-86dbf872ad6e	39405380	7c82c923-d358-4c1d-8b99-d4991cfad452	mDiffFit	0.133408068	NA	NA	16473906	222033	1397782577.070344	NA	NA	1397782577.0708675	1397782577.2043908	NA	NA	1397782577.2049026
m3.large	0.5	8ae9c1e4-8e45-4ca9-9fb8-86dbf872ad6e	39405540	eb1aaff1-1419-4846-b407-36206ab75ee4	mDiffFit	0.191542044	NA	NA	16485426	472591	1397782577.0411282	NA	NA	1397782577.0419593	1397782577.233597	NA	NA	1397782577.2338321
m3.large	0.5	8ae9c1e4-8e45-4ca9-9fb8-86dbf872ad6e	39405380	474671c6-073f-41ee-b708-058548befa03	mDiffFit	0.184257076	NA	NA	16491186	492747	1397782577.209748	NA	NA	1397782577.2106962	1397782577.395062	NA	NA	1397782577.3963156
m3.large	0.5	8ae9c1e4-8e45-4ca9-9fb8-86dbf872ad6e	39405540	0740a89f-df53-42d5-8dd0-e75633e003a4	mDiffFit	0.18670481	NA	NA	16473906	469714	1397782577.238029	NA	NA	1397782577.2388186	1397782577.425647	NA	NA	1397782577.4260046
m3.large	0.5	8ae9c1e4-8e45-4ca9-9fb8-86dbf872ad6e	39405380	48dc815c-715a-4a64-9af8-eeafd0206d9e	mDiffFit	0.141810176	NA	NA	16519986	247952	1397782577.4001944	NA	NA	1397782577.4010928	1397782577.5430348	NA	NA	1397782577.5434384
m3.large	0.5	8ae9c1e4-8e45-4ca9-9fb8-86dbf872ad6e	39405540	2fa95ddd-848c-43a8-99dc-6d6062337485	mDiffFit	0.140612813	NA	NA	16479666	224915	1397782577.4299252	NA	NA	1397782577.4308934	1397782577.5715861	NA	NA	1397782577.5718365
m3.large	0.5	8ae9c1e4-8e45-4ca9-9fb8-86dbf872ad6e	39405540	262ead71-7386-4241-8fc4-042eaef194d1	mDiffFit	0.142960592	NA	NA	16479666	224912	1397782577.5758982	NA	NA	1397782577.5768673	1397782577.7199326	NA	NA	1397782577.7203271
m3.large	0.5	8ae9c1e4-8e45-4ca9-9fb8-86dbf872ad6e	39405380	f4504dee-713f-4ba4-a6c9-c093bf81a1f0	mDiffFit	0.196885136	NA	NA	16508466	478346	1397782577.5476756	NA	NA	1397782577.5487342	1397782577.745738	NA	NA	1397782577.7461822
m3.large	0.5	8ae9c1e4-8e45-4ca9-9fb8-86dbf872ad6e	39405540	44a8b575-f71b-445d-aec6-b1e304df6540	mDiffFit	0.124751114	NA	NA	16496946	144262	1397782577.724816	NA	NA	1397782577.7259293	1397782577.850787	NA	NA	1397782577.8511932
m3.large	0.5	8ae9c1e4-8e45-4ca9-9fb8-86dbf872ad6e	39405380	d7da5859-0098-41eb-bdbd-bd18376ce0ca	mDiffFit	0.179301947	NA	NA	16496946	492743	1397782577.750699	NA	NA	1397782577.7513444	1397782577.9307494	NA	NA	1397782577.931185
m3.large	0.5	8ae9c1e4-8e45-4ca9-9fb8-86dbf872ad6e	39405540	f895c27a-3c43-4755-bd2a-a1aeb8ae25bd	mDiffFit	0.180403565	NA	NA	16479666	492746	1397782577.8556924	NA	NA	1397782577.8565195	1397782578.0371068	NA	NA	1397782578.0374343
m3.large	0.5	8ae9c1e4-8e45-4ca9-9fb8-86dbf872ad6e	39405380	ed93468b-78a2-40cc-9904-bf08c8d10152	mDiffFit	0.137182614	NA	NA	16496946	222027	1397782577.9356425	NA	NA	1397782577.9369357	1397782578.0742216	NA	NA	1397782578.0747182
m3.large	0.5	8ae9c1e4-8e45-4ca9-9fb8-86dbf872ad6e	39405540	1cdfdeed-e2e3-436a-a388-ed44d2797dc7	mDiffFit	0.129983653	NA	NA	16496946	155777	1397782578.0418038	NA	NA	1397782578.0428104	1397782578.1728952	NA	NA	1397782578.1733377
m3.large	0.5	8ae9c1e4-8e45-4ca9-9fb8-86dbf872ad6e	39405380	329a595e-373f-4c3b-98de-b0b53fa5654a	mDiffFit	0.129758542	NA	NA	16496946	224900	1397782578.0789983	NA	NA	1397782578.0801404	1397782578.2099984	NA	NA	1397782578.2104576
m3.large	0.5	8ae9c1e4-8e45-4ca9-9fb8-86dbf872ad6e	39405540	a6df7090-e06b-4212-86d2-d6b9390b65e0	mDiffFit	0.126205222	NA	NA	16496946	150020	1397782578.177873	NA	NA	1397782578.178833	1397782578.3051484	NA	NA	1397782578.3056204
m3.large	0.5	8ae9c1e4-8e45-4ca9-9fb8-86dbf872ad6e	39405380	1d55d391-7df7-4705-954c-8f0b2857fe81	mDiffFit	0.135417574	NA	NA	16508466	219152	1397782578.2145522	NA	NA	1397782578.2156336	1397782578.3511555	NA	NA	1397782578.3516328
m3.large	0.5	8ae9c1e4-8e45-4ca9-9fb8-86dbf872ad6e	39405540	4dac8986-f3b4-46d1-946d-a94b3c94a0b5	mDiffFit	0.187117716	NA	NA	16496946	486982	1397782578.3097904	NA	NA	1397782578.3107965	1397782578.4980366	NA	NA	1397782578.4991176
m3.large	0.5	8ae9c1e4-8e45-4ca9-9fb8-86dbf872ad6e	39405380	917dc3df-8f8d-4b32-9cb4-8817247ae810	mDiffFit	0.186558539	NA	NA	16479666	486982	1397782578.3560772	NA	NA	1397782578.3570933	1397782578.5437553	NA	NA	1397782578.5441828
m3.large	0.5	8ae9c1e4-8e45-4ca9-9fb8-86dbf872ad6e	39405540	ccd7b57c-52de-4696-9c3c-359286b2c7b9	mDiffFit	0.126481567	NA	NA	16479666	152900	1397782578.5029867	NA	NA	1397782578.5039334	1397782578.6305296	NA	NA	1397782578.6309707
m3.large	0.5	8ae9c1e4-8e45-4ca9-9fb8-86dbf872ad6e	39405380	10b3355d-68fd-45de-bd96-b444bf5406e0	mDiffFit	0.13491012	NA	NA	16479666	224906	1397782578.5483055	NA	NA	1397782578.5496047	1397782578.6847365	NA	NA	1397782578.6852014
m3.large	0.5	8ae9c1e4-8e45-4ca9-9fb8-86dbf872ad6e	39405540	1a5d1922-a46e-48d7-bd81-50900be54c56	mDiffFit	0.144745275	NA	NA	16531506	253710	1397782578.6355407	NA	NA	1397782578.6365402	1397782578.7813895	NA	NA	1397782578.7822452
m3.large	0.5	8ae9c1e4-8e45-4ca9-9fb8-86dbf872ad6e	39405380	1965cb24-cf3a-4e66-8816-946aaa9eaf04	mDiffFit	0.136383549	NA	NA	16600626	224919	1397782578.690278	NA	NA	1397782578.691185	1397782578.8276777	NA	NA	1397782578.8281608
m3.large	0.5	8ae9c1e4-8e45-4ca9-9fb8-86dbf872ad6e	39405380	960d6ffb-a3b0-4605-80f0-8c4e0bae15da	mDiffFit	0.141077293	NA	NA	16496946	219145	1397782578.8326278	NA	NA	1397782578.8340704	1397782578.9752724	NA	NA	1397782578.9762928
m3.large	0.5	8ae9c1e4-8e45-4ca9-9fb8-86dbf872ad6e	39405540	6ee92b0a-2f94-4832-bd21-85ab0d24bcb9	mDiffFit	0.191466793	NA	NA	16479666	489873	1397782578.7866411	NA	NA	1397782578.78778	1397782578.979382	NA	NA	1397782578.9796839
m3.large	0.5	8ae9c1e4-8e45-4ca9-9fb8-86dbf872ad6e	39405380	14bcf8f6-20dc-4930-b588-434a21bcc3f2	mDiffFit	0.176234524	NA	NA	16496946	458186	1397782578.9819958	NA	NA	1397782578.9832675	1397782579.1596227	NA	NA	1397782579.1600704
m3.large	0.5	8ae9c1e4-8e45-4ca9-9fb8-86dbf872ad6e	39405540	f80346e3-e9bb-4398-b50b-8d53e98085f6	mDiffFit	0.151481638	NA	NA	16508466	222030	1397782579.001052	NA	NA	1397782579.0335872	1397782579.1851711	NA	NA	1397782579.185419
m3.large	0.5	8ae9c1e4-8e45-4ca9-9fb8-86dbf872ad6e	39405540	33ff2a37-d199-48e6-aa37-f24fef330eb6	mDiffFit	0.125794819	NA	NA	16491186	155781	1397782579.1894472	NA	NA	1397782579.1902454	1397782579.3161383	NA	NA	1397782579.3165414
m3.large	0.5	8ae9c1e4-8e45-4ca9-9fb8-86dbf872ad6e	39405380	2bbc9cf9-ab1c-4b76-a4d8-a144f2bb105d	mDiffFit	0.182678122	NA	NA	16508466	507144	1397782579.1648092	NA	NA	1397782579.1657374	1397782579.3484912	NA	NA	1397782579.348774
m3.large	0.5	8ae9c1e4-8e45-4ca9-9fb8-86dbf872ad6e	39405380	4267d8c0-d6c2-47e9-b535-21d85bc85dfe	mDiffFit	0.136382004	NA	NA	16508466	224899	1397782579.3528776	NA	NA	1397782579.353461	1397782579.4899497	NA	NA	1397782579.4914744
m3.large	0.5	8ae9c1e4-8e45-4ca9-9fb8-86dbf872ad6e	39405540	cda189a6-5176-4341-8424-0af716232f36	mDiffFit	0.19622722	NA	NA	16508466	472588	1397782579.320742	NA	NA	1397782579.3215497	1397782579.5179286	NA	NA	1397782579.518365
m3.large	0.5	8ae9c1e4-8e45-4ca9-9fb8-86dbf872ad6e	39405540	fdf2a495-4b34-43f2-956d-775417f117f0	mDiffFit	0.145574766	NA	NA	16519986	222027	1397782579.5220492	NA	NA	1397782579.5229933	1397782579.668673	NA	NA	1397782579.6690497
m3.large	0.5	8ae9c1e4-8e45-4ca9-9fb8-86dbf872ad6e	39405380	25b66961-c774-40a5-8d6a-a9c6cdae1281	mDiffFit	0.197271189	NA	NA	16479666	492744	1397782579.4949796	NA	NA	1397782579.4960186	1397782579.6933675	NA	NA	1397782579.6936054
m3.large	0.5	8ae9c1e4-8e45-4ca9-9fb8-86dbf872ad6e	39405380	b6e59247-dadc-4b6b-a8f8-4335a01e7794	mDiffFit	0.130387661	NA	NA	16508466	155784	1397782579.6975079	NA	NA	1397782579.6983883	1397782579.8288794	NA	NA	1397782579.8294003
m3.large	0.5	8ae9c1e4-8e45-4ca9-9fb8-86dbf872ad6e	39405540	7f4a866f-4d43-45cb-89fb-158718762f7d	mDiffFit	0.183434631	NA	NA	16519986	504264	1397782579.6734955	NA	NA	1397782579.6744008	1397782579.8579333	NA	NA	1397782579.8581758
m3.large	0.5	8ae9c1e4-8e45-4ca9-9fb8-86dbf872ad6e	39405540	1f7fb5c8-426f-4f70-8ca6-d7eae17026a3	mDiffFit	0.121412815	NA	NA	16508466	144264	1397782579.8623497	NA	NA	1397782579.8632615	1397782579.9847813	NA	NA	1397782579.9852562
m3.large	0.5	8ae9c1e4-8e45-4ca9-9fb8-86dbf872ad6e	39405380	0f070e45-4bce-473b-b19e-2bdb1e5d523d	mDiffFit	0.182786759	NA	NA	16519986	472590	1397782579.8337266	NA	NA	1397782579.8345933	1397782580.0174823	NA	NA	1397782580.0179334
m3.large	0.5	8ae9c1e4-8e45-4ca9-9fb8-86dbf872ad6e	39405540	78eb9e2b-dff7-48ae-9d30-4f093ebe0b27	mDiffFit	0.151923507	NA	NA	16548786	311308	1397782579.9897223	NA	NA	1397782579.9905336	1397782580.1425502	NA	NA	1397782580.143411
m3.large	0.5	8ae9c1e4-8e45-4ca9-9fb8-86dbf872ad6e	39405380	a43acc0b-77ce-484f-9765-995fb7f7c95e	mDiffFit	0.153335839	NA	NA	16537266	288266	1397782580.02156	NA	NA	1397782580.022589	1397782580.1760275	NA	NA	1397782580.1763728
m3.large	0.5	8ae9c1e4-8e45-4ca9-9fb8-86dbf872ad6e	39405540	70033707-6073-4ddb-9f40-5b6dc9e2ed8d	mDiffFit	0.138752912	NA	NA	16594866	222030	1397782580.1474338	NA	NA	1397782580.1482189	1397782580.2870808	NA	NA	1397782580.2875223
m3.large	0.5	8ae9c1e4-8e45-4ca9-9fb8-86dbf872ad6e	39405380	bd0cba7a-d22b-40db-b2d8-ed4555f405cc	mDiffFit	0.137905432	NA	NA	16589106	224912	1397782580.1806026	NA	NA	1397782580.1813142	1397782580.319299	NA	NA	1397782580.319502
m3.large	0.5	8ae9c1e4-8e45-4ca9-9fb8-86dbf872ad6e	39405540	8050aafa-2fda-4b8b-8729-4b7cc5c93984	mDiffFit	0.16398481	NA	NA	16554546	311303	1397782580.2921982	NA	NA	1397782580.2930446	1397782580.4571264	NA	NA	1397782580.4574265
m3.large	0.5	8ae9c1e4-8e45-4ca9-9fb8-86dbf872ad6e	39405380	1a166a42-7396-4a5b-bb4e-243375ceb44e	mDiffFit	0.134338376	NA	NA	16508466	147143	1397782580.3240404	NA	NA	1397782580.3245873	1397782580.4589715	NA	NA	1397782580.459129
m3.large	0.5	8ae9c1e4-8e45-4ca9-9fb8-86dbf872ad6e	39405380	9469c2df-c64c-466a-9bad-87bf701aedf0	mDiffFit	0.165284455	NA	NA	16554546	279628	1397782580.463116	NA	NA	1397782580.4636185	1397782580.6290107	NA	NA	1397782580.6296215
m3.large	0.5	8ae9c1e4-8e45-4ca9-9fb8-86dbf872ad6e	39405540	472843f1-7022-4048-9b85-22cd7dd71c6a	mDiffFit	0.192755379	NA	NA	16496946	472587	1397782580.4623966	NA	NA	1397782580.4628816	1397782580.6558213	NA	NA	1397782580.6560543
m3.large	0.5	8ae9c1e4-8e45-4ca9-9fb8-86dbf872ad6e	39405380	65f79f4a-8ae3-4354-b43a-a12d2fdbd7b7	mDiffFit	0.145997187	NA	NA	16531506	305549	1397782580.6345067	NA	NA	1397782580.635515	1397782580.7816432	NA	NA	1397782580.7819986
m3.large	0.5	8ae9c1e4-8e45-4ca9-9fb8-86dbf872ad6e	39405540	0c9e73cc-76e0-467d-92d6-fb28f249d298	mDiffFit	0.148964995	NA	NA	16496946	224908	1397782580.6602304	NA	NA	1397782580.6611094	1397782580.8101478	NA	NA	1397782580.8105972
m3.large	0.5	8ae9c1e4-8e45-4ca9-9fb8-86dbf872ad6e	39405380	6a588959-956d-4f0a-a7f5-e600adef4cd3	mDiffFit	0.142762562	NA	NA	16496946	224911	1397782580.7864301	NA	NA	1397782580.7872412	1397782580.9300997	NA	NA	1397782580.9310727
m3.large	0.5	8ae9c1e4-8e45-4ca9-9fb8-86dbf872ad6e	39405540	c8275c5f-8541-4db1-b1a6-331d7d7e3b62	mDiffFit	0.140302569	NA	NA	16496946	155785	1397782580.814571	NA	NA	1397782580.8155372	1397782580.9559174	NA	NA	1397782580.9561436
m3.large	0.5	8ae9c1e4-8e45-4ca9-9fb8-86dbf872ad6e	39405380	46de2a52-7d0a-4c3a-bf4a-ca57b3a00f0a	mDiffFit	0.116351703	NA	NA	16496946	144269	1397782580.9352596	NA	NA	1397782580.9360125	1397782581.052488	NA	NA	1397782581.05283
m3.large	0.5	8ae9c1e4-8e45-4ca9-9fb8-86dbf872ad6e	39405540	84b776a9-fe07-4911-8f45-027e026a433d	mDiffFit	0.191212052	NA	NA	16508466	492748	1397782580.9604735	NA	NA	1397782580.9609935	1397782581.1522987	NA	NA	1397782581.1525862
m3.large	0.5	8ae9c1e4-8e45-4ca9-9fb8-86dbf872ad6e	39405380	226f63fe-f0e2-4d53-86c7-1c8fda577062	mDiffFit	0.132271971	NA	NA	16508466	222029	1397782581.057232	NA	NA	1397782581.058148	1397782581.1905026	NA	NA	1397782581.1908233
m3.large	0.5	8ae9c1e4-8e45-4ca9-9fb8-86dbf872ad6e	39405540	8267cc21-024d-40e9-b243-3d2853917aa7	mDiffFit	0.134407815	NA	NA	16491186	155782	1397782581.1571984	NA	NA	1397782581.157901	1397782581.2924135	NA	NA	1397782581.2927759
m3.large	0.5	8ae9c1e4-8e45-4ca9-9fb8-86dbf872ad6e	39405380	04c9763f-c457-47c3-92b8-d47ed55f8fec	mDiffFit	0.182853315	NA	NA	16502706	486991	1397782581.1955538	NA	NA	1397782581.1960676	1397782581.3790164	NA	NA	1397782581.3794823
m3.large	0.5	8ae9c1e4-8e45-4ca9-9fb8-86dbf872ad6e	39405540	c6fef7b3-26d7-49d3-8fcd-c2464758eef8	mDiffFit	0.12305111	NA	NA	16491186	152907	1397782581.2975879	NA	NA	1397782581.2983687	1397782581.4215205	NA	NA	1397782581.4218307
m3.large	0.5	8ae9c1e4-8e45-4ca9-9fb8-86dbf872ad6e	39405380	41105949-1ee3-4965-8672-f6c3fdf19653	mDiffFit	0.141378072	NA	NA	16473906	224910	1397782581.3833518	NA	NA	1397782581.3841245	1397782581.5255978	NA	NA	1397782581.526057
m3.large	0.5	8ae9c1e4-8e45-4ca9-9fb8-86dbf872ad6e	39405540	d560b614-8774-41ba-9cfc-1800ff40d7ca	mDiffFit	0.184775393	NA	NA	16479666	452429	1397782581.4260576	NA	NA	1397782581.4268513	1397782581.6117284	NA	NA	1397782581.6120813
m3.large	0.5	8ae9c1e4-8e45-4ca9-9fb8-86dbf872ad6e	39405380	4d4653b3-0f15-445a-9465-a22957a7ec4f	mDiffFit	0.135382008	NA	NA	16479666	224914	1397782581.530654	NA	NA	1397782581.5313342	1397782581.6667893	NA	NA	1397782581.6670182
m3.large	0.5	8ae9c1e4-8e45-4ca9-9fb8-86dbf872ad6e	39405380	18f10f14-4303-4ebe-bcad-bd068ca91b16	mDiffFit	0.134657252	NA	NA	16473906	222038	1397782581.6713254	NA	NA	1397782581.6718993	1397782581.8066776	NA	NA	1397782581.8074534
m3.large	0.5	8ae9c1e4-8e45-4ca9-9fb8-86dbf872ad6e	39405540	45c48de9-8394-4516-b084-764ef73326ef	mDiffFit	0.214047389	NA	NA	16473906	495636	1397782581.6169114	NA	NA	1397782581.617862	1397782581.8320074	NA	NA	1397782581.8323212
m3.large	0.5	8ae9c1e4-8e45-4ca9-9fb8-86dbf872ad6e	39405540	bf3336ca-46e0-4128-aa73-4ba050ad819a	mDiffFit	0.125240055	NA	NA	16491186	150034	1397782581.836525	NA	NA	1397782581.8371074	1397782581.9624424	NA	NA	1397782581.963861
m3.large	0.5	8ae9c1e4-8e45-4ca9-9fb8-86dbf872ad6e	39405380	bca86e86-288a-41cc-91b9-a3fbc29d4555	mDiffFit	0.182131801	NA	NA	16543026	472593	1397782581.8127754	NA	NA	1397782581.8136504	1397782581.9958942	NA	NA	1397782581.9964805
m3.large	0.5	8ae9c1e4-8e45-4ca9-9fb8-86dbf872ad6e	39405540	e838cd42-61eb-425f-a8be-8eb2e3585e29	mDiffFit	0.124588205	NA	NA	16491186	147146	1397782581.9679503	NA	NA	1397782581.9687905	1397782582.093484	NA	NA	1397782582.0938137
m3.large	0.5	8ae9c1e4-8e45-4ca9-9fb8-86dbf872ad6e	39405380	2ca4bf93-83f1-40ef-b7d3-5b4a90fe2f66	mDiffFit	0.134601442	NA	NA	16491186	224911	1397782582.000615	NA	NA	1397782582.0014098	1397782582.1361206	NA	NA	1397782582.1367288
m3.large	0.5	8ae9c1e4-8e45-4ca9-9fb8-86dbf872ad6e	39405540	1077cd8f-6466-4765-b0cd-2e8bfe447a91	mDiffFit	0.148793532	NA	NA	16525746	285387	1397782582.09797	NA	NA	1397782582.0988746	1397782582.2477858	NA	NA	1397782582.2482924
m3.large	0.5	8ae9c1e4-8e45-4ca9-9fb8-86dbf872ad6e	39405380	d4510882-e77e-44af-9294-02d8707aae34	mDiffFit	0.154573609	NA	NA	16548786	305554	1397782582.1408558	NA	NA	1397782582.1415834	1397782582.2962415	NA	NA	1397782582.2966685
m3.large	0.5	8ae9c1e4-8e45-4ca9-9fb8-86dbf872ad6e	39405540	9a9e7dac-6e6b-4198-8ef0-407bfe3e31bf	mDiffFit	0.1412803	NA	NA	16589106	224919	1397782582.2526155	NA	NA	1397782582.2535436	1397782582.394923	NA	NA	1397782582.3959563
m3.large	0.5	8ae9c1e4-8e45-4ca9-9fb8-86dbf872ad6e	39405380	d71a1986-43ee-4d49-a2a5-230a364aeb80	mDiffFit	0.140638463	NA	NA	16496946	224913	1397782582.3007393	NA	NA	1397782582.3012948	1397782582.442021	NA	NA	1397782582.4423895
m3.large	0.5	8ae9c1e4-8e45-4ca9-9fb8-86dbf872ad6e	39405540	2ed23a96-a401-4fde-b53d-c2d33b958019	mDiffFit	0.18930776	NA	NA	16491186	498511	1397782582.3995352	NA	NA	1397782582.4003158	1397782582.589711	NA	NA	1397782582.5906985
m3.large	0.5	8ae9c1e4-8e45-4ca9-9fb8-86dbf872ad6e	39405380	0eed7bb5-51a3-43b7-8358-44cab6dfff8f	mDiffFit	0.171378498	NA	NA	16491186	472588	1397782582.446652	NA	NA	1397782582.4473596	1397782582.618782	NA	NA	1397782582.6190944
m3.large	0.5	8ae9c1e4-8e45-4ca9-9fb8-86dbf872ad6e	39405540	f70b18e0-6faf-44ec-b6ab-96ff8ef0fdca	mConcatFit	1.477110471	NA	NA	25122	17057	1397782582.9101985	NA	NA	1397782582.9165773	1397782584.393791	NA	NA	1397782584.3951447
m3.large	0.5	8ae9c1e4-8e45-4ca9-9fb8-86dbf872ad6e	39405380	90b4097f-1f1a-432d-baf1-503cfa21a86f	mBgModel	6.748761708	NA	NA	22962	1873	1397782584.6600218	NA	NA	1397782584.6603732	1397782591.409228	NA	NA	1397782591.4104114
m3.large	0.5	8ae9c1e4-8e45-4ca9-9fb8-86dbf872ad6e	39405380	feca52d6-26ca-4ca8-a059-cc3feb5ddac9	mBackground	0.129470085	NA	NA	8250338	8242560	1397782591.8570802	NA	NA	1397782591.8575447	1397782591.9871235	NA	NA	1397782591.9874334
m3.large	0.5	8ae9c1e4-8e45-4ca9-9fb8-86dbf872ad6e	39405540	93820d2c-3c0b-413d-939b-8346f961616e	mBackground	0.169799517	NA	NA	8238818	8231040	1397782591.8172274	NA	NA	1397782591.8176763	1397782591.9875355	NA	NA	1397782591.98779
m3.large	0.5	8ae9c1e4-8e45-4ca9-9fb8-86dbf872ad6e	39405380	382adb55-dd77-4bad-84bf-3190d0fa2478	mBackground	0.113936355	NA	NA	8238818	8231040	1397782591.9935405	NA	NA	1397782591.9938378	1397782592.1078765	NA	NA	1397782592.109535
m3.large	0.5	8ae9c1e4-8e45-4ca9-9fb8-86dbf872ad6e	39405540	228cb5aa-2a5c-43c5-a748-c6d534ea5efb	mBackground	0.14350015	NA	NA	8307938	8300160	1397782591.994084	NA	NA	1397782591.994429	1397782592.1380305	NA	NA	1397782592.1383934
m3.large	0.5	8ae9c1e4-8e45-4ca9-9fb8-86dbf872ad6e	39405380	e4d71be6-78e4-40a9-8ace-917d6190e9a9	mBackground	0.115310737	NA	NA	8296418	8288640	1397782592.1135497	NA	NA	1397782592.1141415	1397782592.2295637	NA	NA	1397782592.2304583
m3.large	0.5	8ae9c1e4-8e45-4ca9-9fb8-86dbf872ad6e	39405540	dc1a4bee-7b3b-49c8-a752-1abe9b507c8f	mBackground	0.122347418	NA	NA	8256098	8248320	1397782592.1422682	NA	NA	1397782592.1428022	1397782592.2652545	NA	NA	1397782592.2657604
m3.large	0.5	8ae9c1e4-8e45-4ca9-9fb8-86dbf872ad6e	39405380	20cc7d68-ce19-4294-bd0b-846c37520291	mBackground	0.121264291	NA	NA	8256098	8248320	1397782592.234129	NA	NA	1397782592.2346785	1397782592.3560612	NA	NA	1397782592.356429
m3.large	0.5	8ae9c1e4-8e45-4ca9-9fb8-86dbf872ad6e	39405540	808849b1-cee9-4d8f-b93c-75c0f35a1859	mBackground	0.120579969	NA	NA	8256098	8248320	1397782592.2695575	NA	NA	1397782592.2701077	1397782592.3907936	NA	NA	1397782592.3912113
m3.large	0.5	8ae9c1e4-8e45-4ca9-9fb8-86dbf872ad6e	39405380	ac94c35d-b4de-4f60-84d6-fd422bbc1ff5	mBackground	0.119674502	NA	NA	8250338	8242560	1397782592.3611178	NA	NA	1397782592.3617423	1397782592.481543	NA	NA	1397782592.4819505
m3.large	0.5	8ae9c1e4-8e45-4ca9-9fb8-86dbf872ad6e	39405540	c8159b7b-0497-422f-9403-d85a0980a5a5	mBackground	0.120057381	NA	NA	8238818	8231040	1397782592.3952737	NA	NA	1397782592.39576	1397782592.5159206	NA	NA	1397782592.5162666
m3.large	0.5	8ae9c1e4-8e45-4ca9-9fb8-86dbf872ad6e	39405380	0701fccb-333f-4dfb-b1f3-cc5f37e1cfeb	mBackground	0.120594159	NA	NA	8267618	8259840	1397782592.4865797	NA	NA	1397782592.4874544	1397782592.608175	NA	NA	1397782592.6085858
m3.large	0.5	8ae9c1e4-8e45-4ca9-9fb8-86dbf872ad6e	39405540	f578ee6b-81c6-459c-b864-738da55c66dc	mBackground	0.121134008	NA	NA	8256098	8248320	1397782592.5201135	NA	NA	1397782592.5206385	1397782592.641877	NA	NA	1397782592.642422
m3.large	0.5	8ae9c1e4-8e45-4ca9-9fb8-86dbf872ad6e	39405380	e0cbe2a2-d999-4621-91ee-ea4e6e51e158	mBackground	0.119057216	NA	NA	8256098	8248320	1397782592.6127255	NA	NA	1397782592.6134062	1397782592.7326076	NA	NA	1397782592.7329836
m3.large	0.5	8ae9c1e4-8e45-4ca9-9fb8-86dbf872ad6e	39405540	67a4cf4f-3e13-455f-8e91-1873ffc582d0	mBackground	0.120303049	NA	NA	8256098	8248320	1397782592.646605	NA	NA	1397782592.6472664	1397782592.7676682	NA	NA	1397782592.7681227
m3.large	0.5	8ae9c1e4-8e45-4ca9-9fb8-86dbf872ad6e	39405380	4e83481f-8dc5-4fe7-8607-f600e9499e33	mBackground	0.11924109	NA	NA	8256098	8248320	1397782592.737666	NA	NA	1397782592.738455	1397782592.8578267	NA	NA	1397782592.8583786
m3.large	0.5	8ae9c1e4-8e45-4ca9-9fb8-86dbf872ad6e	39405540	a3a2065f-6379-489d-8eac-a63b0fb8a5f7	mBackground	0.120113942	NA	NA	8238818	8231040	1397782592.772002	NA	NA	1397782592.7727392	1397782592.892965	NA	NA	1397782592.8933651
m3.large	0.5	8ae9c1e4-8e45-4ca9-9fb8-86dbf872ad6e	39405380	6d06b70b-50a4-4d4e-827a-b33ad0f843b0	mBackground	0.119458901	NA	NA	8307938	8300160	1397782592.8629696	NA	NA	1397782592.8637927	1397782592.9833784	NA	NA	1397782592.983752
m3.large	0.5	8ae9c1e4-8e45-4ca9-9fb8-86dbf872ad6e	39405540	e4029784-b1c0-4c2b-a6be-ce99f981fe9e	mBackground	0.120063447	NA	NA	8256098	8248320	1397782592.8974552	NA	NA	1397782592.8981845	1397782593.0183554	NA	NA	1397782593.0187676
m3.large	0.5	8ae9c1e4-8e45-4ca9-9fb8-86dbf872ad6e	39405380	f6d0c185-0ed3-4ba2-a11d-970da3dd293e	mBackground	0.119592412	NA	NA	8267618	8259840	1397782592.9886959	NA	NA	1397782592.9896035	1397782593.109321	NA	NA	1397782593.1099355
m3.large	0.5	8ae9c1e4-8e45-4ca9-9fb8-86dbf872ad6e	39405540	07680174-3eae-432e-871f-4d930b099f5f	mBackground	0.120235867	NA	NA	8290658	8282880	1397782593.0229013	NA	NA	1397782593.0233746	1397782593.1437101	NA	NA	1397782593.1440432
m3.large	0.5	8ae9c1e4-8e45-4ca9-9fb8-86dbf872ad6e	39405380	60ee7e7a-5c2a-48cf-8750-71149d649bb5	mBackground	0.122459788	NA	NA	8256098	8248320	1397782593.1146848	NA	NA	1397782593.1153452	1397782593.2379055	NA	NA	1397782593.2389367
m3.large	0.5	8ae9c1e4-8e45-4ca9-9fb8-86dbf872ad6e	39405540	3c7bcb20-0d39-4bc0-8669-44145f49ccce	mBackground	0.123414562	NA	NA	8267618	8259840	1397782593.1483605	NA	NA	1397782593.148848	1397782593.2723684	NA	NA	1397782593.2727938
m3.large	0.5	8ae9c1e4-8e45-4ca9-9fb8-86dbf872ad6e	39405380	d736783b-d694-43b8-9e18-38900e2d398c	mBackground	0.119915028	NA	NA	8256098	8248320	1397782593.2431726	NA	NA	1397782593.2437592	1397782593.3637936	NA	NA	1397782593.364392
m3.large	0.5	8ae9c1e4-8e45-4ca9-9fb8-86dbf872ad6e	39405540	f3dbec58-acf3-46cc-8024-bda8e454abd6	mBackground	0.123767139	NA	NA	8267618	8259840	1397782593.2770793	NA	NA	1397782593.277686	1397782593.401556	NA	NA	1397782593.401876
m3.large	0.5	8ae9c1e4-8e45-4ca9-9fb8-86dbf872ad6e	39405380	5864d802-14b6-4466-9dcc-a4ed7120b2ac	mBackground	0.11937449	NA	NA	8296418	8288640	1397782593.3689523	NA	NA	1397782593.369539	1397782593.4890368	NA	NA	1397782593.4894035
m3.large	0.5	8ae9c1e4-8e45-4ca9-9fb8-86dbf872ad6e	39405540	7f3e6c57-11e7-4fe8-9292-4adf74770f3c	mBackground	0.121274493	NA	NA	8313698	8305920	1397782593.4062219	NA	NA	1397782593.406754	1397782593.528131	NA	NA	1397782593.5284243
m3.large	0.5	8ae9c1e4-8e45-4ca9-9fb8-86dbf872ad6e	39405380	1394168a-1075-41fd-904f-f7fa5e4f360a	mBackground	0.122617889	NA	NA	8256098	8248320	1397782593.4941354	NA	NA	1397782593.494682	1397782593.6174223	NA	NA	1397782593.6179316
m3.large	0.5	8ae9c1e4-8e45-4ca9-9fb8-86dbf872ad6e	39405540	d69ece04-1de3-437d-b727-46adde107134	mBackground	0.119334324	NA	NA	8256098	8248320	1397782593.532341	NA	NA	1397782593.532811	1397782593.652249	NA	NA	1397782593.6525874
m3.large	0.5	8ae9c1e4-8e45-4ca9-9fb8-86dbf872ad6e	39405380	239a3b16-1a1d-413a-9518-923f8499144b	mBackground	0.117338684	NA	NA	8267618	8259840	1397782593.6229577	NA	NA	1397782593.6235943	1397782593.741062	NA	NA	1397782593.7414222
m3.large	0.5	8ae9c1e4-8e45-4ca9-9fb8-86dbf872ad6e	39405540	8b9a4d5a-1123-4d42-bbe8-5ac13ea50247	mBackground	0.123357003	NA	NA	8250338	8242560	1397782593.6571777	NA	NA	1397782593.6578174	1397782593.781274	NA	NA	1397782593.781798
m3.large	0.5	8ae9c1e4-8e45-4ca9-9fb8-86dbf872ad6e	39405380	1804cb4b-c861-4665-b4b1-ea5cc9917f4d	mBackground	0.116411306	NA	NA	8238818	8231040	1397782593.746422	NA	NA	1397782593.7470984	1397782593.8636296	NA	NA	1397782593.863984
m3.large	0.5	8ae9c1e4-8e45-4ca9-9fb8-86dbf872ad6e	39405540	717dcd91-fbab-449f-bac3-62c8337d2b25	mBackground	0.120572448	NA	NA	8250338	8242560	1397782593.7861657	NA	NA	1397782593.7866933	1397782593.9073625	NA	NA	1397782593.9077044
m3.large	0.5	8ae9c1e4-8e45-4ca9-9fb8-86dbf872ad6e	39405380	bed8eb8d-6384-4bf6-83e9-7be83655e4d0	mBackground	0.122704971	NA	NA	8250338	8242560	1397782593.8686886	NA	NA	1397782593.8691628	1397782593.9919915	NA	NA	1397782593.9925086
m3.large	0.5	8ae9c1e4-8e45-4ca9-9fb8-86dbf872ad6e	39405540	511915a8-5cd8-4928-86aa-6299c0ef0f3d	mBackground	0.121002029	NA	NA	8313698	8305920	1397782593.912093	NA	NA	1397782593.9125886	1397782594.0336971	NA	NA	1397782594.0341904
m3.large	0.5	8ae9c1e4-8e45-4ca9-9fb8-86dbf872ad6e	39405380	70556125-19bb-4e32-bf00-728b13e08d65	mBackground	0.091740751	NA	NA	8256098	8248320	1397782593.997394	NA	NA	1397782593.998025	1397782594.0898328	NA	NA	1397782594.0900178
m3.large	0.5	8ae9c1e4-8e45-4ca9-9fb8-86dbf872ad6e	39405540	7f7af729-240c-4581-87f8-a0ec3ca59009	mImgtbl	0.078626387	NA	NA	144489745	10121	1397782594.4131505	NA	NA	1397782594.4165754	1397782594.495282	NA	NA	1397782594.4955955
m3.large	0.5	8ae9c1e4-8e45-4ca9-9fb8-86dbf872ad6e	39405380	e0782a39-926a-4e6f-88f7-47f761d62efb	mAdd	0.625177831	NA	NA	288978107	51736320	1397782594.8123915	NA	NA	1397782594.819856	1397782595.4451349	NA	NA	1397782595.4466102
m3.large	0.5	8ae9c1e4-8e45-4ca9-9fb8-86dbf872ad6e	39405540	94e30d8b-3f69-4d96-b554-ebbb7b37ba07	mShrink	0.237439693	NA	NA	25868160	6471360	1397782595.712062	NA	NA	1397782595.7122984	1397782595.9498222	NA	NA	1397782595.9507616
m3.large	0.5	8ae9c1e4-8e45-4ca9-9fb8-86dbf872ad6e	39405380	51e66411-43b8-4750-9f4d-6102c69a2104	mJPEG	0.883860346	NA	NA	6471360	119281	1397782596.2144687	NA	NA	1397782596.2146263	1397782597.0985692	NA	NA	1397782597.0995674
