m3.medium	0.5	f92448b1-e96a-46d1-afe0-d12ef8411267	41495400	319fe7d7-1ec1-446a-98c3-a9ee95c0a4be	mProjectPP	1.627071998	NA	NA	2111346	8231040	1397746014.592404	NA	NA	1397746014.6175542	1397746016.244806	NA	NA	1397746016.2451465
m3.medium	0.5	f92448b1-e96a-46d1-afe0-d12ef8411267	41495400	c27ceec9-4060-4615-bbc1-69cd1007b36a	mProjectPP	1.522570149	NA	NA	2111346	8242560	1397746016.2504394	NA	NA	1397746016.2506032	1397746017.773251	NA	NA	1397746017.7735343
m3.medium	0.5	f92448b1-e96a-46d1-afe0-d12ef8411267	41495400	a625a475-4bcd-49a1-878b-84f8a3b45a01	mProjectPP	1.507624256	NA	NA	2111346	8231040	1397746017.7790055	NA	NA	1397746017.7792058	1397746019.286912	NA	NA	1397746019.2872107
m3.medium	0.5	f92448b1-e96a-46d1-afe0-d12ef8411267	41495400	b79a6938-0325-4dc7-a675-5b57b620ee56	mProjectPP	1.793910713	NA	NA	2111346	8300160	1397746019.2912238	NA	NA	1397746019.2914536	1397746021.0854495	NA	NA	1397746021.0857422
m3.medium	0.5	f92448b1-e96a-46d1-afe0-d12ef8411267	41495400	476551ae-30ee-4b6c-b92a-3a21abbe17bf	mProjectPP	1.536095364	NA	NA	2111346	8288640	1397746021.0955694	NA	NA	1397746021.0957842	1397746022.6319678	NA	NA	1397746022.6322603
m3.medium	0.5	f92448b1-e96a-46d1-afe0-d12ef8411267	41495400	0a82acc2-2b89-42cf-b6ef-328534a26f57	mProjectPP	1.520781355	NA	NA	2111346	8248320	1397746022.6410894	NA	NA	1397746022.641314	1397746024.1621842	NA	NA	1397746024.1631646
m3.medium	0.5	f92448b1-e96a-46d1-afe0-d12ef8411267	41495400	09f02dd8-0af0-4b4c-93e1-3c47e8ae8841	mProjectPP	1.540499481	NA	NA	2111346	8248320	1397746024.1667104	NA	NA	1397746024.1669374	1397746025.7075796	NA	NA	1397746025.7080076
m3.medium	0.5	f92448b1-e96a-46d1-afe0-d12ef8411267	41495400	59dd99c2-7f09-48fe-9773-f4144bbed2f1	mProjectPP	1.545356813	NA	NA	2111346	8248320	1397746025.7139897	NA	NA	1397746025.7143526	1397746027.2601302	NA	NA	1397746027.2604918
m3.medium	0.5	f92448b1-e96a-46d1-afe0-d12ef8411267	41495400	5124dcaa-0975-46b6-b40a-22863088460f	mProjectPP	1.526724492	NA	NA	2111346	8242560	1397746027.265201	NA	NA	1397746027.2654102	1397746028.792214	NA	NA	1397746028.7926211
m3.medium	0.5	f92448b1-e96a-46d1-afe0-d12ef8411267	41495400	92e73b1a-4aca-4c47-9948-caa112b428b0	mProjectPP	1.545398309	NA	NA	2111346	8231040	1397746028.7964852	NA	NA	1397746028.796695	1397746030.3421874	NA	NA	1397746030.3425257
m3.medium	0.5	f92448b1-e96a-46d1-afe0-d12ef8411267	41495400	16d684d7-b3fb-45b3-9bf8-871289f3e8fc	mProjectPP	1.532080706	NA	NA	2111346	8259840	1397746030.3463864	NA	NA	1397746030.3465958	1397746031.8787696	NA	NA	1397746031.8790874
m3.medium	0.5	f92448b1-e96a-46d1-afe0-d12ef8411267	41495400	4309064a-bb2a-4568-9110-9a90fa30674a	mProjectPP	1.516630944	NA	NA	2111346	8248320	1397746031.8830893	NA	NA	1397746031.8832793	1397746033.3999887	NA	NA	1397746033.4003031
m3.medium	0.5	f92448b1-e96a-46d1-afe0-d12ef8411267	41495400	2740236c-a36e-45ef-b3cd-300b187584f9	mProjectPP	1.52753073	NA	NA	2111346	8248320	1397746033.412611	NA	NA	1397746033.4128902	1397746034.9405065	NA	NA	1397746034.9408097
m3.medium	0.5	f92448b1-e96a-46d1-afe0-d12ef8411267	41495400	12d9066c-1b6d-465d-8d2d-b6afa7288f61	mProjectPP	1.51409509	NA	NA	2111346	8248320	1397746034.9447665	NA	NA	1397746034.945047	1397746036.459225	NA	NA	1397746036.4595408
m3.medium	0.5	f92448b1-e96a-46d1-afe0-d12ef8411267	41495400	e31d14c7-5d18-4d23-aac1-f8628e346e3f	mProjectPP	1.521201862	NA	NA	2111346	8248320	1397746036.4663472	NA	NA	1397746036.4666245	1397746037.9879527	NA	NA	1397746037.9882548
m3.medium	0.5	f92448b1-e96a-46d1-afe0-d12ef8411267	41495400	bbfcd97f-b573-4940-a01e-62ba68151952	mProjectPP	1.528333372	NA	NA	2111346	8231040	1397746037.992449	NA	NA	1397746037.9926364	1397746039.5210557	NA	NA	1397746039.5213747
m3.medium	0.5	f92448b1-e96a-46d1-afe0-d12ef8411267	41495400	c532a16d-c9a3-46f0-a49b-b7382fdd302c	mProjectPP	1.534865848	NA	NA	2111346	8300160	1397746039.5254705	NA	NA	1397746039.5256677	1397746041.0606132	NA	NA	1397746041.061306
m3.medium	0.5	f92448b1-e96a-46d1-afe0-d12ef8411267	41495400	9b4dd97a-7fd2-4b45-8ec7-b542c1d64527	mProjectPP	1.50531195	NA	NA	2111346	8248320	1397746041.0655808	NA	NA	1397746041.0657802	1397746042.5711808	NA	NA	1397746042.5714722
m3.medium	0.5	f92448b1-e96a-46d1-afe0-d12ef8411267	41495400	63020b1e-c08c-4262-95ba-8f7cb4e6d633	mProjectPP	1.52819826	NA	NA	2111346	8259840	1397746042.5760314	NA	NA	1397746042.576232	1397746044.1045518	NA	NA	1397746044.1048977
m3.medium	0.5	f92448b1-e96a-46d1-afe0-d12ef8411267	41495400	b667bbca-db7a-4e85-b06d-54d01074f06b	mProjectPP	1.598608101	NA	NA	2111346	8282880	1397746044.1089435	NA	NA	1397746044.1092272	1397746045.7079208	NA	NA	1397746045.7082741
m3.medium	0.5	f92448b1-e96a-46d1-afe0-d12ef8411267	41495400	2c45dae8-c8fa-4d5a-9c16-395fc6aaf49c	mProjectPP	1.567838734	NA	NA	2111346	8248320	1397746045.7126536	NA	NA	1397746045.7128499	1397746047.2807803	NA	NA	1397746047.281083
m3.medium	0.5	f92448b1-e96a-46d1-afe0-d12ef8411267	41495400	ae11e48c-d6cb-4d31-bebf-4de576c1f728	mProjectPP	1.73407412	NA	NA	2111346	8259840	1397746047.285349	NA	NA	1397746047.2856407	1397746049.0198073	NA	NA	1397746049.0202568
m3.medium	0.5	f92448b1-e96a-46d1-afe0-d12ef8411267	41495400	bcbf65a7-dded-44ac-97ed-be3e7d081099	mProjectPP	1.682491803	NA	NA	2111346	8248320	1397746049.0317657	NA	NA	1397746049.032023	1397746050.7146082	NA	NA	1397746050.7149453
m3.medium	0.5	f92448b1-e96a-46d1-afe0-d12ef8411267	41495400	205b4785-b4e4-4664-bb02-18e16284ae17	mProjectPP	1.518987916	NA	NA	2111346	8259840	1397746050.7217119	NA	NA	1397746050.7219748	1397746052.24106	NA	NA	1397746052.2413502
m3.medium	0.5	f92448b1-e96a-46d1-afe0-d12ef8411267	41495400	d3cd3afd-fa95-44fb-8484-c954f1cb84e5	mProjectPP	1.5165946	NA	NA	2111346	8288640	1397746052.247509	NA	NA	1397746052.2477486	1397746053.764429	NA	NA	1397746053.7648554
m3.medium	0.5	f92448b1-e96a-46d1-afe0-d12ef8411267	41495400	fba15d4f-540e-4632-9e7d-15d7b2d59759	mProjectPP	1.515240643	NA	NA	2111346	8305920	1397746053.7728705	NA	NA	1397746053.7730823	1397746055.288418	NA	NA	1397746055.288714
m3.medium	0.5	f92448b1-e96a-46d1-afe0-d12ef8411267	41495400	cb478add-8fca-4691-9957-daafe58b4e2f	mProjectPP	1.529358247	NA	NA	2111346	8248320	1397746055.292906	NA	NA	1397746055.2931037	1397746056.822551	NA	NA	1397746056.8230402
m3.medium	0.5	f92448b1-e96a-46d1-afe0-d12ef8411267	41495400	32fdcb05-a12b-4260-9968-0c6891598bac	mProjectPP	1.531546328	NA	NA	2111346	8248320	1397746056.8272312	NA	NA	1397746056.8275037	1397746058.359132	NA	NA	1397746058.3594418
m3.medium	0.5	f92448b1-e96a-46d1-afe0-d12ef8411267	41495400	a05b5476-f312-4be2-bbeb-b7368b4c730c	mProjectPP	1.509914947	NA	NA	2111346	8259840	1397746058.3635092	NA	NA	1397746058.363806	1397746059.8738043	NA	NA	1397746059.874108
m3.medium	0.5	f92448b1-e96a-46d1-afe0-d12ef8411267	41495400	698675c5-ba92-4dd8-964c-408c6ce43192	mProjectPP	1.538901002	NA	NA	2111346	8242560	1397746059.878298	NA	NA	1397746059.878574	1397746061.4175665	NA	NA	1397746061.4179761
m3.medium	0.5	f92448b1-e96a-46d1-afe0-d12ef8411267	41495400	cec15dae-aac8-4692-a145-aa2fa0c53267	mProjectPP	1.510599734	NA	NA	2111346	8231040	1397746061.4266248	NA	NA	1397746061.4269197	1397746062.9376228	NA	NA	1397746062.9379675
m3.medium	0.5	f92448b1-e96a-46d1-afe0-d12ef8411267	41495400	0dbd7c65-ba75-4890-9067-b83b675805b6	mProjectPP	1.507058193	NA	NA	2111346	8242560	1397746062.9428995	NA	NA	1397746062.943178	1397746064.4503198	NA	NA	NA
m3.medium	0.5	f92448b1-e96a-46d1-afe0-d12ef8411267	41495400	25ffa99c-39d6-4e04-b6a4-fa43f92656d9	mProjectPP	1.527008447	NA	NA	2111346	8242560	1397746064.4615057	NA	NA	1397746064.461843	1397746065.988939	NA	NA	1397746065.989236
m3.medium	0.5	f92448b1-e96a-46d1-afe0-d12ef8411267	41495400	f6313d14-3c89-466e-98de-3599fdc46aa5	mProjectPP	1.511207846	NA	NA	2111346	8305920	1397746065.9932654	NA	NA	1397746065.9934537	1397746067.5047443	NA	NA	1397746067.5053473
m3.medium	0.5	f92448b1-e96a-46d1-afe0-d12ef8411267	41495400	285bb154-716e-44d4-a8dc-4b8f2208b6c5	mProjectPP	1.505066473	NA	NA	2111346	8248320	1397746067.5094295	NA	NA	1397746067.5096107	1397746069.0147638	NA	NA	1397746069.0150611
m3.medium	0.5	f92448b1-e96a-46d1-afe0-d12ef8411267	41495400	4edeb3a7-5416-4160-ad2b-1348ff2ece69	mDiffFit	0.252952967	NA	NA	16473906	147146	1397746069.027402	NA	NA	1397746069.0282297	1397746069.2812834	NA	NA	1397746069.2816396
m3.medium	0.5	f92448b1-e96a-46d1-afe0-d12ef8411267	41495400	89bc0af1-33ce-46e1-ba35-07c83f32a485	mDiffFit	0.254183358	NA	NA	16531506	472594	1397746069.2859502	NA	NA	1397746069.286577	1397746069.5408452	NA	NA	1397746069.5413547
m3.medium	0.5	f92448b1-e96a-46d1-afe0-d12ef8411267	41495400	ab819086-817d-4035-ac86-554873e01b9d	mDiffFit	0.206389094	NA	NA	16589106	222032	1397746069.5452983	NA	NA	1397746069.546187	1397746069.7526689	NA	NA	1397746069.7534778
m3.medium	0.5	f92448b1-e96a-46d1-afe0-d12ef8411267	41495400	ec275ff5-f866-433f-b3d2-3ad3bab5e086	mDiffFit	0.192954639	NA	NA	16479666	222029	1397746069.757258	NA	NA	1397746069.7578628	1397746069.9509299	NA	NA	1397746069.9512627
m3.medium	0.5	f92448b1-e96a-46d1-afe0-d12ef8411267	41495400	56e54467-6216-48b0-adae-49914ec2feaa	mDiffFit	0.184041602	NA	NA	16491186	144271	1397746069.955544	NA	NA	1397746069.9561398	1397746070.1402748	NA	NA	1397746070.1405714
m3.medium	0.5	f92448b1-e96a-46d1-afe0-d12ef8411267	41495400	60e6bdbe-6e3d-46fb-b5be-947656c95077	mDiffFit	0.207993452	NA	NA	16548786	250828	1397746070.1445851	NA	NA	1397746070.1451209	1397746070.35321	NA	NA	1397746070.3534958
m3.medium	0.5	f92448b1-e96a-46d1-afe0-d12ef8411267	41495400	9ee1e069-9a16-4695-b60e-cbee53e40ccc	mDiffFit	0.255840297	NA	NA	16537266	472590	1397746070.357512	NA	NA	1397746070.3582404	1397746070.6141758	NA	NA	1397746070.6146252
m3.medium	0.5	f92448b1-e96a-46d1-afe0-d12ef8411267	41495400	3a3ed35e-a575-44b2-a122-25ac7b255c1a	mDiffFit	0.185232662	NA	NA	16479666	147143	1397746070.6244748	NA	NA	1397746070.625126	1397746070.8104415	NA	NA	1397746070.810856
m3.medium	0.5	f92448b1-e96a-46d1-afe0-d12ef8411267	41495400	42abe134-9368-4fbb-b627-dadbe5b8235b	mDiffFit	0.195678812	NA	NA	16491186	219152	1397746070.8149846	NA	NA	1397746070.8155136	1397746071.011307	NA	NA	1397746071.0115943
m3.medium	0.5	f92448b1-e96a-46d1-afe0-d12ef8411267	41495400	eb8507e5-b984-4fe0-bfaa-e07294edfca6	mDiffFit	0.253881938	NA	NA	16479666	466822	1397746071.0154967	NA	NA	1397746071.0161176	1397746071.270082	NA	NA	1397746071.2704926
m3.medium	0.5	f92448b1-e96a-46d1-afe0-d12ef8411267	41495400	ed6fe1f2-f982-4866-9c8f-81d07e6aeb1f	mDiffFit	0.261091804	NA	NA	16496946	481232	1397746071.2749898	NA	NA	1397746071.2792666	1397746071.540466	NA	NA	1397746071.5408103
m3.medium	0.5	f92448b1-e96a-46d1-afe0-d12ef8411267	41495400	786b3fb9-80fb-486c-a920-05e1d7158e1e	mDiffFit	0.183223294	NA	NA	16479666	155786	1397746071.5457637	NA	NA	1397746071.5464754	1397746071.7297828	NA	NA	1397746071.730086
m3.medium	0.5	f92448b1-e96a-46d1-afe0-d12ef8411267	41495400	0f5df4c0-255c-49e0-a794-d1170be3ed84	mDiffFit	0.253629189	NA	NA	16485426	472591	1397746071.7341273	NA	NA	1397746071.7348692	1397746071.9885817	NA	NA	1397746071.9888895
m3.medium	0.5	f92448b1-e96a-46d1-afe0-d12ef8411267	41495400	0c896728-3bc4-4cec-8788-cfb25642f5c1	mDiffFit	0.198533107	NA	NA	16473906	222033	1397746072.004907	NA	NA	1397746072.0055861	1397746072.2042143	NA	NA	1397746072.204527
m3.medium	0.5	f92448b1-e96a-46d1-afe0-d12ef8411267	41495400	7a10db31-1ddb-4cbe-a62a-ea70e8f6e7dd	mDiffFit	0.267682524	NA	NA	16491186	492747	1397746072.2100046	NA	NA	1397746072.2107522	1397746072.4785297	NA	NA	1397746072.4793153
m3.medium	0.5	f92448b1-e96a-46d1-afe0-d12ef8411267	41495400	d44b4bdd-7164-4de4-913b-768ec918f944	mDiffFit	0.253756809	NA	NA	16473906	469714	1397746072.482769	NA	NA	1397746072.4835665	1397746072.7374172	NA	NA	1397746072.7377193
m3.medium	0.5	f92448b1-e96a-46d1-afe0-d12ef8411267	41495400	12cc301d-921b-4e77-bb6b-1dbb413a9366	mDiffFit	0.210767436	NA	NA	16519986	247952	1397746072.7417316	NA	NA	1397746072.7425752	1397746072.9534383	NA	NA	1397746072.9537945
m3.medium	0.5	f92448b1-e96a-46d1-afe0-d12ef8411267	41495400	9c487ba0-b67b-4047-b4c1-504343e7a600	mDiffFit	0.20136952	NA	NA	16479666	224915	1397746072.9589984	NA	NA	1397746072.9596293	1397746073.1610854	NA	NA	1397746073.1618655
m3.medium	0.5	f92448b1-e96a-46d1-afe0-d12ef8411267	41495400	60fc8c52-5432-4d85-ba53-52de12623ca6	mDiffFit	0.251348978	NA	NA	16508466	478346	1397746073.1655765	NA	NA	1397746073.1663966	1397746073.4178472	NA	NA	1397746073.4182026
m3.medium	0.5	f92448b1-e96a-46d1-afe0-d12ef8411267	41495400	84e41875-0731-4149-9295-be8b837c509f	mDiffFit	0.193394455	NA	NA	16479666	224912	1397746073.4312222	NA	NA	1397746073.4318945	1397746073.625373	NA	NA	1397746073.6256907
m3.medium	0.5	f92448b1-e96a-46d1-afe0-d12ef8411267	41495400	07b0a740-9c0f-486c-8756-ea0a20a587d0	mDiffFit	0.189731919	NA	NA	16496946	144262	1397746073.6318684	NA	NA	1397746073.632828	1397746073.8231776	NA	NA	1397746073.8235567
m3.medium	0.5	f92448b1-e96a-46d1-afe0-d12ef8411267	41495400	216e38c2-6548-4527-9a00-8d205c385942	mDiffFit	0.255081073	NA	NA	16496946	492743	1397746073.8277445	NA	NA	1397746073.8283932	1397746074.0835633	NA	NA	1397746074.0840032
m3.medium	0.5	f92448b1-e96a-46d1-afe0-d12ef8411267	41495400	be9d0af7-a059-4c32-b7af-4a5dc7a063a6	mDiffFit	0.263251279	NA	NA	16479666	492746	1397746074.0884535	NA	NA	1397746074.089181	1397746074.3525145	NA	NA	1397746074.3528655
m3.medium	0.5	f92448b1-e96a-46d1-afe0-d12ef8411267	41495400	ff9a0377-cf31-4a91-b61b-65d45a38dfd5	mDiffFit	0.197133674	NA	NA	16496946	222027	1397746074.358009	NA	NA	1397746074.3589525	1397746074.556185	NA	NA	1397746074.5565405
m3.medium	0.5	f92448b1-e96a-46d1-afe0-d12ef8411267	41495400	0e19ad9c-4906-4fc0-a9de-e6ef2b8ac606	mDiffFit	0.194209663	NA	NA	16496946	155777	1397746074.567112	NA	NA	1397746074.5682595	1397746074.7625678	NA	NA	1397746074.76348
m3.medium	0.5	f92448b1-e96a-46d1-afe0-d12ef8411267	41495400	53b68b30-2a5d-4232-8dd8-a027ad90eb06	mDiffFit	0.203055319	NA	NA	16496946	224900	1397746074.7672532	NA	NA	1397746074.7680533	1397746074.9712126	NA	NA	1397746074.971619
m3.medium	0.5	f92448b1-e96a-46d1-afe0-d12ef8411267	41495400	0610f57f-b146-4fa1-bb5e-634a47989487	mDiffFit	0.188472756	NA	NA	16496946	150020	1397746074.977764	NA	NA	1397746074.9785225	1397746075.1670828	NA	NA	1397746075.1674914
m3.medium	0.5	f92448b1-e96a-46d1-afe0-d12ef8411267	41495400	e80699cf-ae9d-4b0e-b8eb-653d304ce51a	mDiffFit	0.1982023	NA	NA	16508466	219152	1397746075.1759996	NA	NA	1397746075.176853	1397746075.3751945	NA	NA	1397746075.375491
m3.medium	0.5	f92448b1-e96a-46d1-afe0-d12ef8411267	41495400	647b7338-7840-474c-908b-fa3bb9a172f5	mDiffFit	0.258340629	NA	NA	16496946	486982	1397746075.3857944	NA	NA	1397746075.3865547	1397746075.6450531	NA	NA	1397746075.6453676
m3.medium	0.5	f92448b1-e96a-46d1-afe0-d12ef8411267	41495400	dfe7a539-bf72-448c-99cc-4cecd01768bc	mDiffFit	0.263039648	NA	NA	16479666	486982	1397746075.649639	NA	NA	1397746075.6503146	1397746075.9135303	NA	NA	1397746075.9138553
m3.medium	0.5	f92448b1-e96a-46d1-afe0-d12ef8411267	41495400	56616647-b702-47fe-8ae0-83874d2e41b8	mDiffFit	0.181526971	NA	NA	16479666	152900	1397746075.9182131	NA	NA	1397746075.9190311	1397746076.1006448	NA	NA	1397746076.1010234
m3.medium	0.5	f92448b1-e96a-46d1-afe0-d12ef8411267	41495400	30bb5f74-b27f-4448-8eea-78433ce477f6	mDiffFit	0.198692398	NA	NA	16479666	224906	1397746076.1111975	NA	NA	1397746076.1122026	1397746076.3109813	NA	NA	1397746076.311324
m3.medium	0.5	f92448b1-e96a-46d1-afe0-d12ef8411267	41495400	db210d70-9d3d-46a8-8052-50c87fba9cf6	mDiffFit	0.20787458	NA	NA	16531506	253710	1397746076.3156974	NA	NA	1397746076.3164887	1397746076.5244534	NA	NA	1397746076.5248744
m3.medium	0.5	f92448b1-e96a-46d1-afe0-d12ef8411267	41495400	feac0ad1-0000-4a3c-8b3d-04b643fc51f2	mDiffFit	0.191951055	NA	NA	16600626	224919	1397746076.5292134	NA	NA	1397746076.5298834	1397746076.7219875	NA	NA	1397746076.735314
m3.medium	0.5	f92448b1-e96a-46d1-afe0-d12ef8411267	41495400	ac34469e-e8b7-4b0b-99c9-75b5e34859ad	mDiffFit	0.260494069	NA	NA	16479666	489873	1397746076.7399256	NA	NA	1397746076.7411048	1397746077.0017154	NA	NA	1397746077.0022063
m3.medium	0.5	f92448b1-e96a-46d1-afe0-d12ef8411267	41495400	01ddbc6f-bb8e-4ceb-ae4b-c67152b91c9c	mDiffFit	0.19431744	NA	NA	16496946	219145	1397746077.011697	NA	NA	1397746077.0127144	1397746077.207164	NA	NA	1397746077.2164464
m3.medium	0.5	f92448b1-e96a-46d1-afe0-d12ef8411267	41495400	2719dd3d-d876-416b-8c42-653bf4a5fd3f	mDiffFit	0.255663698	NA	NA	16496946	458186	1397746077.220879	NA	NA	1397746077.2220945	1397746077.477869	NA	NA	1397746077.4782531
m3.medium	0.5	f92448b1-e96a-46d1-afe0-d12ef8411267	41495400	30e8419e-33ce-43bb-83d4-465b3b25affa	mDiffFit	0.198918149	NA	NA	16508466	222030	1397746077.5313337	NA	NA	1397746077.5320468	1397746077.7310455	NA	NA	1397746077.7401288
m3.medium	0.5	f92448b1-e96a-46d1-afe0-d12ef8411267	41495400	5fc63412-dea4-4518-9c4e-64874a06de59	mDiffFit	0.260765063	NA	NA	16508466	507144	1397746077.7435203	NA	NA	1397746077.7441847	1397746078.0050533	NA	NA	1397746078.0053918
m3.medium	0.5	f92448b1-e96a-46d1-afe0-d12ef8411267	41495400	38611718-33ab-422d-9c3a-64457b40f201	mDiffFit	0.185909495	NA	NA	16491186	155781	1397746078.0122116	NA	NA	1397746078.0129075	1397746078.198903	NA	NA	1397746078.199207
m3.medium	0.5	f92448b1-e96a-46d1-afe0-d12ef8411267	41495400	97ab8d22-96d1-4a29-a0a7-1b2788b49626	mDiffFit	0.256233492	NA	NA	16508466	472588	1397746078.2042859	NA	NA	1397746078.2048466	1397746078.4611678	NA	NA	1397746078.461475
m3.medium	0.5	f92448b1-e96a-46d1-afe0-d12ef8411267	41495400	9d705852-252a-4fbb-9a13-ba9bcc9ad08a	mDiffFit	0.205342683	NA	NA	16508466	224899	1397746078.4657776	NA	NA	1397746078.4664338	1397746078.67188	NA	NA	1397746078.6722043
m3.medium	0.5	f92448b1-e96a-46d1-afe0-d12ef8411267	41495400	e11a379b-e9b6-4b8d-8bf4-00ff6f0b1c08	mDiffFit	0.263422837	NA	NA	16479666	492744	1397746078.6770682	NA	NA	1397746078.677679	1397746078.9411957	NA	NA	1397746078.9415004
m3.medium	0.5	f92448b1-e96a-46d1-afe0-d12ef8411267	41495400	9d881374-5b22-48f1-9228-464f2c754c1c	mDiffFit	0.199966676	NA	NA	16519986	222027	1397746078.9456592	NA	NA	1397746078.9463155	1397746079.1463776	NA	NA	1397746079.1471395
m3.medium	0.5	f92448b1-e96a-46d1-afe0-d12ef8411267	41495400	2e33fea3-6d88-4373-8624-660a5ba19f6b	mDiffFit	0.261101791	NA	NA	16519986	504264	1397746079.1509914	NA	NA	1397746079.151718	1397746079.4169133	NA	NA	1397746079.417746
m3.medium	0.5	f92448b1-e96a-46d1-afe0-d12ef8411267	41495400	80c7b08b-9a22-4df8-961a-bb55cb0d8c85	mDiffFit	0.187054453	NA	NA	16508466	155784	1397746079.421318	NA	NA	1397746079.4220355	1397746079.6092043	NA	NA	1397746079.6095526
m3.medium	0.5	f92448b1-e96a-46d1-afe0-d12ef8411267	41495400	eddcd5b7-aaea-4da7-ae95-27a41d4641f2	mDiffFit	0.253808628	NA	NA	16519986	472590	1397746079.6144915	NA	NA	1397746079.6154253	1397746079.8693216	NA	NA	1397746079.86964
m3.medium	0.5	f92448b1-e96a-46d1-afe0-d12ef8411267	41495400	a6d7ec2b-1151-4c68-8462-7f4449d0bc80	mDiffFit	0.19050839	NA	NA	16508466	144264	1397746079.8772495	NA	NA	1397746079.877978	1397746080.0686696	NA	NA	1397746080.0689428
m3.medium	0.5	f92448b1-e96a-46d1-afe0-d12ef8411267	41495400	9972b0b3-de10-4d6d-b2de-6e70aec09d84	mDiffFit	0.225076272	NA	NA	16548786	311308	1397746080.073378	NA	NA	1397746080.07385	1397746080.29901	NA	NA	1397746080.2994153
m3.medium	0.5	f92448b1-e96a-46d1-afe0-d12ef8411267	41495400	aac5ec52-4ce5-45ee-9aae-b860926b7259	mDiffFit	0.223753162	NA	NA	16537266	288266	1397746080.3070083	NA	NA	1397746080.3075747	1397746080.5314162	NA	NA	1397746080.5316932
m3.medium	0.5	f92448b1-e96a-46d1-afe0-d12ef8411267	41495400	3fc8b798-a8e2-4f33-bb7f-1b3c3c8c7cbf	mDiffFit	0.204106339	NA	NA	16594866	222030	1397746080.5362563	NA	NA	1397746080.536787	1397746080.7409763	NA	NA	1397746080.741304
m3.medium	0.5	f92448b1-e96a-46d1-afe0-d12ef8411267	41495400	a7845b5f-0ad4-4ed9-8302-8cf1f9b8cccd	mDiffFit	0.211477634	NA	NA	16589106	224912	1397746080.74509	NA	NA	1397746080.7456656	1397746080.9572237	NA	NA	1397746080.9575233
m3.medium	0.5	f92448b1-e96a-46d1-afe0-d12ef8411267	41495400	477f1121-b4c5-4699-9b97-f96a0d72ef60	mDiffFit	0.222632321	NA	NA	16554546	311303	1397746080.9619865	NA	NA	1397746080.9625492	1397746081.1852703	NA	NA	1397746081.1855786
m3.medium	0.5	f92448b1-e96a-46d1-afe0-d12ef8411267	41495400	1b29793e-314d-46a4-a947-5483739ab200	mDiffFit	0.185562243	NA	NA	16508466	147143	1397746081.1964097	NA	NA	1397746081.1969144	1397746081.3825567	NA	NA	1397746081.3833768
m3.medium	0.5	f92448b1-e96a-46d1-afe0-d12ef8411267	41495400	9f72da63-7fcb-4f9c-8beb-b6bc214f8379	mDiffFit	0.25964662	NA	NA	16496946	472587	1397746081.3934352	NA	NA	1397746081.3939302	1397746081.6536603	NA	NA	1397746081.6545331
m3.medium	0.5	f92448b1-e96a-46d1-afe0-d12ef8411267	41495400	f3f63416-e51d-4d3d-b612-6ffdaf4fead8	mDiffFit	0.204355643	NA	NA	16554546	279628	1397746081.658937	NA	NA	1397746081.6595316	1397746081.8639932	NA	NA	1397746081.8775043
m3.medium	0.5	f92448b1-e96a-46d1-afe0-d12ef8411267	41495400	96c6015d-b914-4078-98d8-fd3bc7f2ebe4	mDiffFit	0.218831036	NA	NA	16531506	305549	1397746081.881396	NA	NA	1397746081.8821063	1397746082.1010416	NA	NA	1397746082.1013708
m3.medium	0.5	f92448b1-e96a-46d1-afe0-d12ef8411267	41495400	7688ad03-2a62-434a-b734-c541b2c49ab6	mDiffFit	0.198297454	NA	NA	16496946	224908	1397746082.1062949	NA	NA	1397746082.1071491	1397746082.3055334	NA	NA	1397746082.3058202
m3.medium	0.5	f92448b1-e96a-46d1-afe0-d12ef8411267	41495400	42cb429c-d147-47bd-ba64-ce880f6f5b28	mDiffFit	0.204504353	NA	NA	16496946	224911	1397746082.3187149	NA	NA	1397746082.3191915	1397746082.5237868	NA	NA	1397746082.5241854
m3.medium	0.5	f92448b1-e96a-46d1-afe0-d12ef8411267	41495400	adccbec3-c0be-41eb-a4b7-9ae7798f773c	mDiffFit	0.183290503	NA	NA	16496946	155785	1397746082.5284207	NA	NA	1397746082.529049	1397746082.7124255	NA	NA	1397746082.7127166
m3.medium	0.5	f92448b1-e96a-46d1-afe0-d12ef8411267	41495400	58553843-7e57-4c2a-b699-d003eebfe296	mDiffFit	0.17694787	NA	NA	16496946	144269	1397746082.7244475	NA	NA	1397746082.724945	1397746082.9020703	NA	NA	1397746082.9023807
m3.medium	0.5	f92448b1-e96a-46d1-afe0-d12ef8411267	41495400	53e5c3ed-f68a-4388-bd2a-b77f6189a614	mDiffFit	0.262777878	NA	NA	16508466	492748	1397746082.9151442	NA	NA	1397746082.91571	1397746083.178575	NA	NA	1397746083.1790633
m3.medium	0.5	f92448b1-e96a-46d1-afe0-d12ef8411267	41495400	63799231-17fa-4a28-ad10-c97dd5ae5d16	mDiffFit	0.193440785	NA	NA	16508466	222029	1397746083.1878676	NA	NA	1397746083.1885405	1397746083.382068	NA	NA	1397746083.3823514
m3.medium	0.5	f92448b1-e96a-46d1-afe0-d12ef8411267	41495400	bc208d53-f820-4256-b45d-43b3ed6c5f38	mDiffFit	0.188285665	NA	NA	16491186	155782	1397746083.3942978	NA	NA	1397746083.395	1397746083.5833755	NA	NA	1397746083.5837073
m3.medium	0.5	f92448b1-e96a-46d1-afe0-d12ef8411267	41495400	f04542f1-6116-41f2-9c66-0e8ef2e07f95	mDiffFit	0.256507675	NA	NA	16502706	486991	1397746083.5881364	NA	NA	1397746083.5887413	1397746083.8453379	NA	NA	1397746083.8456223
m3.medium	0.5	f92448b1-e96a-46d1-afe0-d12ef8411267	41495400	0e973ffa-8d71-4cd3-a7f8-83c95f211f50	mDiffFit	0.183677402	NA	NA	16491186	152907	1397746083.8637097	NA	NA	1397746083.8644323	1397746084.048365	NA	NA	1397746084.048658
m3.medium	0.5	f92448b1-e96a-46d1-afe0-d12ef8411267	41495400	5326303c-9533-4804-b71e-00f54c30e50d	mDiffFit	0.203492425	NA	NA	16473906	224910	1397746084.0540156	NA	NA	1397746084.0547419	1397746084.2583263	NA	NA	1397746084.2586176
m3.medium	0.5	f92448b1-e96a-46d1-afe0-d12ef8411267	41495400	12ba8998-ef1c-4260-b82e-de952f638c9a	mDiffFit	0.249530502	NA	NA	16479666	452429	1397746084.2635663	NA	NA	1397746084.2724905	1397746084.5221446	NA	NA	1397746084.522483
m3.medium	0.5	f92448b1-e96a-46d1-afe0-d12ef8411267	41495400	a927c25c-f455-42cd-8333-29962cd900b1	mDiffFit	0.205961431	NA	NA	16479666	224914	1397746084.527824	NA	NA	1397746084.528424	1397746084.734471	NA	NA	1397746084.7353032
m3.medium	0.5	f92448b1-e96a-46d1-afe0-d12ef8411267	41495400	213aeb62-375a-4bba-903b-37da2895945f	mDiffFit	0.2688535	NA	NA	16473906	495636	1397746084.7400358	NA	NA	1397746084.7406669	1397746085.0096104	NA	NA	1397746085.0098813
m3.medium	0.5	f92448b1-e96a-46d1-afe0-d12ef8411267	41495400	7a8bd9f9-3fe5-44f8-bf55-f9f5df1f9837	mDiffFit	0.200418026	NA	NA	16473906	222038	1397746085.014409	NA	NA	1397746085.0150657	1397746085.2155674	NA	NA	1397746085.2158535
m3.medium	0.5	f92448b1-e96a-46d1-afe0-d12ef8411267	41495400	5e1f6c7a-6933-40eb-ab03-5cce385f2df3	mDiffFit	0.258896455	NA	NA	16543026	472593	1397746085.2200835	NA	NA	1397746085.2205982	1397746085.4795768	NA	NA	1397746085.4887009
m3.medium	0.5	f92448b1-e96a-46d1-afe0-d12ef8411267	41495400	d979f1f2-4c9b-44d6-a463-1fa3879d9573	mDiffFit	0.183493254	NA	NA	16491186	150034	1397746085.4928768	NA	NA	1397746085.4935284	1397746085.677128	NA	NA	1397746085.6774368
m3.medium	0.5	f92448b1-e96a-46d1-afe0-d12ef8411267	41495400	43ce03b1-b267-4c4b-bb6a-47b180298adf	mDiffFit	0.180091104	NA	NA	16491186	147146	1397746085.6840405	NA	NA	1397746085.6845279	1397746085.8647888	NA	NA	1397746085.8750951
m3.medium	0.5	f92448b1-e96a-46d1-afe0-d12ef8411267	41495400	d3f01401-2fe9-4b80-9f56-f0a9a7b2b1e7	mDiffFit	0.194743829	NA	NA	16491186	224911	1397746085.8797176	NA	NA	1397746085.8803146	1397746086.0751622	NA	NA	1397746086.0758212
m3.medium	0.5	f92448b1-e96a-46d1-afe0-d12ef8411267	41495400	99281824-2682-481e-8091-bd1e57c0eada	mDiffFit	0.23084573	NA	NA	16525746	285387	1397746086.0811267	NA	NA	1397746086.081682	1397746086.3126128	NA	NA	1397746086.3128996
m3.medium	0.5	f92448b1-e96a-46d1-afe0-d12ef8411267	41495400	dc3be1c3-efad-46bd-851b-3e5a0815771b	mDiffFit	0.229441468	NA	NA	16548786	305554	1397746086.3184888	NA	NA	1397746086.3190403	1397746086.5485737	NA	NA	1397746086.5529058
m3.medium	0.5	f92448b1-e96a-46d1-afe0-d12ef8411267	41495400	8a29456f-7915-4212-a9b5-e1696fc86052	mDiffFit	0.208040994	NA	NA	16589106	224919	1397746086.556888	NA	NA	1397746086.5574095	1397746086.7655568	NA	NA	1397746086.7662888
m3.medium	0.5	f92448b1-e96a-46d1-afe0-d12ef8411267	41495400	256ccf3a-21d9-4c0f-b84f-506d8a6de835	mDiffFit	0.202100581	NA	NA	16496946	224913	1397746086.771297	NA	NA	1397746086.7721102	1397746086.974298	NA	NA	1397746086.983498
m3.medium	0.5	f92448b1-e96a-46d1-afe0-d12ef8411267	41495400	60d640ae-5524-4f68-9d31-289c2bada756	mDiffFit	0.264793819	NA	NA	16491186	498511	1397746086.987442	NA	NA	1397746086.9880633	1397746087.2529633	NA	NA	1397746087.253315
m3.medium	0.5	f92448b1-e96a-46d1-afe0-d12ef8411267	41495400	c1014037-e150-42ae-9aa0-918bd1be979f	mDiffFit	0.267281085	NA	NA	16491186	472588	1397746087.2584295	NA	NA	1397746087.2590456	1397746087.5264096	NA	NA	1397746087.5272067
m3.medium	0.5	f92448b1-e96a-46d1-afe0-d12ef8411267	41495400	b5617b76-9924-443b-9b6a-dd03466c6a48	mConcatFit	3.488392817	NA	NA	25122	17057	1397746087.8462796	NA	NA	1397746087.8566313	1397746091.3451514	NA	NA	1397746091.3454204
m3.medium	0.5	f92448b1-e96a-46d1-afe0-d12ef8411267	41495400	f945e152-6b84-4f6b-ac00-020f121583d1	mBgModel	13.811966598	NA	NA	22962	1873	1397746091.6124895	NA	NA	1397746091.6126986	1397746105.424751	NA	NA	1397746105.42499
m3.medium	0.5	f92448b1-e96a-46d1-afe0-d12ef8411267	41495400	a5c3bffe-4ed2-4581-a243-3aa453259dc2	mBackground	0.202595453	NA	NA	8238818	8231040	1397746105.8430493	NA	NA	1397746105.8435357	1397746106.046221	NA	NA	1397746106.0471232
m3.medium	0.5	f92448b1-e96a-46d1-afe0-d12ef8411267	41495400	535c143d-abf4-4bb1-a861-4a56e42a71d1	mBackground	0.167962624	NA	NA	8250338	8242560	1397746106.0505846	NA	NA	1397746106.0509388	1397746106.218991	NA	NA	1397746106.2194614
m3.medium	0.5	f92448b1-e96a-46d1-afe0-d12ef8411267	41495400	23cff117-57f8-414d-8b0f-a604f4e0c09f	mBackground	0.181853533	NA	NA	8238818	8231040	1397746106.2237427	NA	NA	1397746106.2239575	1397746106.4058967	NA	NA	1397746106.406335
m3.medium	0.5	f92448b1-e96a-46d1-afe0-d12ef8411267	41495400	c42597c4-c471-4893-a58c-ceff910c9e6c	mBackground	0.175158235	NA	NA	8307938	8300160	1397746106.410931	NA	NA	1397746106.41137	1397746106.5866117	NA	NA	1397746106.5869372
m3.medium	0.5	f92448b1-e96a-46d1-afe0-d12ef8411267	41495400	fbad9b14-4baf-4813-8c3a-5f777885309f	mBackground	0.169814898	NA	NA	8296418	8288640	1397746106.5909128	NA	NA	1397746106.5912557	1397746106.7611537	NA	NA	1397746106.7614694
m3.medium	0.5	f92448b1-e96a-46d1-afe0-d12ef8411267	41495400	005a43a3-509d-4cbb-8881-c02dba7e3741	mBackground	0.173995096	NA	NA	8256098	8248320	1397746106.7719963	NA	NA	1397746106.7724104	1397746106.9464908	NA	NA	1397746106.9473116
m3.medium	0.5	f92448b1-e96a-46d1-afe0-d12ef8411267	41495400	c495bfd7-fc80-4071-b894-1c83ba6af3f1	mBackground	0.174532121	NA	NA	8256098	8248320	1397746106.9519541	NA	NA	1397746106.9543629	1397746107.1290014	NA	NA	1397746107.1295168
m3.medium	0.5	f92448b1-e96a-46d1-afe0-d12ef8411267	41495400	13e89504-040a-49d7-b482-0675dd39f029	mBackground	0.175255978	NA	NA	8256098	8248320	1397746107.1340976	NA	NA	1397746107.134486	1397746107.3098228	NA	NA	1397746107.3102932
m3.medium	0.5	f92448b1-e96a-46d1-afe0-d12ef8411267	41495400	57131068-35db-4408-a77e-a6ad4ba224be	mBackground	0.170763384	NA	NA	8250338	8242560	1397746107.315799	NA	NA	1397746107.3164277	1397746107.4872801	NA	NA	1397746107.4875774
m3.medium	0.5	f92448b1-e96a-46d1-afe0-d12ef8411267	41495400	e652994f-f691-43f4-a52c-3db0028f4769	mBackground	0.169698028	NA	NA	8238818	8231040	1397746107.5039477	NA	NA	1397746107.5043216	1397746107.6741087	NA	NA	1397746107.674551
m3.medium	0.5	f92448b1-e96a-46d1-afe0-d12ef8411267	41495400	132ff745-ea53-497f-8aa7-349e14f7c104	mBackground	0.17833207	NA	NA	8267618	8259840	1397746107.6808026	NA	NA	1397746107.6812377	1397746107.8596625	NA	NA	1397746107.859947
m3.medium	0.5	f92448b1-e96a-46d1-afe0-d12ef8411267	41495400	9c200f4c-4796-4758-ad8a-7f7c904792cd	mBackground	0.171627114	NA	NA	8256098	8248320	1397746107.866083	NA	NA	1397746107.8665638	1397746108.038408	NA	NA	1397746108.0387728
m3.medium	0.5	f92448b1-e96a-46d1-afe0-d12ef8411267	41495400	52389d5d-43ef-4a03-80a7-a06a09275910	mBackground	0.179286561	NA	NA	8256098	8248320	1397746108.0439038	NA	NA	1397746108.0442417	1397746108.2236083	NA	NA	1397746108.2238731
m3.medium	0.5	f92448b1-e96a-46d1-afe0-d12ef8411267	41495400	4b86a8c2-52f1-4e3d-a17f-8d1752e4a788	mBackground	0.17497609	NA	NA	8256098	8248320	1397746108.2289696	NA	NA	1397746108.22947	1397746108.4045448	NA	NA	1397746108.4049845
m3.medium	0.5	f92448b1-e96a-46d1-afe0-d12ef8411267	41495400	8f2d60cc-a3d6-40ea-a615-c86489962c0b	mBackground	0.176632339	NA	NA	8256098	8248320	1397746108.4100342	NA	NA	1397746108.4105163	1397746108.5872395	NA	NA	1397746108.5875227
m3.medium	0.5	f92448b1-e96a-46d1-afe0-d12ef8411267	41495400	26aea144-f780-4a1b-bf5a-15e70860018d	mBackground	0.178656101	NA	NA	8238818	8231040	1397746108.5923128	NA	NA	1397746108.5926833	1397746108.7714977	NA	NA	1397746108.7718618
m3.medium	0.5	f92448b1-e96a-46d1-afe0-d12ef8411267	41495400	418c53df-6908-489e-b777-844c715c1148	mBackground	0.175840149	NA	NA	8307938	8300160	1397746108.777452	NA	NA	1397746108.7779555	1397746108.9538794	NA	NA	1397746108.954477
m3.medium	0.5	f92448b1-e96a-46d1-afe0-d12ef8411267	41495400	775d27e5-014f-4f65-bf6f-24bbfdca559c	mBackground	0.184546726	NA	NA	8256098	8248320	1397746108.9599402	NA	NA	1397746108.960263	1397746109.1449142	NA	NA	1397746109.1452475
m3.medium	0.5	f92448b1-e96a-46d1-afe0-d12ef8411267	41495400	39cf9f34-78b2-41ca-ba29-3a03ba38c377	mBackground	0.174046782	NA	NA	8267618	8259840	1397746109.1505764	NA	NA	1397746109.1512403	1397746109.325369	NA	NA	NA
m3.medium	0.5	f92448b1-e96a-46d1-afe0-d12ef8411267	41495400	722194d7-29af-4a85-9ca8-3983a573eeaf	mBackground	0.174191179	NA	NA	8290658	8282880	1397746109.3372087	NA	NA	1397746109.337627	1397746109.5119247	NA	NA	1397746109.5124018
m3.medium	0.5	f92448b1-e96a-46d1-afe0-d12ef8411267	41495400	5bd5eced-9875-49c2-8e76-e4c13affdf33	mBackground	0.177908487	NA	NA	8256098	8248320	1397746109.5171835	NA	NA	1397746109.517542	1397746109.6955318	NA	NA	1397746109.6958084
m3.medium	0.5	f92448b1-e96a-46d1-afe0-d12ef8411267	41495400	4b939168-86f8-4b8c-ac39-8a9d3f1fb86d	mBackground	0.170053542	NA	NA	8267618	8259840	1397746109.700315	NA	NA	1397746109.700665	1397746109.870804	NA	NA	1397746109.880888
m3.medium	0.5	f92448b1-e96a-46d1-afe0-d12ef8411267	41495400	9fc362fe-7ccf-4384-afdb-6ca0bcf74423	mBackground	0.175059638	NA	NA	8256098	8248320	1397746109.884446	NA	NA	1397746109.8849368	1397746110.060098	NA	NA	1397746110.0605135
m3.medium	0.5	f92448b1-e96a-46d1-afe0-d12ef8411267	41495400	129b767b-1662-4855-8e3d-82fe018e7d71	mBackground	0.175213445	NA	NA	8267618	8259840	1397746110.065082	NA	NA	1397746110.0656042	1397746110.240902	NA	NA	1397746110.2412925
m3.medium	0.5	f92448b1-e96a-46d1-afe0-d12ef8411267	41495400	118bb563-d06c-4667-a780-5749b7ab9fce	mBackground	0.183215136	NA	NA	8296418	8288640	1397746110.245618	NA	NA	1397746110.2463017	1397746110.4297802	NA	NA	1397746110.4301703
m3.medium	0.5	f92448b1-e96a-46d1-afe0-d12ef8411267	41495400	e78c72c5-6084-4882-8cae-972764780e62	mBackground	0.181995431	NA	NA	8313698	8305920	1397746110.4345636	NA	NA	1397746110.4349785	1397746110.6170595	NA	NA	1397746110.617326
m3.medium	0.5	f92448b1-e96a-46d1-afe0-d12ef8411267	41495400	aadacd13-d0ce-4d71-a672-4f0045ce8ded	mBackground	0.170694763	NA	NA	8256098	8248320	1397746110.6217628	NA	NA	1397746110.6222222	1397746110.7929986	NA	NA	1397746110.7932794
m3.medium	0.5	f92448b1-e96a-46d1-afe0-d12ef8411267	41495400	5f58084c-db81-4e14-acbc-3531a7e448b1	mBackground	0.167425101	NA	NA	8256098	8248320	1397746110.8003724	NA	NA	1397746110.8007247	1397746110.968359	NA	NA	1397746110.9687662
m3.medium	0.5	f92448b1-e96a-46d1-afe0-d12ef8411267	41495400	839ca6bb-79bd-4c3e-8495-3a5c7ffcd425	mBackground	0.171698538	NA	NA	8267618	8259840	1397746110.9815683	NA	NA	1397746110.9820127	1397746111.1537917	NA	NA	1397746111.1540604
m3.medium	0.5	f92448b1-e96a-46d1-afe0-d12ef8411267	41495400	2825c3b4-db6b-4edf-9b07-6e7490ba2d45	mBackground	0.177954461	NA	NA	8250338	8242560	1397746111.164821	NA	NA	1397746111.1651788	1397746111.343219	NA	NA	1397746111.3434982
m3.medium	0.5	f92448b1-e96a-46d1-afe0-d12ef8411267	41495400	46251f3f-77c2-40e7-88e9-3e21221c2d39	mBackground	0.1780135	NA	NA	8238818	8231040	1397746111.350799	NA	NA	1397746111.3511767	1397746111.529272	NA	NA	1397746111.5296483
m3.medium	0.5	f92448b1-e96a-46d1-afe0-d12ef8411267	41495400	a417300e-ddc8-46ad-ae29-5c5bb2b56fdd	mBackground	0.175924373	NA	NA	8250338	8242560	1397746111.5349727	NA	NA	1397746111.5354786	1397746111.7114909	NA	NA	1397746111.7117827
m3.medium	0.5	f92448b1-e96a-46d1-afe0-d12ef8411267	41495400	d257343c-571a-4e39-adc5-5292540919b1	mBackground	0.171397869	NA	NA	8250338	8242560	1397746111.7227952	NA	NA	1397746111.7231581	1397746111.8946652	NA	NA	1397746111.894946
m3.medium	0.5	f92448b1-e96a-46d1-afe0-d12ef8411267	41495400	32570b4e-8ace-4919-91f9-ae75585d7e59	mBackground	0.172708574	NA	NA	8313698	8305920	1397746111.9000015	NA	NA	1397746111.90031	1397746112.0731065	NA	NA	1397746112.0781558
m3.medium	0.5	f92448b1-e96a-46d1-afe0-d12ef8411267	41495400	35af00b5-e521-4e5a-a27b-cc213216751f	mBackground	0.173998694	NA	NA	8256098	8248320	1397746112.0831072	NA	NA	1397746112.0835505	1397746112.2576542	NA	NA	1397746112.2581506
m3.medium	0.5	f92448b1-e96a-46d1-afe0-d12ef8411267	41495400	aa404f7c-0f91-4278-ab77-8624b19c2a5e	mImgtbl	0.166047169	NA	NA	144489745	10121	1397746112.5796883	NA	NA	1397746112.5832107	1397746112.7493513	NA	NA	1397746112.749598
m3.medium	0.5	f92448b1-e96a-46d1-afe0-d12ef8411267	41495400	61b3b1e5-6105-45e6-9757-dfcb762bf88e	mAdd	1.287312723	NA	NA	288978107	51736320	1397746113.070791	NA	NA	1397746113.07857	1397746114.3659937	NA	NA	1397746114.3666024
m3.medium	0.5	f92448b1-e96a-46d1-afe0-d12ef8411267	41495400	7327d505-2827-44a5-90e8-16b59e20cca6	mShrink	0.430531287	NA	NA	25868160	6471360	1397746114.6349275	NA	NA	1397746114.6350994	1397746115.0658627	NA	NA	1397746115.075286
m3.medium	0.5	f92448b1-e96a-46d1-afe0-d12ef8411267	41495400	4d46a0f7-f970-4330-b795-441154d1f90e	mJPEG	0.586812646	NA	NA	6471360	119281	1397746115.3441002	NA	NA	1397746115.344266	1397746115.931302	NA	NA	1397746115.9317312
