m3.xlarge	0.5	90dd0447-fd49-45e7-9fa7-17708ab6c85e	34819720	ee8b9e96-df19-4383-93b6-75f0854a422e	mProjectPP	1.368085087	NA	NA	2111346	8242560	1397801242.130325	NA	NA	1397801242.1306407	1397801243.498824	NA	NA	1397801243.4991748
m3.xlarge	0.5	90dd0447-fd49-45e7-9fa7-17708ab6c85e	34819560	5f920d7b-3fb5-48bb-8867-40e46f6600a0	mProjectPP	1.416158974	NA	NA	2111346	8231040	1397801242.0689025	NA	NA	1397801242.0831265	1397801243.4993744	NA	NA	1397801243.499514
m3.xlarge	0.5	90dd0447-fd49-45e7-9fa7-17708ab6c85e	34819880	37bc228e-3693-4f5f-ab8a-c31856957b73	mProjectPP	1.406520287	NA	NA	2111346	8231040	1397801242.1309547	NA	NA	1397801242.1311228	1397801243.5377107	NA	NA	1397801243.5379388
m3.xlarge	0.5	90dd0447-fd49-45e7-9fa7-17708ab6c85e	34819420	69395c88-b201-492c-ba9c-672b83f3e5a2	mProjectPP	1.40643351	NA	NA	2111346	8300160	1397801242.1314104	NA	NA	1397801242.1315587	1397801243.5380373	NA	NA	1397801243.5381775
m3.xlarge	0.5	90dd0447-fd49-45e7-9fa7-17708ab6c85e	34819560	2d88b41f-88d5-42a2-8cfe-99356a171bf8	mProjectPP	1.267207439	NA	NA	2111346	8248320	1397801243.520517	NA	NA	1397801243.5209188	1397801244.7882242	NA	NA	1397801244.7894974
m3.xlarge	0.5	90dd0447-fd49-45e7-9fa7-17708ab6c85e	34819720	e37a47f3-6664-4d4f-b067-2fdf193f2a4e	mProjectPP	1.286059226	NA	NA	2111346	8288640	1397801243.5046124	NA	NA	1397801243.5048096	1397801244.790934	NA	NA	1397801244.7911968
m3.xlarge	0.5	90dd0447-fd49-45e7-9fa7-17708ab6c85e	34819880	0841f1a8-443d-48a9-bcae-bfa9f9691353	mProjectPP	1.29206158	NA	NA	2111346	8248320	1397801243.5424402	NA	NA	1397801243.5426135	1397801244.8347704	NA	NA	1397801244.8351586
m3.xlarge	0.5	90dd0447-fd49-45e7-9fa7-17708ab6c85e	34819420	c999bf22-3e3a-4544-86d7-558d991b81ca	mProjectPP	1.319128289	NA	NA	2111346	8248320	1397801243.5428984	NA	NA	1397801243.543052	1397801244.8622653	NA	NA	1397801244.8626382
m3.xlarge	0.5	90dd0447-fd49-45e7-9fa7-17708ab6c85e	34819560	99083e14-2005-4404-8e9d-808802693f8d	mProjectPP	1.26504273	NA	NA	2111346	8242560	1397801244.7932193	NA	NA	1397801244.793465	1397801246.0586247	NA	NA	1397801246.0599475
m3.xlarge	0.5	90dd0447-fd49-45e7-9fa7-17708ab6c85e	34819720	b735fc1c-6dfd-4320-ab34-29d5ade2fa48	mProjectPP	1.281146889	NA	NA	2111346	8231040	1397801244.816347	NA	NA	1397801244.8168454	1397801246.0981214	NA	NA	1397801246.0985286
m3.xlarge	0.5	90dd0447-fd49-45e7-9fa7-17708ab6c85e	34819880	017c37c3-0a91-46ff-b5c3-320f410feaf7	mProjectPP	1.288584446	NA	NA	2111346	8259840	1397801244.839859	NA	NA	1397801244.8400898	1397801246.1287613	NA	NA	1397801246.129074
m3.xlarge	0.5	90dd0447-fd49-45e7-9fa7-17708ab6c85e	34819420	f6f703c9-3ba0-4d02-bfac-7d6c8d6225b3	mProjectPP	1.287266828	NA	NA	2111346	8248320	1397801244.8670805	NA	NA	1397801244.8673918	1397801246.1547613	NA	NA	1397801246.1551433
m3.xlarge	0.5	90dd0447-fd49-45e7-9fa7-17708ab6c85e	34819560	9a0cd0a6-0286-4b06-8b54-c16aad7361b5	mProjectPP	1.300264647	NA	NA	2111346	8248320	1397801246.0633724	NA	NA	1397801246.063693	1397801247.3640807	NA	NA	1397801247.3648078
m3.xlarge	0.5	90dd0447-fd49-45e7-9fa7-17708ab6c85e	34819720	97285988-8c52-436b-8631-8f84ee03ef05	mProjectPP	1.263257429	NA	NA	2111346	8248320	1397801246.101911	NA	NA	1397801246.102276	1397801247.365609	NA	NA	1397801247.3659537
m3.xlarge	0.5	90dd0447-fd49-45e7-9fa7-17708ab6c85e	34819880	eaecebbf-8cbb-4e55-b0d1-fec7b704a850	mProjectPP	1.286800501	NA	NA	2111346	8248320	1397801246.1330986	NA	NA	1397801246.1334372	1397801247.420351	NA	NA	1397801247.4207966
m3.xlarge	0.5	90dd0447-fd49-45e7-9fa7-17708ab6c85e	34819420	6a1ff0ff-4347-464a-bf92-2e6ce888f25a	mProjectPP	1.283490414	NA	NA	2111346	8231040	1397801246.159933	NA	NA	1397801246.1606424	1397801247.444219	NA	NA	1397801247.444536
m3.xlarge	0.5	90dd0447-fd49-45e7-9fa7-17708ab6c85e	34819560	535a6d15-652c-4672-9a3a-051286d96ca3	mProjectPP	1.243029353	NA	NA	2111346	8300160	1397801247.3715017	NA	NA	1397801247.3717642	1397801248.6149163	NA	NA	1397801248.616373
m3.xlarge	0.5	90dd0447-fd49-45e7-9fa7-17708ab6c85e	34819720	d613a805-4127-485e-896c-898d1ce6f4fc	mProjectPP	1.306655583	NA	NA	2111346	8248320	1397801247.3720865	NA	NA	1397801247.3723886	1397801248.6791408	NA	NA	1397801248.6795242
m3.xlarge	0.5	90dd0447-fd49-45e7-9fa7-17708ab6c85e	34819880	92d52836-3127-4e36-941a-99704749ea91	mProjectPP	1.290541241	NA	NA	2111346	8259840	1397801247.4250567	NA	NA	1397801247.4252682	1397801248.715892	NA	NA	1397801248.7171981
m3.xlarge	0.5	90dd0447-fd49-45e7-9fa7-17708ab6c85e	34819420	b1cf86df-e1f2-4a1e-83d7-764c83d76db1	mProjectPP	1.288837848	NA	NA	2111346	8282880	1397801247.448954	NA	NA	1397801247.4493833	1397801248.7383063	NA	NA	1397801248.7386003
m3.xlarge	0.5	90dd0447-fd49-45e7-9fa7-17708ab6c85e	34819560	2acd6853-47fb-4941-bf66-f3f60f37eac2	mProjectPP	1.466476717	NA	NA	2111346	8248320	1397801248.620094	NA	NA	1397801248.6203723	1397801250.0869696	NA	NA	1397801250.0875282
m3.xlarge	0.5	90dd0447-fd49-45e7-9fa7-17708ab6c85e	34819720	7360a57d-ef6a-4077-b594-e5ff80873b61	mProjectPP	1.437265749	NA	NA	2111346	8259840	1397801248.6836324	NA	NA	1397801248.683942	1397801250.1212783	NA	NA	1397801250.121628
m3.xlarge	0.5	90dd0447-fd49-45e7-9fa7-17708ab6c85e	34819880	3403dabd-ead2-42aa-b1bd-1dbfa7ea66e8	mProjectPP	1.42753666	NA	NA	2111346	8248320	1397801248.7208705	NA	NA	1397801248.721126	1397801250.1487641	NA	NA	1397801250.1492538
m3.xlarge	0.5	90dd0447-fd49-45e7-9fa7-17708ab6c85e	34819420	ef4323fd-8588-4b86-96a9-15d1f58e9b9b	mProjectPP	1.409381757	NA	NA	2111346	8259840	1397801248.7425182	NA	NA	1397801248.7427485	1397801250.1521907	NA	NA	1397801250.1526144
m3.xlarge	0.5	90dd0447-fd49-45e7-9fa7-17708ab6c85e	34819560	a1678811-2c9d-4d18-8246-6ccc9c658d4c	mProjectPP	1.275680396	NA	NA	2111346	8288640	1397801250.0923223	NA	NA	1397801250.092622	1397801251.3684044	NA	NA	1397801251.3692772
m3.xlarge	0.5	90dd0447-fd49-45e7-9fa7-17708ab6c85e	34819720	e1541874-11cf-4ae3-ae40-b24187b16637	mProjectPP	1.272196842	NA	NA	2111346	8305920	1397801250.125116	NA	NA	1397801250.1253152	1397801251.3976579	NA	NA	1397801251.3980048
m3.xlarge	0.5	90dd0447-fd49-45e7-9fa7-17708ab6c85e	34819880	c7d4fa43-221e-4385-a728-ee5da4676bfd	mProjectPP	1.28601423	NA	NA	2111346	8248320	1397801250.1544547	NA	NA	1397801250.1547108	1397801251.4408407	NA	NA	1397801251.441539
m3.xlarge	0.5	90dd0447-fd49-45e7-9fa7-17708ab6c85e	34819420	b95d6093-8853-4466-933b-10f914f1fff5	mProjectPP	1.292247654	NA	NA	2111346	8248320	1397801250.1776829	NA	NA	1397801250.1782641	1397801251.4708576	NA	NA	1397801251.4712298
m3.xlarge	0.5	90dd0447-fd49-45e7-9fa7-17708ab6c85e	34819560	f9282fc4-8561-470a-85f5-825fe4183ffa	mProjectPP	1.276885385	NA	NA	2111346	8259840	1397801251.3728743	NA	NA	1397801251.3732674	1397801252.65026	NA	NA	1397801252.651193
m3.xlarge	0.5	90dd0447-fd49-45e7-9fa7-17708ab6c85e	34819720	2e5d145b-7cae-45fa-affa-3757511bd1dc	mProjectPP	1.279200634	NA	NA	2111346	8242560	1397801251.4018853	NA	NA	1397801251.4021456	1397801252.6814358	NA	NA	1397801252.6818743
m3.xlarge	0.5	90dd0447-fd49-45e7-9fa7-17708ab6c85e	34819880	95de41de-dbf7-41b7-b513-c6dda43cb7c0	mProjectPP	1.265016506	NA	NA	2111346	8231040	1397801251.4463303	NA	NA	1397801251.4465935	1397801252.711766	NA	NA	1397801252.7121964
m3.xlarge	0.5	90dd0447-fd49-45e7-9fa7-17708ab6c85e	34819420	68ad85ed-ed0d-4c90-9d9e-4b43c31f7c8c	mProjectPP	1.274022481	NA	NA	2111346	8242560	1397801251.475306	NA	NA	1397801251.4757364	1397801252.7498662	NA	NA	1397801252.750248
m3.xlarge	0.5	90dd0447-fd49-45e7-9fa7-17708ab6c85e	34819420	9a96813c-71a0-4735-ad82-8e6efa0d7ef1	mDiffFit	0.235777175	NA	NA	16473906	147146	1397801252.754825	NA	NA	1397801252.755691	1397801252.9915493	NA	NA	1397801252.9923837
m3.xlarge	0.5	90dd0447-fd49-45e7-9fa7-17708ab6c85e	34819420	d78a0a78-3bbb-4a25-9052-38d358ac0aa0	mDiffFit	0.186603315	NA	NA	16531506	472594	1397801252.995893	NA	NA	1397801252.9967728	1397801253.1834671	NA	NA	1397801253.1842444
m3.xlarge	0.5	90dd0447-fd49-45e7-9fa7-17708ab6c85e	34819420	0598c15d-4b5b-43d9-babc-fb1fe01d09e7	mDiffFit	0.144563866	NA	NA	16479666	222029	1397801253.187823	NA	NA	1397801253.188624	1397801253.3332672	NA	NA	1397801253.33406
m3.xlarge	0.5	90dd0447-fd49-45e7-9fa7-17708ab6c85e	34819420	b9b9cc80-e683-4448-b346-38b8ed237815	mDiffFit	0.123326726	NA	NA	16491186	144271	1397801253.3378322	NA	NA	1397801253.3387797	1397801253.4621956	NA	NA	1397801253.4626863
m3.xlarge	0.5	90dd0447-fd49-45e7-9fa7-17708ab6c85e	34819420	df3d94ac-3967-4cf2-a790-91f5c5eaf308	mDiffFit	0.147320099	NA	NA	16548786	250828	1397801253.4667845	NA	NA	1397801253.4675884	1397801253.6151297	NA	NA	1397801253.6159363
m3.xlarge	0.5	90dd0447-fd49-45e7-9fa7-17708ab6c85e	34819420	dab0f3be-0495-4393-9504-e717b38f1bfb	mDiffFit	0.197178318	NA	NA	16537266	472590	1397801253.6196072	NA	NA	1397801253.6204214	1397801253.8177247	NA	NA	1397801253.8183131
m3.xlarge	0.5	90dd0447-fd49-45e7-9fa7-17708ab6c85e	34819560	c26db90f-9886-4384-9be4-112f41a9bba0	mProjectPP	1.187260964	NA	NA	2111346	8242560	1397801252.6548574	NA	NA	1397801252.655225	1397801253.842572	NA	NA	1397801253.8428886
m3.xlarge	0.5	90dd0447-fd49-45e7-9fa7-17708ab6c85e	34819420	2d202d3a-2b2f-4e82-9056-271e4afdfc36	mDiffFit	0.130174059	NA	NA	16589106	222032	1397801253.8226259	NA	NA	1397801253.8237712	1397801253.9540806	NA	NA	1397801253.9551506
m3.xlarge	0.5	90dd0447-fd49-45e7-9fa7-17708ab6c85e	34819560	3ad26210-0d58-41a8-9622-014e61f27640	mDiffFit	0.135670323	NA	NA	16479666	147143	1397801253.8468418	NA	NA	1397801253.8478293	1397801253.9835992	NA	NA	1397801253.9839623
m3.xlarge	0.5	90dd0447-fd49-45e7-9fa7-17708ab6c85e	34819720	5cfb59a7-ce9a-4d04-980d-c4d61c841d9d	mProjectPP	1.29869176	NA	NA	2111346	8305920	1397801252.6862285	NA	NA	1397801252.6865392	1397801253.9852955	NA	NA	1397801253.9855733
m3.xlarge	0.5	90dd0447-fd49-45e7-9fa7-17708ab6c85e	34819880	d07656f6-870b-46ed-9208-c8ffb6720e7e	mProjectPP	1.270258629	NA	NA	2111346	8248320	1397801252.7162607	NA	NA	1397801252.7165074	1397801253.9868474	NA	NA	1397801253.9870186
m3.xlarge	0.5	90dd0447-fd49-45e7-9fa7-17708ab6c85e	34819420	62744154-133d-456d-b430-80b7aed3cf7b	mDiffFit	0.122022032	NA	NA	16491186	219152	1397801253.9592047	NA	NA	1397801253.9602127	1397801254.0823295	NA	NA	1397801254.0826733
m3.xlarge	0.5	90dd0447-fd49-45e7-9fa7-17708ab6c85e	34819880	a0bea76d-897a-41cc-b528-4047ce63966c	mDiffFit	0.165840561	NA	NA	16479666	155786	1397801253.9938998	NA	NA	1397801253.9943595	1397801254.1602788	NA	NA	1397801254.1611269
m3.xlarge	0.5	90dd0447-fd49-45e7-9fa7-17708ab6c85e	34819560	16530740-0536-4613-b472-82573377f32d	mDiffFit	0.1963193	NA	NA	16479666	466822	1397801253.9919324	NA	NA	1397801253.9927828	1397801254.1891866	NA	NA	1397801254.1896327
m3.xlarge	0.5	90dd0447-fd49-45e7-9fa7-17708ab6c85e	34819720	751b1d0c-3645-4a34-bbba-cdc887a65440	mDiffFit	0.197336142	NA	NA	16496946	481232	1397801253.9931045	NA	NA	1397801253.9936504	1397801254.1910412	NA	NA	1397801254.1912665
m3.xlarge	0.5	90dd0447-fd49-45e7-9fa7-17708ab6c85e	34819420	89567f55-de9e-4cd0-931d-c5e4ba929b06	mDiffFit	0.180549481	NA	NA	16485426	472591	1397801254.0889685	NA	NA	1397801254.0900004	1397801254.2706609	NA	NA	1397801254.272463
m3.xlarge	0.5	90dd0447-fd49-45e7-9fa7-17708ab6c85e	34819880	827ebcd5-0a02-44c4-8255-1fd7f48a11c5	mDiffFit	0.13671247	NA	NA	16473906	222033	1397801254.165035	NA	NA	1397801254.1658762	1397801254.3026755	NA	NA	1397801254.3031633
m3.xlarge	0.5	90dd0447-fd49-45e7-9fa7-17708ab6c85e	34819560	de38ca31-8054-47d2-b98e-44c07285b7fa	mDiffFit	0.185347496	NA	NA	16491186	492747	1397801254.1954544	NA	NA	1397801254.1960666	1397801254.3815193	NA	NA	1397801254.3824105
m3.xlarge	0.5	90dd0447-fd49-45e7-9fa7-17708ab6c85e	34819720	8fd4346f-cd61-46f2-bdf4-7b0a4e096189	mDiffFit	0.214697778	NA	NA	16473906	469714	1397801254.196304	NA	NA	1397801254.1969981	1397801254.4117754	NA	NA	1397801254.4121954
m3.xlarge	0.5	90dd0447-fd49-45e7-9fa7-17708ab6c85e	34819420	1cc7aa2e-589e-4722-904e-601cb1aafedc	mDiffFit	0.156911893	NA	NA	16519986	247952	1397801254.2763102	NA	NA	1397801254.2771585	1397801254.434156	NA	NA	1397801254.4344354
m3.xlarge	0.5	90dd0447-fd49-45e7-9fa7-17708ab6c85e	34819880	24bef3af-fce6-4542-bb1c-516531d4dce9	mDiffFit	0.128648676	NA	NA	16479666	224915	1397801254.3072188	NA	NA	1397801254.3081052	1397801254.436838	NA	NA	1397801254.4371023
m3.xlarge	0.5	90dd0447-fd49-45e7-9fa7-17708ab6c85e	34819720	64f84aa8-9dd2-4378-8e35-48729c548ced	mDiffFit	0.119875165	NA	NA	16479666	224912	1397801254.4160492	NA	NA	1397801254.416655	1397801254.5367043	NA	NA	1397801254.537109
m3.xlarge	0.5	90dd0447-fd49-45e7-9fa7-17708ab6c85e	34819420	f2b009c5-44db-4dbe-b824-859bf15cc49f	mDiffFit	0.131086498	NA	NA	16496946	144262	1397801254.4391959	NA	NA	1397801254.4403973	1397801254.5716186	NA	NA	1397801254.5719616
m3.xlarge	0.5	90dd0447-fd49-45e7-9fa7-17708ab6c85e	34819560	e63a3cb6-bc12-4550-85de-94619f79b039	mDiffFit	0.186001537	NA	NA	16508466	478346	1397801254.3863487	NA	NA	1397801254.38708	1397801254.5731347	NA	NA	1397801254.5733974
m3.xlarge	0.5	90dd0447-fd49-45e7-9fa7-17708ab6c85e	34819880	26f6ecee-b6ce-431b-9407-aa2531944aab	mDiffFit	0.191702335	NA	NA	16496946	492743	1397801254.4645123	NA	NA	1397801254.466021	1397801254.6578565	NA	NA	1397801254.658308
m3.xlarge	0.5	90dd0447-fd49-45e7-9fa7-17708ab6c85e	34819420	a78534b8-bce6-4326-99d9-4d0968bf9068	mDiffFit	0.140004938	NA	NA	16496946	222027	1397801254.5761511	NA	NA	1397801254.5768626	1397801254.7169626	NA	NA	1397801254.7174518
m3.xlarge	0.5	90dd0447-fd49-45e7-9fa7-17708ab6c85e	34819720	f7392eff-d6c2-4153-9d1a-2c36fd430556	mDiffFit	0.202310614	NA	NA	16479666	492746	1397801254.5417671	NA	NA	1397801254.542647	1397801254.745066	NA	NA	1397801254.7455158
m3.xlarge	0.5	90dd0447-fd49-45e7-9fa7-17708ab6c85e	34819560	3376ea8d-3945-403e-b97a-113e7f49674d	mDiffFit	0.150517698	NA	NA	16496946	155777	1397801254.5940022	NA	NA	1397801254.5949445	1397801254.7456365	NA	NA	1397801254.7459288
m3.xlarge	0.5	90dd0447-fd49-45e7-9fa7-17708ab6c85e	34819880	049e3fba-fad2-42b5-9c1b-205cfb4fb775	mDiffFit	0.127327428	NA	NA	16496946	224900	1397801254.6635568	NA	NA	1397801254.6647198	1397801254.7921445	NA	NA	1397801254.7925575
m3.xlarge	0.5	90dd0447-fd49-45e7-9fa7-17708ab6c85e	34819420	c3db92b2-9dfd-4312-86e7-f70abd7b19e6	mDiffFit	0.119724194	NA	NA	16496946	150020	1397801254.7222996	NA	NA	1397801254.7234054	1397801254.8432338	NA	NA	1397801254.8436937
m3.xlarge	0.5	90dd0447-fd49-45e7-9fa7-17708ab6c85e	34819720	f79c9f1e-c5a2-46dd-83cf-771097d60464	mDiffFit	0.132338048	NA	NA	16508466	219152	1397801254.7521286	NA	NA	1397801254.7532241	1397801254.8856685	NA	NA	1397801254.8860664
m3.xlarge	0.5	90dd0447-fd49-45e7-9fa7-17708ab6c85e	34819560	20c185d1-383c-44de-8d45-00d28d11db1c	mDiffFit	0.206031237	NA	NA	16496946	486982	1397801254.7535486	NA	NA	1397801254.754528	1397801254.9606647	NA	NA	1397801254.9610212
m3.xlarge	0.5	90dd0447-fd49-45e7-9fa7-17708ab6c85e	34819880	a65a7a5a-6c3e-4ca4-af91-c8a33b59e4e5	mDiffFit	0.189200704	NA	NA	16479666	486982	1397801254.797585	NA	NA	1397801254.7986593	1397801254.9879606	NA	NA	1397801254.9883835
m3.xlarge	0.5	90dd0447-fd49-45e7-9fa7-17708ab6c85e	34819420	9e0877e6-e20a-4c5d-bfaf-e315ad9c2dc8	mDiffFit	0.139011511	NA	NA	16479666	152900	1397801254.8483937	NA	NA	1397801254.8494458	1397801254.9885523	NA	NA	1397801254.9889562
m3.xlarge	0.5	90dd0447-fd49-45e7-9fa7-17708ab6c85e	34819720	c9dcb6a3-dafc-49a0-987b-ca3fd4f4eaeb	mDiffFit	0.141924003	NA	NA	16479666	224906	1397801254.8905702	NA	NA	1397801254.891565	1397801255.0335991	NA	NA	1397801255.0341218
m3.xlarge	0.5	90dd0447-fd49-45e7-9fa7-17708ab6c85e	34819560	cee8ecaa-f011-4166-8e25-ae434399d20f	mDiffFit	0.221305982	NA	NA	16531506	253710	1397801254.9656186	NA	NA	1397801254.9666238	1397801255.188046	NA	NA	1397801255.1889763
m3.xlarge	0.5	90dd0447-fd49-45e7-9fa7-17708ab6c85e	34819880	a5a92845-3e20-4fd3-b899-a5cbce59e309	mDiffFit	0.468651878	NA	NA	16600626	224919	1397801254.995435	NA	NA	1397801254.9964354	1397801255.4651904	NA	NA	1397801255.4656894
m3.xlarge	0.5	90dd0447-fd49-45e7-9fa7-17708ab6c85e	34819420	09e1a221-ecfe-4543-82c3-2b48969f6f4f	mDiffFit	0.51287444	NA	NA	16479666	489873	1397801254.9967701	NA	NA	1397801254.9975843	1397801255.5106	NA	NA	1397801255.5110288
m3.xlarge	0.5	90dd0447-fd49-45e7-9fa7-17708ab6c85e	34819720	5acd7dc2-59be-40c8-886b-aacfb125b469	mDiffFit	0.494638419	NA	NA	16496946	219145	1397801255.0392747	NA	NA	1397801255.041159	1397801255.5358505	NA	NA	1397801255.5360765
m3.xlarge	0.5	90dd0447-fd49-45e7-9fa7-17708ab6c85e	34819560	05622aad-f1f5-446d-b06a-aedd55d074e2	mDiffFit	0.390740119	NA	NA	16496946	458186	1397801255.1933084	NA	NA	1397801255.1943078	1397801255.5851643	NA	NA	1397801255.5855703
m3.xlarge	0.5	90dd0447-fd49-45e7-9fa7-17708ab6c85e	34819880	a8248196-6db0-4414-8ce6-d88bb4967b27	mDiffFit	0.143144799	NA	NA	16508466	222030	1397801255.4711862	NA	NA	1397801255.4728549	1397801255.616158	NA	NA	1397801255.616607
m3.xlarge	0.5	90dd0447-fd49-45e7-9fa7-17708ab6c85e	34819720	08ff0bc4-a1bf-4801-9f21-99d63851a0bf	mDiffFit	0.122976175	NA	NA	16491186	155781	1397801255.561846	NA	NA	1397801255.5630867	1397801255.6861653	NA	NA	1397801255.6871064
m3.xlarge	0.5	90dd0447-fd49-45e7-9fa7-17708ab6c85e	34819420	232827ec-2cbe-4c78-9c01-c5d027025f90	mDiffFit	0.189924289	NA	NA	16508466	507144	1397801255.5384274	NA	NA	1397801255.5389822	1397801255.7290025	NA	NA	1397801255.7292938
m3.xlarge	0.5	90dd0447-fd49-45e7-9fa7-17708ab6c85e	34819880	a43a8dc4-10fa-40e3-bfc5-54e887afc3f3	mDiffFit	0.137758669	NA	NA	16508466	224899	1397801255.6207364	NA	NA	1397801255.6216176	1397801255.7594783	NA	NA	1397801255.7598405
m3.xlarge	0.5	90dd0447-fd49-45e7-9fa7-17708ab6c85e	34819560	b9321055-eab2-4c32-9c3a-162146b27dd5	mDiffFit	0.195475361	NA	NA	16508466	472588	1397801255.5898428	NA	NA	1397801255.590706	1397801255.7862966	NA	NA	1397801255.786708
m3.xlarge	0.5	90dd0447-fd49-45e7-9fa7-17708ab6c85e	34819420	eb948131-4524-4822-8758-30f2003ddd47	mDiffFit	0.136322226	NA	NA	16519986	222027	1397801255.7332404	NA	NA	1397801255.7340786	1397801255.8705022	NA	NA	1397801255.8707955
m3.xlarge	0.5	90dd0447-fd49-45e7-9fa7-17708ab6c85e	34819720	26e7ae57-0b31-4255-91dc-5f96f7ed99f0	mDiffFit	0.20968243	NA	NA	16479666	492744	1397801255.6910431	NA	NA	1397801255.6919425	1397801255.9017186	NA	NA	1397801255.902062
m3.xlarge	0.5	90dd0447-fd49-45e7-9fa7-17708ab6c85e	34819560	fb8d1952-57ea-4f9f-942e-f6fd515dff4f	mDiffFit	0.135349765	NA	NA	16508466	155784	1397801255.7919724	NA	NA	1397801255.7930691	1397801255.928548	NA	NA	1397801255.9289706
m3.xlarge	0.5	90dd0447-fd49-45e7-9fa7-17708ab6c85e	34819880	dc904f82-4c22-4d50-9522-77de4e97242e	mDiffFit	0.193777034	NA	NA	16519986	504264	1397801255.7640066	NA	NA	1397801255.7650397	1397801255.9590013	NA	NA	1397801255.959278
m3.xlarge	0.5	90dd0447-fd49-45e7-9fa7-17708ab6c85e	34819720	1f3468ae-e12c-417c-a164-6df95675b77a	mDiffFit	0.120472769	NA	NA	16508466	144264	1397801255.9059167	NA	NA	1397801255.9068806	1397801256.0274541	NA	NA	1397801256.0288699
m3.xlarge	0.5	90dd0447-fd49-45e7-9fa7-17708ab6c85e	34819420	6745b740-2ed7-4cdc-96b4-77f04e723050	mDiffFit	0.189975737	NA	NA	16519986	472590	1397801255.8750298	NA	NA	1397801255.875924	1397801256.065993	NA	NA	1397801256.0664866
m3.xlarge	0.5	90dd0447-fd49-45e7-9fa7-17708ab6c85e	34819560	75ae9ff8-ca18-40e6-a4b0-182674c30407	mDiffFit	0.161533625	NA	NA	16548786	311308	1397801255.933701	NA	NA	1397801255.9347403	1397801256.0963688	NA	NA	1397801256.0967207
m3.xlarge	0.5	90dd0447-fd49-45e7-9fa7-17708ab6c85e	34819880	014bd9d3-338e-474b-acf8-3400da3b1cb2	mDiffFit	0.15780151	NA	NA	16537266	288266	1397801255.963456	NA	NA	1397801255.9641018	1397801256.1219826	NA	NA	1397801256.1223252
m3.xlarge	0.5	90dd0447-fd49-45e7-9fa7-17708ab6c85e	34819720	def87f3a-9fe7-4f24-aea4-ab863b69bddf	mDiffFit	0.139752611	NA	NA	16594866	222030	1397801256.0329916	NA	NA	1397801256.0339003	1397801256.1737561	NA	NA	1397801256.174076
m3.xlarge	0.5	90dd0447-fd49-45e7-9fa7-17708ab6c85e	34819420	a5e07482-e9c7-4114-8927-70c681c2516f	mDiffFit	0.139612507	NA	NA	16589106	224912	1397801256.0702565	NA	NA	1397801256.0712082	1397801256.2109323	NA	NA	1397801256.2112794
m3.xlarge	0.5	90dd0447-fd49-45e7-9fa7-17708ab6c85e	34819560	7b7f66eb-eb0d-453d-bc65-935c824dceee	mDiffFit	0.153435506	NA	NA	16554546	311303	1397801256.1009548	NA	NA	1397801256.1019144	1397801256.2556965	NA	NA	1397801256.2559848
m3.xlarge	0.5	90dd0447-fd49-45e7-9fa7-17708ab6c85e	34819880	40523aa8-a360-49c8-b518-f0b5acb8d7e9	mDiffFit	0.129519415	NA	NA	16508466	147143	1397801256.1258361	NA	NA	1397801256.1266644	1397801256.256254	NA	NA	1397801256.2566094
m3.xlarge	0.5	90dd0447-fd49-45e7-9fa7-17708ab6c85e	34819420	3b43ad7b-69c3-455d-9f3d-e46f05c250d8	mDiffFit	0.138782729	NA	NA	16554546	279628	1397801256.2153425	NA	NA	1397801256.216075	1397801256.3549817	NA	NA	1397801256.3565812
m3.xlarge	0.5	90dd0447-fd49-45e7-9fa7-17708ab6c85e	34819720	f98a1877-f445-44a5-8a80-7ee67a3f4165	mDiffFit	0.182154851	NA	NA	16496946	472587	1397801256.178304	NA	NA	1397801256.1790888	1397801256.3613076	NA	NA	1397801256.3614323
m3.xlarge	0.5	90dd0447-fd49-45e7-9fa7-17708ab6c85e	34819560	7c4d09d6-7847-40b9-84b2-89a6de4dcb49	mDiffFit	0.149754137	NA	NA	16531506	305549	1397801256.2629101	NA	NA	1397801256.2636416	1397801256.4134905	NA	NA	1397801256.4137795
m3.xlarge	0.5	90dd0447-fd49-45e7-9fa7-17708ab6c85e	34819880	1a873a0c-a34d-492e-9830-3e97df946df0	mDiffFit	0.151736927	NA	NA	16496946	224908	1397801256.2891595	NA	NA	1397801256.2900116	1397801256.4418657	NA	NA	1397801256.442583
m3.xlarge	0.5	90dd0447-fd49-45e7-9fa7-17708ab6c85e	34819420	39ba1e00-ebd6-4334-a9bc-c653b5d72b48	mDiffFit	0.13654316	NA	NA	16496946	224911	1397801256.360367	NA	NA	1397801256.360893	1397801256.4976325	NA	NA	1397801256.4978757
m3.xlarge	0.5	90dd0447-fd49-45e7-9fa7-17708ab6c85e	34819720	22c26f38-2bd8-4cf7-a30a-5a7f7545d5f5	mDiffFit	0.137523524	NA	NA	16496946	155785	1397801256.3861485	NA	NA	1397801256.387047	1397801256.5246542	NA	NA	1397801256.5250034
m3.xlarge	0.5	90dd0447-fd49-45e7-9fa7-17708ab6c85e	34819560	b585a861-3357-439e-b63d-f0c63890ac41	mDiffFit	0.135054741	NA	NA	16496946	144269	1397801256.4188178	NA	NA	1397801256.4193413	1397801256.554484	NA	NA	1397801256.5550647
m3.xlarge	0.5	90dd0447-fd49-45e7-9fa7-17708ab6c85e	34819880	b3ff5089-4c51-4010-bf5a-053e10043313	mDiffFit	0.195974922	NA	NA	16508466	492748	1397801256.4468975	NA	NA	1397801256.447715	1397801256.6438158	NA	NA	1397801256.6443908
m3.xlarge	0.5	90dd0447-fd49-45e7-9fa7-17708ab6c85e	34819420	ac3109a6-2a28-4be2-94e3-75a3d10b484d	mDiffFit	0.143339188	NA	NA	16508466	222029	1397801256.501584	NA	NA	1397801256.502448	1397801256.6458519	NA	NA	1397801256.646028
m3.xlarge	0.5	90dd0447-fd49-45e7-9fa7-17708ab6c85e	34819720	a5a387ab-57ef-4539-bdfb-54fa596d3ff2	mDiffFit	0.137809842	NA	NA	16491186	155782	1397801256.529112	NA	NA	1397801256.529902	1397801256.6678102	NA	NA	1397801256.6684203
m3.xlarge	0.5	90dd0447-fd49-45e7-9fa7-17708ab6c85e	34819560	864601e2-8cc7-4d2e-bf37-57bb23b1fc24	mDiffFit	0.178248903	NA	NA	16502706	486991	1397801256.5591688	NA	NA	1397801256.5601313	1397801256.7384725	NA	NA	1397801256.7389007
m3.xlarge	0.5	90dd0447-fd49-45e7-9fa7-17708ab6c85e	34819880	7cf7de93-ce47-44ae-9eac-194152ebb97a	mDiffFit	0.11980169	NA	NA	16491186	152907	1397801256.6485035	NA	NA	1397801256.649051	1397801256.7689521	NA	NA	1397801256.7692726
m3.xlarge	0.5	90dd0447-fd49-45e7-9fa7-17708ab6c85e	34819720	2962f21b-8268-4320-9506-fb5fcda49088	mDiffFit	0.136010994	NA	NA	16473906	224910	1397801256.6684816	NA	NA	1397801256.6693308	1397801256.8054667	NA	NA	1397801256.8057904
m3.xlarge	0.5	90dd0447-fd49-45e7-9fa7-17708ab6c85e	34819560	863cb4fd-4e07-4e0a-ae2c-083a37a77105	mDiffFit	0.138222146	NA	NA	16479666	224914	1397801256.7430732	NA	NA	1397801256.7440608	1397801256.8824167	NA	NA	1397801256.8829968
m3.xlarge	0.5	90dd0447-fd49-45e7-9fa7-17708ab6c85e	34819420	fcfb0584-213a-4fb3-a2d1-558325db7671	mDiffFit	0.186509291	NA	NA	16479666	452429	1397801256.6986926	NA	NA	1397801256.699623	1397801256.8862	NA	NA	1397801256.8864865
m3.xlarge	0.5	90dd0447-fd49-45e7-9fa7-17708ab6c85e	34819720	67ffcdf0-6e1d-455b-a1a5-4f42087c15a4	mDiffFit	0.143293116	NA	NA	16473906	222038	1397801256.8107095	NA	NA	1397801256.8115036	1397801256.9549031	NA	NA	1397801256.9552493
m3.xlarge	0.5	90dd0447-fd49-45e7-9fa7-17708ab6c85e	34819880	ecf13d4d-cca9-4d2c-b129-3bf5633f1b80	mDiffFit	0.211844508	NA	NA	16473906	495636	1397801256.7737558	NA	NA	1397801256.7747858	1397801256.986728	NA	NA	1397801256.9871542
m3.xlarge	0.5	90dd0447-fd49-45e7-9fa7-17708ab6c85e	34819420	75077d4d-3c30-4526-9fa0-baa67e80318f	mDiffFit	0.128828829	NA	NA	16491186	150034	1397801256.9072828	NA	NA	1397801256.90812	1397801257.0370474	NA	NA	1397801257.03739
m3.xlarge	0.5	90dd0447-fd49-45e7-9fa7-17708ab6c85e	34819560	fb6f75eb-d316-4940-9847-2df6fe75a80b	mDiffFit	0.18053727	NA	NA	16543026	472593	1397801256.8881702	NA	NA	1397801256.8887956	1397801257.0694509	NA	NA	1397801257.0698044
m3.xlarge	0.5	90dd0447-fd49-45e7-9fa7-17708ab6c85e	34819720	c4902eef-2422-4b94-8aeb-2676f5638935	mDiffFit	0.140079243	NA	NA	16491186	147146	1397801256.9595687	NA	NA	1397801256.9603431	1397801257.100533	NA	NA	1397801257.101048
m3.xlarge	0.5	90dd0447-fd49-45e7-9fa7-17708ab6c85e	34819880	c58b86a1-f61e-454f-83cc-445c6bb3dd2e	mDiffFit	0.140619134	NA	NA	16491186	224911	1397801256.9907734	NA	NA	1397801256.9915373	1397801257.1322548	NA	NA	1397801257.1327307
m3.xlarge	0.5	90dd0447-fd49-45e7-9fa7-17708ab6c85e	34819420	1178a3b5-be9f-4092-bd00-a21d295d8206	mDiffFit	0.144212485	NA	NA	16525746	285387	1397801257.0419965	NA	NA	1397801257.0425985	1397801257.1868997	NA	NA	1397801257.187156
m3.xlarge	0.5	90dd0447-fd49-45e7-9fa7-17708ab6c85e	34819560	58de1c5c-0dc9-473b-b44f-201c01fbf7cc	mDiffFit	0.154345928	NA	NA	16548786	305554	1397801257.0740523	NA	NA	1397801257.0748863	1397801257.2293506	NA	NA	1397801257.2298262
m3.xlarge	0.5	90dd0447-fd49-45e7-9fa7-17708ab6c85e	34819720	d3ab5c57-c73c-4220-9129-fb5dcb2e1c75	mDiffFit	0.154956435	NA	NA	16589106	224919	1397801257.1048884	NA	NA	1397801257.105941	1397801257.2609925	NA	NA	1397801257.2614975
m3.xlarge	0.5	90dd0447-fd49-45e7-9fa7-17708ab6c85e	34819880	ee74ee68-d3ac-4cc2-ac4c-a483fc2b1464	mDiffFit	0.13624108	NA	NA	16496946	224913	1397801257.1370547	NA	NA	1397801257.1380618	1397801257.2743783	NA	NA	1397801257.2747834
m3.xlarge	0.5	90dd0447-fd49-45e7-9fa7-17708ab6c85e	34819420	5ffb77c2-f47d-4a22-bfa4-9b9254791590	mDiffFit	0.154803359	NA	NA	16491186	498511	1397801257.19076	NA	NA	1397801257.1913638	1397801257.3462446	NA	NA	1397801257.346567
m3.xlarge	0.5	90dd0447-fd49-45e7-9fa7-17708ab6c85e	34819560	d5a087ea-dbdf-476b-8e26-243134ce6432	mDiffFit	0.138598962	NA	NA	16491186	472588	1397801257.2341568	NA	NA	1397801257.234992	1397801257.3736343	NA	NA	1397801257.3739154
m3.xlarge	0.5	90dd0447-fd49-45e7-9fa7-17708ab6c85e	34819720	ece8840f-8c7b-4f97-be01-5407443fe4f0	mConcatFit	1.484589663	NA	NA	25122	17057	1397801257.6883373	NA	NA	1397801257.6945713	1397801259.1792574	NA	NA	1397801259.1804037
m3.xlarge	0.5	90dd0447-fd49-45e7-9fa7-17708ab6c85e	34819880	0e2e0363-eca5-4bae-9fc0-e7659c4562b4	mBgModel	6.712766572	NA	NA	22962	1873	1397801259.4427512	NA	NA	1397801259.443282	1397801266.15615	NA	NA	1397801266.1573627
m3.xlarge	0.5	90dd0447-fd49-45e7-9fa7-17708ab6c85e	34819720	fc204b92-696f-4c25-8cec-023d286e1f0b	mBackground	0.161929623	NA	NA	8238818	8231040	1397801266.6002297	NA	NA	1397801266.6006541	1397801266.762683	NA	NA	1397801266.7632296
m3.xlarge	0.5	90dd0447-fd49-45e7-9fa7-17708ab6c85e	34819420	838ca605-562e-4832-8765-ffe6ac4c2d99	mBackground	0.206772532	NA	NA	8238818	8231040	1397801266.556112	NA	NA	1397801266.5565557	1397801266.7633882	NA	NA	1397801266.7635279
m3.xlarge	0.5	90dd0447-fd49-45e7-9fa7-17708ab6c85e	34819560	e9b8d220-cb5d-4030-95a7-d78d011647cb	mBackground	0.165599932	NA	NA	8250338	8242560	1397801266.599537	NA	NA	1397801266.5999105	1397801266.7655811	NA	NA	1397801266.7657483
m3.xlarge	0.5	90dd0447-fd49-45e7-9fa7-17708ab6c85e	34819880	4c097aa6-8f0d-4a98-afce-690c164b9dae	mBackground	0.164548471	NA	NA	8307938	8300160	1397801266.60089	NA	NA	1397801266.6012485	1397801266.7658403	NA	NA	1397801266.7660105
m3.xlarge	0.5	90dd0447-fd49-45e7-9fa7-17708ab6c85e	34819720	80fa4a5b-0628-41f4-9195-cc2f55084e86	mBackground	0.106735072	NA	NA	8296418	8288640	1397801266.7688112	NA	NA	1397801266.7691412	1397801266.8759701	NA	NA	1397801266.877592
m3.xlarge	0.5	90dd0447-fd49-45e7-9fa7-17708ab6c85e	34819420	bebe5ba0-87dc-46cd-8dfe-1acd87e3c8dd	mBackground	0.139094822	NA	NA	8256098	8248320	1397801266.7694008	NA	NA	1397801266.7697728	1397801266.9089472	NA	NA	1397801266.9093988
m3.xlarge	0.5	90dd0447-fd49-45e7-9fa7-17708ab6c85e	34819560	eadc6a86-18c5-4af6-afae-6b103dd5d119	mBackground	0.147828528	NA	NA	8256098	8248320	1397801266.7887974	NA	NA	1397801266.789666	1397801266.9376495	NA	NA	1397801266.938089
m3.xlarge	0.5	90dd0447-fd49-45e7-9fa7-17708ab6c85e	34819880	c3ac9e82-0552-4e71-b7a6-ed4eae80a286	mBackground	0.180011105	NA	NA	8256098	8248320	1397801266.7900627	NA	NA	1397801266.790491	1397801266.9706078	NA	NA	1397801266.970952
m3.xlarge	0.5	90dd0447-fd49-45e7-9fa7-17708ab6c85e	34819720	98939cdc-0848-46ba-8c57-d4335ba48ca8	mBackground	0.12515415	NA	NA	8250338	8242560	1397801266.8815563	NA	NA	1397801266.8821309	1397801267.0074027	NA	NA	1397801267.0080166
m3.xlarge	0.5	90dd0447-fd49-45e7-9fa7-17708ab6c85e	34819420	314156aa-5536-4b68-88e9-f4051864229a	mBackground	0.120405517	NA	NA	8238818	8231040	1397801266.913792	NA	NA	1397801266.914037	1397801267.0346866	NA	NA	1397801267.035062
m3.xlarge	0.5	90dd0447-fd49-45e7-9fa7-17708ab6c85e	34819560	14de74f5-3c4c-49c9-9883-d1ef1fd7d394	mBackground	0.124041441	NA	NA	8267618	8259840	1397801266.9429383	NA	NA	1397801266.9434898	1397801267.0676258	NA	NA	1397801267.0680552
m3.xlarge	0.5	90dd0447-fd49-45e7-9fa7-17708ab6c85e	34819880	6017f9ec-8b6d-4522-9db1-e358d469270e	mBackground	0.123260074	NA	NA	8256098	8248320	1397801266.974832	NA	NA	1397801266.9754434	1397801267.0988307	NA	NA	1397801267.0994952
m3.xlarge	0.5	90dd0447-fd49-45e7-9fa7-17708ab6c85e	34819720	ccadcb70-d03f-4def-83ce-5b889d555656	mBackground	0.12038506	NA	NA	8256098	8248320	1397801267.0126455	NA	NA	1397801267.013407	1397801267.1339087	NA	NA	1397801267.1343427
m3.xlarge	0.5	90dd0447-fd49-45e7-9fa7-17708ab6c85e	34819420	6e46d775-9e08-453f-862e-a83ee915cde9	mBackground	0.125636118	NA	NA	8256098	8248320	1397801267.0400136	NA	NA	1397801267.0406864	1397801267.166515	NA	NA	1397801267.1670103
m3.xlarge	0.5	90dd0447-fd49-45e7-9fa7-17708ab6c85e	34819560	afa18a5d-d2ff-4c4e-9a5f-8baf99631955	mBackground	0.12474237	NA	NA	8256098	8248320	1397801267.073059	NA	NA	1397801267.0735438	1397801267.1983602	NA	NA	1397801267.1988797
m3.xlarge	0.5	90dd0447-fd49-45e7-9fa7-17708ab6c85e	34819880	2deba280-48e3-441d-bf4e-2dccf0af80cc	mBackground	0.123821857	NA	NA	8238818	8231040	1397801267.1041942	NA	NA	1397801267.1050718	1397801267.2290077	NA	NA	1397801267.229403
m3.xlarge	0.5	90dd0447-fd49-45e7-9fa7-17708ab6c85e	34819720	538314c7-ddaf-4b52-93d0-b2bebee07489	mBackground	0.130463418	NA	NA	8307938	8300160	1397801267.138432	NA	NA	1397801267.138967	1397801267.2695312	NA	NA	1397801267.269857
m3.xlarge	0.5	90dd0447-fd49-45e7-9fa7-17708ab6c85e	34819420	10c36ef7-6a23-4314-aa61-f3e1bc99fff9	mBackground	0.126607079	NA	NA	8256098	8248320	1397801267.1716743	NA	NA	1397801267.1724956	1397801267.2992306	NA	NA	1397801267.2995224
m3.xlarge	0.5	90dd0447-fd49-45e7-9fa7-17708ab6c85e	34819560	0b413857-2322-49e0-af1e-1de97ad30024	mBackground	0.126894085	NA	NA	8267618	8259840	1397801267.2032208	NA	NA	1397801267.2035353	1397801267.3305583	NA	NA	1397801267.3310456
m3.xlarge	0.5	90dd0447-fd49-45e7-9fa7-17708ab6c85e	34819880	252ccd03-a6a4-494d-9980-2f6b540c4cc7	mBackground	0.12716665	NA	NA	8290658	8282880	1397801267.2346888	NA	NA	1397801267.2352512	1397801267.3625216	NA	NA	1397801267.362861
m3.xlarge	0.5	90dd0447-fd49-45e7-9fa7-17708ab6c85e	34819720	93fb279a-a1a3-4d2a-a752-a9f3ed41145c	mBackground	0.121941198	NA	NA	8256098	8248320	1397801267.2753394	NA	NA	1397801267.2759204	1397801267.3979828	NA	NA	1397801267.3984706
m3.xlarge	0.5	90dd0447-fd49-45e7-9fa7-17708ab6c85e	34819420	a8b72063-dbff-4b1a-8bf6-3fdbfc4d498c	mBackground	0.127575284	NA	NA	8267618	8259840	1397801267.3046992	NA	NA	1397801267.305095	1397801267.432758	NA	NA	1397801267.4331338
m3.xlarge	0.5	90dd0447-fd49-45e7-9fa7-17708ab6c85e	34819560	b3977f27-ebfc-4b55-9338-4565c00d6c8e	mBackground	0.1277368	NA	NA	8256098	8248320	1397801267.3366356	NA	NA	1397801267.3372831	1397801267.4651203	NA	NA	1397801267.46545
m3.xlarge	0.5	90dd0447-fd49-45e7-9fa7-17708ab6c85e	34819880	74df7432-ffde-4360-9ca1-2c83c46e86cd	mBackground	0.12907472	NA	NA	8267618	8259840	1397801267.3672347	NA	NA	1397801267.367757	1397801267.4969618	NA	NA	1397801267.497429
m3.xlarge	0.5	90dd0447-fd49-45e7-9fa7-17708ab6c85e	34819720	51172b19-26fb-4cca-a25c-e54c1f7bd666	mBackground	0.123894708	NA	NA	8296418	8288640	1397801267.4040785	NA	NA	1397801267.404941	1397801267.5289416	NA	NA	1397801267.5293138
m3.xlarge	0.5	90dd0447-fd49-45e7-9fa7-17708ab6c85e	34819420	9cc6c1f2-956a-4ddf-93e1-03feda7c62ed	mBackground	0.12372119	NA	NA	8313698	8305920	1397801267.437007	NA	NA	1397801267.4375467	1397801267.5613484	NA	NA	1397801267.5616896
m3.xlarge	0.5	90dd0447-fd49-45e7-9fa7-17708ab6c85e	34819560	310aa13b-a5a9-4e9d-8be1-092cb95117f0	mBackground	0.124292669	NA	NA	8256098	8248320	1397801267.469964	NA	NA	1397801267.4704957	1397801267.5949101	NA	NA	1397801267.5953467
m3.xlarge	0.5	90dd0447-fd49-45e7-9fa7-17708ab6c85e	34819880	73b2a999-e0f6-42bf-b923-cada7ecb0045	mBackground	0.126199376	NA	NA	8256098	8248320	1397801267.502968	NA	NA	1397801267.5037308	1397801267.6300118	NA	NA	1397801267.6303792
m3.xlarge	0.5	90dd0447-fd49-45e7-9fa7-17708ab6c85e	34819720	978a44e2-fbce-4b73-ac4b-495e9f29817a	mBackground	0.123977848	NA	NA	8267618	8259840	1397801267.533741	NA	NA	1397801267.534248	1397801267.6583164	NA	NA	1397801267.6587076
m3.xlarge	0.5	90dd0447-fd49-45e7-9fa7-17708ab6c85e	34819420	ea71e493-460d-4035-bf81-3f31fd06b530	mBackground	0.125396718	NA	NA	8250338	8242560	1397801267.5661128	NA	NA	1397801267.5666447	1397801267.6921542	NA	NA	1397801267.6927917
m3.xlarge	0.5	90dd0447-fd49-45e7-9fa7-17708ab6c85e	34819560	d669d06b-7bc9-46a8-aba6-1e1d6310fec3	mBackground	0.126918523	NA	NA	8238818	8231040	1397801267.60069	NA	NA	1397801267.6013217	1397801267.7283285	NA	NA	1397801267.7287283
m3.xlarge	0.5	90dd0447-fd49-45e7-9fa7-17708ab6c85e	34819880	1479d560-d9b7-4379-8451-fa873bcdb18e	mBackground	0.12622914	NA	NA	8250338	8242560	1397801267.6347811	NA	NA	1397801267.6351144	1397801267.761446	NA	NA	1397801267.7618175
m3.xlarge	0.5	90dd0447-fd49-45e7-9fa7-17708ab6c85e	34819720	975cb17e-ca61-4a81-89f6-c30583062bee	mBackground	0.12358356	NA	NA	8250338	8242560	1397801267.6644948	NA	NA	1397801267.664946	1397801267.7886117	NA	NA	1397801267.78892
m3.xlarge	0.5	90dd0447-fd49-45e7-9fa7-17708ab6c85e	34819420	8bf32e4d-47e5-4c5f-bbfa-03f522489cff	mBackground	0.101891785	NA	NA	8313698	8305920	1397801267.6980886	NA	NA	1397801267.6986527	1397801267.8006222	NA	NA	1397801267.8007853
m3.xlarge	0.5	90dd0447-fd49-45e7-9fa7-17708ab6c85e	34819560	910d4562-082e-459d-9851-c9c44c881a28	mBackground	0.098489547	NA	NA	8256098	8248320	1397801267.733139	NA	NA	1397801267.733593	1397801267.832137	NA	NA	1397801267.8324225
m3.xlarge	0.5	90dd0447-fd49-45e7-9fa7-17708ab6c85e	34819880	57a078bf-4cbb-4037-8e82-bb2f636067eb	mImgtbl	0.078057309	NA	NA	144489745	10121	1397801268.125817	NA	NA	1397801268.129125	1397801268.2072663	NA	NA	1397801268.2076025
m3.xlarge	0.5	90dd0447-fd49-45e7-9fa7-17708ab6c85e	34819720	81fcd515-ffea-4aeb-a138-be1cc48f94a4	mAdd	0.607797611	NA	NA	288978107	51736320	1397801268.5218942	NA	NA	1397801268.529881	1397801269.1377833	NA	NA	1397801269.1403496
m3.xlarge	0.5	90dd0447-fd49-45e7-9fa7-17708ab6c85e	34819420	9e1533b1-bafd-43b5-9fce-e1e4c3b06db5	mShrink	0.228008139	NA	NA	25868160	6471360	1397801269.405105	NA	NA	1397801269.405371	1397801269.6334724	NA	NA	1397801269.6348114
m3.xlarge	0.5	90dd0447-fd49-45e7-9fa7-17708ab6c85e	34819560	030ca011-7bd5-40e9-b3e5-afbdd8e648e3	mJPEG	0.276676184	NA	NA	6471360	119281	1397801269.896579	NA	NA	1397801269.897177	1397801270.1740675	NA	NA	1397801270.1752138
