t1.micro	0.5	25c6ecf1-b47e-4d9d-ad3a-b6a92a777428	38997460	6c860a3e-1dd0-4008-acd9-cac3e7aae54a	mProjectPP	1.467094363	NA	NA	2111346	8231040	1397954231.8867803	NA	NA	1397954231.906721	1397954233.3740587	NA	NA	1397954233.3748684
t1.micro	0.5	25c6ecf1-b47e-4d9d-ad3a-b6a92a777428	38997460	dd58362e-4602-4fc0-bc6a-bd74e10c40ce	mProjectPP	1.352417123	NA	NA	2111346	8242560	1397954233.3809252	NA	NA	1397954233.3813033	1397954234.7338457	NA	NA	1397954234.7342641
t1.micro	0.5	25c6ecf1-b47e-4d9d-ad3a-b6a92a777428	38997460	373a2604-9908-4899-a622-dfd2bae507bb	mProjectPP	1.385990997	NA	NA	2111346	8231040	1397954234.7394173	NA	NA	1397954234.7399032	1397954236.1260176	NA	NA	1397954236.126445
t1.micro	0.5	25c6ecf1-b47e-4d9d-ad3a-b6a92a777428	38997460	5d997de6-eefc-4519-8362-242c04411e28	mProjectPP	1.374363968	NA	NA	2111346	8300160	1397954236.1315315	NA	NA	1397954236.1321082	1397954237.5066054	NA	NA	1397954237.5070426
t1.micro	0.5	25c6ecf1-b47e-4d9d-ad3a-b6a92a777428	38997460	e0b96793-10ff-4d0d-b156-8dfe8b48024e	mProjectPP	1.363120348	NA	NA	2111346	8288640	1397954237.5175166	NA	NA	1397954237.517975	1397954238.8812418	NA	NA	1397954238.881673
t1.micro	0.5	25c6ecf1-b47e-4d9d-ad3a-b6a92a777428	38997460	15933aad-cb0e-4705-bed9-ed97f3a9bee7	mProjectPP	1.339168646	NA	NA	2111346	8248320	1397954238.886767	NA	NA	1397954238.8870714	1397954240.2263763	NA	NA	1397954240.2268121
t1.micro	0.5	25c6ecf1-b47e-4d9d-ad3a-b6a92a777428	38997460	6041d5fe-6ac0-44d2-8963-068c74db4078	mProjectPP	1.375050093	NA	NA	2111346	8248320	1397954240.2316732	NA	NA	1397954240.2319658	1397954241.607151	NA	NA	1397954241.608526
t1.micro	0.5	25c6ecf1-b47e-4d9d-ad3a-b6a92a777428	38997460	93bf7177-d757-46db-b330-1376d854d146	mProjectPP	1.496120056	NA	NA	2111346	8248320	1397954241.618863	NA	NA	1397954241.6193674	1397954243.1156898	NA	NA	1397954243.116293
t1.micro	0.5	25c6ecf1-b47e-4d9d-ad3a-b6a92a777428	38997460	006dd30f-7fb8-4db8-8165-06a9703fc877	mProjectPP	1.570001452	NA	NA	2111346	8242560	1397954243.1214836	NA	NA	1397954243.1218176	1397954244.6919422	NA	NA	1397954244.692596
t1.micro	0.5	25c6ecf1-b47e-4d9d-ad3a-b6a92a777428	38997460	1d91b1c8-f0df-42c4-a4d9-5aad273f57d4	mProjectPP	1.458197486	NA	NA	2111346	8231040	1397954244.698017	NA	NA	1397954244.698321	1397954246.1566548	NA	NA	1397954246.1571136
t1.micro	0.5	25c6ecf1-b47e-4d9d-ad3a-b6a92a777428	38997460	fb3c2c96-221e-4f9f-bd69-db3f403c3266	mProjectPP	1.363395819	NA	NA	2111346	8259840	1397954246.162292	NA	NA	1397954246.1625855	1397954247.526119	NA	NA	1397954247.526592
t1.micro	0.5	25c6ecf1-b47e-4d9d-ad3a-b6a92a777428	38997460	6787a581-285f-44f7-8a1d-8b8c1e215e6c	mProjectPP	1.560044079	NA	NA	2111346	8248320	1397954247.5377383	NA	NA	1397954247.5380654	1397954249.0982387	NA	NA	1397954249.0986917
t1.micro	0.5	25c6ecf1-b47e-4d9d-ad3a-b6a92a777428	38997460	6fdce335-ff5c-4bed-8aaa-94ad189bb6b3	mProjectPP	1.328759152	NA	NA	2111346	8248320	1397954249.1034644	NA	NA	1397954249.1039035	1397954250.4327896	NA	NA	1397954250.4332407
t1.micro	0.5	25c6ecf1-b47e-4d9d-ad3a-b6a92a777428	38997460	73a02c33-063f-4ad3-99a4-18fdcf245594	mProjectPP	1.498735315	NA	NA	2111346	8248320	1397954250.4385872	NA	NA	1397954250.4390867	1397954251.9379563	NA	NA	1397954251.9384089
t1.micro	0.5	25c6ecf1-b47e-4d9d-ad3a-b6a92a777428	38997460	a115ca25-6be0-4b80-bd56-9af7bc253b86	mProjectPP	1.376007171	NA	NA	2111346	8248320	1397954251.9593897	NA	NA	1397954251.959976	1397954253.336107	NA	NA	1397954253.336555
t1.micro	0.5	25c6ecf1-b47e-4d9d-ad3a-b6a92a777428	38997460	dd5b098f-c147-4551-8598-fd5dd94f9f98	mProjectPP	1.630228086	NA	NA	2111346	8231040	1397954253.3416069	NA	NA	1397954253.3420777	1397954254.9724243	NA	NA	1397954254.9728606
t1.micro	0.5	25c6ecf1-b47e-4d9d-ad3a-b6a92a777428	38997460	8faa4490-c9ad-44f5-b1bb-bd00cc95487c	mProjectPP	1.331319604	NA	NA	2111346	8300160	1397954254.9928298	NA	NA	1397954254.9931471	1397954256.3245912	NA	NA	1397954256.3250384
t1.micro	0.5	25c6ecf1-b47e-4d9d-ad3a-b6a92a777428	38997460	8a0bb8f3-8ab8-43b1-a85f-21db3b65fe6c	mProjectPP	1.346196484	NA	NA	2111346	8248320	1397954256.3302503	NA	NA	1397954256.3305535	1397954257.6768677	NA	NA	1397954257.6772933
t1.micro	0.5	25c6ecf1-b47e-4d9d-ad3a-b6a92a777428	38997460	c9636a05-d115-4c95-9413-cd96cbfa0161	mProjectPP	1.40904337	NA	NA	2111346	8259840	1397954257.682522	NA	NA	1397954257.6828325	1397954259.0920026	NA	NA	1397954259.092497
t1.micro	0.5	25c6ecf1-b47e-4d9d-ad3a-b6a92a777428	38997460	c0911bbb-19cb-40e1-8cec-89f1ded591a6	mProjectPP	1.372582338	NA	NA	2111346	8282880	1397954259.0974517	NA	NA	1397954259.0977683	1397954260.4704785	NA	NA	1397954260.4711797
t1.micro	0.5	25c6ecf1-b47e-4d9d-ad3a-b6a92a777428	38997460	efc12a8b-62a6-4d0a-bc98-64395ae446ca	mProjectPP	1.621616379	NA	NA	2111346	8248320	1397954260.4767914	NA	NA	1397954260.4771104	1397954262.0988858	NA	NA	1397954262.0993133
t1.micro	0.5	25c6ecf1-b47e-4d9d-ad3a-b6a92a777428	38997460	6764a35e-33ff-4914-b5e4-5e519bcef6a0	mProjectPP	1.590664304	NA	NA	2111346	8259840	1397954262.1070323	NA	NA	1397954262.1073494	1397954263.698184	NA	NA	1397954263.6987674
t1.micro	0.5	25c6ecf1-b47e-4d9d-ad3a-b6a92a777428	38997460	6cc0d36c-117b-43e0-aaf7-a9a10bd80e0a	mProjectPP	1.500623696	NA	NA	2111346	8248320	1397954263.7204552	NA	NA	1397954263.7209096	1397954265.2216668	NA	NA	1397954265.2221513
t1.micro	0.5	25c6ecf1-b47e-4d9d-ad3a-b6a92a777428	38997460	eff65ab5-5034-4d3f-8c5e-364ee3c4fa29	mProjectPP	1.948253866	NA	NA	2111346	8259840	1397954265.459204	NA	NA	1397954265.4598892	1397954267.4083562	NA	NA	1397954267.4090934
t1.micro	0.5	25c6ecf1-b47e-4d9d-ad3a-b6a92a777428	38997460	e75a9f99-3eee-4284-8c4f-763e5ac89ff2	mProjectPP	1.33048991	NA	NA	2111346	8288640	1397954267.414825	NA	NA	1397954267.4152236	1397954268.7458375	NA	NA	1397954268.746289
t1.micro	0.5	25c6ecf1-b47e-4d9d-ad3a-b6a92a777428	38997460	ff47eb44-5e8f-4500-b249-d462b4acef0d	mProjectPP	1.308805913	NA	NA	2111346	8305920	1397954268.751279	NA	NA	1397954268.7517686	1397954270.0607157	NA	NA	1397954270.0611734
t1.micro	0.5	25c6ecf1-b47e-4d9d-ad3a-b6a92a777428	38997460	4848db0a-71dc-4789-b004-75efb016a2aa	mProjectPP	1.485982486	NA	NA	2111346	8248320	1397954270.0664537	NA	NA	1397954270.0667596	1397954271.552879	NA	NA	1397954271.5533345
t1.micro	0.5	25c6ecf1-b47e-4d9d-ad3a-b6a92a777428	38997460	49ed067a-4c49-47cf-82b5-3846b3570460	mProjectPP	1.32073328	NA	NA	2111346	8248320	1397954271.5575576	NA	NA	1397954271.557867	1397954272.878722	NA	NA	1397954272.8793867
t1.micro	0.5	25c6ecf1-b47e-4d9d-ad3a-b6a92a777428	38997460	8c59c752-0d65-4b6a-b473-8c3dd4bb0390	mProjectPP	1.519757043	NA	NA	2111346	8259840	1397954272.8845196	NA	NA	1397954272.8848152	1397954274.4048326	NA	NA	1397954274.4052846
t1.micro	0.5	25c6ecf1-b47e-4d9d-ad3a-b6a92a777428	38997460	f4c9e6b2-1fac-4942-b1ce-1f6688aba5e8	mProjectPP	1.31067114	NA	NA	2111346	8242560	1397954274.4103956	NA	NA	1397954274.4109254	1397954275.7217214	NA	NA	1397954275.7221644
t1.micro	0.5	25c6ecf1-b47e-4d9d-ad3a-b6a92a777428	38997460	51d3ae73-58df-4b0d-827e-d4b12bc2d3ea	mProjectPP	1.487146201	NA	NA	2111346	8231040	1397954275.7271872	NA	NA	1397954275.7275	1397954277.2147691	NA	NA	1397954277.21523
t1.micro	0.5	25c6ecf1-b47e-4d9d-ad3a-b6a92a777428	38997460	1dbb45fd-6cbf-474f-9203-767b6012982c	mProjectPP	1.318740109	NA	NA	2111346	8242560	1397954277.2196157	NA	NA	1397954277.2199216	1397954278.5388682	NA	NA	1397954278.539326
t1.micro	0.5	25c6ecf1-b47e-4d9d-ad3a-b6a92a777428	38997460	d2c7c16f-a0a2-44bd-bf94-0d91b74bdc58	mProjectPP	1.34290228	NA	NA	2111346	8242560	1397954278.544089	NA	NA	1397954278.5444806	1397954279.8875465	NA	NA	1397954279.8883107
t1.micro	0.5	25c6ecf1-b47e-4d9d-ad3a-b6a92a777428	38997460	b98a9676-3fe6-4d62-b103-ae5a6e8c23f4	mProjectPP	1.496703903	NA	NA	2111346	8305920	1397954279.8946018	NA	NA	1397954279.8952785	1397954281.3921103	NA	NA	1397954281.392535
t1.micro	0.5	25c6ecf1-b47e-4d9d-ad3a-b6a92a777428	38997460	4d074fc6-8a98-43f7-a060-55f6b5dbd6f4	mProjectPP	1.502267772	NA	NA	2111346	8248320	1397954281.3972704	NA	NA	1397954281.3975816	1397954282.8999703	NA	NA	1397954282.9005063
t1.micro	0.5	25c6ecf1-b47e-4d9d-ad3a-b6a92a777428	38997460	bb98fcbf-2371-43a9-beb5-aa628d84abb0	mDiffFit	0.284272594	NA	NA	16473906	147146	1397954282.905261	NA	NA	1397954282.906326	1397954283.1907187	NA	NA	1397954283.1911755
t1.micro	0.5	25c6ecf1-b47e-4d9d-ad3a-b6a92a777428	38997460	4d6caa3f-0767-42cc-ac65-3dadcb61134c	mDiffFit	0.208728402	NA	NA	16531506	472594	1397954283.1962278	NA	NA	1397954283.1970716	1397954283.4059236	NA	NA	1397954283.4073527
t1.micro	0.5	25c6ecf1-b47e-4d9d-ad3a-b6a92a777428	38997460	cd2c075f-4a58-4bb2-86b3-024d5fd6d69c	mDiffFit	0.154651438	NA	NA	16589106	222032	1397954283.4114199	NA	NA	1397954283.4125788	1397954283.5673664	NA	NA	1397954283.5686183
t1.micro	0.5	25c6ecf1-b47e-4d9d-ad3a-b6a92a777428	38997460	a3f6fd7b-c8ea-4461-89b6-ae85bcabdd3d	mDiffFit	0.151654267	NA	NA	16479666	222029	1397954283.5725288	NA	NA	1397954283.573486	1397954283.7252772	NA	NA	1397954283.7257073
t1.micro	0.5	25c6ecf1-b47e-4d9d-ad3a-b6a92a777428	38997460	c2f12f4c-36c1-48b8-8dea-31baa62d1bd5	mDiffFit	0.130275255	NA	NA	16491186	144271	1397954283.7303646	NA	NA	1397954283.731203	1397954283.8616104	NA	NA	1397954283.8621583
t1.micro	0.5	25c6ecf1-b47e-4d9d-ad3a-b6a92a777428	38997460	8bd27fca-f74b-4b6e-9866-d96b7d8be781	mDiffFit	0.148902224	NA	NA	16548786	250828	1397954283.866324	NA	NA	1397954283.8674088	1397954284.016453	NA	NA	1397954284.0170155
t1.micro	0.5	25c6ecf1-b47e-4d9d-ad3a-b6a92a777428	38997460	308cacbe-beff-413d-8c5d-7e83b3c4e863	mDiffFit	0.189762948	NA	NA	16537266	472590	1397954284.0218549	NA	NA	1397954284.0228438	1397954284.2127357	NA	NA	1397954284.2131987
t1.micro	0.5	25c6ecf1-b47e-4d9d-ad3a-b6a92a777428	38997460	47507d51-2c44-4b09-9f1a-374307096527	mDiffFit	0.131748298	NA	NA	16479666	147143	1397954284.2182207	NA	NA	1397954284.2192135	1397954284.3510892	NA	NA	1397954284.3515215
t1.micro	0.5	25c6ecf1-b47e-4d9d-ad3a-b6a92a777428	38997460	9d3d4e01-91d8-435f-b8c7-cad59c0dd2fa	mDiffFit	0.143663213	NA	NA	16491186	219152	1397954284.3565073	NA	NA	1397954284.357396	1397954284.5011787	NA	NA	1397954284.5016937
t1.micro	0.5	25c6ecf1-b47e-4d9d-ad3a-b6a92a777428	38997460	f38c5e3c-d706-4027-98dc-474fd26a5c1d	mDiffFit	0.189699794	NA	NA	16479666	466822	1397954284.5065992	NA	NA	1397954284.5075555	1397954284.697431	NA	NA	1397954284.6978562
t1.micro	0.5	25c6ecf1-b47e-4d9d-ad3a-b6a92a777428	38997460	5ea0724c-43cf-470e-9697-0329dfa029de	mDiffFit	0.191780718	NA	NA	16496946	481232	1397954284.702401	NA	NA	1397954284.7036572	1397954284.8955612	NA	NA	1397954284.896035
t1.micro	0.5	25c6ecf1-b47e-4d9d-ad3a-b6a92a777428	38997460	f26bb5d3-8bed-4ea0-908e-93b65563a3b4	mDiffFit	0.133317595	NA	NA	16479666	155786	1397954284.9003944	NA	NA	1397954284.9014018	1397954285.0348427	NA	NA	1397954285.035279
t1.micro	0.5	25c6ecf1-b47e-4d9d-ad3a-b6a92a777428	38997460	edb66d8c-9bec-42b7-bba5-9efc07725e84	mDiffFit	0.191300577	NA	NA	16485426	472591	1397954285.0401895	NA	NA	1397954285.0410483	1397954285.2324734	NA	NA	1397954285.2330613
t1.micro	0.5	25c6ecf1-b47e-4d9d-ad3a-b6a92a777428	38997460	5ec43888-70b6-4e7f-95df-9317ce4257d3	mDiffFit	0.143627449	NA	NA	16473906	222033	1397954285.2379286	NA	NA	1397954285.2388465	1397954285.382603	NA	NA	1397954285.3830316
t1.micro	0.5	25c6ecf1-b47e-4d9d-ad3a-b6a92a777428	38997460	fe235c8a-83a5-4d5e-805b-35aff1d0c5e9	mDiffFit	0.197773708	NA	NA	16491186	492747	1397954285.388499	NA	NA	1397954285.3894048	1397954285.5873072	NA	NA	1397954285.5886233
t1.micro	0.5	25c6ecf1-b47e-4d9d-ad3a-b6a92a777428	38997460	c7159140-d7c4-4b6a-8332-8b2fbaaf4afe	mDiffFit	0.188954691	NA	NA	16473906	469714	1397954285.5927868	NA	NA	1397954285.5936182	1397954285.7827106	NA	NA	1397954285.7842891
t1.micro	0.5	25c6ecf1-b47e-4d9d-ad3a-b6a92a777428	38997460	49f38dca-03e8-400c-ba42-e0cced0e394a	mDiffFit	0.149525771	NA	NA	16519986	247952	1397954285.7885597	NA	NA	1397954285.7894185	1397954285.9390662	NA	NA	1397954285.9395626
t1.micro	0.5	25c6ecf1-b47e-4d9d-ad3a-b6a92a777428	38997460	b9b6e7cc-b57d-4048-a84b-e75c547bd071	mDiffFit	0.146852138	NA	NA	16479666	224915	1397954285.9445267	NA	NA	1397954285.9453356	1397954286.0923107	NA	NA	1397954286.0929165
t1.micro	0.5	25c6ecf1-b47e-4d9d-ad3a-b6a92a777428	38997460	1e113f26-c648-49ff-b486-295b66cf9f00	mDiffFit	0.192655131	NA	NA	16508466	478346	1397954286.097954	NA	NA	1397954286.0988984	1397954286.2917013	NA	NA	1397954286.2921393
t1.micro	0.5	25c6ecf1-b47e-4d9d-ad3a-b6a92a777428	38997460	30db58b0-0d1c-48c8-b8aa-bdef872e2399	mDiffFit	0.143761128	NA	NA	16479666	224912	1397954286.2971961	NA	NA	1397954286.2980964	1397954286.4419758	NA	NA	1397954286.442618
t1.micro	0.5	25c6ecf1-b47e-4d9d-ad3a-b6a92a777428	38997460	256d4e89-6ffb-4f6a-815f-1799c5e4920d	mDiffFit	0.135532072	NA	NA	16496946	144262	1397954286.44755	NA	NA	1397954286.4488256	1397954286.5844839	NA	NA	1397954286.5850267
t1.micro	0.5	25c6ecf1-b47e-4d9d-ad3a-b6a92a777428	38997460	b968318d-9a80-4d75-800a-2d3bfa450319	mDiffFit	0.197455864	NA	NA	16496946	492743	1397954286.590591	NA	NA	1397954286.5916495	1397954286.789237	NA	NA	1397954286.7897434
t1.micro	0.5	25c6ecf1-b47e-4d9d-ad3a-b6a92a777428	38997460	487e8207-8a68-48fa-83b1-094e82e2f37e	mDiffFit	0.19958198	NA	NA	16479666	492746	1397954286.7951677	NA	NA	1397954286.7962213	1397954286.9959402	NA	NA	1397954286.9964545
t1.micro	0.5	25c6ecf1-b47e-4d9d-ad3a-b6a92a777428	38997460	3868c974-0685-4fb8-9c2c-32bd71abc2a4	mDiffFit	0.15185815	NA	NA	16496946	222027	1397954287.0022576	NA	NA	1397954287.0036094	1397954287.1556554	NA	NA	1397954287.1560938
t1.micro	0.5	25c6ecf1-b47e-4d9d-ad3a-b6a92a777428	38997460	1f903a6a-03e6-494e-8676-61d5dfbff1f5	mDiffFit	0.130881018	NA	NA	16496946	155777	1397954287.1613512	NA	NA	1397954287.1625016	1397954287.2935174	NA	NA	1397954287.2939904
t1.micro	0.5	25c6ecf1-b47e-4d9d-ad3a-b6a92a777428	38997460	9dcaac93-eaf3-4e3f-bb43-80b7c72db552	mDiffFit	0.14195774	NA	NA	16496946	224900	1397954287.2993913	NA	NA	1397954287.3006048	1397954287.4427216	NA	NA	1397954287.4432745
t1.micro	0.5	25c6ecf1-b47e-4d9d-ad3a-b6a92a777428	38997460	12540bad-6e49-400b-b5d2-178ba4e9283c	mDiffFit	0.130999116	NA	NA	16496946	150020	1397954287.4482484	NA	NA	1397954287.449415	1397954287.580545	NA	NA	1397954287.5811994
t1.micro	0.5	25c6ecf1-b47e-4d9d-ad3a-b6a92a777428	38997460	ce308fb4-2632-4a3f-88e7-7fc77de05857	mDiffFit	0.14696708	NA	NA	16508466	219152	1397954287.586058	NA	NA	1397954287.587347	1397954287.734443	NA	NA	1397954287.7349713
t1.micro	0.5	25c6ecf1-b47e-4d9d-ad3a-b6a92a777428	38997460	043c1dee-c990-4f42-bafd-573403c63cf1	mDiffFit	0.197447441	NA	NA	16496946	486982	1397954287.7397592	NA	NA	1397954287.7409048	1397954287.9384687	NA	NA	1397954287.9390469
t1.micro	0.5	25c6ecf1-b47e-4d9d-ad3a-b6a92a777428	38997460	6cf4ff83-4766-4df8-a6de-e00f01c45487	mDiffFit	0.194484939	NA	NA	16479666	486982	1397954287.9447467	NA	NA	1397954287.9458911	1397954288.1405056	NA	NA	1397954288.1410296
t1.micro	0.5	25c6ecf1-b47e-4d9d-ad3a-b6a92a777428	38997460	fabb7e3f-aa9b-47c2-a882-2cd38c040b2a	mDiffFit	0.131155489	NA	NA	16479666	152900	1397954288.14652	NA	NA	1397954288.1476138	1397954288.279042	NA	NA	1397954288.2803018
t1.micro	0.5	25c6ecf1-b47e-4d9d-ad3a-b6a92a777428	38997460	78b78cae-13aa-4e56-b79b-1fd15bb87ff6	mDiffFit	0.148191965	NA	NA	16479666	224906	1397954288.2846072	NA	NA	1397954288.2856095	1397954288.4339228	NA	NA	1397954288.4344113
t1.micro	0.5	25c6ecf1-b47e-4d9d-ad3a-b6a92a777428	38997460	acfe37bd-1718-4512-b342-7b3c29156d3c	mDiffFit	0.151455662	NA	NA	16531506	253710	1397954288.4397008	NA	NA	1397954288.4408538	1397954288.592532	NA	NA	1397954288.593052
t1.micro	0.5	25c6ecf1-b47e-4d9d-ad3a-b6a92a777428	38997460	ad0911a3-fd33-41eb-a3af-219b2b65c107	mDiffFit	0.149708944	NA	NA	16600626	224919	1397954288.598257	NA	NA	1397954288.5993583	1397954288.7492056	NA	NA	1397954288.749747
t1.micro	0.5	25c6ecf1-b47e-4d9d-ad3a-b6a92a777428	38997460	60d7315d-8a79-409c-bb3a-34b38a26ae49	mDiffFit	0.205248224	NA	NA	16479666	489873	1397954288.7551608	NA	NA	1397954288.7572322	1397954288.9626122	NA	NA	1397954288.9632406
t1.micro	0.5	25c6ecf1-b47e-4d9d-ad3a-b6a92a777428	38997460	07f7132f-d2dc-48ab-aa6d-1c355b22b044	mDiffFit	0.149329977	NA	NA	16496946	219145	1397954288.9691918	NA	NA	1397954288.9706903	1397954289.1202278	NA	NA	1397954289.1208224
t1.micro	0.5	25c6ecf1-b47e-4d9d-ad3a-b6a92a777428	38997460	ca847653-e4f6-4167-9032-89642b9827bb	mDiffFit	0.188956693	NA	NA	16496946	458186	1397954289.126953	NA	NA	1397954289.12888	1397954289.3179798	NA	NA	1397954289.3185582
t1.micro	0.5	25c6ecf1-b47e-4d9d-ad3a-b6a92a777428	38997460	b95b9ad3-ef04-4241-bbc0-69c9c2688b4b	mDiffFit	0.146085294	NA	NA	16508466	222030	1397954289.360418	NA	NA	1397954289.3613102	1397954289.5075178	NA	NA	1397954289.5081348
t1.micro	0.5	25c6ecf1-b47e-4d9d-ad3a-b6a92a777428	38997460	1e3a8008-35d1-4d59-8d8c-d3453e96b8fb	mDiffFit	0.195489984	NA	NA	16508466	507144	1397954289.512811	NA	NA	1397954289.5137732	1397954289.7093873	NA	NA	1397954289.7098446
t1.micro	0.5	25c6ecf1-b47e-4d9d-ad3a-b6a92a777428	38997460	b177493a-f1fd-44d3-be2d-ccf6f3a8a451	mDiffFit	0.134422208	NA	NA	16491186	155781	1397954289.7148705	NA	NA	1397954289.715798	1397954289.8503401	NA	NA	1397954289.8507671
t1.micro	0.5	25c6ecf1-b47e-4d9d-ad3a-b6a92a777428	38997460	ffc7568e-ffbb-458f-8cdc-c52149039283	mDiffFit	0.191121427	NA	NA	16508466	472588	1397954289.8559067	NA	NA	1397954289.856721	1397954290.0479646	NA	NA	1397954290.0484033
t1.micro	0.5	25c6ecf1-b47e-4d9d-ad3a-b6a92a777428	38997460	b08c1e6e-5593-4111-9340-97f38f2ca1d4	mDiffFit	0.144621805	NA	NA	16508466	224899	1397954290.0536566	NA	NA	1397954290.0545676	1397954290.1993113	NA	NA	1397954290.200387
t1.micro	0.5	25c6ecf1-b47e-4d9d-ad3a-b6a92a777428	38997460	d8d3d4a3-4efb-4a33-a75b-80e2ee80673c	mDiffFit	0.194568966	NA	NA	16479666	492744	1397954290.2045507	NA	NA	1397954290.2055151	1397954290.4002135	NA	NA	1397954290.4006355
t1.micro	0.5	25c6ecf1-b47e-4d9d-ad3a-b6a92a777428	38997460	1de19772-63d2-4fdd-a46f-5376daae55a4	mDiffFit	0.144892267	NA	NA	16519986	222027	1397954290.405335	NA	NA	1397954290.4061627	1397954290.551186	NA	NA	1397954290.552328
t1.micro	0.5	25c6ecf1-b47e-4d9d-ad3a-b6a92a777428	38997460	96dfab7c-dbcc-49a9-bff2-26f7ded5b307	mDiffFit	0.195943751	NA	NA	16519986	504264	1397954290.5566142	NA	NA	1397954290.5576499	1397954290.7537327	NA	NA	1397954290.7541676
t1.micro	0.5	25c6ecf1-b47e-4d9d-ad3a-b6a92a777428	38997460	4e9814af-311b-40cc-98cd-a077c7eaed2f	mDiffFit	0.13603575	NA	NA	16508466	155784	1397954290.7586741	NA	NA	1397954290.7597466	1397954290.8959289	NA	NA	1397954290.8963628
t1.micro	0.5	25c6ecf1-b47e-4d9d-ad3a-b6a92a777428	38997460	8417dd28-003c-42a2-943f-81dc8ef611fa	mDiffFit	0.199140093	NA	NA	16519986	472590	1397954290.9009833	NA	NA	1397954290.9020047	1397954291.1012673	NA	NA	1397954291.1016998
t1.micro	0.5	25c6ecf1-b47e-4d9d-ad3a-b6a92a777428	38997460	8b108385-7293-4853-ab87-e0774785cf9f	mDiffFit	0.140581077	NA	NA	16508466	144264	1397954291.1064382	NA	NA	1397954291.1073883	1397954291.2480953	NA	NA	1397954291.2486641
t1.micro	0.5	25c6ecf1-b47e-4d9d-ad3a-b6a92a777428	38997460	a22a9362-9fe4-4bbe-8951-3af89b70f214	mDiffFit	0.175283108	NA	NA	16548786	311308	1397954291.2537036	NA	NA	1397954291.2544792	1397954291.4298954	NA	NA	1397954291.4305527
t1.micro	0.5	25c6ecf1-b47e-4d9d-ad3a-b6a92a777428	38997460	a6e42ddd-367a-4dda-a038-95e545a1876f	mDiffFit	0.167105554	NA	NA	16537266	288266	1397954291.4352672	NA	NA	1397954291.4360466	1397954291.603275	NA	NA	1397954291.6045432
t1.micro	0.5	25c6ecf1-b47e-4d9d-ad3a-b6a92a777428	38997460	67d8cae7-35d7-4cc1-bccc-bbe46c9667e8	mDiffFit	0.149173086	NA	NA	16594866	222030	1397954291.6088235	NA	NA	1397954291.609838	1397954291.7591355	NA	NA	1397954291.7595334
t1.micro	0.5	25c6ecf1-b47e-4d9d-ad3a-b6a92a777428	38997460	949597ac-f4fc-46d4-87a0-23fa49bd9419	mDiffFit	0.146604469	NA	NA	16589106	224912	1397954291.7647371	NA	NA	1397954291.7654767	1397954291.912206	NA	NA	1397954291.912791
t1.micro	0.5	25c6ecf1-b47e-4d9d-ad3a-b6a92a777428	38997460	71f3f7ce-3954-411d-9c24-ede53ab47e37	mDiffFit	0.160811534	NA	NA	16554546	311303	1397954291.9176855	NA	NA	1397954291.9185548	1397954292.079495	NA	NA	1397954292.080746
t1.micro	0.5	25c6ecf1-b47e-4d9d-ad3a-b6a92a777428	38997460	56ebdcdc-4fa5-44da-bdd6-23763e6e1699	mDiffFit	0.130698	NA	NA	16508466	147143	1397954292.0851252	NA	NA	1397954292.0859964	1397954292.2168179	NA	NA	1397954292.2172427
t1.micro	0.5	25c6ecf1-b47e-4d9d-ad3a-b6a92a777428	38997460	f6f607d3-845b-445d-b251-4f2422b9a027	mDiffFit	0.194543317	NA	NA	16496946	472587	1397954292.2218714	NA	NA	1397954292.2225876	1397954292.4172566	NA	NA	1397954292.4178448
t1.micro	0.5	25c6ecf1-b47e-4d9d-ad3a-b6a92a777428	38997460	cd507943-8f5d-4eb6-907e-200d106d5b41	mDiffFit	0.157365778	NA	NA	16554546	279628	1397954292.4219222	NA	NA	1397954292.4228063	1397954292.580307	NA	NA	1397954292.5808804
t1.micro	0.5	25c6ecf1-b47e-4d9d-ad3a-b6a92a777428	38997460	6a708c07-7ff2-4e58-bedd-9a38cea41a41	mDiffFit	0.160730899	NA	NA	16531506	305549	1397954292.5854416	NA	NA	1397954292.58635	1397954292.7471998	NA	NA	1397954292.7482452
t1.micro	0.5	25c6ecf1-b47e-4d9d-ad3a-b6a92a777428	38997460	ead25f99-0ae9-4e13-af4b-52c5b8e61aeb	mDiffFit	0.144949663	NA	NA	16496946	224908	1397954292.7524781	NA	NA	1397954292.7534168	1397954292.8984892	NA	NA	1397954292.8988905
t1.micro	0.5	25c6ecf1-b47e-4d9d-ad3a-b6a92a777428	38997460	95710f14-2459-4dff-84bb-ae094cc4365e	mDiffFit	0.151563453	NA	NA	16496946	224911	1397954292.9040108	NA	NA	1397954292.9047136	1397954293.0563953	NA	NA	1397954293.056997
t1.micro	0.5	25c6ecf1-b47e-4d9d-ad3a-b6a92a777428	38997460	04064e5e-b161-424b-81cc-d11ec7019963	mDiffFit	0.131983525	NA	NA	16496946	155785	1397954293.0614865	NA	NA	1397954293.0624044	1397954293.1945047	NA	NA	1397954293.19489
t1.micro	0.5	25c6ecf1-b47e-4d9d-ad3a-b6a92a777428	38997460	f79f5851-f660-40fa-a6ed-471bb3988c3e	mDiffFit	0.13402895	NA	NA	16496946	144269	1397954293.1996732	NA	NA	1397954293.200391	1397954293.3345406	NA	NA	1397954293.3349557
t1.micro	0.5	25c6ecf1-b47e-4d9d-ad3a-b6a92a777428	38997460	581c88cd-27ad-4c28-b5ea-03407ad2a05a	mDiffFit	0.197364602	NA	NA	16508466	492748	1397954293.3398774	NA	NA	1397954293.340661	1397954293.538156	NA	NA	1397954293.5385804
t1.micro	0.5	25c6ecf1-b47e-4d9d-ad3a-b6a92a777428	38997460	80a8e136-7948-4cfe-acda-8ca99da8a0b2	mDiffFit	0.149608432	NA	NA	16508466	222029	1397954293.5431972	NA	NA	1397954293.5443056	1397954293.694035	NA	NA	1397954293.6944437
t1.micro	0.5	25c6ecf1-b47e-4d9d-ad3a-b6a92a777428	38997460	d5493057-14cb-4593-877c-c62047c235a5	mDiffFit	0.13771268	NA	NA	16491186	155782	1397954293.7001164	NA	NA	1397954293.7010734	1397954293.8389165	NA	NA	1397954293.8394692
t1.micro	0.5	25c6ecf1-b47e-4d9d-ad3a-b6a92a777428	38997460	cf54053d-142e-457f-8be9-def725ad33ef	mDiffFit	0.194264905	NA	NA	16502706	486991	1397954293.844533	NA	NA	1397954293.8454595	1397954294.039854	NA	NA	1397954294.0402634
t1.micro	0.5	25c6ecf1-b47e-4d9d-ad3a-b6a92a777428	38997460	e8fe022e-4778-4798-8374-563232a5c1c5	mDiffFit	0.130955199	NA	NA	16491186	152907	1397954294.044874	NA	NA	1397954294.04571	1397954294.176783	NA	NA	1397954294.177405
t1.micro	0.5	25c6ecf1-b47e-4d9d-ad3a-b6a92a777428	38997460	f69d007d-21b1-424c-914a-62d5e91c9f97	mDiffFit	0.144912554	NA	NA	16473906	224910	1397954294.1822844	NA	NA	1397954294.1831663	1397954294.328198	NA	NA	1397954294.328598
t1.micro	0.5	25c6ecf1-b47e-4d9d-ad3a-b6a92a777428	38997460	19cf10be-680d-4974-a2cc-49b850033e7a	mDiffFit	0.18668266	NA	NA	16479666	452429	1397954294.3332555	NA	NA	1397954294.3339884	1397954294.5207913	NA	NA	1397954294.5213928
t1.micro	0.5	25c6ecf1-b47e-4d9d-ad3a-b6a92a777428	38997460	f0d99c49-ba10-41f7-8327-2e1a55d33b20	mDiffFit	0.148124746	NA	NA	16479666	224914	1397954294.526488	NA	NA	1397954294.527478	1397954294.675722	NA	NA	1397954294.6761408
t1.micro	0.5	25c6ecf1-b47e-4d9d-ad3a-b6a92a777428	38997460	798c769f-f1c9-4597-9ff3-f2e4f27f983a	mDiffFit	0.201187476	NA	NA	16473906	495636	1397954294.6810038	NA	NA	1397954294.6819828	1397954294.883311	NA	NA	1397954294.8844259
t1.micro	0.5	25c6ecf1-b47e-4d9d-ad3a-b6a92a777428	38997460	93c12148-e665-4845-9926-2e643d1da757	mDiffFit	0.148741786	NA	NA	16473906	222038	1397954294.889517	NA	NA	1397954294.8903131	1397954295.0391788	NA	NA	1397954295.040773
t1.micro	0.5	25c6ecf1-b47e-4d9d-ad3a-b6a92a777428	38997460	c5c429df-92b6-4523-98f2-18dba15192f3	mDiffFit	0.195064357	NA	NA	16543026	472593	1397954295.0453286	NA	NA	1397954295.0461786	1397954295.241368	NA	NA	1397954295.2418826
t1.micro	0.5	25c6ecf1-b47e-4d9d-ad3a-b6a92a777428	38997460	78e1b081-964e-41cb-bf98-2a5d146dfd01	mDiffFit	0.134981676	NA	NA	16491186	150034	1397954295.247107	NA	NA	1397954295.248085	1397954295.3831923	NA	NA	1397954295.3842466
t1.micro	0.5	25c6ecf1-b47e-4d9d-ad3a-b6a92a777428	38997460	b55f2cb7-34be-4809-a2db-c5bf41580f39	mDiffFit	0.134423039	NA	NA	16491186	147146	1397954295.389272	NA	NA	1397954295.3899856	1397954295.5245404	NA	NA	1397954295.5249531
t1.micro	0.5	25c6ecf1-b47e-4d9d-ad3a-b6a92a777428	38997460	ec51a470-5dfa-4f93-a880-e76f8b1142e8	mDiffFit	0.14844489	NA	NA	16491186	224911	1397954295.5301607	NA	NA	1397954295.5310495	1397954295.6796532	NA	NA	1397954295.6800482
t1.micro	0.5	25c6ecf1-b47e-4d9d-ad3a-b6a92a777428	38997460	a0727e42-ec55-4bfb-ad55-0aedfcf4e5a0	mDiffFit	0.155806452	NA	NA	16525746	285387	1397954295.6853302	NA	NA	1397954295.686131	1397954295.8423753	NA	NA	1397954295.8427706
t1.micro	0.5	25c6ecf1-b47e-4d9d-ad3a-b6a92a777428	38997460	8768519e-ff2d-4297-b0a6-d4014050893e	mDiffFit	0.160500891	NA	NA	16548786	305554	1397954295.8475578	NA	NA	1397954295.8482969	1397954296.0089264	NA	NA	1397954296.0095448
t1.micro	0.5	25c6ecf1-b47e-4d9d-ad3a-b6a92a777428	38997460	cebb3944-2533-4d37-b884-7365adc98c26	mDiffFit	0.14617113	NA	NA	16589106	224919	1397954296.0140057	NA	NA	1397954296.0148513	1397954296.161143	NA	NA	1397954296.1615257
t1.micro	0.5	25c6ecf1-b47e-4d9d-ad3a-b6a92a777428	38997460	a2fb648f-1029-4794-978e-e5c8f40e2bf4	mDiffFit	0.144976237	NA	NA	16496946	224913	1397954296.166369	NA	NA	1397954296.167256	1397954296.3123474	NA	NA	1397954296.3127098
t1.micro	0.5	25c6ecf1-b47e-4d9d-ad3a-b6a92a777428	38997460	6d509408-d9a9-465e-a515-538ace840d95	mDiffFit	0.196468427	NA	NA	16491186	498511	1397954296.3177783	NA	NA	1397954296.318638	1397954296.515225	NA	NA	1397954296.516343
t1.micro	0.5	25c6ecf1-b47e-4d9d-ad3a-b6a92a777428	38997460	971b8c38-be3f-41d0-b097-eaaf4d384fad	mDiffFit	0.190304589	NA	NA	16491186	472588	1397954296.5208766	NA	NA	1397954296.521563	1397954296.711986	NA	NA	1397954296.7126377
t1.micro	0.5	25c6ecf1-b47e-4d9d-ad3a-b6a92a777428	38997460	2871394b-038d-410b-8fbd-095be9e1968c	mConcatFit	2.290854976	NA	NA	25122	17057	1397954297.0375528	NA	NA	1397954297.046454	1397954299.3374546	NA	NA	1397954299.337903
t1.micro	0.5	25c6ecf1-b47e-4d9d-ad3a-b6a92a777428	38997460	d016fa58-21c2-4fe5-84c1-738da5de68dd	mBgModel	12.414201714	NA	NA	22962	1873	1397954299.6051624	NA	NA	1397954299.6054678	1397954312.0198286	NA	NA	1397954312.0204375
t1.micro	0.5	25c6ecf1-b47e-4d9d-ad3a-b6a92a777428	38997460	ef21c204-4ee1-403e-ae25-07941f9de238	mBackground	0.201415676	NA	NA	8238818	8231040	1397954312.4263248	NA	NA	1397954312.427066	1397954312.6286063	NA	NA	1397954312.6292026
t1.micro	0.5	25c6ecf1-b47e-4d9d-ad3a-b6a92a777428	38997460	1cc14bb5-2b8c-45dc-93d9-66f0b21e1249	mBackground	0.130041451	NA	NA	8250338	8242560	1397954312.6344147	NA	NA	1397954312.6349444	1397954312.7651079	NA	NA	1397954312.765632
t1.micro	0.5	25c6ecf1-b47e-4d9d-ad3a-b6a92a777428	38997460	554e0275-c135-4e0e-a0de-2c22b64122b8	mBackground	0.132008046	NA	NA	8238818	8231040	1397954312.770693	NA	NA	1397954312.7712162	1397954312.9033525	NA	NA	1397954312.904779
t1.micro	0.5	25c6ecf1-b47e-4d9d-ad3a-b6a92a777428	38997460	97afc3fa-bbf0-4116-afe3-2fcb73b58c46	mBackground	0.133742686	NA	NA	8307938	8300160	1397954312.9091656	NA	NA	1397954312.9097292	1397954313.0436442	NA	NA	1397954313.0440533
t1.micro	0.5	25c6ecf1-b47e-4d9d-ad3a-b6a92a777428	38997460	f92b5274-54b5-417f-a0bb-41ae2aa0faf9	mBackground	0.134646666	NA	NA	8296418	8288640	1397954313.0492222	NA	NA	1397954313.049778	1397954313.1845562	NA	NA	1397954313.1851158
t1.micro	0.5	25c6ecf1-b47e-4d9d-ad3a-b6a92a777428	38997460	4f3f0783-812e-4755-b525-01b219264346	mBackground	0.133510486	NA	NA	8256098	8248320	1397954313.1903834	NA	NA	1397954313.1909175	1397954313.324557	NA	NA	1397954313.3262072
t1.micro	0.5	25c6ecf1-b47e-4d9d-ad3a-b6a92a777428	38997460	c2655639-d5d8-4e9c-bb41-f4c25159a686	mBackground	0.135901195	NA	NA	8256098	8248320	1397954313.3302996	NA	NA	1397954313.330843	1397954313.466884	NA	NA	1397954313.4673662
t1.micro	0.5	25c6ecf1-b47e-4d9d-ad3a-b6a92a777428	38997460	0c958ae6-028d-4048-b759-ba0cdfd2910b	mBackground	0.131006226	NA	NA	8256098	8248320	1397954313.4726017	NA	NA	1397954313.473218	1397954313.6043472	NA	NA	1397954313.604913
t1.micro	0.5	25c6ecf1-b47e-4d9d-ad3a-b6a92a777428	38997460	9e4c14ef-2f62-4043-a2ac-94fce2e1a1db	mBackground	0.136473525	NA	NA	8250338	8242560	1397954313.610846	NA	NA	1397954313.6112168	1397954313.7478166	NA	NA	1397954313.7482376
t1.micro	0.5	25c6ecf1-b47e-4d9d-ad3a-b6a92a777428	38997460	c9436845-a64d-4c0e-97dd-11d1ac1b08d1	mBackground	0.132305922	NA	NA	8238818	8231040	1397954313.7528436	NA	NA	1397954313.753332	1397954313.8857603	NA	NA	1397954313.8862045
t1.micro	0.5	25c6ecf1-b47e-4d9d-ad3a-b6a92a777428	38997460	19fd03b6-2c42-4d19-a804-532d61931330	mBackground	0.131049481	NA	NA	8267618	8259840	1397954313.8917322	NA	NA	1397954313.8928416	1397954314.0240207	NA	NA	1397954314.0246353
t1.micro	0.5	25c6ecf1-b47e-4d9d-ad3a-b6a92a777428	38997460	aeb7a68f-6e8b-4a40-86c7-3db1b3369364	mBackground	0.139952914	NA	NA	8256098	8248320	1397954314.0298066	NA	NA	1397954314.0305316	1397954314.1705954	NA	NA	1397954314.1709971
t1.micro	0.5	25c6ecf1-b47e-4d9d-ad3a-b6a92a777428	38997460	c0d7bc85-8b1f-4cf5-b125-7af432daf665	mBackground	0.13232945	NA	NA	8256098	8248320	1397954314.1763337	NA	NA	1397954314.1768966	1397954314.3093433	NA	NA	1397954314.3099823
t1.micro	0.5	25c6ecf1-b47e-4d9d-ad3a-b6a92a777428	38997460	28def50c-e093-459d-8b03-d053c05deb05	mBackground	0.135229325	NA	NA	8256098	8248320	1397954314.3146865	NA	NA	1397954314.3154094	1397954314.4507787	NA	NA	1397954314.4514873
t1.micro	0.5	25c6ecf1-b47e-4d9d-ad3a-b6a92a777428	38997460	aef4c75c-ba0a-4494-97c8-e909d4ec98f4	mBackground	0.14177447	NA	NA	8256098	8248320	1397954314.4568846	NA	NA	1397954314.4574387	1397954314.5993369	NA	NA	1397954314.600759
t1.micro	0.5	25c6ecf1-b47e-4d9d-ad3a-b6a92a777428	38997460	911ea212-3491-4b25-9994-50edda0bfef9	mBackground	0.140817483	NA	NA	8238818	8231040	1397954314.6047604	NA	NA	1397954314.605372	1397954314.7463179	NA	NA	1397954314.7468753
t1.micro	0.5	25c6ecf1-b47e-4d9d-ad3a-b6a92a777428	38997460	c4fe835e-2134-410a-a2c9-d3ac0f466f8e	mBackground	0.137239208	NA	NA	8307938	8300160	1397954314.752096	NA	NA	1397954314.7529807	1397954314.8903513	NA	NA	1397954314.891181
t1.micro	0.5	25c6ecf1-b47e-4d9d-ad3a-b6a92a777428	38997460	21ee24bf-0302-4e7c-b026-54c8465319ca	mBackground	0.298022647	NA	NA	8256098	8248320	1397954314.8959334	NA	NA	1397954314.8964918	1397954315.1946433	NA	NA	1397954315.1950645
t1.micro	0.5	25c6ecf1-b47e-4d9d-ad3a-b6a92a777428	38997460	58a15d41-b06e-43b2-a416-f16fd3550f8d	mBackground	0.138877237	NA	NA	8267618	8259840	1397954315.2001753	NA	NA	1397954315.2007504	1397954315.3399792	NA	NA	1397954315.3404253
t1.micro	0.5	25c6ecf1-b47e-4d9d-ad3a-b6a92a777428	38997460	c6b6d50a-990f-42a8-8b31-a555a6f0f5b9	mBackground	0.369871167	NA	NA	8290658	8282880	1397954315.3457363	NA	NA	1397954315.3465106	1397954315.7165468	NA	NA	1397954315.7170959
t1.micro	0.5	25c6ecf1-b47e-4d9d-ad3a-b6a92a777428	38997460	69729d60-1c2e-41e2-8b8a-1930a4a040f0	mBackground	0.420313346	NA	NA	8256098	8248320	1397954315.7223325	NA	NA	1397954315.7228887	1397954316.1433244	NA	NA	1397954316.1445882
t1.micro	0.5	25c6ecf1-b47e-4d9d-ad3a-b6a92a777428	38997460	09f6488c-9baa-4999-819b-e5ee9f59878e	mBackground	0.354487883	NA	NA	8267618	8259840	1397954316.148809	NA	NA	1397954316.1493995	1397954316.5040236	NA	NA	1397954316.5044596
t1.micro	0.5	25c6ecf1-b47e-4d9d-ad3a-b6a92a777428	38997460	3474316d-6ba9-470e-9031-ab8603d62834	mBackground	0.345625131	NA	NA	8256098	8248320	1397954316.509729	NA	NA	1397954316.5104446	1397954316.8561933	NA	NA	1397954316.8567638
t1.micro	0.5	25c6ecf1-b47e-4d9d-ad3a-b6a92a777428	38997460	9f0dabe6-83ab-4fe4-8b12-130ab69b2134	mBackground	0.485873396	NA	NA	8267618	8259840	1397954316.8617194	NA	NA	1397954316.8624208	1397954317.3484128	NA	NA	1397954317.3488
t1.micro	0.5	25c6ecf1-b47e-4d9d-ad3a-b6a92a777428	38997460	c6ab59ac-cac9-4282-8878-f0f2f2a2fa75	mBackground	0.322944264	NA	NA	8296418	8288640	1397954317.3541565	NA	NA	1397954317.3549707	1397954317.6780362	NA	NA	1397954317.6784458
t1.micro	0.5	25c6ecf1-b47e-4d9d-ad3a-b6a92a777428	38997460	570f09c7-d632-4985-a761-9b6b9b8c2938	mBackground	0.345515018	NA	NA	8313698	8305920	1397954317.6835444	NA	NA	1397954317.6843991	1397954318.0300324	NA	NA	1397954318.030461
t1.micro	0.5	25c6ecf1-b47e-4d9d-ad3a-b6a92a777428	38997460	4b5a4046-4828-42b6-b6a7-b1b04ffbbb9d	mBackground	0.324916342	NA	NA	8256098	8248320	1397954318.0354745	NA	NA	1397954318.0362868	1397954318.3613267	NA	NA	1397954318.3617778
t1.micro	0.5	25c6ecf1-b47e-4d9d-ad3a-b6a92a777428	38997460	7abfb134-4b36-4f7b-bf1e-f775f882a47c	mBackground	0.349704624	NA	NA	8256098	8248320	1397954318.3671227	NA	NA	1397954318.3677566	1397954318.7175815	NA	NA	1397954318.7181923
t1.micro	0.5	25c6ecf1-b47e-4d9d-ad3a-b6a92a777428	38997460	f92adc5d-aaa2-4085-99e3-40f49c1a4c2f	mBackground	0.349199825	NA	NA	8267618	8259840	1397954318.723267	NA	NA	1397954318.7241073	1397954319.0734336	NA	NA	1397954319.0738418
t1.micro	0.5	25c6ecf1-b47e-4d9d-ad3a-b6a92a777428	38997460	d770a33d-827f-4a83-be57-e278581b9a08	mBackground	0.346081387	NA	NA	8250338	8242560	1397954319.0792212	NA	NA	1397954319.0798476	1397954319.4260492	NA	NA	1397954319.426757
t1.micro	0.5	25c6ecf1-b47e-4d9d-ad3a-b6a92a777428	38997460	d322a409-97ae-43f3-850e-913a2fc5e9b0	mBackground	0.357397715	NA	NA	8238818	8231040	1397954319.4321296	NA	NA	1397954319.4327028	1397954319.7902224	NA	NA	1397954319.7907703
t1.micro	0.5	25c6ecf1-b47e-4d9d-ad3a-b6a92a777428	38997460	4ce8a104-0858-4e3e-8e56-43132371391d	mBackground	0.304024015	NA	NA	8250338	8242560	1397954319.7958667	NA	NA	1397954319.7965798	1397954320.1007235	NA	NA	1397954320.101322
t1.micro	0.5	25c6ecf1-b47e-4d9d-ad3a-b6a92a777428	38997460	119cdafb-aeca-43f1-bf35-1035dccf3507	mBackground	0.138059749	NA	NA	8250338	8242560	1397954320.1063538	NA	NA	1397954320.106915	1397954320.2450986	NA	NA	1397954320.245824
t1.micro	0.5	25c6ecf1-b47e-4d9d-ad3a-b6a92a777428	38997460	f055dabb-b455-431e-a8ba-88269335f77e	mBackground	0.362274902	NA	NA	8313698	8305920	1397954320.2518437	NA	NA	1397954320.2525241	1397954320.6149263	NA	NA	1397954320.6153884
t1.micro	0.5	25c6ecf1-b47e-4d9d-ad3a-b6a92a777428	38997460	c7f12dd6-dc19-4a37-96f6-feb28c559a7f	mBackground	0.138281495	NA	NA	8256098	8248320	1397954320.6208584	NA	NA	1397954320.6215029	1397954320.759952	NA	NA	1397954320.760633
t1.micro	0.5	25c6ecf1-b47e-4d9d-ad3a-b6a92a777428	38997460	eb3ff8ad-70e5-4b2b-b96e-2b6625aebc69	mImgtbl	0.232503356	NA	NA	144489745	10121	1397954321.081092	NA	NA	1397954321.0899963	1397954321.3226414	NA	NA	1397954321.3230386
t1.micro	0.5	25c6ecf1-b47e-4d9d-ad3a-b6a92a777428	38997460	4606c166-782d-4b79-b297-5feb489d587c	mAdd	5.154132116	NA	NA	288978107	51736320	1397954321.642111	NA	NA	1397954321.654016	1397954326.808292	NA	NA	1397954326.8090513
t1.micro	0.5	25c6ecf1-b47e-4d9d-ad3a-b6a92a777428	38997460	e1bd30bd-4a09-4b34-b0ae-c47d60fdf936	mShrink	0.386431636	NA	NA	25868160	6471360	1397954327.080438	NA	NA	1397954327.0806553	1397954327.4672074	NA	NA	1397954327.4689608
t1.micro	0.5	25c6ecf1-b47e-4d9d-ad3a-b6a92a777428	38997460	890e2eb1-b460-4241-8f15-4555eeb43ea2	mJPEG	0.489203084	NA	NA	6471360	119281	1397954327.7348123	NA	NA	1397954327.7350485	1397954328.224513	NA	NA	1397954328.225033
